<?xml version="1.0" encoding="utf-8"?>
<TestRun id="57e3cd67-1133-4cfc-be24-a13fcb83fe1a" name="GreyHat@LAPTOP-F7PUVUPO 2026-09-01 22:38:56" runUser="LAPTOP-F7PUVUPO\GreyHat" xmlns="http://microsoft.com/schemas/VisualStudio/TeamTest/2010">
  <Times creation="2026-09-01T22:38:56.9635941+08:00" queuing="2026-09-01T22:38:56.9635944+08:00" start="2026-09-01T22:38:56.2806048+08:00" finish="2026-09-01T22:38:58.3320458+08:00" />
  <TestSettings name="default" id="3f6bc50a-d2fa-4663-a79b-44e6ab48334e">
    <Deployment runDeploymentRoot="GreyHat_LAPTOP-F7PUVUPO_2026-09-01_22_38_56" />
  </TestSettings>
  <Results>
    <UnitTestResult executionId="1ff7bbcb-c70a-4512-a036-b31390a845ea" testId="1176d4c5-eac0-853b-99db-1fcd3e0a7c61" testName="AtomicWriteReplacesExistingFileAndRemovesTemporaryFile" computerName="LAPTOP-F7PUVUPO" duration="00:00:00.0210639" startTime="2026-09-01T22:38:56.9135134+08:00" endTime="2026-09-01T22:38:56.9346678+08:00" testType="13cdc9d9-ddb5-4fa4-a97d-d965ccfc6d4b" outcome="Passed" testListId="8c84fa94-04c1-424b-9868-57a2d4851a1d" relativeResultsDirectory="1ff7bbcb-c70a-4512-a036-b31390a845ea" />
    <UnitTestResult executionId="e9526b17-f28f-4fb7-8b68-d78ac767b68f" testId="10c529c1-8238-8152-83c5-c285d22bafe4" testName="NullScopeFailsAnalysisAndApplyWithoutMutation" computerName="LAPTOP-F7PUVUPO" duration="00:00:00.0232487" startTime="2026-09-01T22:38:56.9291101+08:00" endTime="2026-09-01T22:38:56.9524180+08:00" testType="13cdc9d9-ddb5-4fa4-a97d-d965ccfc6d4b" outcome="Passed" testListId="8c84fa94-04c1-424b-9868-57a2d4851a1d" relativeResultsDirectory="e9526b17-f28f-4fb7-8b68-d78ac767b68f" />
    <UnitTestResult executionId="46ef037b-3f31-44f1-bb71-6ef05c1b6b13" testId="1d1e39b8-6d37-8195-81bd-01be7c303473" testName="FailedAtomicReplacePreservesExistingManifest" computerName="LAPTOP-F7PUVUPO" duration="00:00:00.0204880" startTime="2026-09-01T22:38:57.4831141+08:00" endTime="2026-09-01T22:38:57.5090311+08:00" testType="13cdc9d9-ddb5-4fa4-a97d-d965ccfc6d4b" outcome="Passed" testListId="8c84fa94-04c1-424b-9868-57a2d4851a1d" relativeResultsDirectory="46ef037b-3f31-44f1-bb71-6ef05c1b6b13" />
    <UnitTestResult executionId="95dd4f2f-b05c-40dc-9ad8-42f68b4781cf" testId="19f15d55-efb3-883a-96b6-74d661415609" testName="GraphSerializerRejectsUnknownMembersCommentsAndTrailingCommas" computerName="LAPTOP-F7PUVUPO" duration="00:00:00.0014019" startTime="2026-09-01T22:38:57.7840579+08:00" endTime="2026-09-01T22:38:57.7855152+08:00" testType="13cdc9d9-ddb5-4fa4-a97d-d965ccfc6d4b" outcome="Passed" testListId="8c84fa94-04c1-424b-9868-57a2d4851a1d" relativeResultsDirectory="95dd4f2f-b05c-40dc-9ad8-42f68b4781cf" />
    <UnitTestResult executionId="876cb2c2-d4dd-4cfb-815c-aef4ee872f09" testId="1064fafa-59fa-8e3e-aba7-2d4516afa31a" testName="UnknownNodeCanBeRemovedToRepairMalformedDraft" computerName="LAPTOP-F7PUVUPO" duration="00:00:00.0019542" startTime="2026-09-01T22:38:57.8087655+08:00" endTime="2026-09-01T22:38:57.8107795+08:00" testType="13cdc9d9-ddb5-4fa4-a97d-d965ccfc6d4b" outcome="Passed" testListId="8c84fa94-04c1-424b-9868-57a2d4851a1d" relativeResultsDirectory="876cb2c2-d4dd-4cfb-815c-aef4ee872f09" />
    <UnitTestResult executionId="4afead16-f7a3-4f11-b314-1ef3bfae870d" testId="1d8baa63-404a-87b1-9444-ce25bfc60e50" testName="ValidatorRejectsStructuralViolationsAndLogicCycles" computerName="LAPTOP-F7PUVUPO" duration="00:00:00.0061283" startTime="2026-09-01T22:38:57.7868934+08:00" endTime="2026-09-01T22:38:57.7935383+08:00" testType="13cdc9d9-ddb5-4fa4-a97d-d965ccfc6d4b" outcome="Passed" testListId="8c84fa94-04c1-424b-9868-57a2d4851a1d" relativeResultsDirectory="4afead16-f7a3-4f11-b314-1ef3bfae870d" />
    <UnitTestResult executionId="2fd50525-ced5-47e6-91be-6ae8273492ea" testId="146f7d75-26db-8e3d-8a46-fd9529600304" testName="ChangeDuringBackupIsCaughtBeforeCanonicalWrites" computerName="LAPTOP-F7PUVUPO" duration="00:00:00.2304368" startTime="2026-09-01T22:38:57.0373447+08:00" endTime="2026-09-01T22:38:57.2678550+08:00" testType="13cdc9d9-ddb5-4fa4-a97d-d965ccfc6d4b" outcome="Passed" testListId="8c84fa94-04c1-424b-9868-57a2d4851a1d" relativeResultsDirectory="2fd50525-ced5-47e6-91be-6ae8273492ea" />
    <UnitTestResult executionId="674416f0-2c43-43c8-aa58-8a6a5a16d22f" testId="15f4cbbd-9c7a-8a38-99e4-9712314aab65" testName="FailedConnectDoesNotMutateDocumentOrHistory" computerName="LAPTOP-F7PUVUPO" duration="00:00:00.0045049" startTime="2026-09-01T22:38:57.8111301+08:00" endTime="2026-09-01T22:38:57.8156858+08:00" testType="13cdc9d9-ddb5-4fa4-a97d-d965ccfc6d4b" outcome="Passed" testListId="8c84fa94-04c1-424b-9868-57a2d4851a1d" relativeResultsDirectory="674416f0-2c43-43c8-aa58-8a6a5a16d22f" />
    <UnitTestResult executionId="5bcc6878-e407-4dcb-b6c7-cb9bba320c12" testId="12d7c123-0918-815b-89eb-a41cd27c641b" testName="ScopeAdapterMapsKindsAndFailsClosedOnMismatch" computerName="LAPTOP-F7PUVUPO" duration="00:00:00.0010068" startTime="2026-09-01T22:38:57.8450273+08:00" endTime="2026-09-01T22:38:57.8460779+08:00" testType="13cdc9d9-ddb5-4fa4-a97d-d965ccfc6d4b" outcome="Passed" testListId="8c84fa94-04c1-424b-9868-57a2d4851a1d" relativeResultsDirectory="5bcc6878-e407-4dcb-b6c7-cb9bba320c12" />
    <UnitTestResult executionId="1b304135-b71d-4d1b-9399-c151bcb0f9ce" testId="1d6b8e36-bff3-82a3-a01a-d90541481b55" testName="CollectiveResourceRoundTripsWithOnlyItsStudioFields" computerName="LAPTOP-F7PUVUPO" duration="00:00:00.0005798" startTime="2026-09-01T22:38:57.8705087+08:00" endTime="2026-09-01T22:38:57.8711341+08:00" testType="13cdc9d9-ddb5-4fa4-a97d-d965ccfc6d4b" outcome="Passed" testListId="8c84fa94-04c1-424b-9868-57a2d4851a1d" relativeResultsDirectory="1b304135-b71d-4d1b-9399-c151bcb0f9ce" />
    <UnitTestResult executionId="71213bdc-f29e-4f8a-a365-b12d95599817" testId="1b857d13-ac45-8a4c-aa58-cbae39de4bd6" testName="SessionAggregateBindsResourceAndProjectsBoundariesInChildOrder" computerName="LAPTOP-F7PUVUPO" duration="00:00:00.0478775" startTime="2026-09-01T22:38:56.9135804+08:00" endTime="2026-09-01T22:38:56.9615321+08:00" testType="13cdc9d9-ddb5-4fa4-a97d-d965ccfc6d4b" outcome="Passed" testListId="8c84fa94-04c1-424b-9868-57a2d4851a1d" relativeResultsDirectory="71213bdc-f29e-4f8a-a365-b12d95599817" />
    <UnitTestResult executionId="6e733a27-aef8-4846-a6f8-970dfe776977" testId="1723dfe2-256b-8eff-a202-d5c30b1f283b" testName="ReferencedRemovalIsDetachedAndRequiresConfirmationWithoutMutation" computerName="LAPTOP-F7PUVUPO" duration="00:00:00.0441254" startTime="2026-09-01T22:38:56.9263757+08:00" endTime="2026-09-01T22:38:56.9705736+08:00" testType="13cdc9d9-ddb5-4fa4-a97d-d965ccfc6d4b" outcome="Passed" testListId="8c84fa94-04c1-424b-9868-57a2d4851a1d" relativeResultsDirectory="6e733a27-aef8-4846-a6f8-970dfe776977" />
    <UnitTestResult executionId="4e9ef380-c56e-49d8-9432-3a656765dcc9" testId="124cd579-fe40-82a3-96d5-ca5eb934baa9" testName="SessionPublicBoundariesReceiveOpaqueStableIdsAndAuthorFacingNames (&quot;logic_output&quot;,&quot;逻辑输出&quot;)" computerName="LAPTOP-F7PUVUPO" duration="00:00:00.0013855" startTime="2026-09-01T22:38:57.8326366+08:00" endTime="2026-09-01T22:38:57.8340741+08:00" testType="13cdc9d9-ddb5-4fa4-a97d-d965ccfc6d4b" outcome="Passed" testListId="8c84fa94-04c1-424b-9868-57a2d4851a1d" relativeResultsDirectory="4e9ef380-c56e-49d8-9432-3a656765dcc9" />
    <UnitTestResult executionId="aa3e7d24-47db-4a2f-8569-280a5b1a8df7" testId="12d31039-0f63-8396-ad93-857256d11005" testName="PreviewIsReadOnlyDeterministicAndProducesCanonicalCandidates" computerName="LAPTOP-F7PUVUPO" duration="00:00:00.0694795" startTime="2026-09-01T22:38:56.9984166+08:00" endTime="2026-09-01T22:38:57.0680151+08:00" testType="13cdc9d9-ddb5-4fa4-a97d-d965ccfc6d4b" outcome="Passed" testListId="8c84fa94-04c1-424b-9868-57a2d4851a1d" relativeResultsDirectory="aa3e7d24-47db-4a2f-8569-280a5b1a8df7" />
    <UnitTestResult executionId="99c8778a-ed5f-4a31-ab1a-c9440e4e58ac" testId="1b1899e5-50cd-831a-a5d3-9f6ee420318f" testName="SessionChoiceRequiresOptionsAndPairedFlowLogicPortsToRemainSynchronized" computerName="LAPTOP-F7PUVUPO" duration="00:00:00.0028978" startTime="2026-09-01T22:38:57.8408476+08:00" endTime="2026-09-01T22:38:57.8438379+08:00" testType="13cdc9d9-ddb5-4fa4-a97d-d965ccfc6d4b" outcome="Passed" testListId="8c84fa94-04c1-424b-9868-57a2d4851a1d" relativeResultsDirectory="99c8778a-ed5f-4a31-ab1a-c9440e4e58ac" />
    <UnitTestResult executionId="6b2e1ecd-28db-4fea-a20d-ba000bdfffaa" testId="1dab2e79-58a4-84d7-baa7-e0fc6a55618f" testName="ValidNewActorIdHasNoErrors" computerName="LAPTOP-F7PUVUPO" duration="00:00:00.0003607" startTime="2026-09-01T22:38:56.9081565+08:00" endTime="2026-09-01T22:38:56.9086280+08:00" testType="13cdc9d9-ddb5-4fa4-a97d-d965ccfc6d4b" outcome="Passed" testListId="8c84fa94-04c1-424b-9868-57a2d4851a1d" relativeResultsDirectory="6b2e1ecd-28db-4fea-a20d-ba000bdfffaa" />
    <UnitTestResult executionId="0bfecd62-2bbb-42c4-802c-50b0cfcd98dd" testId="15d30d7d-56ed-8c08-a13c-008b4350751a" testName="ValidFixedShapeIgnoresPresentationMetadata" computerName="LAPTOP-F7PUVUPO" duration="00:00:00.0023939" startTime="2026-09-01T22:38:57.8379870+08:00" endTime="2026-09-01T22:38:57.8404449+08:00" testType="13cdc9d9-ddb5-4fa4-a97d-d965ccfc6d4b" outcome="Passed" testListId="8c84fa94-04c1-424b-9868-57a2d4851a1d" relativeResultsDirectory="0bfecd62-2bbb-42c4-802c-50b0cfcd98dd" />
    <UnitTestResult executionId="f4b085b8-9d9d-4daf-b3d8-5c510a3ea29e" testId="1a51b4ae-e14e-8338-b569-c22df1982e46" testName="ValidatorRejectsTerminalSourcesAndInvalidOutputs" computerName="LAPTOP-F7PUVUPO" duration="00:00:00.0006064" startTime="2026-09-01T22:38:58.1695915+08:00" endTime="2026-09-01T22:38:58.1702527+08:00" testType="13cdc9d9-ddb5-4fa4-a97d-d965ccfc6d4b" outcome="Passed" testListId="8c84fa94-04c1-424b-9868-57a2d4851a1d" relativeResultsDirectory="f4b085b8-9d9d-4daf-b3d8-5c510a3ea29e" />
    <UnitTestResult executionId="d244d19c-92f4-4539-bdf1-813027dcb1b8" testId="157b02c0-6b3e-865a-bbd5-baff2cc84cd2" testName="FactoryCreatesOneValidOpaqueDefaultTriggerAndOncePolicy" computerName="LAPTOP-F7PUVUPO" duration="00:00:00.0023608" startTime="2026-09-01T22:38:58.2039083+08:00" endTime="2026-09-01T22:38:58.2064094+08:00" testType="13cdc9d9-ddb5-4fa4-a97d-d965ccfc6d4b" outcome="Passed" testListId="8c84fa94-04c1-424b-9868-57a2d4851a1d" relativeResultsDirectory="d244d19c-92f4-4539-bdf1-813027dcb1b8" />
    <UnitTestResult executionId="2243b8b9-9dfa-4047-8ebe-a32f17c8b0f0" testId="1504abfa-2b8a-8a82-869b-d0555915b6aa" testName="BuildWritesManifestAndDeterministicCompleteRoots" computerName="LAPTOP-F7PUVUPO" duration="00:00:00.0480535" startTime="2026-09-01T22:38:58.1946721+08:00" endTime="2026-09-01T22:38:58.2428112+08:00" testType="13cdc9d9-ddb5-4fa4-a97d-d965ccfc6d4b" outcome="Passed" testListId="8c84fa94-04c1-424b-9868-57a2d4851a1d" relativeResultsDirectory="2243b8b9-9dfa-4047-8ebe-a32f17c8b0f0" />
    <UnitTestResult executionId="d14821a9-1d33-4db5-81dd-79f651f7538e" testId="1b0e58a0-be13-8799-80cc-beaf165eb005" testName="CompatibilityDefinitionRequiresOptInAndValidatesWhenEnabled" computerName="LAPTOP-F7PUVUPO" duration="00:00:00.0003124" startTime="2026-09-01T22:38:57.8428627+08:00" endTime="2026-09-01T22:38:57.8432323+08:00" testType="13cdc9d9-ddb5-4fa4-a97d-d965ccfc6d4b" outcome="Passed" testListId="8c84fa94-04c1-424b-9868-57a2d4851a1d" relativeResultsDirectory="d14821a9-1d33-4db5-81dd-79f651f7538e" />
    <UnitTestResult executionId="8af9265a-5e22-4b1c-a75e-7ede2a02fc20" testId="1435f693-348e-85e5-9812-7aae7088f987" testName="NodePropertiesRoundTripInCanonicalOrderIncludingNestedJson" computerName="LAPTOP-F7PUVUPO" duration="00:00:00.0024171" startTime="2026-09-01T22:38:57.7845797+08:00" endTime="2026-09-01T22:38:57.7871127+08:00" testType="13cdc9d9-ddb5-4fa4-a97d-d965ccfc6d4b" outcome="Passed" testListId="8c84fa94-04c1-424b-9868-57a2d4851a1d" relativeResultsDirectory="8af9265a-5e22-4b1c-a75e-7ede2a02fc20" />
    <UnitTestResult executionId="9c3e3898-9fc3-4487-a248-98efcf765831" testId="1bb14fb8-3439-8daa-af53-19cb44507311" testName="CreateAndSavePersistsActorAndClearsDirtyState" computerName="LAPTOP-F7PUVUPO" duration="00:00:00.0840417" startTime="2026-09-01T22:38:56.8105978+08:00" endTime="2026-09-01T22:38:56.9130847+08:00" testType="13cdc9d9-ddb5-4fa4-a97d-d965ccfc6d4b" outcome="Passed" testListId="8c84fa94-04c1-424b-9868-57a2d4851a1d" relativeResultsDirectory="9c3e3898-9fc3-4487-a248-98efcf765831" />
    <UnitTestResult executionId="2ec707be-afb9-4472-acb3-be286b8b92b0" testId="1b7e9304-090e-8448-8aa3-e09fe0a7465a" testName="LegacySchemasRetainShapeAndNotesOnOrdinaryRoundTrip" computerName="LAPTOP-F7PUVUPO" duration="00:00:00.0007508" startTime="2026-09-01T22:38:56.9007826+08:00" endTime="2026-09-01T22:38:56.9015607+08:00" testType="13cdc9d9-ddb5-4fa4-a97d-d965ccfc6d4b" outcome="Passed" testListId="8c84fa94-04c1-424b-9868-57a2d4851a1d" relativeResultsDirectory="2ec707be-afb9-4472-acb3-be286b8b92b0" />
    <UnitTestResult executionId="21c663a5-77ab-4c83-9252-0f5e6bf8a298" testId="101a4548-2ea2-8bc6-a334-7d612538778b" testName="WrongScopeAndFixedPortsCannotBeRemovedAndMinimumIsProtected" computerName="LAPTOP-F7PUVUPO" duration="00:00:00.0010067" startTime="2026-09-01T22:38:57.8050981+08:00" endTime="2026-09-01T22:38:57.8061548+08:00" testType="13cdc9d9-ddb5-4fa4-a97d-d965ccfc6d4b" outcome="Passed" testListId="8c84fa94-04c1-424b-9868-57a2d4851a1d" relativeResultsDirectory="21c663a5-77ab-4c83-9252-0f5e6bf8a298" />
    <UnitTestResult executionId="0cc598ae-1aac-4977-9948-235fdb2af617" testId="1aa173d9-4764-802a-98fb-2927babcd43f" testName="ProjectionRejectsReservedBoundaryIds" computerName="LAPTOP-F7PUVUPO" duration="00:00:00.0003095" startTime="2026-09-01T22:38:57.8539690+08:00" endTime="2026-09-01T22:38:57.8543193+08:00" testType="13cdc9d9-ddb5-4fa4-a97d-d965ccfc6d4b" outcome="Passed" testListId="8c84fa94-04c1-424b-9868-57a2d4851a1d" relativeResultsDirectory="0cc598ae-1aac-4977-9948-235fdb2af617" />
    <UnitTestResult executionId="5567bbec-5b23-4ccd-9bf1-0347bb2f1360" testId="1710f6cd-e0fa-8021-913a-90e9d9795114" testName="DuplicateOriginalReconnectExcludesOnlyOneEdgeAndCannotHideCardinality" computerName="LAPTOP-F7PUVUPO" duration="00:00:00.0004739" startTime="2026-09-01T22:38:57.8163680+08:00" endTime="2026-09-01T22:38:57.8168860+08:00" testType="13cdc9d9-ddb5-4fa4-a97d-d965ccfc6d4b" outcome="Passed" testListId="8c84fa94-04c1-424b-9868-57a2d4851a1d" relativeResultsDirectory="5567bbec-5b23-4ccd-9bf1-0347bb2f1360" />
    <UnitTestResult executionId="3aebf6db-9f34-4b11-a006-e27a028fc87d" testId="106143db-f620-8b34-8894-c12b0cacd9c2" testName="MigrationMergesExistingMembershipWithoutLosingResources" computerName="LAPTOP-F7PUVUPO" duration="00:00:00.0832882" startTime="2026-09-01T22:38:57.8725799+08:00" endTime="2026-09-01T22:38:57.9559473+08:00" testType="13cdc9d9-ddb5-4fa4-a97d-d965ccfc6d4b" outcome="Passed" testListId="8c84fa94-04c1-424b-9868-57a2d4851a1d" relativeResultsDirectory="3aebf6db-9f34-4b11-a006-e27a028fc87d" />
    <UnitTestResult executionId="f8a1ea97-f58f-4ff1-bdab-2422de1ae1e3" testId="13536d93-7295-87b8-bd2a-091a6e661104" testName="DuplicateTagsAreRejected" computerName="LAPTOP-F7PUVUPO" duration="00:00:00.0004564" startTime="2026-09-01T22:38:57.8711659+08:00" endTime="2026-09-01T22:38:57.8716678+08:00" testType="13cdc9d9-ddb5-4fa4-a97d-d965ccfc6d4b" outcome="Passed" testListId="8c84fa94-04c1-424b-9868-57a2d4851a1d" relativeResultsDirectory="f8a1ea97-f58f-4ff1-bdab-2422de1ae1e3" />
    <UnitTestResult executionId="f7edb2c3-7bbe-42a1-93f8-daf1884d4290" testId="14356a87-0be2-8dee-b494-cf57dd05c2e1" testName="RemovingMiddleTaskSettleSlotReindexesAndUndoRestoresEdgesAndOrder" computerName="LAPTOP-F7PUVUPO" duration="00:00:00.0054003" startTime="2026-09-01T22:38:57.8012519+08:00" endTime="2026-09-01T22:38:57.8067119+08:00" testType="13cdc9d9-ddb5-4fa4-a97d-d965ccfc6d4b" outcome="Passed" testListId="8c84fa94-04c1-424b-9868-57a2d4851a1d" relativeResultsDirectory="f7edb2c3-7bbe-42a1-93f8-daf1884d4290" />
    <UnitTestResult executionId="75f192df-88d8-41e5-ae9f-ea4066bc4a66" testId="13ff010b-9ccc-8ac9-b531-be62654af89d" testName="InvalidNewActorIdHasAnError (&quot;teacher/&quot;)" computerName="LAPTOP-F7PUVUPO" duration="00:00:00.0000210" startTime="2026-09-01T22:38:56.9130955+08:00" endTime="2026-09-01T22:38:56.9131847+08:00" testType="13cdc9d9-ddb5-4fa4-a97d-d965ccfc6d4b" outcome="Passed" testListId="8c84fa94-04c1-424b-9868-57a2d4851a1d" relativeResultsDirectory="75f192df-88d8-41e5-ae9f-ea4066bc4a66" />
    <UnitTestResult executionId="bb92f75d-5d34-420b-9fe7-5fc34f5ba30c" testId="1f434190-f359-8ef0-b820-5c8800817a6c" testName="CreateRollbackRemovesActorWhenMembershipReplacementFails" computerName="LAPTOP-F7PUVUPO" duration="00:00:00.0866762" startTime="2026-09-01T22:38:57.2820210+08:00" endTime="2026-09-01T22:38:57.3687612+08:00" testType="13cdc9d9-ddb5-4fa4-a97d-d965ccfc6d4b" outcome="Passed" testListId="8c84fa94-04c1-424b-9868-57a2d4851a1d" relativeResultsDirectory="bb92f75d-5d34-420b-9fe7-5fc34f5ba30c" />
    <UnitTestResult executionId="e6a92fff-656a-41f0-bb76-090ac5d3046d" testId="12013a14-eab4-89c0-976e-7cd34e62a968" testName="CanonicalRolesUseExactScopeTypeDirectionAndKind" computerName="LAPTOP-F7PUVUPO" duration="00:00:00.0016684" startTime="2026-09-01T22:38:57.7941922+08:00" endTime="2026-09-01T22:38:57.7959808+08:00" testType="13cdc9d9-ddb5-4fa4-a97d-d965ccfc6d4b" outcome="Passed" testListId="8c84fa94-04c1-424b-9868-57a2d4851a1d" relativeResultsDirectory="e6a92fff-656a-41f0-bb76-090ac5d3046d" />
    <UnitTestResult executionId="dbba5165-7a43-4628-849c-5c6f0424f7a5" testId="180f5a51-3b34-843c-9f1b-a463e804e2f4" testName="DeleteRemovesOwnedFilesAndPreservesReferencedResourcesAndLegacyStory" computerName="LAPTOP-F7PUVUPO" duration="00:00:00.0974720" startTime="2026-09-01T22:38:57.4126366+08:00" endTime="2026-09-01T22:38:57.5101850+08:00" testType="13cdc9d9-ddb5-4fa4-a97d-d965ccfc6d4b" outcome="Passed" testListId="8c84fa94-04c1-424b-9868-57a2d4851a1d" relativeResultsDirectory="dbba5165-7a43-4628-849c-5c6f0424f7a5" />
    <UnitTestResult executionId="e2c858db-7eae-4ff7-a2b3-04848c1c252b" testId="10fbaeb2-d007-8d09-91ef-24cca1f8fd13" testName="InteractHasNoRequiredFieldAndRejectsRequiredEdits" computerName="LAPTOP-F7PUVUPO" duration="00:00:00.0014162" startTime="2026-09-01T22:38:57.6894139+08:00" endTime="2026-09-01T22:38:57.6909272+08:00" testType="13cdc9d9-ddb5-4fa4-a97d-d965ccfc6d4b" outcome="Passed" testListId="8c84fa94-04c1-424b-9868-57a2d4851a1d" relativeResultsDirectory="e2c858db-7eae-4ff7-a2b3-04848c1c252b" />
    <UnitTestResult executionId="60d657da-c02c-4636-9a71-2c6a66390a57" testId="152d689e-407a-8821-b6ed-07a38e450637" testName="ApplyingHistorySnapshotsDoesNotExposeBeforeObjects" computerName="LAPTOP-F7PUVUPO" duration="00:00:00.0010195" startTime="2026-09-01T22:38:57.8180395+08:00" endTime="2026-09-01T22:38:57.8191020+08:00" testType="13cdc9d9-ddb5-4fa4-a97d-d965ccfc6d4b" outcome="Passed" testListId="8c84fa94-04c1-424b-9868-57a2d4851a1d" relativeResultsDirectory="60d657da-c02c-4636-9a71-2c6a66390a57" />
    <UnitTestResult executionId="c9776f22-959b-49a0-8ad6-f126110b3517" testId="16f12f1a-f0e9-8306-9230-e3e815598fa0" testName="CollectMetadataRequiresObjectWithStringValues" computerName="LAPTOP-F7PUVUPO" duration="00:00:00.0015094" startTime="2026-09-01T22:38:57.6843259+08:00" endTime="2026-09-01T22:38:57.6858890+08:00" testType="13cdc9d9-ddb5-4fa4-a97d-d965ccfc6d4b" outcome="Passed" testListId="8c84fa94-04c1-424b-9868-57a2d4851a1d" relativeResultsDirectory="c9776f22-959b-49a0-8ad6-f126110b3517" />
    <UnitTestResult executionId="54e9c5fb-f8be-47ca-9c06-a3fc80ebe72e" testId="140cba8b-bee1-813e-8068-f16edaf1d199" testName="DeleteAndCreatePreservePersistedDisplayOrderAndAppendMembership" computerName="LAPTOP-F7PUVUPO" duration="00:00:00.2642936" startTime="2026-09-01T22:38:57.3699685+08:00" endTime="2026-09-01T22:38:57.6343566+08:00" testType="13cdc9d9-ddb5-4fa4-a97d-d965ccfc6d4b" outcome="Passed" testListId="8c84fa94-04c1-424b-9868-57a2d4851a1d" relativeResultsDirectory="54e9c5fb-f8be-47ca-9c06-a3fc80ebe72e" />
    <UnitTestResult executionId="4d613a04-c07e-4b7c-bce3-a79609fc3ca2" testId="1816a0d8-60f7-84e9-b92c-75a364d5476a" testName="TaskRejectsFlowPortsAndConnections" computerName="LAPTOP-F7PUVUPO" duration="00:00:00.0004033" startTime="2026-09-01T22:38:57.8499351+08:00" endTime="2026-09-01T22:38:57.8503778+08:00" testType="13cdc9d9-ddb5-4fa4-a97d-d965ccfc6d4b" outcome="Passed" testListId="8c84fa94-04c1-424b-9868-57a2d4851a1d" relativeResultsDirectory="4d613a04-c07e-4b7c-bce3-a79609fc3ca2" />
    <UnitTestResult executionId="4ae9f86b-5cbc-4a86-bcf2-e2136d9174b8" testId="13303c65-ae60-8ac4-8412-b599de1dcd0a" testName="ChoiceSemanticPortsRejectGenericRemovalEvenWhenConfirmed" computerName="LAPTOP-F7PUVUPO" duration="00:00:00.0022580" startTime="2026-09-01T22:38:57.8062228+08:00" endTime="2026-09-01T22:38:57.8085373+08:00" testType="13cdc9d9-ddb5-4fa4-a97d-d965ccfc6d4b" outcome="Passed" testListId="8c84fa94-04c1-424b-9868-57a2d4851a1d" relativeResultsDirectory="4ae9f86b-5cbc-4a86-bcf2-e2136d9174b8" />
    <UnitTestResult executionId="08222594-2f42-43d9-92b0-d99db1662706" testId="1ed4a4e3-3344-83be-8966-c9267207e502" testName="RoundTripPreservesExactRootNestedShapeAndArrayOrder" computerName="LAPTOP-F7PUVUPO" duration="00:00:00.0024171" startTime="2026-09-01T22:38:57.4599269+08:00" endTime="2026-09-01T22:38:57.4624697+08:00" testType="13cdc9d9-ddb5-4fa4-a97d-d965ccfc6d4b" outcome="Passed" testListId="8c84fa94-04c1-424b-9868-57a2d4851a1d" relativeResultsDirectory="08222594-2f42-43d9-92b0-d99db1662706" />
    <UnitTestResult executionId="77d17ced-a4ff-481b-8e73-db6e2710e0cc" testId="1e766b9b-9927-8e77-ab18-eff3cbf07aba" testName="InvalidIdsDuplicatesAndOwnershipOverlapHaveStableKindCodes" computerName="LAPTOP-F7PUVUPO" duration="00:00:00.0008948" startTime="2026-09-01T22:38:57.4626597+08:00" endTime="2026-09-01T22:38:57.4636017+08:00" testType="13cdc9d9-ddb5-4fa4-a97d-d965ccfc6d4b" outcome="Passed" testListId="8c84fa94-04c1-424b-9868-57a2d4851a1d" relativeResultsDirectory="77d17ced-a4ff-481b-8e73-db6e2710e0cc" />
    <UnitTestResult executionId="8647cc0e-1595-472a-ac88-2d8374d12fa1" testId="14837ad7-4ef3-8f9e-ad93-7b877415466b" testName="FailedAtomicReplacePreservesExistingFile" computerName="LAPTOP-F7PUVUPO" duration="00:00:00.0244026" startTime="2026-09-01T22:38:57.8472026+08:00" endTime="2026-09-01T22:38:57.8716424+08:00" testType="13cdc9d9-ddb5-4fa4-a97d-d965ccfc6d4b" outcome="Passed" testListId="8c84fa94-04c1-424b-9868-57a2d4851a1d" relativeResultsDirectory="8647cc0e-1595-472a-ac88-2d8374d12fa1" />
    <UnitTestResult executionId="ad47529a-4b25-447f-bb30-adc8262fb76b" testId="18954578-4461-8e5f-a73f-0d3ff1f028e0" testName="DocumentSupportsEditSnapshotAndDirtyState" computerName="LAPTOP-F7PUVUPO" duration="00:00:00.0065770" startTime="2026-09-01T22:38:57.9133663+08:00" endTime="2026-09-01T22:38:57.9200864+08:00" testType="13cdc9d9-ddb5-4fa4-a97d-d965ccfc6d4b" outcome="Passed" testListId="8c84fa94-04c1-424b-9868-57a2d4851a1d" relativeResultsDirectory="ad47529a-4b25-447f-bb30-adc8262fb76b" />
    <UnitTestResult executionId="cc1bc2bc-e728-4acb-855d-0e7f5f6fccdb" testId="1f3504c0-70d2-8832-9c4b-b94407c6fda8" testName="ExplicitDisplayOverrideAndTrySeamArePreserved" computerName="LAPTOP-F7PUVUPO" duration="00:00:00.0003523" startTime="2026-09-01T22:38:57.8340471+08:00" endTime="2026-09-01T22:38:57.8344538+08:00" testType="13cdc9d9-ddb5-4fa4-a97d-d965ccfc6d4b" outcome="Passed" testListId="8c84fa94-04c1-424b-9868-57a2d4851a1d" relativeResultsDirectory="cc1bc2bc-e728-4acb-855d-0e7f5f6fccdb" />
    <UnitTestResult executionId="f09ada93-3f57-44de-9120-f7420f29b92a" testId="12769439-f2e7-8534-8bb3-9d6c5b437f68" testName="MissingSelectedStoryIsRejectedBeforeActorMutation" computerName="LAPTOP-F7PUVUPO" duration="00:00:00.0607016" startTime="2026-09-01T22:38:57.9006647+08:00" endTime="2026-09-01T22:38:57.9614484+08:00" testType="13cdc9d9-ddb5-4fa4-a97d-d965ccfc6d4b" outcome="Passed" testListId="8c84fa94-04c1-424b-9868-57a2d4851a1d" relativeResultsDirectory="f09ada93-3f57-44de-9120-f7420f29b92a" />
    <UnitTestResult executionId="109f6b4c-a36b-4e1d-9300-100f2639702f" testId="19a4ba64-c715-8e4b-923e-08443a1601bb" testName="ReferenceIsSharedIdempotentAndRemovalNeverDeletesActor" computerName="LAPTOP-F7PUVUPO" duration="00:00:00.2070215" startTime="2026-09-01T22:38:57.8941673+08:00" endTime="2026-09-01T22:38:58.1012920+08:00" testType="13cdc9d9-ddb5-4fa4-a97d-d965ccfc6d4b" outcome="Passed" testListId="8c84fa94-04c1-424b-9868-57a2d4851a1d" relativeResultsDirectory="109f6b4c-a36b-4e1d-9300-100f2639702f" />
    <UnitTestResult executionId="a32582ab-2595-47a5-bdd3-d612b9c827ac" testId="1341fccb-7bac-89f4-adce-04d6639a69bf" testName="CreateListLoadAndReplaceUseStableStoryFilename" computerName="LAPTOP-F7PUVUPO" duration="00:00:00.0378886" startTime="2026-09-01T22:38:57.4660058+08:00" endTime="2026-09-01T22:38:57.5040157+08:00" testType="13cdc9d9-ddb5-4fa4-a97d-d965ccfc6d4b" outcome="Passed" testListId="8c84fa94-04c1-424b-9868-57a2d4851a1d" relativeResultsDirectory="a32582ab-2595-47a5-bdd3-d612b9c827ac" />
    <UnitTestResult executionId="5bf3a39a-3a92-4d3a-ae48-8841d96fe7a0" testId="169b0529-9132-8e98-b632-32045da7d8f7" testName="ChangingSavedIdRequiresExplicitRename" computerName="LAPTOP-F7PUVUPO" duration="00:00:00.0907119" startTime="2026-09-01T22:38:56.8106079+08:00" endTime="2026-09-01T22:38:56.9197686+08:00" testType="13cdc9d9-ddb5-4fa4-a97d-d965ccfc6d4b" outcome="Passed" testListId="8c84fa94-04c1-424b-9868-57a2d4851a1d" relativeResultsDirectory="5bf3a39a-3a92-4d3a-ae48-8841d96fe7a0" />
    <UnitTestResult executionId="da1e8bc7-9527-44d4-a844-0573625ffd58" testId="1102443e-545f-8390-a917-b6782ee6d826" testName="DeserializeRejectsUnknownFields" computerName="LAPTOP-F7PUVUPO" duration="00:00:00.0012733" startTime="2026-09-01T22:38:56.8957115+08:00" endTime="2026-09-01T22:38:56.8970168+08:00" testType="13cdc9d9-ddb5-4fa4-a97d-d965ccfc6d4b" outcome="Passed" testListId="8c84fa94-04c1-424b-9868-57a2d4851a1d" relativeResultsDirectory="da1e8bc7-9527-44d4-a844-0573625ffd58" />
    <UnitTestResult executionId="c194ffde-afa4-4502-a96d-794ea814b0ce" testId="133147c0-ab60-8d19-8502-408b962d4d5a" testName="AndOrCandidatesReceiveExactlyTwoDeterministicLogicInputs (Task,&quot;or&quot;)" computerName="LAPTOP-F7PUVUPO" duration="00:00:00.0000658" startTime="2026-09-01T22:38:57.8288308+08:00" endTime="2026-09-01T22:38:57.8289444+08:00" testType="13cdc9d9-ddb5-4fa4-a97d-d965ccfc6d4b" outcome="Passed" testListId="8c84fa94-04c1-424b-9868-57a2d4851a1d" relativeResultsDirectory="c194ffde-afa4-4502-a96d-794ea814b0ce" />
    <UnitTestResult executionId="c1b1c054-ae8c-4f0c-9725-79c1460fe779" testId="14d8ee9d-9c7e-8f1c-88d2-7f5b23929471" testName="InvalidIdentityTypeScopeAndCompatibilityReturnDistinctDiagnostics" computerName="LAPTOP-F7PUVUPO" duration="00:00:00.0005475" startTime="2026-09-01T22:38:57.8327636+08:00" endTime="2026-09-01T22:38:57.8333540+08:00" testType="13cdc9d9-ddb5-4fa4-a97d-d965ccfc6d4b" outcome="Passed" testListId="8c84fa94-04c1-424b-9868-57a2d4851a1d" relativeResultsDirectory="c1b1c054-ae8c-4f0c-9725-79c1460fe779" />
    <UnitTestResult executionId="aec77e16-490c-4456-a509-926b84f04f85" testId="192839b2-efc9-8ac7-b352-1df78e81df06" testName="TaskLogicOutputDefaultDisplayNamesAreUniqueAcrossBoundaries" computerName="LAPTOP-F7PUVUPO" duration="00:00:00.0015600" startTime="2026-09-01T22:38:57.8306106+08:00" endTime="2026-09-01T22:38:57.8322368+08:00" testType="13cdc9d9-ddb5-4fa4-a97d-d965ccfc6d4b" outcome="Passed" testListId="8c84fa94-04c1-424b-9868-57a2d4851a1d" relativeResultsDirectory="aec77e16-490c-4456-a509-926b84f04f85" />
    <UnitTestResult executionId="cbffd028-70d1-4a22-b0a4-2be25a37efef" testId="1ab63b9c-2113-87f4-b666-b132b6b57719" testName="RegistryCoversCanonicalTypesAndAuthorMetadata" computerName="LAPTOP-F7PUVUPO" duration="00:00:00.0026344" startTime="2026-09-01T22:38:58.1645011+08:00" endTime="2026-09-01T22:38:58.1672658+08:00" testType="13cdc9d9-ddb5-4fa4-a97d-d965ccfc6d4b" outcome="Passed" testListId="8c84fa94-04c1-424b-9868-57a2d4851a1d" relativeResultsDirectory="cbffd028-70d1-4a22-b0a4-2be25a37efef" />
    <UnitTestResult executionId="a7094602-4d53-4549-806e-bcdde16b9060" testId="17c2c958-448c-8dbf-b216-00888461eeb6" testName="RecoveryDirectoryIsEditorOnlyAndAbsentEnumerationIsSafe" computerName="LAPTOP-F7PUVUPO" duration="00:00:00.0779469" startTime="2026-09-01T22:38:58.1309962+08:00" endTime="2026-09-01T22:38:58.2090861+08:00" testType="13cdc9d9-ddb5-4fa4-a97d-d965ccfc6d4b" outcome="Passed" testListId="8c84fa94-04c1-424b-9868-57a2d4851a1d" relativeResultsDirectory="a7094602-4d53-4549-806e-bcdde16b9060" />
    <UnitTestResult executionId="7fe7a1e2-ec23-4656-a596-df70af9a63fe" testId="1f9f6c66-0485-82ad-9903-6866e009dddd" testName="QuestValidationRequiresExactGroupMembership" computerName="LAPTOP-F7PUVUPO" duration="00:00:00.0012204" startTime="2026-09-01T22:38:57.9089404+08:00" endTime="2026-09-01T22:38:57.9102775+08:00" testType="13cdc9d9-ddb5-4fa4-a97d-d965ccfc6d4b" outcome="Passed" testListId="8c84fa94-04c1-424b-9868-57a2d4851a1d" relativeResultsDirectory="7fe7a1e2-ec23-4656-a596-df70af9a63fe" />
    <UnitTestResult executionId="87d3db21-380b-44a9-8155-50009d99c0f0" testId="14021dd1-35b0-8b31-b956-2da432d487ee" testName="BuildCanonicalStoryWithEmptySessionsAndTasksCreatesAllCanonicalRoots" computerName="LAPTOP-F7PUVUPO" duration="00:00:00.0709450" startTime="2026-09-01T22:38:58.1968634+08:00" endTime="2026-09-01T22:38:58.2678873+08:00" testType="13cdc9d9-ddb5-4fa4-a97d-d965ccfc6d4b" outcome="Passed" testListId="8c84fa94-04c1-424b-9868-57a2d4851a1d" relativeResultsDirectory="87d3db21-380b-44a9-8155-50009d99c0f0" />
    <UnitTestResult executionId="8ff52c33-8789-4120-87f7-26fd353b3fae" testId="1b404b5d-bb1a-8238-9c32-04e1b1c02eb1" testName="TaskSettleReceivesOneStableLogicResultSlot" computerName="LAPTOP-F7PUVUPO" duration="00:00:00.0009596" startTime="2026-09-01T22:38:57.8302137+08:00" endTime="2026-09-01T22:38:57.8312258+08:00" testType="13cdc9d9-ddb5-4fa4-a97d-d965ccfc6d4b" outcome="Passed" testListId="8c84fa94-04c1-424b-9868-57a2d4851a1d" relativeResultsDirectory="8ff52c33-8789-4120-87f7-26fd353b3fae" />
    <UnitTestResult executionId="ff6ed10c-4798-4d0f-abca-9af89a433ccd" testId="1d7a092f-40f6-85e5-a182-e291144530af" testName="ValidatorAllowsMultipleConsumersFromLogicOutput" computerName="LAPTOP-F7PUVUPO" duration="00:00:00.0031215" startTime="2026-09-01T22:38:57.7898104+08:00" endTime="2026-09-01T22:38:57.7929916+08:00" testType="13cdc9d9-ddb5-4fa4-a97d-d965ccfc6d4b" outcome="Passed" testListId="8c84fa94-04c1-424b-9868-57a2d4851a1d" relativeResultsDirectory="ff6ed10c-4798-4d0f-abca-9af89a433ccd" />
    <UnitTestResult executionId="45b45570-be45-4393-9284-9a19e6054ae2" testId="111c61fa-53e4-8381-9de1-4bea29cf9622" testName="DynamicRolesEnforceEveryRegisteredMinimum" computerName="LAPTOP-F7PUVUPO" duration="00:00:00.0032434" startTime="2026-09-01T22:38:57.8395306+08:00" endTime="2026-09-01T22:38:57.8428204+08:00" testType="13cdc9d9-ddb5-4fa4-a97d-d965ccfc6d4b" outcome="Passed" testListId="8c84fa94-04c1-424b-9868-57a2d4851a1d" relativeResultsDirectory="45b45570-be45-4393-9284-9a19e6054ae2" />
    <UnitTestResult executionId="10e7032d-cabb-4b24-a52b-0916e8275672" testId="1b9c3828-14fb-8683-8ee9-961fd8c793f2" testName="BuildCarriesOnlyRootStoryOwnedPublicLogicEdges" computerName="LAPTOP-F7PUVUPO" duration="00:00:00.0693431" startTime="2026-09-01T22:38:58.1993978+08:00" endTime="2026-09-01T22:38:58.2696576+08:00" testType="13cdc9d9-ddb5-4fa4-a97d-d965ccfc6d4b" outcome="Passed" testListId="8c84fa94-04c1-424b-9868-57a2d4851a1d" relativeResultsDirectory="10e7032d-cabb-4b24-a52b-0916e8275672" />
    <UnitTestResult executionId="7aac071f-4283-4461-a830-3419b57e5e03" testId="19679d79-1a89-833d-8508-f67563cc1817" testName="NewDialogueDraftStartsTrulyEmpty" computerName="LAPTOP-F7PUVUPO" duration="00:00:00.0015879" startTime="2026-09-01T22:38:57.6991671+08:00" endTime="2026-09-01T22:38:57.7009034+08:00" testType="13cdc9d9-ddb5-4fa4-a97d-d965ccfc6d4b" outcome="Passed" testListId="8c84fa94-04c1-424b-9868-57a2d4851a1d" relativeResultsDirectory="7aac071f-4283-4461-a830-3419b57e5e03" />
    <UnitTestResult executionId="4619f5b4-9bad-43a3-9a4d-0dd359badb79" testId="17d9335a-6245-8eb9-bb5f-4c3553d1466f" testName="SaveAndLoadFilterBlankNodeIdsAndNonFiniteCoordinates" computerName="LAPTOP-F7PUVUPO" duration="00:00:00.0203462" startTime="2026-09-01T22:38:56.9505350+08:00" endTime="2026-09-01T22:38:56.9709427+08:00" testType="13cdc9d9-ddb5-4fa4-a97d-d965ccfc6d4b" outcome="Passed" testListId="8c84fa94-04c1-424b-9868-57a2d4851a1d" relativeResultsDirectory="4619f5b4-9bad-43a3-9a4d-0dd359badb79" />
    <UnitTestResult executionId="606ceab8-68ca-4f9a-93c3-792b53314055" testId="1cb95af7-b0f0-8506-aea3-1278e88baeae" testName="AndOrCandidatesReceiveExactlyTwoDeterministicLogicInputs (StoryFlow,&quot;or&quot;)" computerName="LAPTOP-F7PUVUPO" duration="00:00:00.0010784" startTime="2026-09-01T22:38:57.8259176+08:00" endTime="2026-09-01T22:38:57.8270637+08:00" testType="13cdc9d9-ddb5-4fa4-a97d-d965ccfc6d4b" outcome="Passed" testListId="8c84fa94-04c1-424b-9868-57a2d4851a1d" relativeResultsDirectory="606ceab8-68ca-4f9a-93c3-792b53314055" />
    <UnitTestResult executionId="73e731a2-42eb-4191-93c6-89ebbb60b4e6" testId="178726bd-854c-885e-9680-194b4aec9c83" testName="ConnectionJsonUsesCanonicalStableIdsAndLowercaseKind" computerName="LAPTOP-F7PUVUPO" duration="00:00:00.0009782" startTime="2026-09-01T22:38:57.7834341+08:00" endTime="2026-09-01T22:38:57.7845364+08:00" testType="13cdc9d9-ddb5-4fa4-a97d-d965ccfc6d4b" outcome="Passed" testListId="8c84fa94-04c1-424b-9868-57a2d4851a1d" relativeResultsDirectory="73e731a2-42eb-4191-93c6-89ebbb60b4e6" />
    <UnitTestResult executionId="8a566cfb-9d27-4a7f-b3b0-1fda521a3041" testId="12cbf935-8d18-84f5-b957-364e552bda50" testName="ChoiceSemanticPortsRejectGenericRenameAndReorder" computerName="LAPTOP-F7PUVUPO" duration="00:00:00.0004206" startTime="2026-09-01T22:38:57.8044969+08:00" endTime="2026-09-01T22:38:57.8050416+08:00" testType="13cdc9d9-ddb5-4fa4-a97d-d965ccfc6d4b" outcome="Passed" testListId="8c84fa94-04c1-424b-9868-57a2d4851a1d" relativeResultsDirectory="8a566cfb-9d27-4a7f-b3b0-1fda521a3041" />
    <UnitTestResult executionId="f5853138-941c-49b8-b3cf-26ee8a47327e" testId="1e230c69-20ce-8fda-b96e-5747e8dd502c" testName="LegacyMinecraftTargetsRemainValidAndDgrIdsRoundTripThroughJson" computerName="LAPTOP-F7PUVUPO" duration="00:00:00.0016707" startTime="2026-09-01T22:38:57.6973394+08:00" endTime="2026-09-01T22:38:57.6991047+08:00" testType="13cdc9d9-ddb5-4fa4-a97d-d965ccfc6d4b" outcome="Passed" testListId="8c84fa94-04c1-424b-9868-57a2d4851a1d" relativeResultsDirectory="f5853138-941c-49b8-b3cf-26ee8a47327e" />
    <UnitTestResult executionId="01e3cab9-a88b-4072-a35b-edf8bc632a66" testId="15ee98f8-3fbd-83e3-8bd6-de9afb25e9fa" testName="SourceChangeAfterPreviewRejectsBeforeBackupOrCanonicalWrites" computerName="LAPTOP-F7PUVUPO" duration="00:00:00.0614940" startTime="2026-09-01T22:38:57.0165320+08:00" endTime="2026-09-01T22:38:57.0781080+08:00" testType="13cdc9d9-ddb5-4fa4-a97d-d965ccfc6d4b" outcome="Passed" testListId="8c84fa94-04c1-424b-9868-57a2d4851a1d" relativeResultsDirectory="01e3cab9-a88b-4072-a35b-edf8bc632a66" />
    <UnitTestResult executionId="b98b3e56-7bd5-4c0d-8765-43c8c273ed63" testId="13d0ae41-e7aa-8cb3-a2b2-4bc9743e1a2f" testName="RenamingAndReorderingPortsDoesNotChangeConnectionValidity" computerName="LAPTOP-F7PUVUPO" duration="00:00:00.0005958" startTime="2026-09-01T22:38:57.7863087+08:00" endTime="2026-09-01T22:38:57.7869591+08:00" testType="13cdc9d9-ddb5-4fa4-a97d-d965ccfc6d4b" outcome="Passed" testListId="8c84fa94-04c1-424b-9868-57a2d4851a1d" relativeResultsDirectory="b98b3e56-7bd5-4c0d-8765-43c8c273ed63" />
    <UnitTestResult executionId="63c86486-502c-44a0-a311-48a9d4601462" testId="1c652031-092d-8c40-a695-459a6c7fba98" testName="DefinitionsExposeTrimmedAuthoringMetadataInStableScopeOrder" computerName="LAPTOP-F7PUVUPO" duration="00:00:00.0042821" startTime="2026-09-01T22:38:57.8351580+08:00" endTime="2026-09-01T22:38:57.8394975+08:00" testType="13cdc9d9-ddb5-4fa4-a97d-d965ccfc6d4b" outcome="Passed" testListId="8c84fa94-04c1-424b-9868-57a2d4851a1d" relativeResultsDirectory="63c86486-502c-44a0-a311-48a9d4601462" />
    <UnitTestResult executionId="f60160d0-e107-45b9-ad51-9319ad75f614" testId="1ebcf35d-3e0e-8215-b463-f7bc00652ccb" testName="DialogueV1RoundTripsAsV2AndRejectsUnknownFields" computerName="LAPTOP-F7PUVUPO" duration="00:00:00.0013758" startTime="2026-09-01T22:38:57.9072573+08:00" endTime="2026-09-01T22:38:57.9088778+08:00" testType="13cdc9d9-ddb5-4fa4-a97d-d965ccfc6d4b" outcome="Passed" testListId="8c84fa94-04c1-424b-9868-57a2d4851a1d" relativeResultsDirectory="f60160d0-e107-45b9-ad51-9319ad75f614" />
    <UnitTestResult executionId="2af01fa4-97d6-4ab4-91f9-33b00ad841e8" testId="1ecb021e-d826-8b5f-8e34-fa4fbc90d4c2" testName="RegistryImportCreatesIndependentActorAndMembership" computerName="LAPTOP-F7PUVUPO" duration="00:00:00.2588272" startTime="2026-09-01T22:38:57.8725769+08:00" endTime="2026-09-01T22:38:58.1314893+08:00" testType="13cdc9d9-ddb5-4fa4-a97d-d965ccfc6d4b" outcome="Passed" testListId="8c84fa94-04c1-424b-9868-57a2d4851a1d" relativeResultsDirectory="2af01fa4-97d6-4ab4-91f9-33b00ad841e8" />
    <UnitTestResult executionId="61668d43-7adb-4f7a-8e9b-c211395229e4" testId="1e9906d1-14fa-8c52-bdf4-9ab1de80ff25" testName="DirectTypeMutationAndInvalidPayloadFailWithoutMutation" computerName="LAPTOP-F7PUVUPO" duration="00:00:00.0023879" startTime="2026-09-01T22:38:57.0960653+08:00" endTime="2026-09-01T22:38:57.0985314+08:00" testType="13cdc9d9-ddb5-4fa4-a97d-d965ccfc6d4b" outcome="Passed" testListId="8c84fa94-04c1-424b-9868-57a2d4851a1d" relativeResultsDirectory="61668d43-7adb-4f7a-8e9b-c211395229e4" />
    <UnitTestResult executionId="a9b7d822-7b97-484c-8c85-00864a0fa364" testId="1ce604b4-cf07-85e4-9ff2-c71b88560692" testName="DuplicateResourceDoesNotOverwriteExistingFile" computerName="LAPTOP-F7PUVUPO" duration="00:00:00.0387237" startTime="2026-09-01T22:38:57.8553207+08:00" endTime="2026-09-01T22:38:57.8941070+08:00" testType="13cdc9d9-ddb5-4fa4-a97d-d965ccfc6d4b" outcome="Passed" testListId="8c84fa94-04c1-424b-9868-57a2d4851a1d" relativeResultsDirectory="a9b7d822-7b97-484c-8c85-00864a0fa364" />
    <UnitTestResult executionId="a5714cec-2689-4051-b59e-0c2ac8c4a27a" testId="13815e9a-68df-800f-b224-a2b0556012b7" testName="SaveReloadAndDisplayRenamePreserveStablePortConnections" computerName="LAPTOP-F7PUVUPO" duration="00:00:00.0690212" startTime="2026-09-01T22:38:57.4378360+08:00" endTime="2026-09-01T22:38:57.5069979+08:00" testType="13cdc9d9-ddb5-4fa4-a97d-d965ccfc6d4b" outcome="Passed" testListId="8c84fa94-04c1-424b-9868-57a2d4851a1d" relativeResultsDirectory="a5714cec-2689-4051-b59e-0c2ac8c4a27a" />
    <UnitTestResult executionId="a8c0d08f-9f23-4328-b7bc-0bd0f8639413" testId="1aba7b50-e87e-8dbc-a0eb-db2ea8a848aa" testName="ImportAsNewCreatesIndependentActorAndSelectedOwnership" computerName="LAPTOP-F7PUVUPO" duration="00:00:00.1178920" startTime="2026-09-01T22:38:57.8804324+08:00" endTime="2026-09-01T22:38:57.9984049+08:00" testType="13cdc9d9-ddb5-4fa4-a97d-d965ccfc6d4b" outcome="Passed" testListId="8c84fa94-04c1-424b-9868-57a2d4851a1d" relativeResultsDirectory="a8c0d08f-9f23-4328-b7bc-0bd0f8639413" />
    <UnitTestResult executionId="69d0545a-5a03-4ff1-9c38-b23c8d27b4b6" testId="19332ecd-bb33-8b4c-8d1f-69acecc1ff23" testName="InvalidNewActorIdHasAnError (&quot;&quot;)" computerName="LAPTOP-F7PUVUPO" duration="00:00:00.0004081" startTime="2026-09-01T22:38:56.9081575+08:00" endTime="2026-09-01T22:38:56.9107154+08:00" testType="13cdc9d9-ddb5-4fa4-a97d-d965ccfc6d4b" outcome="Passed" testListId="8c84fa94-04c1-424b-9868-57a2d4851a1d" relativeResultsDirectory="69d0545a-5a03-4ff1-9c38-b23c8d27b4b6" />
    <UnitTestResult executionId="dc919cc3-7904-402b-a996-a9b5968d684b" testId="156a30c9-937f-897d-ade6-dd99e2245f17" testName="LegacySchemaOneKeepsItsExactShapeOnOrdinarySerialization" computerName="LAPTOP-F7PUVUPO" duration="00:00:00.0007044" startTime="2026-09-01T22:38:57.4636415+08:00" endTime="2026-09-01T22:38:57.4643864+08:00" testType="13cdc9d9-ddb5-4fa4-a97d-d965ccfc6d4b" outcome="Passed" testListId="8c84fa94-04c1-424b-9868-57a2d4851a1d" relativeResultsDirectory="dc919cc3-7904-402b-a996-a9b5968d684b" />
    <UnitTestResult executionId="aff09ed3-d26c-46e2-b472-be833b718d21" testId="1cbacfdd-d0f7-8a55-8adb-2645896fd800" testName="ResourceDisplayRenameDoesNotChangeKindAndIdKey" computerName="LAPTOP-F7PUVUPO" duration="00:00:00.0083426" startTime="2026-09-01T22:38:56.9528254+08:00" endTime="2026-09-01T22:38:56.9612338+08:00" testType="13cdc9d9-ddb5-4fa4-a97d-d965ccfc6d4b" outcome="Passed" testListId="8c84fa94-04c1-424b-9868-57a2d4851a1d" relativeResultsDirectory="aff09ed3-d26c-46e2-b472-be833b718d21" />
    <UnitTestResult executionId="4d43848d-662e-4af4-8fa4-36b989b68acd" testId="17f3f6bd-79c7-8f27-bb45-a3f45b1c02d8" testName="CandidateRejectsDuplicateAndAffectedEndpointCardinality" computerName="LAPTOP-F7PUVUPO" duration="00:00:00.0026363" startTime="2026-09-01T22:38:57.8145851+08:00" endTime="2026-09-01T22:38:57.8173084+08:00" testType="13cdc9d9-ddb5-4fa4-a97d-d965ccfc6d4b" outcome="Passed" testListId="8c84fa94-04c1-424b-9868-57a2d4851a1d" relativeResultsDirectory="4d43848d-662e-4af4-8fa4-36b989b68acd" />
    <UnitTestResult executionId="6a552662-aa29-4897-968a-6bcf3cbc3c90" testId="10bd6951-3d51-8aa6-9bd9-508c0b7997c2" testName="ProjectServiceKeepsActorOwnershipAndDeleteGuardConsistent" computerName="LAPTOP-F7PUVUPO" duration="00:00:00.1346126" startTime="2026-09-01T22:38:57.8725855+08:00" endTime="2026-09-01T22:38:58.0072866+08:00" testType="13cdc9d9-ddb5-4fa4-a97d-d965ccfc6d4b" outcome="Passed" testListId="8c84fa94-04c1-424b-9868-57a2d4851a1d" relativeResultsDirectory="6a552662-aa29-4897-968a-6bcf3cbc3c90" />
    <UnitTestResult executionId="b88416bb-5048-4fc2-aacf-72e93434db0e" testId="1b5003fc-684b-8d80-b97a-9bbb7658a0aa" testName="CreateAndReplaceHaveExplicitCollisionAndExistenceSemantics" computerName="LAPTOP-F7PUVUPO" duration="00:00:00.0331235" startTime="2026-09-01T22:38:57.8471628+08:00" endTime="2026-09-01T22:38:57.8803774+08:00" testType="13cdc9d9-ddb5-4fa4-a97d-d965ccfc6d4b" outcome="Passed" testListId="8c84fa94-04c1-424b-9868-57a2d4851a1d" relativeResultsDirectory="b88416bb-5048-4fc2-aacf-72e93434db0e" />
    <UnitTestResult executionId="af5061c1-5b0e-4a14-a47e-b0d79a08c668" testId="107da926-188a-8cdc-ab35-5d2953608d2a" testName="InvalidDraftRoundTripsAsADeepClonedRecoverySnapshot" computerName="LAPTOP-F7PUVUPO" duration="00:00:00.0967384" startTime="2026-09-01T22:38:58.1315384+08:00" endTime="2026-09-01T22:38:58.2285425+08:00" testType="13cdc9d9-ddb5-4fa4-a97d-d965ccfc6d4b" outcome="Passed" testListId="8c84fa94-04c1-424b-9868-57a2d4851a1d" relativeResultsDirectory="af5061c1-5b0e-4a14-a47e-b0d79a08c668" />
    <UnitTestResult executionId="3434ad38-7f43-4cb8-8b95-9dd98b8b1f79" testId="131a1aaa-88bb-873d-96aa-ceec21a36303" testName="UnsupportedTriggerAndDisabledRepeatPolicyFailClosed" computerName="LAPTOP-F7PUVUPO" duration="00:00:00.0043292" startTime="2026-09-01T22:38:58.2091500+08:00" endTime="2026-09-01T22:38:58.2135494+08:00" testType="13cdc9d9-ddb5-4fa4-a97d-d965ccfc6d4b" outcome="Passed" testListId="8c84fa94-04c1-424b-9868-57a2d4851a1d" relativeResultsDirectory="3434ad38-7f43-4cb8-8b95-9dd98b8b1f79" />
    <UnitTestResult executionId="b64bce3a-b8bf-4b75-8db1-9ec75a5d0b33" testId="191ab941-0ff6-8cd2-a4c2-e06903b8bb09" testName="InvalidPublicBoundaryContractsFailClosed" computerName="LAPTOP-F7PUVUPO" duration="00:00:00.0279420" startTime="2026-09-01T22:38:56.9224589+08:00" endTime="2026-09-01T22:38:56.9504803+08:00" testType="13cdc9d9-ddb5-4fa4-a97d-d965ccfc6d4b" outcome="Passed" testListId="8c84fa94-04c1-424b-9868-57a2d4851a1d" relativeResultsDirectory="b64bce3a-b8bf-4b75-8db1-9ec75a5d0b33" />
    <UnitTestResult executionId="3e4f5095-260e-45a0-ad3e-fe0db6bce393" testId="13ee67e0-1ab8-8bf9-ab55-0bccba105453" testName="LoadsDetachedRootsAndPreservesManifestOrderAndProvenance" computerName="LAPTOP-F7PUVUPO" duration="00:00:00.1146618" startTime="2026-09-01T22:38:57.6391769+08:00" endTime="2026-09-01T22:38:57.7539730+08:00" testType="13cdc9d9-ddb5-4fa4-a97d-d965ccfc6d4b" outcome="Passed" testListId="8c84fa94-04c1-424b-9868-57a2d4851a1d" relativeResultsDirectory="3e4f5095-260e-45a0-ad3e-fe0db6bce393" />
    <UnitTestResult executionId="a324738b-3105-4c46-9d34-3265b792994f" testId="109a52c9-c06b-850e-8c8e-5917800d0cbb" testName="RemovingReferenceCleansEveryAggregatePlacementAndIncidentConnectionOnly" computerName="LAPTOP-F7PUVUPO" duration="00:00:00.2359121" startTime="2026-09-01T22:38:57.4982629+08:00" endTime="2026-09-01T22:38:57.7342487+08:00" testType="13cdc9d9-ddb5-4fa4-a97d-d965ccfc6d4b" outcome="Passed" testListId="8c84fa94-04c1-424b-9868-57a2d4851a1d" relativeResultsDirectory="a324738b-3105-4c46-9d34-3265b792994f" />
    <UnitTestResult executionId="1ace082a-3980-4e51-9b7b-38723425d92f" testId="1ff4ebc9-c05c-8009-9a4a-038bbd044f93" testName="LegacyDotIdRemainsReadableWithWarning" computerName="LAPTOP-F7PUVUPO" duration="00:00:00.0003351" startTime="2026-09-01T22:38:56.9131035+08:00" endTime="2026-09-01T22:38:56.9134887+08:00" testType="13cdc9d9-ddb5-4fa4-a97d-d965ccfc6d4b" outcome="Passed" testListId="8c84fa94-04c1-424b-9868-57a2d4851a1d" relativeResultsDirectory="1ace082a-3980-4e51-9b7b-38723425d92f" />
    <UnitTestResult executionId="db9f950f-9508-47f7-b7a3-7b6b8c1f1ef4" testId="1c53cc77-8785-853d-a1f1-68fd75f0d7c1" testName="DynamicOutputsDeduplicateAndPreserveLoadedNames" computerName="LAPTOP-F7PUVUPO" duration="00:00:00.0160939" startTime="2026-09-01T22:38:58.1680649+08:00" endTime="2026-09-01T22:38:58.1842300+08:00" testType="13cdc9d9-ddb5-4fa4-a97d-d965ccfc6d4b" outcome="Passed" testListId="8c84fa94-04c1-424b-9868-57a2d4851a1d" relativeResultsDirectory="db9f950f-9508-47f7-b7a3-7b6b8c1f1ef4" />
    <UnitTestResult executionId="0e708eef-1507-4eed-a377-cc069dd0b7b4" testId="1161fa5b-82ba-8638-b7c9-51aa7908df43" testName="DeserializeRejectsFileNameMismatch" computerName="LAPTOP-F7PUVUPO" duration="00:00:00.0010283" startTime="2026-09-01T22:38:56.8970376+08:00" endTime="2026-09-01T22:38:56.8980964+08:00" testType="13cdc9d9-ddb5-4fa4-a97d-d965ccfc6d4b" outcome="Passed" testListId="8c84fa94-04c1-424b-9868-57a2d4851a1d" relativeResultsDirectory="0e708eef-1507-4eed-a377-cc069dd0b7b4" />
    <UnitTestResult executionId="9f15c0c8-1a00-469b-9092-ac6ad5e72299" testId="172a29e4-7e66-8fd4-89c6-0f2b8cb04c69" testName="DuplicateTargetAndMissingBoundaryFailClosed" computerName="LAPTOP-F7PUVUPO" duration="00:00:00.0507582" startTime="2026-09-01T22:38:57.4473831+08:00" endTime="2026-09-01T22:38:57.4982169+08:00" testType="13cdc9d9-ddb5-4fa4-a97d-d965ccfc6d4b" outcome="Passed" testListId="8c84fa94-04c1-424b-9868-57a2d4851a1d" relativeResultsDirectory="9f15c0c8-1a00-469b-9092-ac6ad5e72299" />
    <UnitTestResult executionId="cd377c51-7726-4562-833c-90302d436641" testId="1a100283-11e8-891f-8d05-62b8fe9f3333" testName="RuntimeStoryRepositoryDoesNotEnumerateRecoveryOnlyDrafts" computerName="LAPTOP-F7PUVUPO" duration="00:00:00.0779386" startTime="2026-09-01T22:38:58.1496216+08:00" endTime="2026-09-01T22:38:58.2276523+08:00" testType="13cdc9d9-ddb5-4fa4-a97d-d965ccfc6d4b" outcome="Passed" testListId="8c84fa94-04c1-424b-9868-57a2d4851a1d" relativeResultsDirectory="cd377c51-7726-4562-833c-90302d436641" />
    <UnitTestResult executionId="b5f053ce-973a-4c7b-8767-27ad77e85611" testId="17cef4fe-3470-8f05-8a66-0dd9c2acb38a" testName="RepositoryDeleteValidatesIdBeforeResolvingPath" computerName="LAPTOP-F7PUVUPO" duration="00:00:00.0107532" startTime="2026-09-01T22:38:58.0985804+08:00" endTime="2026-09-01T22:38:58.1094252+08:00" testType="13cdc9d9-ddb5-4fa4-a97d-d965ccfc6d4b" outcome="Passed" testListId="8c84fa94-04c1-424b-9868-57a2d4851a1d" relativeResultsDirectory="b5f053ce-973a-4c7b-8767-27ad77e85611" />
    <UnitTestResult executionId="b9507000-eec1-48ac-88a2-099156bb54b3" testId="1b8fd5b1-71b5-8fbc-83f7-607eba408145" testName="SchemaTwoKeepsItsExactShapeAndLoadsWithoutDisplayOrder" computerName="LAPTOP-F7PUVUPO" duration="00:00:00.0005894" startTime="2026-09-01T22:38:57.4643935+08:00" endTime="2026-09-01T22:38:57.4650227+08:00" testType="13cdc9d9-ddb5-4fa4-a97d-d965ccfc6d4b" outcome="Passed" testListId="8c84fa94-04c1-424b-9868-57a2d4851a1d" relativeResultsDirectory="b9507000-eec1-48ac-88a2-099156bb54b3" />
    <UnitTestResult executionId="e5016b98-62b1-4653-a6b3-83dad292820a" testId="10caf54a-6f66-8a7a-aafa-c20587591edd" testName="MissingBlankWrongKindAndUnknownTargetsFailClosed" computerName="LAPTOP-F7PUVUPO" duration="00:00:00.1916945" startTime="2026-09-01T22:38:57.0660402+08:00" endTime="2026-09-01T22:38:57.2578208+08:00" testType="13cdc9d9-ddb5-4fa4-a97d-d965ccfc6d4b" outcome="Passed" testListId="8c84fa94-04c1-424b-9868-57a2d4851a1d" relativeResultsDirectory="e5016b98-62b1-4653-a6b3-83dad292820a" />
    <UnitTestResult executionId="9b38f48a-4273-4d9f-97ea-8e84428bdb10" testId="1166e224-62ec-8ca8-a087-fc24607f093e" testName="DeleteRestoresFileWhenMembershipWriteFails" computerName="LAPTOP-F7PUVUPO" duration="00:00:00.0860693" startTime="2026-09-01T22:38:57.3727075+08:00" endTime="2026-09-01T22:38:57.4588669+08:00" testType="13cdc9d9-ddb5-4fa4-a97d-d965ccfc6d4b" outcome="Passed" testListId="8c84fa94-04c1-424b-9868-57a2d4851a1d" relativeResultsDirectory="9b38f48a-4273-4d9f-97ea-8e84428bdb10" />
    <UnitTestResult executionId="ff9a2e81-0600-43d4-822d-3b66757fbf7b" testId="12c61085-845e-89c2-bb1a-1901c019e958" testName="OpenRepairsCurrentResourceMembershipToHomeStory" computerName="LAPTOP-F7PUVUPO" duration="00:00:00.1010549" startTime="2026-09-01T22:38:58.1013549+08:00" endTime="2026-09-01T22:38:58.2025878+08:00" testType="13cdc9d9-ddb5-4fa4-a97d-d965ccfc6d4b" outcome="Passed" testListId="8c84fa94-04c1-424b-9868-57a2d4851a1d" relativeResultsDirectory="ff9a2e81-0600-43d4-822d-3b66757fbf7b" />
    <UnitTestResult executionId="6ed7a203-41cd-45cb-9be5-b60fc92e85a2" testId="1c498144-8bb1-8f9e-95c1-2d291004ffd0" testName="DraftCreationDoesNotWriteResourceOrMembershipAndDiscardUnregisters" computerName="LAPTOP-F7PUVUPO" duration="00:00:00.0772235" startTime="2026-09-01T22:38:57.6992376+08:00" endTime="2026-09-01T22:38:57.7765789+08:00" testType="13cdc9d9-ddb5-4fa4-a97d-d965ccfc6d4b" outcome="Passed" testListId="8c84fa94-04c1-424b-9868-57a2d4851a1d" relativeResultsDirectory="6ed7a203-41cd-45cb-9be5-b60fc92e85a2" />
    <UnitTestResult executionId="2105bd73-6665-4bd4-81a9-f2d7f941d59e" testId="1255b3b8-3faa-8a84-9e79-1f43da9ad134" testName="SemanticBoundRolesFailClosedWithoutConsumingIdsOrMutatingGraph (StoryFlow,&quot;start&quot;)" computerName="LAPTOP-F7PUVUPO" duration="00:00:00.0007820" startTime="2026-09-01T22:38:57.8289634+08:00" endTime="2026-09-01T22:38:57.8297872+08:00" testType="13cdc9d9-ddb5-4fa4-a97d-d965ccfc6d4b" outcome="Passed" testListId="8c84fa94-04c1-424b-9868-57a2d4851a1d" relativeResultsDirectory="2105bd73-6665-4bd4-81a9-f2d7f941d59e" />
    <UnitTestResult executionId="e8eaad80-e607-434e-8253-bf23daac3bbe" testId="11647885-bf6b-84d5-976a-b032ece1d902" testName="AllKindsRoundTripCanonicalGraphAndIdentity" computerName="LAPTOP-F7PUVUPO" duration="00:00:00.0023688" startTime="2026-09-01T22:38:57.8435644+08:00" endTime="2026-09-01T22:38:57.8460299+08:00" testType="13cdc9d9-ddb5-4fa4-a97d-d965ccfc6d4b" outcome="Passed" testListId="8c84fa94-04c1-424b-9868-57a2d4851a1d" relativeResultsDirectory="e8eaad80-e607-434e-8253-bf23daac3bbe" />
    <UnitTestResult executionId="7ef9e64c-87b1-41e2-bec9-c244c6127847" testId="1614b463-e484-8415-9ee7-514bd16217af" testName="PlacementCleanupRollsBackStoryWhenMembershipWriteFails" computerName="LAPTOP-F7PUVUPO" duration="00:00:00.2273059" startTime="2026-09-01T22:38:57.5070637+08:00" endTime="2026-09-01T22:38:57.7344457+08:00" testType="13cdc9d9-ddb5-4fa4-a97d-d965ccfc6d4b" outcome="Passed" testListId="8c84fa94-04c1-424b-9868-57a2d4851a1d" relativeResultsDirectory="7ef9e64c-87b1-41e2-bec9-c244c6127847" />
    <UnitTestResult executionId="1e063e20-f58d-4473-baaf-dc57c333baa8" testId="1464a9d2-5728-80ed-a2fe-825551b5b9bf" testName="ReferenceAndRemovalPreserveOtherMembershipOrder" computerName="LAPTOP-F7PUVUPO" duration="00:00:00.2928908" startTime="2026-09-01T22:38:57.4898409+08:00" endTime="2026-09-01T22:38:57.7828105+08:00" testType="13cdc9d9-ddb5-4fa4-a97d-d965ccfc6d4b" outcome="Passed" testListId="8c84fa94-04c1-424b-9868-57a2d4851a1d" relativeResultsDirectory="1e063e20-f58d-4473-baaf-dc57c333baa8" />
    <UnitTestResult executionId="37e624a3-9288-4020-ad8b-472ee86b8725" testId="1cf378c4-52ba-8cb0-a4a1-9bd47f55dea7" testName="InvalidSaveLeavesLastValidFileInPlace" computerName="LAPTOP-F7PUVUPO" duration="00:00:00.0221778" startTime="2026-09-01T22:38:57.8566173+08:00" endTime="2026-09-01T22:38:57.8788742+08:00" testType="13cdc9d9-ddb5-4fa4-a97d-d965ccfc6d4b" outcome="Passed" testListId="8c84fa94-04c1-424b-9868-57a2d4851a1d" relativeResultsDirectory="37e624a3-9288-4020-ad8b-472ee86b8725" />
    <UnitTestResult executionId="e0ed93b4-f1f0-4d80-9693-a46f5e03c6ef" testId="10fefdcd-411a-8473-9951-1814470336f5" testName="AbsentRootInspectionDoesNotCreateCanonicalDirectories" computerName="LAPTOP-F7PUVUPO" duration="00:00:00.0884229" startTime="2026-09-01T22:38:57.0790587+08:00" endTime="2026-09-01T22:38:57.1676155+08:00" testType="13cdc9d9-ddb5-4fa4-a97d-d965ccfc6d4b" outcome="Passed" testListId="8c84fa94-04c1-424b-9868-57a2d4851a1d" relativeResultsDirectory="e0ed93b4-f1f0-4d80-9693-a46f5e03c6ef" />
    <UnitTestResult executionId="628b8ff3-c789-4058-8cfa-61fdea88136d" testId="1e28da38-5ab5-8acf-8d6f-e36a25680bcf" testName="UnknownFieldsAreRejected" computerName="LAPTOP-F7PUVUPO" duration="00:00:00.0006818" startTime="2026-09-01T22:38:57.8705113+08:00" endTime="2026-09-01T22:38:57.8712367+08:00" testType="13cdc9d9-ddb5-4fa4-a97d-d965ccfc6d4b" outcome="Passed" testListId="8c84fa94-04c1-424b-9868-57a2d4851a1d" relativeResultsDirectory="628b8ff3-c789-4058-8cfa-61fdea88136d" />
    <UnitTestResult executionId="086a2f4d-4bcd-4e92-a4b5-2fc0cacbee31" testId="18085f0b-3fe9-8e0a-a787-1870f7213564" testName="TrackedAcceptanceDialogueAndQuestPreviewWithoutSemanticLoss" computerName="LAPTOP-F7PUVUPO" duration="00:00:00.0462433" startTime="2026-09-01T22:38:56.9709814+08:00" endTime="2026-09-01T22:38:57.0172676+08:00" testType="13cdc9d9-ddb5-4fa4-a97d-d965ccfc6d4b" outcome="Passed" testListId="8c84fa94-04c1-424b-9868-57a2d4851a1d" relativeResultsDirectory="086a2f4d-4bcd-4e92-a4b5-2fc0cacbee31" />
    <UnitTestResult executionId="24829d39-3a04-4f22-986c-668e7a5389ed" testId="14865902-0243-8415-931a-e33c2b46a054" testName="AddNodeIsScopedCandidateLocalClonedAndAtomic" computerName="LAPTOP-F7PUVUPO" duration="00:00:00.0024580" startTime="2026-09-01T22:38:57.8084961+08:00" endTime="2026-09-01T22:38:57.8110904+08:00" testType="13cdc9d9-ddb5-4fa4-a97d-d965ccfc6d4b" outcome="Passed" testListId="8c84fa94-04c1-424b-9868-57a2d4851a1d" relativeResultsDirectory="24829d39-3a04-4f22-986c-668e7a5389ed" />
    <UnitTestResult executionId="4813ed71-bfbc-4b1b-92e9-c5ad8d0f98ec" testId="16072ebc-0b7f-8a39-8c6b-000fe2db0fa7" testName="RootStoryOrMembershipFailureFailsClosed" computerName="LAPTOP-F7PUVUPO" duration="00:00:00.0379644" startTime="2026-09-01T22:38:57.6798998+08:00" endTime="2026-09-01T22:38:57.7179275+08:00" testType="13cdc9d9-ddb5-4fa4-a97d-d965ccfc6d4b" outcome="Passed" testListId="8c84fa94-04c1-424b-9868-57a2d4851a1d" relativeResultsDirectory="4813ed71-bfbc-4b1b-92e9-c5ad8d0f98ec" />
    <UnitTestResult executionId="49e30dad-0936-4953-93d6-16212f278390" testId="1f00b844-4008-84e6-87ae-2560c09a995f" testName="LocalCandidateValidationIgnoresUnrelatedProblemsAndRejectsLogicCycle" computerName="LAPTOP-F7PUVUPO" duration="00:00:00.0007101" startTime="2026-09-01T22:38:57.8180401+08:00" endTime="2026-09-01T22:38:57.8187899+08:00" testType="13cdc9d9-ddb5-4fa4-a97d-d965ccfc6d4b" outcome="Passed" testListId="8c84fa94-04c1-424b-9868-57a2d4851a1d" relativeResultsDirectory="49e30dad-0936-4953-93d6-16212f278390" />
    <UnitTestResult executionId="101d4585-2fe0-4790-9939-f9a46adce636" testId="1a781d52-a727-8a86-981e-4d2fd1ad48f3" testName="SessionChoiceRejectsCollidingSemanticIdsWithoutPartialCandidate" computerName="LAPTOP-F7PUVUPO" duration="00:00:00.0002480" startTime="2026-09-01T22:38:57.8326162+08:00" endTime="2026-09-01T22:38:57.8329209+08:00" testType="13cdc9d9-ddb5-4fa4-a97d-d965ccfc6d4b" outcome="Passed" testListId="8c84fa94-04c1-424b-9868-57a2d4851a1d" relativeResultsDirectory="101d4585-2fe0-4790-9939-f9a46adce636" />
    <UnitTestResult executionId="422b0d5b-e60b-48df-ad1e-74079f36f515" testId="13557ff6-bbd7-862e-b5a9-a8fbd4730cae" testName="PlayDialoguePreservesLoadedLegacyResultPorts" computerName="LAPTOP-F7PUVUPO" duration="00:00:00.0002749" startTime="2026-09-01T22:38:58.1692193+08:00" endTime="2026-09-01T22:38:58.1695501+08:00" testType="13cdc9d9-ddb5-4fa4-a97d-d965ccfc6d4b" outcome="Passed" testListId="8c84fa94-04c1-424b-9868-57a2d4851a1d" relativeResultsDirectory="422b0d5b-e60b-48df-ad1e-74079f36f515" />
    <UnitTestResult executionId="6d400be3-6f69-4dd0-bc96-3098f7852865" testId="154fcb70-d562-89da-a5f5-03d525822389" testName="StrictDeserializerRejectsMalformedAndLegacyRoots" computerName="LAPTOP-F7PUVUPO" duration="00:00:00.0027469" startTime="2026-09-01T22:38:57.8450190+08:00" endTime="2026-09-01T22:38:57.8478149+08:00" testType="13cdc9d9-ddb5-4fa4-a97d-d965ccfc6d4b" outcome="Passed" testListId="8c84fa94-04c1-424b-9868-57a2d4851a1d" relativeResultsDirectory="6d400be3-6f69-4dd0-bc96-3098f7852865" />
    <UnitTestResult executionId="e617a87b-6620-46d6-a5ce-5aee769144b8" testId="19163da4-deec-8a54-87be-d94390934cfc" testName="SessionPublicBoundaryIdsRejectMissingReservedAndExistingValues" computerName="LAPTOP-F7PUVUPO" duration="00:00:00.0010143" startTime="2026-09-01T22:38:57.8327445+08:00" endTime="2026-09-01T22:38:57.8338006+08:00" testType="13cdc9d9-ddb5-4fa4-a97d-d965ccfc6d4b" outcome="Passed" testListId="8c84fa94-04c1-424b-9868-57a2d4851a1d" relativeResultsDirectory="e617a87b-6620-46d6-a5ce-5aee769144b8" />
    <UnitTestResult executionId="c602dbcd-6311-4408-a8ff-9e18ce2976a5" testId="1488a1f5-6c45-8777-97fd-4559f73f293a" testName="PropertiesUseExactKindsRequiredFlagsAndDefaults" computerName="LAPTOP-F7PUVUPO" duration="00:00:00.0144520" startTime="2026-09-01T22:38:57.8351864+08:00" endTime="2026-09-01T22:38:57.8496862+08:00" testType="13cdc9d9-ddb5-4fa4-a97d-d965ccfc6d4b" outcome="Passed" testListId="8c84fa94-04c1-424b-9868-57a2d4851a1d" relativeResultsDirectory="c602dbcd-6311-4408-a8ff-9e18ce2976a5" />
    <UnitTestResult executionId="9dd6182f-0311-4c51-97cd-b0e225c717d5" testId="14074521-82df-83e7-9da6-3e0c35ac31d5" testName="LoadsNamedItemsAndGroupsWithOwnedReferencedProvenance" computerName="LAPTOP-F7PUVUPO" duration="00:00:00.1080452" startTime="2026-09-01T22:38:57.6715533+08:00" endTime="2026-09-01T22:38:57.7796872+08:00" testType="13cdc9d9-ddb5-4fa4-a97d-d965ccfc6d4b" outcome="Passed" testListId="8c84fa94-04c1-424b-9868-57a2d4851a1d" relativeResultsDirectory="9dd6182f-0311-4c51-97cd-b0e225c717d5" />
    <UnitTestResult executionId="786f58a9-24eb-47d6-83b8-883a5d55b82b" testId="199fc0d9-9dea-813a-98de-580edc57e2e9" testName="UnexpectedPortsMustMatchRegisteredDynamicRole" computerName="LAPTOP-F7PUVUPO" duration="00:00:00.0025026" startTime="2026-09-01T22:38:57.8394730+08:00" endTime="2026-09-01T22:38:57.8420393+08:00" testType="13cdc9d9-ddb5-4fa4-a97d-d965ccfc6d4b" outcome="Passed" testListId="8c84fa94-04c1-424b-9868-57a2d4851a1d" relativeResultsDirectory="786f58a9-24eb-47d6-83b8-883a5d55b82b" />
    <UnitTestResult executionId="7019074a-c5f4-4ca8-b045-20427f7b2ad2" testId="11d67615-3563-8c4c-956b-2dbcad4cc18a" testName="DeepHistoryIgnoresExternalChangesAndNewEditClearsRedo" computerName="LAPTOP-F7PUVUPO" duration="00:00:00.0008919" startTime="2026-09-01T22:38:57.8180336+08:00" endTime="2026-09-01T22:38:57.8189709+08:00" testType="13cdc9d9-ddb5-4fa4-a97d-d965ccfc6d4b" outcome="Passed" testListId="8c84fa94-04c1-424b-9868-57a2d4851a1d" relativeResultsDirectory="7019074a-c5f4-4ca8-b045-20427f7b2ad2" />
    <UnitTestResult executionId="ff136874-99c4-4839-afb1-af12f4d2b624" testId="14ae81fa-5a77-8884-a069-b4b26282e6bd" testName="ReleaseOpenActorDropsCleanCacheAndRejectsDirtyDocuments" computerName="LAPTOP-F7PUVUPO" duration="00:00:00.1367875" startTime="2026-09-01T22:38:57.9853583+08:00" endTime="2026-09-01T22:38:58.1222329+08:00" testType="13cdc9d9-ddb5-4fa4-a97d-d965ccfc6d4b" outcome="Passed" testListId="8c84fa94-04c1-424b-9868-57a2d4851a1d" relativeResultsDirectory="ff136874-99c4-4839-afb1-af12f4d2b624" />
    <UnitTestResult executionId="246798e0-10a9-4bfa-b654-f9389ad08cff" testId="11aa72cf-6f73-8a45-b428-5ad02768c936" testName="CompleteStoryReturnsDetachedRootsAndCanonicalDisplayName" computerName="LAPTOP-F7PUVUPO" duration="00:00:00.0583267" startTime="2026-09-01T22:38:57.3097575+08:00" endTime="2026-09-01T22:38:57.3682161+08:00" testType="13cdc9d9-ddb5-4fa4-a97d-d965ccfc6d4b" outcome="Passed" testListId="8c84fa94-04c1-424b-9868-57a2d4851a1d" relativeResultsDirectory="246798e0-10a9-4bfa-b654-f9389ad08cff" />
    <UnitTestResult executionId="9cc02c3d-61f1-430b-93bd-3861b88911a2" testId="1c84c7ef-b59f-8104-a872-40cafb7dc4f8" testName="TaskLogicOutputReceivesOpaquePublicBoundaryProperties" computerName="LAPTOP-F7PUVUPO" duration="00:00:00.0011239" startTime="2026-09-01T22:38:57.8302421+08:00" endTime="2026-09-01T22:38:57.8314091+08:00" testType="13cdc9d9-ddb5-4fa4-a97d-d965ccfc6d4b" outcome="Passed" testListId="8c84fa94-04c1-424b-9868-57a2d4851a1d" relativeResultsDirectory="9cc02c3d-61f1-430b-93bd-3861b88911a2" />
    <UnitTestResult executionId="1c1e40cb-2d71-4f0b-9b6e-97914fc1b304" testId="1cd81ec1-662b-8ad9-8aaa-4b9d08dbb155" testName="AndOrCandidatesReceiveExactlyTwoDeterministicLogicInputs (Task,&quot;and&quot;)" computerName="LAPTOP-F7PUVUPO" duration="00:00:00.0000745" startTime="2026-09-01T22:38:57.8288241+08:00" endTime="2026-09-01T22:38:57.8289377+08:00" testType="13cdc9d9-ddb5-4fa4-a97d-d965ccfc6d4b" outcome="Passed" testListId="8c84fa94-04c1-424b-9868-57a2d4851a1d" relativeResultsDirectory="1c1e40cb-2d71-4f0b-9b6e-97914fc1b304" />
    <UnitTestResult executionId="f4bc4c8e-7e99-4023-a633-53bb81a63424" testId="14db54df-8fdf-8def-bf20-ca52134ee518" testName="TaskLogicOutputPublicPropertiesFailClosedAtGenericPropertyBoundary" computerName="LAPTOP-F7PUVUPO" duration="00:00:00.0023032" startTime="2026-09-01T22:38:57.8040160+08:00" endTime="2026-09-01T22:38:57.8063836+08:00" testType="13cdc9d9-ddb5-4fa4-a97d-d965ccfc6d4b" outcome="Passed" testListId="8c84fa94-04c1-424b-9868-57a2d4851a1d" relativeResultsDirectory="f4bc4c8e-7e99-4023-a633-53bb81a63424" />
    <UnitTestResult executionId="7c754f11-c4f4-481b-ae53-8858031e39ef" testId="1730e3c7-2dff-80be-afa1-51d85ae25634" testName="FactoryCreatesFreshFixedPortsAndPropertiesWithoutDynamicSlots" computerName="LAPTOP-F7PUVUPO" duration="00:00:00.0012964" startTime="2026-09-01T22:38:57.8352115+08:00" endTime="2026-09-01T22:38:57.8366822+08:00" testType="13cdc9d9-ddb5-4fa4-a97d-d965ccfc6d4b" outcome="Passed" testListId="8c84fa94-04c1-424b-9868-57a2d4851a1d" relativeResultsDirectory="7c754f11-c4f4-481b-ae53-8858031e39ef" />
    <UnitTestResult executionId="9d5e678c-7833-4375-b328-8723f2056366" testId="1492a8ba-0123-8a6d-8420-3b9572da8b00" testName="PlanReportsIncomingTransitionAndKeepsSelfTransitionNonBlocking" computerName="LAPTOP-F7PUVUPO" duration="00:00:00.0760794" startTime="2026-09-01T22:38:57.4111373+08:00" endTime="2026-09-01T22:38:57.4873019+08:00" testType="13cdc9d9-ddb5-4fa4-a97d-d965ccfc6d4b" outcome="Passed" testListId="8c84fa94-04c1-424b-9868-57a2d4851a1d" relativeResultsDirectory="9d5e678c-7833-4375-b328-8723f2056366" />
    <UnitTestResult executionId="37a3d2d7-77e8-4103-a529-0b0b3a7015f5" testId="187ac215-efb0-81a2-a5d9-ee0e999e8309" testName="ResourceAppearingAfterDraftCreationCausesCollisionWithoutOverwriteOrUnregister" computerName="LAPTOP-F7PUVUPO" duration="00:00:00.0678147" startTime="2026-09-01T22:38:57.7344836+08:00" endTime="2026-09-01T22:38:57.8023559+08:00" testType="13cdc9d9-ddb5-4fa4-a97d-d965ccfc6d4b" outcome="Passed" testListId="8c84fa94-04c1-424b-9868-57a2d4851a1d" relativeResultsDirectory="37a3d2d7-77e8-4103-a529-0b0b3a7015f5" />
    <UnitTestResult executionId="ad0adb69-ec62-402b-9d36-1a649dc8450c" testId="15849b75-1b37-8cbe-a654-95ea54975350" testName="TypeChangeReplacesPayloadAsOneUndoUnit" computerName="LAPTOP-F7PUVUPO" duration="00:00:00.0022498" startTime="2026-09-01T22:38:57.0936902+08:00" endTime="2026-09-01T22:38:57.0960163+08:00" testType="13cdc9d9-ddb5-4fa4-a97d-d965ccfc6d4b" outcome="Passed" testListId="8c84fa94-04c1-424b-9868-57a2d4851a1d" relativeResultsDirectory="ad0adb69-ec62-402b-9d36-1a649dc8450c" />
    <UnitTestResult executionId="be9eb8f4-8971-4938-9ffc-28ceddef71e0" testId="138ac9b3-a92b-84a1-8e09-67ee5fec5c6c" testName="DeleteRemovesActorFromDiskAndList" computerName="LAPTOP-F7PUVUPO" duration="00:00:00.0934954" startTime="2026-09-01T22:38:56.8106121+08:00" endTime="2026-09-01T22:38:56.9225476+08:00" testType="13cdc9d9-ddb5-4fa4-a97d-d965ccfc6d4b" outcome="Passed" testListId="8c84fa94-04c1-424b-9868-57a2d4851a1d" relativeResultsDirectory="be9eb8f4-8971-4938-9ffc-28ceddef71e0" />
    <UnitTestResult executionId="c981ddc3-ddd1-4b7a-ae8d-c6796632ada2" testId="12a83cee-889a-84b8-8fae-3efec73bd358" testName="MembershipCreateFailureCompensatesStoryRoot" computerName="LAPTOP-F7PUVUPO" duration="00:00:00.0234979" startTime="2026-09-01T22:38:57.4142152+08:00" endTime="2026-09-01T22:38:57.4377829+08:00" testType="13cdc9d9-ddb5-4fa4-a97d-d965ccfc6d4b" outcome="Passed" testListId="8c84fa94-04c1-424b-9868-57a2d4851a1d" relativeResultsDirectory="c981ddc3-ddd1-4b7a-ae8d-c6796632ada2" />
    <UnitTestResult executionId="eb36f38a-2d30-42be-8775-24cf6246b190" testId="14ddb395-fd14-81b0-81e1-e1cf08d10640" testName="DeletionPlanBlocksCorruptDuplicateOwnershipInAnotherStory" computerName="LAPTOP-F7PUVUPO" duration="00:00:00.1815439" startTime="2026-09-01T22:38:57.4970664+08:00" endTime="2026-09-01T22:38:57.6786663+08:00" testType="13cdc9d9-ddb5-4fa4-a97d-d965ccfc6d4b" outcome="Passed" testListId="8c84fa94-04c1-424b-9868-57a2d4851a1d" relativeResultsDirectory="eb36f38a-2d30-42be-8775-24cf6246b190" />
    <UnitTestResult executionId="60a04fe3-cabd-4481-ac0d-8c8564ba8b20" testId="1ec7f7dd-e448-84ff-9077-d90e73e9c1c9" testName="WangChengMianAnBranchFlowValidates" computerName="LAPTOP-F7PUVUPO" duration="00:00:00.0026394" startTime="2026-09-01T22:38:57.9286856+08:00" endTime="2026-09-01T22:38:57.9314350+08:00" testType="13cdc9d9-ddb5-4fa4-a97d-d965ccfc6d4b" outcome="Passed" testListId="8c84fa94-04c1-424b-9868-57a2d4851a1d" relativeResultsDirectory="60a04fe3-cabd-4481-ac0d-8c8564ba8b20" />
    <UnitTestResult executionId="f479dabd-5845-498a-8e54-2ffdbab601d2" testId="14390762-2ce2-8974-8ba8-6c26e6485d88" testName="QuestDraftHasEmptySafeDefaultAndNoFakeActor" computerName="LAPTOP-F7PUVUPO" duration="00:00:00.0524704" startTime="2026-09-01T22:38:57.7343125+08:00" endTime="2026-09-01T22:38:57.7868536+08:00" testType="13cdc9d9-ddb5-4fa4-a97d-d965ccfc6d4b" outcome="Passed" testListId="8c84fa94-04c1-424b-9868-57a2d4851a1d" relativeResultsDirectory="f479dabd-5845-498a-8e54-2ffdbab601d2" />
    <UnitTestResult executionId="c6d67963-4691-4f9b-bb86-dc2d213addf7" testId="163f2191-7046-8bc2-b8a1-15d9fed2a5f7" testName="CloseAndReloadRefuseToDiscardDirtyDocumentsByDefault" computerName="LAPTOP-F7PUVUPO" duration="00:00:00.0528253" startTime="2026-09-01T22:38:57.9626394+08:00" endTime="2026-09-01T22:38:58.0155350+08:00" testType="13cdc9d9-ddb5-4fa4-a97d-d965ccfc6d4b" outcome="Passed" testListId="8c84fa94-04c1-424b-9868-57a2d4851a1d" relativeResultsDirectory="c6d67963-4691-4f9b-bb86-dc2d213addf7" />
    <UnitTestResult executionId="ab6e47a3-d633-4571-b52c-ce4856fb726c" testId="12f3eb77-cd72-87f9-969c-cc062643481c" testName="ExternalReferencesExposeDescriptorsAndBlockDelete" computerName="LAPTOP-F7PUVUPO" duration="00:00:00.1957565" startTime="2026-09-01T22:38:57.8972458+08:00" endTime="2026-09-01T22:38:58.0930974+08:00" testType="13cdc9d9-ddb5-4fa4-a97d-d965ccfc6d4b" outcome="Passed" testListId="8c84fa94-04c1-424b-9868-57a2d4851a1d" relativeResultsDirectory="ab6e47a3-d633-4571-b52c-ce4856fb726c" />
    <UnitTestResult executionId="1f52095e-e7fd-40d2-9b1f-f53da884b468" testId="115fd2f2-f493-8463-a973-e0146bb2fa58" testName="TriggerPayloadsAreStrictAndTypeChangesAreAtomic" computerName="LAPTOP-F7PUVUPO" duration="00:00:00.0045120" startTime="2026-09-01T22:38:58.2125244+08:00" endTime="2026-09-01T22:38:58.2171127+08:00" testType="13cdc9d9-ddb5-4fa4-a97d-d965ccfc6d4b" outcome="Passed" testListId="8c84fa94-04c1-424b-9868-57a2d4851a1d" relativeResultsDirectory="1f52095e-e7fd-40d2-9b1f-f53da884b468" />
    <UnitTestResult executionId="b0d2a0f0-5f78-4f34-b821-3300ca8b606d" testId="1f029a47-f7d9-856d-a120-367087c940d2" testName="DeserializeReadsExistingRuntimeActor" computerName="LAPTOP-F7PUVUPO" duration="00:00:00.0139781" startTime="2026-09-01T22:38:56.8812310+08:00" endTime="2026-09-01T22:38:56.8952912+08:00" testType="13cdc9d9-ddb5-4fa4-a97d-d965ccfc6d4b" outcome="Passed" testListId="8c84fa94-04c1-424b-9868-57a2d4851a1d" relativeResultsDirectory="b0d2a0f0-5f78-4f34-b821-3300ca8b606d" />
    <UnitTestResult executionId="91dc0e71-4057-47b0-af08-2bac9054e9f4" testId="185630b9-8826-88a7-8795-dd921608b130" testName="ValidatorRejectsTargetOutput" computerName="LAPTOP-F7PUVUPO" duration="00:00:00.0005018" startTime="2026-09-01T22:38:57.7881424+08:00" endTime="2026-09-01T22:38:57.7886922+08:00" testType="13cdc9d9-ddb5-4fa4-a97d-d965ccfc6d4b" outcome="Passed" testListId="8c84fa94-04c1-424b-9868-57a2d4851a1d" relativeResultsDirectory="91dc0e71-4057-47b0-af08-2bac9054e9f4" />
    <UnitTestResult executionId="4ce2f377-49ae-4f93-a0d0-324c1a9a3c67" testId="10f26a7c-a8f9-8b4c-a89d-76e52a32e3b3" testName="ProjectionRejectsDuplicateDisplayNamesAcrossKinds" computerName="LAPTOP-F7PUVUPO" duration="00:00:00.0013019" startTime="2026-09-01T22:38:57.8539449+08:00" endTime="2026-09-01T22:38:57.8553060+08:00" testType="13cdc9d9-ddb5-4fa4-a97d-d965ccfc6d4b" outcome="Passed" testListId="8c84fa94-04c1-424b-9868-57a2d4851a1d" relativeResultsDirectory="4ce2f377-49ae-4f93-a0d0-324c1a9a3c67" />
    <UnitTestResult executionId="13e0ad68-0684-4505-8388-9895795bc4ec" testId="1a3e55f4-af0e-86d1-8e65-d60c7332ff21" testName="AbsentCanonicalRootReturnsEmptySnapshotWithoutCreatingDirectories" computerName="LAPTOP-F7PUVUPO" duration="00:00:00.0073069" startTime="2026-09-01T22:38:57.3695674+08:00" endTime="2026-09-01T22:38:57.3769503+08:00" testType="13cdc9d9-ddb5-4fa4-a97d-d965ccfc6d4b" outcome="Passed" testListId="8c84fa94-04c1-424b-9868-57a2d4851a1d" relativeResultsDirectory="13e0ad68-0684-4505-8388-9895795bc4ec" />
    <UnitTestResult executionId="f514356f-5c67-4b3e-9413-1f4ea86d00c4" testId="1dc760dd-d53a-87b4-8058-161071c46624" testName="InvalidSchemaAndIdsFailClosed" computerName="LAPTOP-F7PUVUPO" duration="00:00:00.0014506" startTime="2026-09-01T22:38:57.8706779+08:00" endTime="2026-09-01T22:38:57.8722128+08:00" testType="13cdc9d9-ddb5-4fa4-a97d-d965ccfc6d4b" outcome="Passed" testListId="8c84fa94-04c1-424b-9868-57a2d4851a1d" relativeResultsDirectory="f514356f-5c67-4b3e-9413-1f4ea86d00c4" />
    <UnitTestResult executionId="efa07c46-fa16-467f-bdd4-12445c8ba13d" testId="16796e6c-ef8c-83a3-9620-49a7482d6038" testName="RemovingReferenceCannotDetachOwnedActor" computerName="LAPTOP-F7PUVUPO" duration="00:00:00.0645354" startTime="2026-09-01T22:38:57.8946913+08:00" endTime="2026-09-01T22:38:57.9592930+08:00" testType="13cdc9d9-ddb5-4fa4-a97d-d965ccfc6d4b" outcome="Passed" testListId="8c84fa94-04c1-424b-9868-57a2d4851a1d" relativeResultsDirectory="efa07c46-fa16-467f-bdd4-12445c8ba13d" />
    <UnitTestResult executionId="ee5a3c86-92ab-4972-b7b9-6ab8dbeece2a" testId="16ef2a22-7cad-8719-a11b-009a4d63431f" testName="ExactLayoutIsIsolatedUnderResourcesCanonical" computerName="LAPTOP-F7PUVUPO" duration="00:00:00.0050987" startTime="2026-09-01T22:38:56.9828988+08:00" endTime="2026-09-01T22:38:56.9881265+08:00" testType="13cdc9d9-ddb5-4fa4-a97d-d965ccfc6d4b" outcome="Passed" testListId="8c84fa94-04c1-424b-9868-57a2d4851a1d" relativeResultsDirectory="ee5a3c86-92ab-4972-b7b9-6ab8dbeece2a" />
    <UnitTestResult executionId="cf54a2ba-f775-4291-b73f-0a8651582b9a" testId="1aaa108f-cec0-80cc-ad6e-b632b4130f37" testName="GraphNodePersistsTypeWhileGenericConstructorRemainsAvailable" computerName="LAPTOP-F7PUVUPO" duration="00:00:00.0003106" startTime="2026-09-01T22:38:57.8482025+08:00" endTime="2026-09-01T22:38:57.8486088+08:00" testType="13cdc9d9-ddb5-4fa4-a97d-d965ccfc6d4b" outcome="Passed" testListId="8c84fa94-04c1-424b-9868-57a2d4851a1d" relativeResultsDirectory="cf54a2ba-f775-4291-b73f-0a8651582b9a" />
    <UnitTestResult executionId="6cebff6c-a836-4ba6-acb3-83d095834f96" testId="193be9a6-6ae7-8641-850c-3e38cdbb4df9" testName="DeletingOwnedResourceCleansEveryOwnerPlacementAndIncidentConnection" computerName="LAPTOP-F7PUVUPO" duration="00:00:00.1939361" startTime="2026-09-01T22:38:57.5051938+08:00" endTime="2026-09-01T22:38:57.6992003+08:00" testType="13cdc9d9-ddb5-4fa4-a97d-d965ccfc6d4b" outcome="Passed" testListId="8c84fa94-04c1-424b-9868-57a2d4851a1d" relativeResultsDirectory="6cebff6c-a836-4ba6-acb3-83d095834f96" />
    <UnitTestResult executionId="fb65694b-750f-48b0-b683-bea52273beb6" testId="1f80752b-d553-84c6-abf7-48dc257a30ad" testName="RepositorySavesAtomicallyAndReloadsNonFlowFields" computerName="LAPTOP-F7PUVUPO" duration="00:00:00.0232120" startTime="2026-09-01T22:38:57.9315088+08:00" endTime="2026-09-01T22:38:57.9548025+08:00" testType="13cdc9d9-ddb5-4fa4-a97d-d965ccfc6d4b" outcome="Passed" testListId="8c84fa94-04c1-424b-9868-57a2d4851a1d" relativeResultsDirectory="fb65694b-750f-48b0-b683-bea52273beb6" />
    <UnitTestResult executionId="db14dd43-0882-47c8-a2c2-77ad11e7c13f" testId="127d6678-f500-8fc0-9cf7-69812f2bbb79" testName="DuplicateIdCannotOverwriteExistingActor" computerName="LAPTOP-F7PUVUPO" duration="00:00:00.0932853" startTime="2026-09-01T22:38:56.8105923+08:00" endTime="2026-09-01T22:38:56.9223454+08:00" testType="13cdc9d9-ddb5-4fa4-a97d-d965ccfc6d4b" outcome="Passed" testListId="8c84fa94-04c1-424b-9868-57a2d4851a1d" relativeResultsDirectory="db14dd43-0882-47c8-a2c2-77ad11e7c13f" />
    <UnitTestResult executionId="f4905da6-8a95-4a43-9603-9c0b504fa760" testId="130f1f2a-8e59-8471-b616-b457539a82a5" testName="TriggerEditsKeepMetadataAndPortsAtomicAndRemoveEdgesOnConfirmation" computerName="LAPTOP-F7PUVUPO" duration="00:00:00.0149749" startTime="2026-09-01T22:38:58.2065378+08:00" endTime="2026-09-01T22:38:58.2223178+08:00" testType="13cdc9d9-ddb5-4fa4-a97d-d965ccfc6d4b" outcome="Passed" testListId="8c84fa94-04c1-424b-9868-57a2d4851a1d" relativeResultsDirectory="f4905da6-8a95-4a43-9603-9c0b504fa760" />
    <UnitTestResult executionId="b57074d8-40fc-44fc-93fd-8ddad097d967" testId="1b3c7387-46e6-8655-a272-f61ecac2adea" testName="ResourceStageFailureLeavesDraftAndNoResource" computerName="LAPTOP-F7PUVUPO" duration="00:00:00.0629899" startTime="2026-09-01T22:38:57.7192374+08:00" endTime="2026-09-01T22:38:57.7823139+08:00" testType="13cdc9d9-ddb5-4fa4-a97d-d965ccfc6d4b" outcome="Passed" testListId="8c84fa94-04c1-424b-9868-57a2d4851a1d" relativeResultsDirectory="b57074d8-40fc-44fc-93fd-8ddad097d967" />
    <UnitTestResult executionId="06ffa26e-0de8-4c23-b873-88d69e6da7fb" testId="1b4d9f3b-4151-84ea-b367-5f05d56d3a7d" testName="MissingMembersRemainInOrderAndProduceStableErrorsWhileOthersLoad" computerName="LAPTOP-F7PUVUPO" duration="00:00:00.0914430" startTime="2026-09-01T22:38:57.6397297+08:00" endTime="2026-09-01T22:38:57.7312458+08:00" testType="13cdc9d9-ddb5-4fa4-a97d-d965ccfc6d4b" outcome="Passed" testListId="8c84fa94-04c1-424b-9868-57a2d4851a1d" relativeResultsDirectory="06ffa26e-0de8-4c23-b873-88d69e6da7fb" />
    <UnitTestResult executionId="0393d1fc-3437-46c7-8a32-bc77b816c596" testId="18b31772-8e2f-8d45-9793-1ea0397791d2" testName="AddNodeRejectsScopeTypeCompatibilityForbiddenKindAndUniqueConflicts" computerName="LAPTOP-F7PUVUPO" duration="00:00:00.0044006" startTime="2026-09-01T22:38:57.8085337+08:00" endTime="2026-09-01T22:38:57.8130326+08:00" testType="13cdc9d9-ddb5-4fa4-a97d-d965ccfc6d4b" outcome="Passed" testListId="8c84fa94-04c1-424b-9868-57a2d4851a1d" relativeResultsDirectory="0393d1fc-3437-46c7-8a32-bc77b816c596" />
    <UnitTestResult executionId="b7d29569-0e13-4c60-adfb-2df4212b11af" testId="12c1cee5-df41-8d1d-8d6e-de7177650ef5" testName="ProjectionRejectsInvalidBoundaryIdentityAndKind" computerName="LAPTOP-F7PUVUPO" duration="00:00:00.0008989" startTime="2026-09-01T22:38:57.8543480+08:00" endTime="2026-09-01T22:38:57.8552887+08:00" testType="13cdc9d9-ddb5-4fa4-a97d-d965ccfc6d4b" outcome="Passed" testListId="8c84fa94-04c1-424b-9868-57a2d4851a1d" relativeResultsDirectory="b7d29569-0e13-4c60-adfb-2df4212b11af" />
    <UnitTestResult executionId="f07ae407-e280-4f7a-be87-d1167f478ff8" testId="1f42a4ab-b289-8395-ab62-8f8e167338f5" testName="WrongScopeIsCheckedOnlyWhenScopeIsProvided" computerName="LAPTOP-F7PUVUPO" duration="00:00:00.0024674" startTime="2026-09-01T22:38:57.8148966+08:00" endTime="2026-09-01T22:38:57.8174058+08:00" testType="13cdc9d9-ddb5-4fa4-a97d-d965ccfc6d4b" outcome="Passed" testListId="8c84fa94-04c1-424b-9868-57a2d4851a1d" relativeResultsDirectory="f07ae407-e280-4f7a-be87-d1167f478ff8" />
    <UnitTestResult executionId="aa575ce6-5ed1-4181-88df-fb38d3f1ccc9" testId="1599cf74-24f8-8ef4-bff0-1b5d85de98d5" testName="RemovesMissingReferencedResourceMembershipForRepair" computerName="LAPTOP-F7PUVUPO" duration="00:00:00.1424703" startTime="2026-09-01T22:38:57.4971680+08:00" endTime="2026-09-01T22:38:57.6396877+08:00" testType="13cdc9d9-ddb5-4fa4-a97d-d965ccfc6d4b" outcome="Passed" testListId="8c84fa94-04c1-424b-9868-57a2d4851a1d" relativeResultsDirectory="aa575ce6-5ed1-4181-88df-fb38d3f1ccc9" />
    <UnitTestResult executionId="c3a86f73-e932-48c4-be77-fdcdebc53fbb" testId="10b9f583-58fc-8961-8413-30348e88c481" testName="NodePropertyEditsAreAtomicAndHistoryIsolated" computerName="LAPTOP-F7PUVUPO" duration="00:00:00.0106371" startTime="2026-09-01T22:38:57.8187410+08:00" endTime="2026-09-01T22:38:57.8294252+08:00" testType="13cdc9d9-ddb5-4fa4-a97d-d965ccfc6d4b" outcome="Passed" testListId="8c84fa94-04c1-424b-9868-57a2d4851a1d" relativeResultsDirectory="c3a86f73-e932-48c4-be77-fdcdebc53fbb" />
    <UnitTestResult executionId="c2401d22-68f4-4f97-a4f7-8e9e2622efbf" testId="1903f853-a0a4-8117-ac63-d8cc65046612" testName="AlwaysFailingMembershipWriterStillRestoresAndReportsBothFailures" computerName="LAPTOP-F7PUVUPO" duration="00:00:00.1626606" startTime="2026-09-01T22:38:57.5142101+08:00" endTime="2026-09-01T22:38:57.6769405+08:00" testType="13cdc9d9-ddb5-4fa4-a97d-d965ccfc6d4b" outcome="Passed" testListId="8c84fa94-04c1-424b-9868-57a2d4851a1d" relativeResultsDirectory="c2401d22-68f4-4f97-a4f7-8e9e2622efbf" />
    <UnitTestResult executionId="a8e0e215-b1b1-4643-9446-38cbadadca02" testId="1cb653ab-dd0a-8dda-9ce4-4b79e9e15032" testName="AndOrCandidatesReceiveExactlyTwoDeterministicLogicInputs (Session,&quot;or&quot;)" computerName="LAPTOP-F7PUVUPO" duration="00:00:00.0000885" startTime="2026-09-01T22:38:57.8287924+08:00" endTime="2026-09-01T22:38:57.8289427+08:00" testType="13cdc9d9-ddb5-4fa4-a97d-d965ccfc6d4b" outcome="Passed" testListId="8c84fa94-04c1-424b-9868-57a2d4851a1d" relativeResultsDirectory="a8e0e215-b1b1-4643-9446-38cbadadca02" />
[...]
    <TestEntry testId="1911c971-463b-8070-a13c-41c79a55eae6" executionId="7100b567-b627-4eca-87bb-ebd79406868c" testListId="8c84fa94-04c1-424b-9868-57a2d4851a1d" />
    <TestEntry testId="1f7f8c90-bea3-8e47-8d34-cfe731892646" executionId="e1c8932b-4984-4fb5-a598-c25c05076252" testListId="8c84fa94-04c1-424b-9868-57a2d4851a1d" />
    <TestEntry testId="15280f7e-de62-87de-94c9-e86ff310ecc1" executionId="91086f48-3aee-4042-a452-a935d26edb5b" testListId="8c84fa94-04c1-424b-9868-57a2d4851a1d" />
    <TestEntry testId="16131639-06e0-8389-b027-a92a157bde42" executionId="2e5c8533-bc6f-4571-b43e-42849697a1d1" testListId="8c84fa94-04c1-424b-9868-57a2d4851a1d" />
    <TestEntry testId="13fd03ca-b0b6-88a7-be4a-a26af556aa1e" executionId="0d446d76-d094-4bf1-b496-d7f1a3076e13" testListId="8c84fa94-04c1-424b-9868-57a2d4851a1d" />
    <TestEntry testId="1196b8f8-272d-89ba-bc85-77668615d862" executionId="db0b6684-4015-4b17-b3b9-8258fbfcbda9" testListId="8c84fa94-04c1-424b-9868-57a2d4851a1d" />
    <TestEntry testId="1acc83b4-eab2-8359-9df1-e49c02ba45ae" executionId="172cda28-9274-4b21-b8e1-66fab6f5abe7" testListId="8c84fa94-04c1-424b-9868-57a2d4851a1d" />
    <TestEntry testId="146c08e4-e80d-8728-b3d3-adb220380540" executionId="1c9b0fce-bc83-4fc4-a41b-453629b3726a" testListId="8c84fa94-04c1-424b-9868-57a2d4851a1d" />
    <TestEntry testId="13fdace7-ab0b-8ff7-9d45-b45fb41641a2" executionId="bdf1a049-ade9-4635-8854-7e1c94493a84" testListId="8c84fa94-04c1-424b-9868-57a2d4851a1d" />
    <TestEntry testId="1e854769-f2fb-8e7d-92e2-4418d9ad87e1" executionId="27d794bd-5eb2-4076-99b0-9a68c909a1aa" testListId="8c84fa94-04c1-424b-9868-57a2d4851a1d" />
    <TestEntry testId="18e23b94-22b6-8d54-a5e1-ac21ddb8dc86" executionId="dac2d99e-04c4-471f-9de6-9a2bb61cec91" testListId="8c84fa94-04c1-424b-9868-57a2d4851a1d" />
    <TestEntry testId="1b3616f8-5ea6-88f8-a3f9-d156429a6cf4" executionId="ee2aa692-e147-4fb0-ad45-2034c73f1d2b" testListId="8c84fa94-04c1-424b-9868-57a2d4851a1d" />
    <TestEntry testId="11aa6e1c-9e42-8206-bc87-796e322977fe" executionId="c106a8d4-17da-4622-8b10-eb77eadfac22" testListId="8c84fa94-04c1-424b-9868-57a2d4851a1d" />
    <TestEntry testId="11feab10-20cd-8028-883a-249cc1c60297" executionId="a9bda557-36e3-4cea-b612-b4948d9b7b4e" testListId="8c84fa94-04c1-424b-9868-57a2d4851a1d" />
    <TestEntry testId="1af3d66f-59b7-8d9f-b67a-f34f5ed76584" executionId="b6b6ad9e-773d-423d-bdf1-089c63eb141f" testListId="8c84fa94-04c1-424b-9868-57a2d4851a1d" />
    <TestEntry testId="1796f0bc-a62c-8584-993c-3bf391d6da4c" executionId="90b31c3d-b37b-4242-b7aa-db9d0405572f" testListId="8c84fa94-04c1-424b-9868-57a2d4851a1d" />
    <TestEntry testId="15f39d50-2cbe-8a35-ae84-056fc23856be" executionId="82e8a141-71a5-4d6c-9aed-4f089b080664" testListId="8c84fa94-04c1-424b-9868-57a2d4851a1d" />
    <TestEntry testId="15f789c1-5649-8199-a935-734f3e05e48a" executionId="ed5d64d5-8e11-40d3-ad17-1ffa8d7355c3" testListId="8c84fa94-04c1-424b-9868-57a2d4851a1d" />
    <TestEntry testId="1430219f-f7fb-8f2f-8291-f2d74af01413" executionId="f7cf1f3c-0c89-40a8-94a6-024a3b452011" testListId="8c84fa94-04c1-424b-9868-57a2d4851a1d" />
    <TestEntry testId="1a245c39-0729-8768-9107-b8954240e600" executionId="fcd2ecf0-7cf9-474f-8c93-868481a6b89a" testListId="8c84fa94-04c1-424b-9868-57a2d4851a1d" />
    <TestEntry testId="130205d6-fdfa-85be-9a3f-737cf0f90c25" executionId="eb725bbd-69da-4640-98b3-e4b2122b3622" testListId="8c84fa94-04c1-424b-9868-57a2d4851a1d" />
    <TestEntry testId="1793867b-53cc-8d3c-8178-dda713c27d26" executionId="d953ac2f-e2a3-4e0b-9015-b6b8fb8b2b90" testListId="8c84fa94-04c1-424b-9868-57a2d4851a1d" />
    <TestEntry testId="1d246084-2e57-8533-947f-5ad9a13ee142" executionId="8ddc20bc-8b17-41e1-8b71-384df3bad3b9" testListId="8c84fa94-04c1-424b-9868-57a2d4851a1d" />
    <TestEntry testId="13bd4b6e-3c09-855f-a706-85092184be3b" executionId="cedcca5d-8e9e-4c3f-8bf4-84cd8e6f90b2" testListId="8c84fa94-04c1-424b-9868-57a2d4851a1d" />
    <TestEntry testId="150eb109-eda0-82ee-abcc-ee29730a8b6f" executionId="2daf6452-628d-4c77-8346-83ac597ac6bf" testListId="8c84fa94-04c1-424b-9868-57a2d4851a1d" />
    <TestEntry testId="135d4967-6077-8abe-9994-928d344d3db7" executionId="cdc18962-3bab-4492-b762-a7473053dc01" testListId="8c84fa94-04c1-424b-9868-57a2d4851a1d" />
    <TestEntry testId="1d0596b9-159c-8e0b-b9e1-18d9305c16bc" executionId="dc032bd6-6342-4cdd-b176-4dbbacf70120" testListId="8c84fa94-04c1-424b-9868-57a2d4851a1d" />
    <TestEntry testId="1d31e71d-d6f9-879c-a2d1-33f0d6451c98" executionId="dee83e5a-2ad2-4f8f-ab51-4fd16eeeefca" testListId="8c84fa94-04c1-424b-9868-57a2d4851a1d" />
    <TestEntry testId="19c65d0a-172c-80bf-9305-4bcbd88894dc" executionId="888fdc89-ae12-42f7-90d6-8fbf2517dfb5" testListId="8c84fa94-04c1-424b-9868-57a2d4851a1d" />
    <TestEntry testId="12844e52-0b7a-8a87-8473-f157a557716a" executionId="ca050ce0-fd42-49d4-a6d8-4deaa27f7c62" testListId="8c84fa94-04c1-424b-9868-57a2d4851a1d" />
    <TestEntry testId="1a3c39e4-b9f8-8ee6-882b-719ea23f6996" executionId="47bc3c47-4ffc-487f-bc1a-85e4c2993364" testListId="8c84fa94-04c1-424b-9868-57a2d4851a1d" />
    <TestEntry testId="1ea621a1-f730-8b26-938e-11d36ed42cbb" executionId="6e0a9a5f-679a-4e63-a489-2136f1f71728" testListId="8c84fa94-04c1-424b-9868-57a2d4851a1d" />
    <TestEntry testId="1354f9c7-294c-8d9e-b0a6-b00dafbf97f9" executionId="9bad3d2d-42c6-453b-970f-ab9c75eb5d8f" testListId="8c84fa94-04c1-424b-9868-57a2d4851a1d" />
    <TestEntry testId="1ef69d9a-1d77-8de9-8fb2-5060cd8515a7" executionId="e8154397-5cda-41f0-88e8-4f69260b02e3" testListId="8c84fa94-04c1-424b-9868-57a2d4851a1d" />
    <TestEntry testId="1ea5a412-fefc-8e9d-8d42-6e6f6e0fe5e1" executionId="98f83a42-205c-4403-ae5e-25b96d599a31" testListId="8c84fa94-04c1-424b-9868-57a2d4851a1d" />
    <TestEntry testId="1a7d6cf4-7338-83da-a76c-c4ec97323b0f" executionId="fee04dfe-661e-452a-ad92-4045a8f019f5" testListId="8c84fa94-04c1-424b-9868-57a2d4851a1d" />
    <TestEntry testId="1b281cbb-2880-86c3-8d25-ded61b60206c" executionId="ece38949-7005-4620-ac48-edca8ff5efe8" testListId="8c84fa94-04c1-424b-9868-57a2d4851a1d" />
    <TestEntry testId="107855bd-1f47-8eed-aa34-344224312d89" executionId="6c628413-6a2a-42b8-819d-7a468546490a" testListId="8c84fa94-04c1-424b-9868-57a2d4851a1d" />
    <TestEntry testId="16fe408a-6dda-825e-82be-4bbf2e3a9fc2" executionId="0e247e99-ed2b-498e-88bd-ebc6b64d4905" testListId="8c84fa94-04c1-424b-9868-57a2d4851a1d" />
    <TestEntry testId="1665d4a5-21e1-8b06-95fd-a9a3a426a308" executionId="07468783-b363-4205-9b0a-d4cab03be90c" testListId="8c84fa94-04c1-424b-9868-57a2d4851a1d" />
    <TestEntry testId="1d4e8a80-9003-836b-8e78-6de20c120a7b" executionId="711989b3-32ae-4b17-8783-40232d54d49f" testListId="8c84fa94-04c1-424b-9868-57a2d4851a1d" />
    <TestEntry testId="1e7a81bb-1fcf-87cc-b9f6-3407592028a0" executionId="87a938e9-0dde-4346-81a3-02b41c11ceb7" testListId="8c84fa94-04c1-424b-9868-57a2d4851a1d" />
    <TestEntry testId="1ba922ed-5c48-8b5c-8c0a-e887b2faa168" executionId="b5ee2b13-afc4-44c6-aeed-752615718e17" testListId="8c84fa94-04c1-424b-9868-57a2d4851a1d" />
    <TestEntry testId="1a180580-46ad-8a30-b26a-e554eb0bc2f3" executionId="d61dad1d-c634-411a-8a29-2723d34cf51c" testListId="8c84fa94-04c1-424b-9868-57a2d4851a1d" />
    <TestEntry testId="17d454f7-c64c-8a11-8658-c5ad2140d3d3" executionId="8f683418-e716-4a23-a199-9f3746048009" testListId="8c84fa94-04c1-424b-9868-57a2d4851a1d" />
    <TestEntry testId="18b9dfd9-4e23-8085-b642-6ae2548b0684" executionId="f5712ad8-7a2f-48a6-9697-d7cd7c3c7c6f" testListId="8c84fa94-04c1-424b-9868-57a2d4851a1d" />
    <TestEntry testId="104af8ef-774f-8c36-84e9-dabe044affe2" executionId="074be7af-2b03-4475-aee3-fc65a1651586" testListId="8c84fa94-04c1-424b-9868-57a2d4851a1d" />
    <TestEntry testId="19afec14-fd59-869c-9888-424bc7ec779a" executionId="31091680-dc0d-41d3-82bd-868218aad1f1" testListId="8c84fa94-04c1-424b-9868-57a2d4851a1d" />
    <TestEntry testId="19354630-8d37-8ef7-8c7e-d5426716564e" executionId="67d6c4d7-5e89-4814-ac63-713a33f73d4b" testListId="8c84fa94-04c1-424b-9868-57a2d4851a1d" />
    <TestEntry testId="16f392b2-78e0-85eb-9963-73cf53069ebd" executionId="555f402b-703b-461b-891a-9da5a5b8e494" testListId="8c84fa94-04c1-424b-9868-57a2d4851a1d" />
    <TestEntry testId="1a8d464c-61d8-801e-98a3-fdfdc7e3ebf6" executionId="4b3d5e89-5831-4015-8ad8-a7a793ac6089" testListId="8c84fa94-04c1-424b-9868-57a2d4851a1d" />
    <TestEntry testId="17854b09-6b22-823a-99e4-86c030e1ba48" executionId="78efe52d-ffe8-478d-86d1-49d0a41cf5a4" testListId="8c84fa94-04c1-424b-9868-57a2d4851a1d" />
    <TestEntry testId="1661521e-24eb-814f-91d2-29b8e0bd48be" executionId="a211b588-69de-4934-964c-cbf1f9dd8eda" testListId="8c84fa94-04c1-424b-9868-57a2d4851a1d" />
    <TestEntry testId="1d7309aa-4385-8854-be93-611998461171" executionId="3c020bd4-351e-4e3f-b40a-31518ba12ab8" testListId="8c84fa94-04c1-424b-9868-57a2d4851a1d" />
    <TestEntry testId="131281ea-5662-8cbc-a8d4-1ab4068b0583" executionId="b594a98d-29ee-462f-9379-d72135011f16" testListId="8c84fa94-04c1-424b-9868-57a2d4851a1d" />
    <TestEntry testId="14110a05-3bdd-816f-a52f-f209cb61ffc5" executionId="538d6518-53f1-4864-b659-b0de18c79e93" testListId="8c84fa94-04c1-424b-9868-57a2d4851a1d" />
    <TestEntry testId="125fbc15-ee57-8a80-860e-cd251d5de7ff" executionId="188b9ccc-064a-437d-b90f-0928deabf20c" testListId="8c84fa94-04c1-424b-9868-57a2d4851a1d" />
    <TestEntry testId="15adbeb3-fd91-8802-b721-fda08672f850" executionId="3de88b21-302d-49e5-99f3-686e3ecde9a1" testListId="8c84fa94-04c1-424b-9868-57a2d4851a1d" />
    <TestEntry testId="1d8d142a-e69c-8774-b1a5-595331b11b57" executionId="9bf85297-5741-4550-85e7-519600771424" testListId="8c84fa94-04c1-424b-9868-57a2d4851a1d" />
    <TestEntry testId="10315606-43fc-81b2-8f09-aa2c3b23f019" executionId="8a920551-856b-4938-9954-5b43561faee1" testListId="8c84fa94-04c1-424b-9868-57a2d4851a1d" />
    <TestEntry testId="182c269e-2d04-8cf1-85c6-c1dd844b52e9" executionId="be8b2ea5-82ba-423f-8e4f-37b663b13b55" testListId="8c84fa94-04c1-424b-9868-57a2d4851a1d" />
    <TestEntry testId="15217173-e4c0-827f-abbc-ba758ea07cca" executionId="20fdca00-aecc-4268-bd46-5dd0960ad48c" testListId="8c84fa94-04c1-424b-9868-57a2d4851a1d" />
    <TestEntry testId="148a3bf6-b72c-8940-8d34-c5d6735303c3" executionId="99ec6b43-37ed-4bb3-b587-3ad8ca9c6395" testListId="8c84fa94-04c1-424b-9868-57a2d4851a1d" />
    <TestEntry testId="1e2bf874-228e-807d-af24-d2323abeadd8" executionId="18225603-a919-41ec-81dd-ee4b3d1ba96f" testListId="8c84fa94-04c1-424b-9868-57a2d4851a1d" />
    <TestEntry testId="1884da99-6c28-80b6-b937-288c7d611269" executionId="49d29e95-4a66-487d-b24c-e09247d82888" testListId="8c84fa94-04c1-424b-9868-57a2d4851a1d" />
    <TestEntry testId="11c1e102-b176-8e8e-859a-f26ab8982d6e" executionId="ac1742ab-5188-4470-9a6d-4c61dea04598" testListId="8c84fa94-04c1-424b-9868-57a2d4851a1d" />
    <TestEntry testId="1130595f-09b5-8f9e-9da5-bc01967f7cd7" executionId="2078c616-2d97-4718-b119-34e9ac57c565" testListId="8c84fa94-04c1-424b-9868-57a2d4851a1d" />
    <TestEntry testId="189c47f3-5b6d-81aa-8be3-805472915b78" executionId="7d853a55-dd9c-4881-98a8-7251df5d27e6" testListId="8c84fa94-04c1-424b-9868-57a2d4851a1d" />
    <TestEntry testId="127cfd0f-d462-8f4f-9d8c-19aaed495069" executionId="36b24600-cf81-4d8e-b17f-b8c969088d23" testListId="8c84fa94-04c1-424b-9868-57a2d4851a1d" />
    <TestEntry testId="1ff7bd42-c810-8d9b-811d-02c8c6f105b8" executionId="e7669013-930e-4e9b-8abc-007e0a06d2e7" testListId="8c84fa94-04c1-424b-9868-57a2d4851a1d" />
    <TestEntry testId="12a88141-5c32-8648-96c4-9bb71f2d7048" executionId="16a4eec0-9bad-4f39-ae9c-ae585a104dde" testListId="8c84fa94-04c1-424b-9868-57a2d4851a1d" />
    <TestEntry testId="1a68f156-6d9f-80dd-91d6-a414edc37071" executionId="3b68021e-14ad-4596-b1b3-78ff7a8d57a9" testListId="8c84fa94-04c1-424b-9868-57a2d4851a1d" />
    <TestEntry testId="11e85e18-c592-81bc-a964-0f6751ebae9e" executionId="e6df5c8c-359a-4395-80b5-49d012935049" testListId="8c84fa94-04c1-424b-9868-57a2d4851a1d" />
    <TestEntry testId="10ec2501-a89e-87c5-911b-f647d5447298" executionId="f472507b-343e-4905-ac00-107334778709" testListId="8c84fa94-04c1-424b-9868-57a2d4851a1d" />
    <TestEntry testId="1423253c-fd6b-88cb-a600-8e3e2fa070e7" executionId="908ba714-fc7f-4907-8ddc-97089173a80d" testListId="8c84fa94-04c1-424b-9868-57a2d4851a1d" />
    <TestEntry testId="1113c22c-2b33-825e-9e02-ef231e7180be" executionId="32a1aa3f-d9d7-435f-b576-0c754fc813a0" testListId="8c84fa94-04c1-424b-9868-57a2d4851a1d" />
    <TestEntry testId="1dce33dc-faa6-87ab-b61d-3531275f1c7d" executionId="69302903-54e7-40d8-9c31-8f8c2eb8d283" testListId="8c84fa94-04c1-424b-9868-57a2d4851a1d" />
    <TestEntry testId="1cc1fc51-5034-899d-871c-2fa3e5b0a1b3" executionId="20332215-dd49-40b8-afa7-37b388ad6de3" testListId="8c84fa94-04c1-424b-9868-57a2d4851a1d" />
    <TestEntry testId="18e2eb59-0e52-80e4-9f4e-476c3ccda97d" executionId="6c1613d8-6162-4327-bccd-99cda11a73a5" testListId="8c84fa94-04c1-424b-9868-57a2d4851a1d" />
    <TestEntry testId="1df5daef-aefb-82c7-9dab-506131d49ae4" executionId="3549de62-63d7-467f-9951-3933ca939c87" testListId="8c84fa94-04c1-424b-9868-57a2d4851a1d" />
    <TestEntry testId="19397b80-404d-8c28-8132-098c2b341772" executionId="3eca7d81-8ec8-4a95-b05d-94aff540d489" testListId="8c84fa94-04c1-424b-9868-57a2d4851a1d" />
    <TestEntry testId="18d6ad0b-2541-88a9-8575-24ff21e3e6c3" executionId="a02b7863-11f7-4392-9056-0bf7761c7c48" testListId="8c84fa94-04c1-424b-9868-57a2d4851a1d" />
    <TestEntry testId="1fcf0ad2-2dde-8fde-9069-b8420325ef66" executionId="70eca9da-31a0-4475-9f87-03e1f51ab892" testListId="8c84fa94-04c1-424b-9868-57a2d4851a1d" />
    <TestEntry testId="1c7b5448-4ea9-8db4-b2a4-069702f69bbb" executionId="b4d330d9-d1d2-4cd2-903e-c01c9546bb55" testListId="8c84fa94-04c1-424b-9868-57a2d4851a1d" />
    <TestEntry testId="1969017f-06c8-86f0-8c59-8d41ac2971c6" executionId="76793224-65c0-4785-83dd-eadd330cacdd" testListId="8c84fa94-04c1-424b-9868-57a2d4851a1d" />
    <TestEntry testId="17d478c3-9711-8382-9176-a8439c246766" executionId="05a24b66-b754-4220-9c89-4c52fd05efce" testListId="8c84fa94-04c1-424b-9868-57a2d4851a1d" />
    <TestEntry testId="1f4ac927-8010-8453-b83f-506aaf42c6e9" executionId="522a9cf8-8ed4-44ad-803c-44a3b1274246" testListId="8c84fa94-04c1-424b-9868-57a2d4851a1d" />
    <TestEntry testId="1953d23c-cb2f-85ee-81de-a6fe6edf92b5" executionId="43cc877d-55e7-4872-9cfe-5075cfb40284" testListId="8c84fa94-04c1-424b-9868-57a2d4851a1d" />
    <TestEntry testId="1caa3521-066a-807d-8bd0-e00f92b4ff11" executionId="10aa2216-afb1-43af-8db1-1fe2fc81cd52" testListId="8c84fa94-04c1-424b-9868-57a2d4851a1d" />
    <TestEntry testId="11604014-d034-84a4-9226-e4ae4c378461" executionId="72acc82a-b804-4da0-b40d-e3c39ac3efb7" testListId="8c84fa94-04c1-424b-9868-57a2d4851a1d" />
    <TestEntry testId="1ccf62c6-4158-87f9-aba7-1dd1fb374673" executionId="c788a3c1-2499-4342-81b0-3dee0d5aa3df" testListId="8c84fa94-04c1-424b-9868-57a2d4851a1d" />
    <TestEntry testId="1987ee88-69c8-8cd1-8a79-8cfad813b6df" executionId="1f3a00f5-5869-4c82-91fe-d9565199c8b3" testListId="8c84fa94-04c1-424b-9868-57a2d4851a1d" />
    <TestEntry testId="1863d739-0673-8af2-834d-cae1edcc131f" executionId="a182ec40-0644-48cc-993f-7b9d8f82a1d0" testListId="8c84fa94-04c1-424b-9868-57a2d4851a1d" />
    <TestEntry testId="131f85a5-7b8a-8910-9839-4665cfbc178d" executionId="c9e70064-6d1f-4e9e-b830-ebf379224153" testListId="8c84fa94-04c1-424b-9868-57a2d4851a1d" />
    <TestEntry testId="17a54597-013e-83a0-a757-44cfe27fb415" executionId="796c8250-43cb-4e58-abe8-8f43dc843d2e" testListId="8c84fa94-04c1-424b-9868-57a2d4851a1d" />
    <TestEntry testId="1eb8bf4b-10b3-8fc7-af6c-9cb81f083dec" executionId="7ddd695d-71f1-459f-af3e-43cb9219bed6" testListId="8c84fa94-04c1-424b-9868-57a2d4851a1d" />
    <TestEntry testId="1ea47d5a-0512-8d0a-bf8f-11fa90304505" executionId="ec555bbc-bdb8-453d-a330-e4c643b22ebe" testListId="8c84fa94-04c1-424b-9868-57a2d4851a1d" />
    <TestEntry testId="1aacf621-4dc7-831e-b9fc-286bebe5700d" executionId="2eacf0a1-14d1-4389-a77d-d0c642ae115b" testListId="8c84fa94-04c1-424b-9868-57a2d4851a1d" />
    <TestEntry testId="1ada42bd-4c91-8700-9e73-c4933a384d88" executionId="fff217a8-f1e2-4ab9-b512-43807e3c4681" testListId="8c84fa94-04c1-424b-9868-57a2d4851a1d" />
    <TestEntry testId="178c21ed-be4c-8601-848b-8f64c521542e" executionId="91411005-3162-45d3-b9d3-2b0c0877e2b2" testListId="8c84fa94-04c1-424b-9868-57a2d4851a1d" />
    <TestEntry testId="189fbac3-af2b-862c-93f1-b29575a1007b" executionId="af99c1c8-a0a8-4421-b56f-033738a82db9" testListId="8c84fa94-04c1-424b-9868-57a2d4851a1d" />
    <TestEntry testId="19c310c8-145e-8684-9a83-6d10ee5960fd" executionId="f9c88419-4b45-4ea3-862c-f5a9c42ea137" testListId="8c84fa94-04c1-424b-9868-57a2d4851a1d" />
    <TestEntry testId="138e0807-39ff-8cb1-a222-43da87f6e010" executionId="37089fdc-f6d6-4d5a-8b30-8000189a851c" testListId="8c84fa94-04c1-424b-9868-57a2d4851a1d" />
    <TestEntry testId="1af4020e-d628-8c69-bb50-d7f930979606" executionId="7e10be8e-0191-42f2-8a88-af9e1f9dd12e" testListId="8c84fa94-04c1-424b-9868-57a2d4851a1d" />
    <TestEntry testId="19995561-8417-8c61-abeb-4c10cf881996" executionId="505aabee-36fa-44b4-b565-338c8a6c5bc8" testListId="8c84fa94-04c1-424b-9868-57a2d4851a1d" />
    <TestEntry testId="1581fbd4-5162-82c1-878b-e67e623de19d" executionId="6972b0bb-39a1-4ef1-9358-1a9537bf7869" testListId="8c84fa94-04c1-424b-9868-57a2d4851a1d" />
    <TestEntry testId="12c8fd92-9db7-83eb-b02e-4fd5f797a7d1" executionId="8ab4d57a-226b-4251-b17d-cf34e10ce698" testListId="8c84fa94-04c1-424b-9868-57a2d4851a1d" />
    <TestEntry testId="1ff65118-5b1a-8b2a-a2a6-8663d6a97363" executionId="350c80c4-f646-4869-9689-58c6a27912a7" testListId="8c84fa94-04c1-424b-9868-57a2d4851a1d" />
    <TestEntry testId="154ad0ce-a4e7-828b-94df-558f420c9e5f" executionId="b4e58fe0-db9f-4ef4-8dd8-3fe4019f5c4b" testListId="8c84fa94-04c1-424b-9868-57a2d4851a1d" />
    <TestEntry testId="1ad495c6-b24e-835a-81fe-8d8902a69f59" executionId="ee1a214e-4bdd-4f66-b450-c9c888756e95" testListId="8c84fa94-04c1-424b-9868-57a2d4851a1d" />
    <TestEntry testId="1624e9d8-f513-894a-9e85-24edd1bc784b" executionId="d7305376-fcca-4fb5-9570-d95cc3e211be" testListId="8c84fa94-04c1-424b-9868-57a2d4851a1d" />
    <TestEntry testId="1f0b51da-1991-8849-8e39-b11209c82ed6" executionId="4968f4fc-c4a1-4313-b71b-08f363699be4" testListId="8c84fa94-04c1-424b-9868-57a2d4851a1d" />
    <TestEntry testId="1b13819f-c798-8a3f-9a1c-fd4178d5ddff" executionId="e6ee2819-98b4-4853-acf5-dc804b3691d6" testListId="8c84fa94-04c1-424b-9868-57a2d4851a1d" />
    <TestEntry testId="163cd33c-b16f-8a05-ac94-2cfe412166c9" executionId="e63a7744-90a3-4aeb-aafb-f3a019e67ddb" testListId="8c84fa94-04c1-424b-9868-57a2d4851a1d" />
    <TestEntry testId="145a18a9-c669-848a-a4eb-1d3f5819a2c3" executionId="db1dc7b4-b477-4504-bc73-acb1abdcd8c5" testListId="8c84fa94-04c1-424b-9868-57a2d4851a1d" />
    <TestEntry testId="13d80617-2057-86f8-954b-0e582c5a8ee3" executionId="c7e7d70d-013e-463c-abe6-694d4d0cb7fa" testListId="8c84fa94-04c1-424b-9868-57a2d4851a1d" />
  </TestEntries>
  <TestLists>
    <TestList name="列表中未列出的结果" id="8c84fa94-04c1-424b-9868-57a2d4851a1d" />
    <TestList name="所有已加载的结果" id="19431567-8539-422a-85d7-44ee4e166bda" />
  </TestLists>
  <ResultSummary outcome="Completed">
    <Counters total="363" executed="363" passed="363" failed="0" error="0" timeout="0" aborted="0" inconclusive="0" passedButRunAborted="0" notRunnable="0" notExecuted="0" disconnected="0" warning="0" completed="0" inProgress="0" pending="0" />
    <Output>
      <StdOut>已为 E:\Java\MinecraftMod\DarkGrey_RPG\studio\src\DarkGreyRPG.Studio.Tests\bin\Release\net10.0\DarkGreyRPG.Studio.Tests.dll 启用测试并行化(Workers: 12，Scope: MethodLevel)&#xD;
</StdOut>
    </Output>
  </ResultSummary>
</TestRun>