<?xml version="1.0" encoding="utf-8"?>
<TestRun id="b1ef8ffe-bc05-44ed-b6f5-6d182db454b6" name="GreyHat@LAPTOP-F7PUVUPO 2026-09-14 14:47:09" runUser="LAPTOP-F7PUVUPO\GreyHat" xmlns="http://microsoft.com/schemas/VisualStudio/TeamTest/2010">
  <Times creation="2026-09-14T14:47:09.1355056+08:00" queuing="2026-09-14T14:47:09.1355059+08:00" start="2026-09-14T14:47:08.3164185+08:00" finish="2026-09-14T14:47:10.4830155+08:00" />
  <TestSettings name="default" id="92ff6d22-49ea-4584-a99d-34ab58de1ee0">
    <Deployment runDeploymentRoot="GreyHat_LAPTOP-F7PUVUPO_2026-09-14_14_47_09" />
  </TestSettings>
  <Results>
    <UnitTestResult executionId="1f6578e8-50e4-45a9-88ea-b6b1be345f4c" testId="1b3ab465-03c3-825e-95ec-990a2ce0d5fe" testName="LayoutCompletionReanchorsVisibleAndHitWiresAfterRepeatedUndoRedo" computerName="LAPTOP-F7PUVUPO" duration="00:00:00.4191294" startTime="2026-09-14T14:47:09.9090914+08:00" endTime="2026-09-14T14:47:10.3332042+08:00" testType="13cdc9d9-ddb5-4fa4-a97d-d965ccfc6d4b" outcome="Passed" testListId="8c84fa94-04c1-424b-9868-57a2d4851a1d" relativeResultsDirectory="1f6578e8-50e4-45a9-88ea-b6b1be345f4c" />
    <UnitTestResult executionId="c3005439-743a-4697-9249-1fbad798ec89" testId="10935d5c-97fa-8940-b6d8-7888af86f836" testName="StartRowsSurviveEditsReorderAndUndoWithoutCollectionReset" computerName="LAPTOP-F7PUVUPO" duration="00:00:00.0947277" startTime="2026-09-14T14:47:09.1018684+08:00" endTime="2026-09-14T14:47:09.1966909+08:00" testType="13cdc9d9-ddb5-4fa4-a97d-d965ccfc6d4b" outcome="Passed" testListId="8c84fa94-04c1-424b-9868-57a2d4851a1d" relativeResultsDirectory="c3005439-743a-4697-9249-1fbad798ec89" />
    <UnitTestResult executionId="b19c5575-1665-42e6-bde5-50a002f5f381" testId="1385b7cc-7a64-82ce-a0f0-636f0ff4be98" testName="ObjectiveActorChangeSynchronizesEveryInspectorForTheSameNode" computerName="LAPTOP-F7PUVUPO" duration="00:00:00.1281837" startTime="2026-09-14T14:47:08.9562132+08:00" endTime="2026-09-14T14:47:09.1065215+08:00" testType="13cdc9d9-ddb5-4fa4-a97d-d965ccfc6d4b" outcome="Passed" testListId="8c84fa94-04c1-424b-9868-57a2d4851a1d" relativeResultsDirectory="b19c5575-1665-42e6-bde5-50a002f5f381" />
    <UnitTestResult executionId="259f2728-a131-45b1-a9e5-eccc013d71a6" testId="1ca2f541-d65f-8b39-b054-726ebc240800" testName="SubmitAndRegionUseTypedFieldsAndRejectInvalidRadius" computerName="LAPTOP-F7PUVUPO" duration="00:00:00.1225980" startTime="2026-09-14T14:47:08.9859065+08:00" endTime="2026-09-14T14:47:09.1090081+08:00" testType="13cdc9d9-ddb5-4fa4-a97d-d965ccfc6d4b" outcome="Passed" testListId="8c84fa94-04c1-424b-9868-57a2d4851a1d" relativeResultsDirectory="259f2728-a131-45b1-a9e5-eccc013d71a6" />
    <UnitTestResult executionId="5caa8f5e-04b1-4857-97be-763b72fb6d6e" testId="1a58ead3-0830-8e18-914b-c532aa4f9424" testName="InspectorPrerequisiteToggleProjectsStablePortAndHelperContract" computerName="LAPTOP-F7PUVUPO" duration="00:00:00.1281496" startTime="2026-09-14T14:47:08.9561591+08:00" endTime="2026-09-14T14:47:09.1065098+08:00" testType="13cdc9d9-ddb5-4fa4-a97d-d965ccfc6d4b" outcome="Passed" testListId="8c84fa94-04c1-424b-9868-57a2d4851a1d" relativeResultsDirectory="5caa8f5e-04b1-4857-97be-763b72fb6d6e" />
    <UnitTestResult executionId="a806d8e5-1c34-4bda-ae68-5a7a42955e11" testId="1af321da-c2b8-81e2-973d-8471c2e4bd39" testName="LegacyInteractRequiredOneIsRemovedAndMarksEditorDirtyForNextSave" computerName="LAPTOP-F7PUVUPO" duration="00:00:00.1154024" startTime="2026-09-14T14:47:08.9560907+08:00" endTime="2026-09-14T14:47:09.0965210+08:00" testType="13cdc9d9-ddb5-4fa4-a97d-d965ccfc6d4b" outcome="Passed" testListId="8c84fa94-04c1-424b-9868-57a2d4851a1d" relativeResultsDirectory="a806d8e5-1c34-4bda-ae68-5a7a42955e11" />
    <UnitTestResult executionId="28bacf54-6d34-41c6-a638-a9cb68828ad4" testId="14430c1f-aaf7-89d4-85c8-39bf1b120d01" testName="RepeatedObjectiveActorProjectionIsIdempotentAndDoesNotReenter" computerName="LAPTOP-F7PUVUPO" duration="00:00:00.1544311" startTime="2026-09-14T14:47:08.9561857+08:00" endTime="2026-09-14T14:47:09.1335485+08:00" testType="13cdc9d9-ddb5-4fa4-a97d-d965ccfc6d4b" outcome="Passed" testListId="8c84fa94-04c1-424b-9868-57a2d4851a1d" relativeResultsDirectory="28bacf54-6d34-41c6-a638-a9cb68828ad4" />
    <UnitTestResult executionId="35bceaf6-4304-484b-850c-fb92a6b44e93" testId="1de9c2ed-c2a4-8599-99ca-2320a874d6bd" testName="InspectorUsesFirstAvailableActorOrFailsAtomically" computerName="LAPTOP-F7PUVUPO" duration="00:00:00.1290780" startTime="2026-09-14T14:47:08.9561801+08:00" endTime="2026-09-14T14:47:09.1074076+08:00" testType="13cdc9d9-ddb5-4fa4-a97d-d965ccfc6d4b" outcome="Passed" testListId="8c84fa94-04c1-424b-9868-57a2d4851a1d" relativeResultsDirectory="35bceaf6-4304-484b-850c-fb92a6b44e93" />
    <UnitTestResult executionId="401cae62-a38b-4100-854c-864f58ec1687" testId="1a7a9b8e-26bc-8aee-96cd-98d9c110c3f9" testName="InteractActorPickerRetainsUnknownIdAndResolvesKnownChoice" computerName="LAPTOP-F7PUVUPO" duration="00:00:00.1281459" startTime="2026-09-14T14:47:08.9561667+08:00" endTime="2026-09-14T14:47:09.1065098+08:00" testType="13cdc9d9-ddb5-4fa4-a97d-d965ccfc6d4b" outcome="Passed" testListId="8c84fa94-04c1-424b-9868-57a2d4851a1d" relativeResultsDirectory="401cae62-a38b-4100-854c-864f58ec1687" />
    <UnitTestResult executionId="0990aabe-78e9-4a16-a35c-7884dd2a59e7" testId="1e96485f-ae25-8ee0-b4ed-26834d24b5a3" testName="ParameterBlankHitRemainsDraggableWhileRenderedEditorControlsOwnPresses" computerName="LAPTOP-F7PUVUPO" duration="00:00:00.7051608" startTime="2026-09-14T14:47:09.1970428+08:00" endTime="2026-09-14T14:47:09.9064866+08:00" testType="13cdc9d9-ddb5-4fa4-a97d-d965ccfc6d4b" outcome="Passed" testListId="8c84fa94-04c1-424b-9868-57a2d4851a1d" relativeResultsDirectory="0990aabe-78e9-4a16-a35c-7884dd2a59e7" />
    <UnitTestResult executionId="e134fbfb-aee7-4ffb-9e8f-7994ec3f75fa" testId="1022ec21-560f-890a-8a6e-a780b2c94f16" testName="RepeatedObjectiveItemProjectionIsIdempotentAndDoesNotDuplicateRevision" computerName="LAPTOP-F7PUVUPO" duration="00:00:00.1541594" startTime="2026-09-14T14:47:08.9561922+08:00" endTime="2026-09-14T14:47:09.1325072+08:00" testType="13cdc9d9-ddb5-4fa4-a97d-d965ccfc6d4b" outcome="Passed" testListId="8c84fa94-04c1-424b-9868-57a2d4851a1d" relativeResultsDirectory="e134fbfb-aee7-4ffb-9e8f-7994ec3f75fa" />
    <UnitTestResult executionId="791c56a1-0281-4f51-9fbd-709036cdf3da" testId="1d8984ab-cc2e-8dca-a1b0-c443a12cd466" testName="RewardProjectionKeepsRowsAndDraftsAcrossOtherEditsAndUndo" computerName="LAPTOP-F7PUVUPO" duration="00:00:00.0281928" startTime="2026-09-14T14:47:09.1070863+08:00" endTime="2026-09-14T14:47:09.1353290+08:00" testType="13cdc9d9-ddb5-4fa4-a97d-d965ccfc6d4b" outcome="Failed" testListId="8c84fa94-04c1-424b-9868-57a2d4851a1d" relativeResultsDirectory="791c56a1-0281-4f51-9fbd-709036cdf3da">
      <Output>
        <ErrorInfo>
          <Message>测试方法 DarkGreyRPG.Studio.Wpf.Tests.DropdownIdentity0331Tests。RewardProjectionKeepsRowsAndDraftsAcrossOtherEditsAndUndo 引发了异常: &#xD;
System.InvalidOperationException: Sequence contains more than one element</Message>
          <StackTrace>   at System.Linq.ThrowHelper.ThrowMoreThanOneElementException()&#xD;
   at System.Linq.Enumerable.TryGetSingle[TSource](IEnumerable`1 source, Boolean&amp; found)&#xD;
   at System.Linq.Enumerable.Single[TSource](IEnumerable`1 source)&#xD;
   at DarkGreyRPG.Studio.Wpf.Tests.DropdownIdentity0331Tests.RewardProjectionKeepsRowsAndDraftsAcrossOtherEditsAndUndo() in E:\Java\MinecraftMod\DarkGrey_RPG\studio\src\DarkGreyRPG.Studio.Wpf.Tests\DropdownIdentity0331Tests.cs:line 47&#xD;
   at System.Reflection.MethodBaseInvoker.InterpretedInvoke_Method(Object obj, IntPtr* args)&#xD;
   at System.Reflection.MethodBaseInvoker.InvokeWithNoArgs(Object obj, BindingFlags invokeAttr)&#xD;
</StackTrace>
        </ErrorInfo>
      </Output>
    </UnitTestResult>
    <UnitTestResult executionId="125413db-e17d-493b-bd16-3fa59aa9257e" testId="185037b3-97c5-820a-b537-00955db90686" testName="ObjectiveTargetStatusUsesOnlyUnresolvedLegacyIdentifiers" computerName="LAPTOP-F7PUVUPO" duration="00:00:00.1281904" startTime="2026-09-14T14:47:08.9561735+08:00" endTime="2026-09-14T14:47:09.1065209+08:00" testType="13cdc9d9-ddb5-4fa4-a97d-d965ccfc6d4b" outcome="Passed" testListId="8c84fa94-04c1-424b-9868-57a2d4851a1d" relativeResultsDirectory="125413db-e17d-493b-bd16-3fa59aa9257e" />
    <UnitTestResult executionId="d7e3e463-5535-47f5-94de-0a6e5bd8f42e" testId="12fcdd17-e6fa-8306-af1c-64239c046b78" testName="InspectorEditsTypedObjectiveAndUsesAtomicTypeSwitch" computerName="LAPTOP-F7PUVUPO" duration="00:00:00.1303801" startTime="2026-09-14T14:47:08.9858964+08:00" endTime="2026-09-14T14:47:09.1167905+08:00" testType="13cdc9d9-ddb5-4fa4-a97d-d965ccfc6d4b" outcome="Passed" testListId="8c84fa94-04c1-424b-9868-57a2d4851a1d" relativeResultsDirectory="d7e3e463-5535-47f5-94de-0a6e5bd8f42e" />
    <UnitTestResult executionId="d7e062f4-02b7-4788-8aa7-74324ae9344c" testId="1b8c8b17-3a92-8a72-af10-e90451dd065f" testName="ObjectiveTypeSelectionIsOneAtomicRevisionWithLegalPayload" computerName="LAPTOP-F7PUVUPO" duration="00:00:00.1285228" startTime="2026-09-14T14:47:08.9562082+08:00" endTime="2026-09-14T14:47:09.1068408+08:00" testType="13cdc9d9-ddb5-4fa4-a97d-d965ccfc6d4b" outcome="Passed" testListId="8c84fa94-04c1-424b-9868-57a2d4851a1d" relativeResultsDirectory="d7e062f4-02b7-4788-8aa7-74324ae9344c" />
    <UnitTestResult executionId="a7258f00-0536-43e7-a3e6-234516c80d52" testId="155b8343-c064-89af-b7a3-eb6eab8e2263" testName="ActionOptionItemsRemainStableWhileParametersChange" computerName="LAPTOP-F7PUVUPO" duration="00:00:00.0269850" startTime="2026-09-14T14:47:09.1070915+08:00" endTime="2026-09-14T14:47:09.1341204+08:00" testType="13cdc9d9-ddb5-4fa4-a97d-d965ccfc6d4b" outcome="Passed" testListId="8c84fa94-04c1-424b-9868-57a2d4851a1d" relativeResultsDirectory="a7258f00-0536-43e7-a3e6-234516c80d52" />
  </Results>
  <TestDefinitions>
    <UnitTest name="SubmitAndRegionUseTypedFieldsAndRejectInvalidRadius" storage="e:\java\minecraftmod\darkgrey_rpg\studio\src\darkgreyrpg.studio.wpf.tests\bin\release\net10.0-windows\darkgreyrpg.studio.wpf.tests.dll" id="1ca2f541-d65f-8b39-b054-726ebc240800">
      <Execution id="259f2728-a131-45b1-a9e5-eccc013d71a6" />
      <TestMethod codeBase="E:\Java\MinecraftMod\DarkGrey_RPG\studio\src\DarkGreyRPG.Studio.Wpf.Tests\bin\Release\net10.0-windows\DarkGreyRPG.Studio.Wpf.Tests.dll" adapterTypeName="executor://mstestadapter/v4" className="DarkGreyRPG.Studio.Wpf.Tests.CanonicalTaskObjectiveInspectorTests" name="SubmitAndRegionUseTypedFieldsAndRejectInvalidRadius" />
    </UnitTest>
    <UnitTest name="RepeatedObjectiveActorProjectionIsIdempotentAndDoesNotReenter" storage="e:\java\minecraftmod\darkgrey_rpg\studio\src\darkgreyrpg.studio.wpf.tests\bin\release\net10.0-windows\darkgreyrpg.studio.wpf.tests.dll" id="14430c1f-aaf7-89d4-85c8-39bf1b120d01">
      <Execution id="28bacf54-6d34-41c6-a638-a9cb68828ad4" />
      <TestMethod codeBase="E:\Java\MinecraftMod\DarkGrey_RPG\studio\src\DarkGreyRPG.Studio.Wpf.Tests\bin\Release\net10.0-windows\DarkGreyRPG.Studio.Wpf.Tests.dll" adapterTypeName="executor://mstestadapter/v4" className="DarkGreyRPG.Studio.Wpf.Tests.CanonicalTaskObjectiveInspectorTests" name="RepeatedObjectiveActorProjectionIsIdempotentAndDoesNotReenter" />
    </UnitTest>
    <UnitTest name="ObjectiveTypeSelectionIsOneAtomicRevisionWithLegalPayload" storage="e:\java\minecraftmod\darkgrey_rpg\studio\src\darkgreyrpg.studio.wpf.tests\bin\release\net10.0-windows\darkgreyrpg.studio.wpf.tests.dll" id="1b8c8b17-3a92-8a72-af10-e90451dd065f">
      <Execution id="d7e062f4-02b7-4788-8aa7-74324ae9344c" />
      <TestMethod codeBase="E:\Java\MinecraftMod\DarkGrey_RPG\studio\src\DarkGreyRPG.Studio.Wpf.Tests\bin\Release\net10.0-windows\DarkGreyRPG.Studio.Wpf.Tests.dll" adapterTypeName="executor://mstestadapter/v4" className="DarkGreyRPG.Studio.Wpf.Tests.CanonicalTaskObjectiveInspectorTests" name="ObjectiveTypeSelectionIsOneAtomicRevisionWithLegalPayload" />
    </UnitTest>
    <UnitTest name="RewardProjectionKeepsRowsAndDraftsAcrossOtherEditsAndUndo" storage="e:\java\minecraftmod\darkgrey_rpg\studio\src\darkgreyrpg.studio.wpf.tests\bin\release\net10.0-windows\darkgreyrpg.studio.wpf.tests.dll" id="1d8984ab-cc2e-8dca-a1b0-c443a12cd466">
      <Execution id="791c56a1-0281-4f51-9fbd-709036cdf3da" />
      <TestMethod codeBase="E:\Java\MinecraftMod\DarkGrey_RPG\studio\src\DarkGreyRPG.Studio.Wpf.Tests\bin\Release\net10.0-windows\DarkGreyRPG.Studio.Wpf.Tests.dll" adapterTypeName="executor://mstestadapter/v4" className="DarkGreyRPG.Studio.Wpf.Tests.DropdownIdentity0331Tests" name="RewardProjectionKeepsRowsAndDraftsAcrossOtherEditsAndUndo" />
    </UnitTest>
    <UnitTest name="LegacyInteractRequiredOneIsRemovedAndMarksEditorDirtyForNextSave" storage="e:\java\minecraftmod\darkgrey_rpg\studio\src\darkgreyrpg.studio.wpf.tests\bin\release\net10.0-windows\darkgreyrpg.studio.wpf.tests.dll" id="1af321da-c2b8-81e2-973d-8471c2e4bd39">
      <Execution id="a806d8e5-1c34-4bda-ae68-5a7a42955e11" />
      <TestMethod codeBase="E:\Java\MinecraftMod\DarkGrey_RPG\studio\src\DarkGreyRPG.Studio.Wpf.Tests\bin\Release\net10.0-windows\DarkGreyRPG.Studio.Wpf.Tests.dll" adapterTypeName="executor://mstestadapter/v4" className="DarkGreyRPG.Studio.Wpf.Tests.CanonicalTaskObjectiveInspectorTests" name="LegacyInteractRequiredOneIsRemovedAndMarksEditorDirtyForNextSave" />
    </UnitTest>
    <UnitTest name="ObjectiveTargetStatusUsesOnlyUnresolvedLegacyIdentifiers" storage="e:\java\minecraftmod\darkgrey_rpg\studio\src\darkgreyrpg.studio.wpf.tests\bin\release\net10.0-windows\darkgreyrpg.studio.wpf.tests.dll" id="185037b3-97c5-820a-b537-00955db90686">
      <Execution id="125413db-e17d-493b-bd16-3fa59aa9257e" />
      <TestMethod codeBase="E:\Java\MinecraftMod\DarkGrey_RPG\studio\src\DarkGreyRPG.Studio.Wpf.Tests\bin\Release\net10.0-windows\DarkGreyRPG.Studio.Wpf.Tests.dll" adapterTypeName="executor://mstestadapter/v4" className="DarkGreyRPG.Studio.Wpf.Tests.CanonicalTaskObjectiveInspectorTests" name="ObjectiveTargetStatusUsesOnlyUnresolvedLegacyIdentifiers" />
    </UnitTest>
    <UnitTest name="InspectorEditsTypedObjectiveAndUsesAtomicTypeSwitch" storage="e:\java\minecraftmod\darkgrey_rpg\studio\src\darkgreyrpg.studio.wpf.tests\bin\release\net10.0-windows\darkgreyrpg.studio.wpf.tests.dll" id="12fcdd17-e6fa-8306-af1c-64239c046b78">
      <Execution id="d7e3e463-5535-47f5-94de-0a6e5bd8f42e" />
      <TestMethod codeBase="E:\Java\MinecraftMod\DarkGrey_RPG\studio\src\DarkGreyRPG.Studio.Wpf.Tests\bin\Release\net10.0-windows\DarkGreyRPG.Studio.Wpf.Tests.dll" adapterTypeName="executor://mstestadapter/v4" className="DarkGreyRPG.Studio.Wpf.Tests.CanonicalTaskObjectiveInspectorTests" name="InspectorEditsTypedObjectiveAndUsesAtomicTypeSwitch" />
    </UnitTest>
    <UnitTest name="RepeatedObjectiveItemProjectionIsIdempotentAndDoesNotDuplicateRevision" storage="e:\java\minecraftmod\darkgrey_rpg\studio\src\darkgreyrpg.studio.wpf.tests\bin\release\net10.0-windows\darkgreyrpg.studio.wpf.tests.dll" id="1022ec21-560f-890a-8a6e-a780b2c94f16">
      <Execution id="e134fbfb-aee7-4ffb-9e8f-7994ec3f75fa" />
      <TestMethod codeBase="E:\Java\MinecraftMod\DarkGrey_RPG\studio\src\DarkGreyRPG.Studio.Wpf.Tests\bin\Release\net10.0-windows\DarkGreyRPG.Studio.Wpf.Tests.dll" adapterTypeName="executor://mstestadapter/v4" className="DarkGreyRPG.Studio.Wpf.Tests.CanonicalTaskObjectiveInspectorTests" name="RepeatedObjectiveItemProjectionIsIdempotentAndDoesNotDuplicateRevision" />
    </UnitTest>
    <UnitTest name="StartRowsSurviveEditsReorderAndUndoWithoutCollectionReset" storage="e:\java\minecraftmod\darkgrey_rpg\studio\src\darkgreyrpg.studio.wpf.tests\bin\release\net10.0-windows\darkgreyrpg.studio.wpf.tests.dll" id="10935d5c-97fa-8940-b6d8-7888af86f836">
      <Execution id="c3005439-743a-4697-9249-1fbad798ec89" />
      <TestMethod codeBase="E:\Java\MinecraftMod\DarkGrey_RPG\studio\src\DarkGreyRPG.Studio.Wpf.Tests\bin\Release\net10.0-windows\DarkGreyRPG.Studio.Wpf.Tests.dll" adapterTypeName="executor://mstestadapter/v4" className="DarkGreyRPG.Studio.Wpf.Tests.DropdownIdentity0331Tests" name="StartRowsSurviveEditsReorderAndUndoWithoutCollectionReset" />
    </UnitTest>
    <UnitTest name="LayoutCompletionReanchorsVisibleAndHitWiresAfterRepeatedUndoRedo" storage="e:\java\minecraftmod\darkgrey_rpg\studio\src\darkgreyrpg.studio.wpf.tests\bin\release\net10.0-windows\darkgreyrpg.studio.wpf.tests.dll" id="1b3ab465-03c3-825e-95ec-990a2ce0d5fe">
      <Execution id="1f6578e8-50e4-45a9-88ea-b6b1be345f4c" />
      <TestMethod codeBase="E:\Java\MinecraftMod\DarkGrey_RPG\studio\src\DarkGreyRPG.Studio.Wpf.Tests\bin\Release\net10.0-windows\DarkGreyRPG.Studio.Wpf.Tests.dll" adapterTypeName="executor://mstestadapter/v4" className="DarkGreyRPG.Studio.Wpf.Tests.GraphInteraction0331Tests" name="LayoutCompletionReanchorsVisibleAndHitWiresAfterRepeatedUndoRedo" />
    </UnitTest>
    <UnitTest name="ActionOptionItemsRemainStableWhileParametersChange" storage="e:\java\minecraftmod\darkgrey_rpg\studio\src\darkgreyrpg.studio.wpf.tests\bin\release\net10.0-windows\darkgreyrpg.studio.wpf.tests.dll" id="155b8343-c064-89af-b7a3-eb6eab8e2263">
      <Execution id="a7258f00-0536-43e7-a3e6-234516c80d52" />
      <TestMethod codeBase="E:\Java\MinecraftMod\DarkGrey_RPG\studio\src\DarkGreyRPG.Studio.Wpf.Tests\bin\Release\net10.0-windows\DarkGreyRPG.Studio.Wpf.Tests.dll" adapterTypeName="executor://mstestadapter/v4" className="DarkGreyRPG.Studio.Wpf.Tests.DropdownIdentity0331Tests" name="ActionOptionItemsRemainStableWhileParametersChange" />
    </UnitTest>
    <UnitTest name="InteractActorPickerRetainsUnknownIdAndResolvesKnownChoice" storage="e:\java\minecraftmod\darkgrey_rpg\studio\src\darkgreyrpg.studio.wpf.tests\bin\release\net10.0-windows\darkgreyrpg.studio.wpf.tests.dll" id="1a7a9b8e-26bc-8aee-96cd-98d9c110c3f9">
      <Execution id="401cae62-a38b-4100-854c-864f58ec1687" />
      <TestMethod codeBase="E:\Java\MinecraftMod\DarkGrey_RPG\studio\src\DarkGreyRPG.Studio.Wpf.Tests\bin\Release\net10.0-windows\DarkGreyRPG.Studio.Wpf.Tests.dll" adapterTypeName="executor://mstestadapter/v4" className="DarkGreyRPG.Studio.Wpf.Tests.CanonicalTaskObjectiveInspectorTests" name="InteractActorPickerRetainsUnknownIdAndResolvesKnownChoice" />
    </UnitTest>
    <UnitTest name="ObjectiveActorChangeSynchronizesEveryInspectorForTheSameNode" storage="e:\java\minecraftmod\darkgrey_rpg\studio\src\darkgreyrpg.studio.wpf.tests\bin\release\net10.0-windows\darkgreyrpg.studio.wpf.tests.dll" id="1385b7cc-7a64-82ce-a0f0-636f0ff4be98">
      <Execution id="b19c5575-1665-42e6-bde5-50a002f5f381" />
      <TestMethod codeBase="E:\Java\MinecraftMod\DarkGrey_RPG\studio\src\DarkGreyRPG.Studio.Wpf.Tests\bin\Release\net10.0-windows\DarkGreyRPG.Studio.Wpf.Tests.dll" adapterTypeName="executor://mstestadapter/v4" className="DarkGreyRPG.Studio.Wpf.Tests.CanonicalTaskObjectiveInspectorTests" name="ObjectiveActorChangeSynchronizesEveryInspectorForTheSameNode" />
    </UnitTest>
    <UnitTest name="InspectorUsesFirstAvailableActorOrFailsAtomically" storage="e:\java\minecraftmod\darkgrey_rpg\studio\src\darkgreyrpg.studio.wpf.tests\bin\release\net10.0-windows\darkgreyrpg.studio.wpf.tests.dll" id="1de9c2ed-c2a4-8599-99ca-2320a874d6bd">
      <Execution id="35bceaf6-4304-484b-850c-fb92a6b44e93" />
      <TestMethod codeBase="E:\Java\MinecraftMod\DarkGrey_RPG\studio\src\DarkGreyRPG.Studio.Wpf.Tests\bin\Release\net10.0-windows\DarkGreyRPG.Studio.Wpf.Tests.dll" adapterTypeName="executor://mstestadapter/v4" className="DarkGreyRPG.Studio.Wpf.Tests.CanonicalTaskObjectiveInspectorTests" name="InspectorUsesFirstAvailableActorOrFailsAtomically" />
    </UnitTest>
    <UnitTest name="ParameterBlankHitRemainsDraggableWhileRenderedEditorControlsOwnPresses" storage="e:\java\minecraftmod\darkgrey_rpg\studio\src\darkgreyrpg.studio.wpf.tests\bin\release\net10.0-windows\darkgreyrpg.studio.wpf.tests.dll" id="1e96485f-ae25-8ee0-b4ed-26834d24b5a3">
      <Execution id="0990aabe-78e9-4a16-a35c-7884dd2a59e7" />
      <TestMethod codeBase="E:\Java\MinecraftMod\DarkGrey_RPG\studio\src\DarkGreyRPG.Studio.Wpf.Tests\bin\Release\net10.0-windows\DarkGreyRPG.Studio.Wpf.Tests.dll" adapterTypeName="executor://mstestadapter/v4" className="DarkGreyRPG.Studio.Wpf.Tests.GraphInteraction0331Tests" name="ParameterBlankHitRemainsDraggableWhileRenderedEditorControlsOwnPresses" />
    </UnitTest>
    <UnitTest name="InspectorPrerequisiteToggleProjectsStablePortAndHelperContract" storage="e:\java\minecraftmod\darkgrey_rpg\studio\src\darkgreyrpg.studio.wpf.tests\bin\release\net10.0-windows\darkgreyrpg.studio.wpf.tests.dll" id="1a58ead3-0830-8e18-914b-c532aa4f9424">
      <Execution id="5caa8f5e-04b1-4857-97be-763b72fb6d6e" />
      <TestMethod codeBase="E:\Java\MinecraftMod\DarkGrey_RPG\studio\src\DarkGreyRPG.Studio.Wpf.Tests\bin\Release\net10.0-windows\DarkGreyRPG.Studio.Wpf.Tests.dll" adapterTypeName="executor://mstestadapter/v4" className="DarkGreyRPG.Studio.Wpf.Tests.CanonicalTaskObjectiveInspectorTests" name="InspectorPrerequisiteToggleProjectsStablePortAndHelperContract" />
    </UnitTest>
  </TestDefinitions>
  <TestEntries>
    <TestEntry testId="1b3ab465-03c3-825e-95ec-990a2ce0d5fe" executionId="1f6578e8-50e4-45a9-88ea-b6b1be345f4c" testListId="8c84fa94-04c1-424b-9868-57a2d4851a1d" />
    <TestEntry testId="10935d5c-97fa-8940-b6d8-7888af86f836" executionId="c3005439-743a-4697-9249-1fbad798ec89" testListId="8c84fa94-04c1-424b-9868-57a2d4851a1d" />
    <TestEntry testId="1385b7cc-7a64-82ce-a0f0-636f0ff4be98" executionId="b19c5575-1665-42e6-bde5-50a002f5f381" testListId="8c84fa94-04c1-424b-9868-57a2d4851a1d" />
    <TestEntry testId="1ca2f541-d65f-8b39-b054-726ebc240800" executionId="259f2728-a131-45b1-a9e5-eccc013d71a6" testListId="8c84fa94-04c1-424b-9868-57a2d4851a1d" />
    <TestEntry testId="1a58ead3-0830-8e18-914b-c532aa4f9424" executionId="5caa8f5e-04b1-4857-97be-763b72fb6d6e" testListId="8c84fa94-04c1-424b-9868-57a2d4851a1d" />
    <TestEntry testId="1af321da-c2b8-81e2-973d-8471c2e4bd39" executionId="a806d8e5-1c34-4bda-ae68-5a7a42955e11" testListId="8c84fa94-04c1-424b-9868-57a2d4851a1d" />
    <TestEntry testId="14430c1f-aaf7-89d4-85c8-39bf1b120d01" executionId="28bacf54-6d34-41c6-a638-a9cb68828ad4" testListId="8c84fa94-04c1-424b-9868-57a2d4851a1d" />
    <TestEntry testId="1de9c2ed-c2a4-8599-99ca-2320a874d6bd" executionId="35bceaf6-4304-484b-850c-fb92a6b44e93" testListId="8c84fa94-04c1-424b-9868-57a2d4851a1d" />
    <TestEntry testId="1a7a9b8e-26bc-8aee-96cd-98d9c110c3f9" executionId="401cae62-a38b-4100-854c-864f58ec1687" testListId="8c84fa94-04c1-424b-9868-57a2d4851a1d" />
    <TestEntry testId="1e96485f-ae25-8ee0-b4ed-26834d24b5a3" executionId="0990aabe-78e9-4a16-a35c-7884dd2a59e7" testListId="8c84fa94-04c1-424b-9868-57a2d4851a1d" />
    <TestEntry testId="1022ec21-560f-890a-8a6e-a780b2c94f16" executionId="e134fbfb-aee7-4ffb-9e8f-7994ec3f75fa" testListId="8c84fa94-04c1-424b-9868-57a2d4851a1d" />
    <TestEntry testId="1d8984ab-cc2e-8dca-a1b0-c443a12cd466" executionId="791c56a1-0281-4f51-9fbd-709036cdf3da" testListId="8c84fa94-04c1-424b-9868-57a2d4851a1d" />
    <TestEntry testId="185037b3-97c5-820a-b537-00955db90686" executionId="125413db-e17d-493b-bd16-3fa59aa9257e" testListId="8c84fa94-04c1-424b-9868-57a2d4851a1d" />
    <TestEntry testId="12fcdd17-e6fa-8306-af1c-64239c046b78" executionId="d7e3e463-5535-47f5-94de-0a6e5bd8f42e" testListId="8c84fa94-04c1-424b-9868-57a2d4851a1d" />
    <TestEntry testId="1b8c8b17-3a92-8a72-af10-e90451dd065f" executionId="d7e062f4-02b7-4788-8aa7-74324ae9344c" testListId="8c84fa94-04c1-424b-9868-57a2d4851a1d" />
    <TestEntry testId="155b8343-c064-89af-b7a3-eb6eab8e2263" executionId="a7258f00-0536-43e7-a3e6-234516c80d52" testListId="8c84fa94-04c1-424b-9868-57a2d4851a1d" />
  </TestEntries>
  <TestLists>
    <TestList name="列表中未列出的结果" id="8c84fa94-04c1-424b-9868-57a2d4851a1d" />
    <TestList name="所有已加载的结果" id="19431567-8539-422a-85d7-44ee4e166bda" />
  </TestLists>
  <ResultSummary outcome="Failed">
    <Counters total="16" executed="16" passed="15" failed="1" error="0" timeout="0" aborted="0" inconclusive="0" passedButRunAborted="0" notRunnable="0" notExecuted="0" disconnected="0" warning="0" completed="0" inProgress="0" pending="0" />
    <Output>
      <StdOut>已为 E:\Java\MinecraftMod\DarkGrey_RPG\studio\src\DarkGreyRPG.Studio.Wpf.Tests\bin\Release\net10.0-windows\DarkGreyRPG.Studio.Wpf.Tests.dll 启用测试并行化(Workers: 12，Scope: MethodLevel)&#xD;
</StdOut>
    </Output>
  </ResultSummary>
</TestRun>