<?xml version="1.0" encoding="utf-8"?>
<TestRun id="37a2a17d-bde6-4623-b958-310b2180979b" name="GreyHat@LAPTOP-F7PUVUPO 2026-09-02 01:56:41" runUser="LAPTOP-F7PUVUPO\GreyHat" xmlns="http://microsoft.com/schemas/VisualStudio/TeamTest/2010">
  <Times creation="2026-09-02T01:56:41.7488791+08:00" queuing="2026-09-02T01:56:41.7488793+08:00" start="2026-09-02T01:56:41.0738252+08:00" finish="2026-09-02T01:56:42.9450210+08:00" />
  <TestSettings name="default" id="20a938bc-9f74-4112-9ddb-b968a1d081d8">
    <Deployment runDeploymentRoot="GreyHat_LAPTOP-F7PUVUPO_2026-09-02_01_56_41" />
  </TestSettings>
  <Results>
    <UnitTestResult executionId="8a8d6712-46c4-4382-be7c-4a38b6b408db" testId="11c1e102-b176-8e8e-859a-f26ab8982d6e" testName="StoryWithOwnedResourcesIsDeletedWithItsHomeResources" computerName="LAPTOP-F7PUVUPO" duration="00:00:00.1289096" startTime="2026-09-02T01:56:42.6409550+08:00" endTime="2026-09-02T01:56:42.7699271+08:00" testType="13cdc9d9-ddb5-4fa4-a97d-d965ccfc6d4b" outcome="Passed" testListId="8c84fa94-04c1-424b-9868-57a2d4851a1d" relativeResultsDirectory="8a8d6712-46c4-4382-be7c-4a38b6b408db" />
    <UnitTestResult executionId="519c3213-1b7a-4ac3-869a-e4592105272e" testId="1903f853-a0a4-8117-ac63-d8cc65046612" testName="AlwaysFailingMembershipWriterStillRestoresAndReportsBothFailures" computerName="LAPTOP-F7PUVUPO" duration="00:00:00.0746269" startTime="2026-09-02T01:56:42.3043532+08:00" endTime="2026-09-02T01:56:42.3790337+08:00" testType="13cdc9d9-ddb5-4fa4-a97d-d965ccfc6d4b" outcome="Passed" testListId="8c84fa94-04c1-424b-9868-57a2d4851a1d" relativeResultsDirectory="519c3213-1b7a-4ac3-869a-e4592105272e" />
    <UnitTestResult executionId="7a021ddb-5c9a-4e42-9f5d-a22dc5c3b774" testId="12c1cee5-df41-8d1d-8d6e-de7177650ef5" testName="ProjectionRejectsInvalidBoundaryIdentityAndKind" computerName="LAPTOP-F7PUVUPO" duration="00:00:00.0009029" startTime="2026-09-02T01:56:42.5087473+08:00" endTime="2026-09-02T01:56:42.5097023+08:00" testType="13cdc9d9-ddb5-4fa4-a97d-d965ccfc6d4b" outcome="Passed" testListId="8c84fa94-04c1-424b-9868-57a2d4851a1d" relativeResultsDirectory="7a021ddb-5c9a-4e42-9f5d-a22dc5c3b774" />
    <UnitTestResult executionId="5114ee67-6361-42a5-9c5a-4a6b699a500d" testId="19c310c8-145e-8684-9a83-6d10ee5960fd" testName="OpenDocumentOwnsEditableGraphAndProducesDetachedPersistenceSnapshot" computerName="LAPTOP-F7PUVUPO" duration="00:00:00.0009036" startTime="2026-09-02T01:56:42.5010161+08:00" endTime="2026-09-02T01:56:42.5019640+08:00" testType="13cdc9d9-ddb5-4fa4-a97d-d965ccfc6d4b" outcome="Passed" testListId="8c84fa94-04c1-424b-9868-57a2d4851a1d" relativeResultsDirectory="5114ee67-6361-42a5-9c5a-4a6b699a500d" />
    <UnitTestResult executionId="5c242fcf-681c-4e08-81fa-eebe79592b53" testId="1456ad77-2dae-8c88-b8a1-eafa153c56ae" testName="StoryKindAndInvalidOwnershipAreRejectedWithStableCodes" computerName="LAPTOP-F7PUVUPO" duration="00:00:00.0279364" startTime="2026-09-02T01:56:42.3217750+08:00" endTime="2026-09-02T01:56:42.3497835+08:00" testType="13cdc9d9-ddb5-4fa4-a97d-d965ccfc6d4b" outcome="Passed" testListId="8c84fa94-04c1-424b-9868-57a2d4851a1d" relativeResultsDirectory="5c242fcf-681c-4e08-81fa-eebe79592b53" />
    <UnitTestResult executionId="028b991c-42c7-42dd-a943-454af9cfe072" testId="15f789c1-5649-8199-a935-734f3e05e48a" testName="EntryPresentationSerializesAsStructuredConfiguration" computerName="LAPTOP-F7PUVUPO" duration="00:00:00.0006609" startTime="2026-09-02T01:56:42.5228177+08:00" endTime="2026-09-02T01:56:42.5235363+08:00" testType="13cdc9d9-ddb5-4fa4-a97d-d965ccfc6d4b" outcome="Passed" testListId="8c84fa94-04c1-424b-9868-57a2d4851a1d" relativeResultsDirectory="028b991c-42c7-42dd-a943-454af9cfe072" />
    <UnitTestResult executionId="d20065ad-db05-4525-a2ea-146fc3cfde38" testId="1730e3c7-2dff-80be-afa1-51d85ae25634" testName="FactoryCreatesFreshFixedPortsAndPropertiesWithoutDynamicSlots" computerName="LAPTOP-F7PUVUPO" duration="00:00:00.0012457" startTime="2026-09-02T01:56:42.4888473+08:00" endTime="2026-09-02T01:56:42.4901412+08:00" testType="13cdc9d9-ddb5-4fa4-a97d-d965ccfc6d4b" outcome="Passed" testListId="8c84fa94-04c1-424b-9868-57a2d4851a1d" relativeResultsDirectory="d20065ad-db05-4525-a2ea-146fc3cfde38" />
    <UnitTestResult executionId="95131ca3-bfb7-45fb-a917-f8cb993c51e6" testId="109a52c9-c06b-850e-8c8e-5917800d0cbb" testName="RemovingReferenceCleansEveryAggregatePlacementAndIncidentConnectionOnly" computerName="LAPTOP-F7PUVUPO" duration="00:00:00.1373772" startTime="2026-09-02T01:56:42.2549845+08:00" endTime="2026-09-02T01:56:42.3924330+08:00" testType="13cdc9d9-ddb5-4fa4-a97d-d965ccfc6d4b" outcome="Passed" testListId="8c84fa94-04c1-424b-9868-57a2d4851a1d" relativeResultsDirectory="95131ca3-bfb7-45fb-a917-f8cb993c51e6" />
    <UnitTestResult executionId="daed214d-702a-4472-9202-575114504d8a" testId="1488a1f5-6c45-8777-97fd-4559f73f293a" testName="PropertiesUseExactKindsRequiredFlagsAndDefaults" computerName="LAPTOP-F7PUVUPO" duration="00:00:00.0148777" startTime="2026-09-02T01:56:42.4885412+08:00" endTime="2026-09-02T01:56:42.5034687+08:00" testType="13cdc9d9-ddb5-4fa4-a97d-d965ccfc6d4b" outcome="Passed" testListId="8c84fa94-04c1-424b-9868-57a2d4851a1d" relativeResultsDirectory="daed214d-702a-4472-9202-575114504d8a" />
    <UnitTestResult executionId="d4a62fd8-9eeb-4635-b271-c685178dea3c" testId="12f3eb77-cd72-87f9-969c-cc062643481c" testName="ExternalReferencesExposeDescriptorsAndBlockDelete" computerName="LAPTOP-F7PUVUPO" duration="00:00:00.1074892" startTime="2026-09-02T01:56:42.5333508+08:00" endTime="2026-09-02T01:56:42.6409098+08:00" testType="13cdc9d9-ddb5-4fa4-a97d-d965ccfc6d4b" outcome="Passed" testListId="8c84fa94-04c1-424b-9868-57a2d4851a1d" relativeResultsDirectory="d4a62fd8-9eeb-4635-b271-c685178dea3c" />
    <UnitTestResult executionId="8a022153-bbd8-4748-92e5-84716241341e" testId="1341fccb-7bac-89f4-adce-04d6639a69bf" testName="CreateListLoadAndReplaceUseStableStoryFilename" computerName="LAPTOP-F7PUVUPO" duration="00:00:00.0420450" startTime="2026-09-02T01:56:42.2139116+08:00" endTime="2026-09-02T01:56:42.2561054+08:00" testType="13cdc9d9-ddb5-4fa4-a97d-d965ccfc6d4b" outcome="Passed" testListId="8c84fa94-04c1-424b-9868-57a2d4851a1d" relativeResultsDirectory="8a022153-bbd8-4748-92e5-84716241341e" />
    <UnitTestResult executionId="e2a1f31d-fbef-4a29-b47d-89c9f8041791" testId="1ea5a412-fefc-8e9d-8d42-6e6f6e0fe5e1" testName="FixedOnlyCandidatesAreLocalizedDetachedAndAuthoringValid (StoryFlow,&quot;terminate&quot;,&quot;终止&quot;)" computerName="LAPTOP-F7PUVUPO" duration="00:00:00.0008780" startTime="2026-09-02T01:56:42.4794538+08:00" endTime="2026-09-02T01:56:42.4804757+08:00" testType="13cdc9d9-ddb5-4fa4-a97d-d965ccfc6d4b" outcome="Passed" testListId="8c84fa94-04c1-424b-9868-57a2d4851a1d" relativeResultsDirectory="e2a1f31d-fbef-4a29-b47d-89c9f8041791" />
    <UnitTestResult executionId="aad3b0ab-9a27-4987-a4a6-91aecfcf6f6b" testId="1d138ae6-8c2b-8e93-a4b3-2823740e49cf" testName="DeletionPlanTreatsSameIdLegacyOwnershipAsMigrationMirror" computerName="LAPTOP-F7PUVUPO" duration="00:00:00.1421547" startTime="2026-09-02T01:56:41.9145326+08:00" endTime="2026-09-02T01:56:42.0567701+08:00" testType="13cdc9d9-ddb5-4fa4-a97d-d965ccfc6d4b" outcome="Passed" testListId="8c84fa94-04c1-424b-9868-57a2d4851a1d" relativeResultsDirectory="aad3b0ab-9a27-4987-a4a6-91aecfcf6f6b" />
    <UnitTestResult executionId="d34c02ac-692f-4079-b1b2-f6e48ef67014" testId="1464a9d2-5728-80ed-a2fe-825551b5b9bf" testName="ReferenceAndRemovalPreserveOtherMembershipOrder" computerName="LAPTOP-F7PUVUPO" duration="00:00:00.1970998" startTime="2026-09-02T01:56:42.2395631+08:00" endTime="2026-09-02T01:56:42.4367352+08:00" testType="13cdc9d9-ddb5-4fa4-a97d-d965ccfc6d4b" outcome="Passed" testListId="8c84fa94-04c1-424b-9868-57a2d4851a1d" relativeResultsDirectory="d34c02ac-692f-4079-b1b2-f6e48ef67014" />
    <UnitTestResult executionId="8d38fafa-734b-478e-8ed6-a25b56f19ae0" testId="188a6685-ad6c-8fc3-a537-5611f64a4e8e" testName="SessionProjectionKeepsStableDynamicOutputsAndFixedInputs" computerName="LAPTOP-F7PUVUPO" duration="00:00:00.0010076" startTime="2026-09-02T01:56:42.5053197+08:00" endTime="2026-09-02T01:56:42.5063738+08:00" testType="13cdc9d9-ddb5-4fa4-a97d-d965ccfc6d4b" outcome="Passed" testListId="8c84fa94-04c1-424b-9868-57a2d4851a1d" relativeResultsDirectory="8d38fafa-734b-478e-8ed6-a25b56f19ae0" />
    <UnitTestResult executionId="92ba931d-79c0-4174-ac0f-ae0faee05653" testId="1aa173d9-4764-802a-98fb-2927babcd43f" testName="ProjectionRejectsReservedBoundaryIds" computerName="LAPTOP-F7PUVUPO" duration="00:00:00.0002456" startTime="2026-09-02T01:56:42.5075113+08:00" endTime="2026-09-02T01:56:42.5077971+08:00" testType="13cdc9d9-ddb5-4fa4-a97d-d965ccfc6d4b" outcome="Passed" testListId="8c84fa94-04c1-424b-9868-57a2d4851a1d" relativeResultsDirectory="92ba931d-79c0-4174-ac0f-ae0faee05653" />
    <UnitTestResult executionId="b971d0c8-62b8-42eb-a877-e00185cec8db" testId="189c47f3-5b6d-81aa-8be3-805472915b78" testName="InvalidSavePreservesExistingFileAndDirtyDocument" computerName="LAPTOP-F7PUVUPO" duration="00:00:00.0803292" startTime="2026-09-02T01:56:41.6215555+08:00" endTime="2026-09-02T01:56:41.7198334+08:00" testType="13cdc9d9-ddb5-4fa4-a97d-d965ccfc6d4b" outcome="Passed" testListId="8c84fa94-04c1-424b-9868-57a2d4851a1d" relativeResultsDirectory="b971d0c8-62b8-42eb-a877-e00185cec8db" />
    <UnitTestResult executionId="9cb8d661-4368-420c-a9af-38902673b8dd" testId="14837ad7-4ef3-8f9e-ad93-7b877415466b" testName="FailedAtomicReplacePreservesExistingFile" computerName="LAPTOP-F7PUVUPO" duration="00:00:00.0163338" startTime="2026-09-02T01:56:42.5031648+08:00" endTime="2026-09-02T01:56:42.5195402+08:00" testType="13cdc9d9-ddb5-4fa4-a97d-d965ccfc6d4b" outcome="Passed" testListId="8c84fa94-04c1-424b-9868-57a2d4851a1d" relativeResultsDirectory="9cb8d661-4368-420c-a9af-38902673b8dd" />
    <UnitTestResult executionId="d462703d-5912-40c4-b772-fc108d13fe1a" testId="1d7309aa-4385-8854-be93-611998461171" testName="RollbackLastEditRestoresRedoHistoryDisplacedByOuterTransaction" computerName="LAPTOP-F7PUVUPO" duration="00:00:00.0014483" startTime="2026-09-02T01:56:42.4794495+08:00" endTime="2026-09-02T01:56:42.4809422+08:00" testType="13cdc9d9-ddb5-4fa4-a97d-d965ccfc6d4b" outcome="Passed" testListId="8c84fa94-04c1-424b-9868-57a2d4851a1d" relativeResultsDirectory="d462703d-5912-40c4-b772-fc108d13fe1a" />
    <UnitTestResult executionId="dcc16069-b90e-42e1-b254-c24bea43bb48" testId="15280f7e-de62-87de-94c9-e86ff310ecc1" testName="DeletionPlanBlocksOtherStoryAndSuccessfulDeleteRemovesOwnerOnly" computerName="LAPTOP-F7PUVUPO" duration="00:00:00.1231047" startTime="2026-09-02T01:56:42.2439052+08:00" endTime="2026-09-02T01:56:42.3671068+08:00" testType="13cdc9d9-ddb5-4fa4-a97d-d965ccfc6d4b" outcome="Passed" testListId="8c84fa94-04c1-424b-9868-57a2d4851a1d" relativeResultsDirectory="dcc16069-b90e-42e1-b254-c24bea43bb48" />
    <UnitTestResult executionId="0e08509d-df4e-4b61-a0e4-87a7de619f1f" testId="104af8ef-774f-8c36-84e9-dabe044affe2" testName="DialoguePreviewMapsLineChoiceJumpAndNamedEndWithoutMutatingSource" computerName="LAPTOP-F7PUVUPO" duration="00:00:00.0392219" startTime="2026-09-02T01:56:41.7746770+08:00" endTime="2026-09-02T01:56:41.8140101+08:00" testType="13cdc9d9-ddb5-4fa4-a97d-d965ccfc6d4b" outcome="Passed" testListId="8c84fa94-04c1-424b-9868-57a2d4851a1d" relativeResultsDirectory="0e08509d-df4e-4b61-a0e4-87a7de619f1f" />
    <UnitTestResult executionId="8a9c3485-e8f4-41cc-9dfa-2caa932013ef" testId="1b3616f8-5ea6-88f8-a3f9-d156429a6cf4" testName="NewConnectionToObsoletePortAfterAnalysisFailsClosedEvenWhenConfirmed" computerName="LAPTOP-F7PUVUPO" duration="00:00:00.0525046" startTime="2026-09-02T01:56:41.7286645+08:00" endTime="2026-09-02T01:56:41.7812227+08:00" testType="13cdc9d9-ddb5-4fa4-a97d-d965ccfc6d4b" outcome="Passed" testListId="8c84fa94-04c1-424b-9868-57a2d4851a1d" relativeResultsDirectory="8a9c3485-e8f4-41cc-9dfa-2caa932013ef" />
    <UnitTestResult executionId="a9670ce0-d757-4977-9653-681de5128e57" testId="1cbacfdd-d0f7-8a55-8adb-2645896fd800" testName="ResourceDisplayRenameDoesNotChangeKindAndIdKey" computerName="LAPTOP-F7PUVUPO" duration="00:00:00.0001245" startTime="2026-09-02T01:56:41.7695359+08:00" endTime="2026-09-02T01:56:41.7697175+08:00" testType="13cdc9d9-ddb5-4fa4-a97d-d965ccfc6d4b" outcome="Passed" testListId="8c84fa94-04c1-424b-9868-57a2d4851a1d" relativeResultsDirectory="a9670ce0-d757-4977-9653-681de5128e57" />
    <UnitTestResult executionId="8422d547-f6f0-47b6-82a3-02502b1b1b50" testId="1064fafa-59fa-8e3e-aba7-2d4516afa31a" testName="UnknownNodeCanBeRemovedToRepairMalformedDraft" computerName="LAPTOP-F7PUVUPO" duration="00:00:00.0004447" startTime="2026-09-02T01:56:42.4720448+08:00" endTime="2026-09-02T01:56:42.4725342+08:00" testType="13cdc9d9-ddb5-4fa4-a97d-d965ccfc6d4b" outcome="Passed" testListId="8c84fa94-04c1-424b-9868-57a2d4851a1d" relativeResultsDirectory="8422d547-f6f0-47b6-82a3-02502b1b1b50" />
    <UnitTestResult executionId="a22a961a-2456-4990-8605-7bbaf3abdda1" testId="18eae68c-4689-804b-b444-65414779585b" testName="CreatesIndividualAndGroupWithoutChangingMembershipSchema" computerName="LAPTOP-F7PUVUPO" duration="00:00:00.1817238" startTime="2026-09-02T01:56:42.0576926+08:00" endTime="2026-09-02T01:56:42.2395176+08:00" testType="13cdc9d9-ddb5-4fa4-a97d-d965ccfc6d4b" outcome="Passed" testListId="8c84fa94-04c1-424b-9868-57a2d4851a1d" relativeResultsDirectory="a22a961a-2456-4990-8605-7bbaf3abdda1" />
    <UnitTestResult executionId="daee2c1b-b5ad-403a-b660-8121fa5442b0" testId="14c69052-3898-8aea-8f4b-ac2969b607c3" testName="DeleteRollbackRestoresExactActorAndMembershipBytes" computerName="LAPTOP-F7PUVUPO" duration="00:00:00.1477602" startTime="2026-09-02T01:56:41.9438757+08:00" endTime="2026-09-02T01:56:42.0917234+08:00" testType="13cdc9d9-ddb5-4fa4-a97d-d965ccfc6d4b" outcome="Passed" testListId="8c84fa94-04c1-424b-9868-57a2d4851a1d" relativeResultsDirectory="daee2c1b-b5ad-403a-b660-8121fa5442b0" />
    <UnitTestResult executionId="9f863f8e-3dce-4e66-b338-9561b0da7f13" testId="127cfd0f-d462-8f4f-9d8c-19aaed495069" testName="DerivationIsDeterministicAndDetached" computerName="LAPTOP-F7PUVUPO" duration="00:00:00.0549106" startTime="2026-09-02T01:56:41.8718611+08:00" endTime="2026-09-02T01:56:41.9268547+08:00" testType="13cdc9d9-ddb5-4fa4-a97d-d965ccfc6d4b" outcome="Passed" testListId="8c84fa94-04c1-424b-9868-57a2d4851a1d" relativeResultsDirectory="9f863f8e-3dce-4e66-b338-9561b0da7f13" />
    <UnitTestResult executionId="bee7a81c-ffca-4053-9c51-15f696f41201" testId="1176d4c5-eac0-853b-99db-1fcd3e0a7c61" testName="AtomicWriteReplacesExistingFileAndRemovesTemporaryFile" computerName="LAPTOP-F7PUVUPO" duration="00:00:00.0178605" startTime="2026-09-02T01:56:41.7259878+08:00" endTime="2026-09-02T01:56:41.7439405+08:00" testType="13cdc9d9-ddb5-4fa4-a97d-d965ccfc6d4b" outcome="Passed" testListId="8c84fa94-04c1-424b-9868-57a2d4851a1d" relativeResultsDirectory="bee7a81c-ffca-4053-9c51-15f696f41201" />
    <UnitTestResult executionId="591fb9a0-e41a-4c33-837e-53d6581abb38" testId="1d6b8e36-bff3-82a3-a01a-d90541481b55" testName="CollectiveResourceRoundTripsWithOnlyItsStudioFields" computerName="LAPTOP-F7PUVUPO" duration="00:00:00.0005637" startTime="2026-09-02T01:56:42.5181666+08:00" endTime="2026-09-02T01:56:42.5187731+08:00" testType="13cdc9d9-ddb5-4fa4-a97d-d965ccfc6d4b" outcome="Passed" testListId="8c84fa94-04c1-424b-9868-57a2d4851a1d" relativeResultsDirectory="591fb9a0-e41a-4c33-837e-53d6581abb38" />
    <UnitTestResult executionId="0cfcb660-9dec-40ee-b387-fe773128c2dc" testId="1ac17de5-0a45-85ea-83f7-9b1c22ad0b15" testName="RoundTripStoresFinitePositionsInStudioSidecar" computerName="LAPTOP-F7PUVUPO" duration="00:00:00.0223692" startTime="2026-09-02T01:56:41.7444697+08:00" endTime="2026-09-02T01:56:41.7669471+08:00" testType="13cdc9d9-ddb5-4fa4-a97d-d965ccfc6d4b" outcome="Passed" testListId="8c84fa94-04c1-424b-9868-57a2d4851a1d" relativeResultsDirectory="0cfcb660-9dec-40ee-b387-fe773128c2dc" />
    <UnitTestResult executionId="71ed5afe-3be2-4751-adc3-fd449539d255" testId="13d1fe92-33f3-8b9c-b27c-e891563e8cfc" testName="StorySessionAndTaskKeysDoNotCrossLoad" computerName="LAPTOP-F7PUVUPO" duration="00:00:00.0224408" startTime="2026-09-02T01:56:41.7575423+08:00" endTime="2026-09-02T01:56:41.7800504+08:00" testType="13cdc9d9-ddb5-4fa4-a97d-d965ccfc6d4b" outcome="Passed" testListId="8c84fa94-04c1-424b-9868-57a2d4851a1d" relativeResultsDirectory="71ed5afe-3be2-4751-adc3-fd449539d255" />
    <UnitTestResult executionId="be36c686-015d-4a4a-826c-7fbc0d77d845" testId="124cd579-fe40-82a3-96d5-ca5eb934baa9" testName="SessionPublicBoundariesReceiveOpaqueStableIdsAndAuthorFacingNames (&quot;logic_output&quot;,&quot;逻辑输出&quot;)" computerName="LAPTOP-F7PUVUPO" duration="00:00:00.0003558" startTime="2026-09-02T01:56:42.4852504+08:00" endTime="2026-09-02T01:56:42.4856635+08:00" testType="13cdc9d9-ddb5-4fa4-a97d-d965ccfc6d4b" outcome="Passed" testListId="8c84fa94-04c1-424b-9868-57a2d4851a1d" relativeResultsDirectory="be36c686-015d-4a4a-826c-7fbc0d77d845" />
    <UnitTestResult executionId="9d1fe281-09a7-4ad8-a820-dbd12d643e29" testId="1acc83b4-eab2-8359-9df1-e49c02ba45ae" testName="DialogueDraftSaveWritesResourceAndOwnershipAndRestartLoadsBoth" computerName="LAPTOP-F7PUVUPO" duration="00:00:00.0894683" startTime="2026-09-02T01:56:42.3789744+08:00" endTime="2026-09-02T01:56:42.4684970+08:00" testType="13cdc9d9-ddb5-4fa4-a97d-d965ccfc6d4b" outcome="Passed" testListId="8c84fa94-04c1-424b-9868-57a2d4851a1d" relativeResultsDirectory="9d1fe281-09a7-4ad8-a820-dbd12d643e29" />
    <UnitTestResult executionId="a32985ab-6229-4f57-b6f7-7c4175e1d1de" testId="1d1e39b8-6d37-8195-81bd-01be7c303473" testName="FailedAtomicReplacePreservesExistingManifest" computerName="LAPTOP-F7PUVUPO" duration="00:00:00.0171904" startTime="2026-09-02T01:56:42.2370562+08:00" endTime="2026-09-02T01:56:42.2542964+08:00" testType="13cdc9d9-ddb5-4fa4-a97d-d965ccfc6d4b" outcome="Passed" testListId="8c84fa94-04c1-424b-9868-57a2d4851a1d" relativeResultsDirectory="a32985ab-6229-4f57-b6f7-7c4175e1d1de" />
    <UnitTestResult executionId="45d8575d-342c-435a-bed0-8939122ad2cf" testId="158101e9-d021-8fce-b5a4-7afa2cbac258" testName="RegistryContainsDocumentedTypesAndRequiredMetadata" computerName="LAPTOP-F7PUVUPO" duration="00:00:00.0011151" startTime="2026-09-02T01:56:42.5031830+08:00" endTime="2026-09-02T01:56:42.5044005+08:00" testType="13cdc9d9-ddb5-4fa4-a97d-d965ccfc6d4b" outcome="Passed" testListId="8c84fa94-04c1-424b-9868-57a2d4851a1d" relativeResultsDirectory="45d8575d-342c-435a-bed0-8939122ad2cf" />
    <UnitTestResult executionId="e6f7cfd3-8ed7-4c16-a5cc-9c4b3b220841" testId="138ac9b3-a92b-84a1-8e09-67ee5fec5c6c" testName="DeleteRemovesActorFromDiskAndList" computerName="LAPTOP-F7PUVUPO" duration="00:00:00.0801287" startTime="2026-09-02T01:56:41.6215316+08:00" endTime="2026-09-02T01:56:41.7196414+08:00" testType="13cdc9d9-ddb5-4fa4-a97d-d965ccfc6d4b" outcome="Passed" testListId="8c84fa94-04c1-424b-9868-57a2d4851a1d" relativeResultsDirectory="e6f7cfd3-8ed7-4c16-a5cc-9c4b3b220841" />
    <UnitTestResult executionId="24d723ed-a5f4-4f99-b914-73dfdc09bf7b" testId="1b3c7387-46e6-8655-a272-f61ecac2adea" testName="ResourceStageFailureLeavesDraftAndNoResource" computerName="LAPTOP-F7PUVUPO" duration="00:00:00.0808008" startTime="2026-09-02T01:56:42.3790670+08:00" endTime="2026-09-02T01:56:42.4599244+08:00" testType="13cdc9d9-ddb5-4fa4-a97d-d965ccfc6d4b" outcome="Passed" testListId="8c84fa94-04c1-424b-9868-57a2d4851a1d" relativeResultsDirectory="24d723ed-a5f4-4f99-b914-73dfdc09bf7b" />
    <UnitTestResult executionId="65917293-77c6-4262-af98-2acb5683f5bc" testId="12c61085-845e-89c2-bb1a-1901c019e958" testName="OpenRepairsCurrentResourceMembershipToHomeStory" computerName="LAPTOP-F7PUVUPO" duration="00:00:00.1677222" startTime="2026-09-02T01:56:42.6436795+08:00" endTime="2026-09-02T01:56:42.8114815+08:00" testType="13cdc9d9-ddb5-4fa4-a97d-d965ccfc6d4b" outcome="Passed" testListId="8c84fa94-04c1-424b-9868-57a2d4851a1d" relativeResultsDirectory="65917293-77c6-4262-af98-2acb5683f5bc" />
    <UnitTestResult executionId="7777514f-5b86-4c26-bfd8-ea87bc8f54fa" testId="15217173-e4c0-827f-abbc-ba758ea07cca" testName="NodePropertyRemoveUndoRedoDoesNotAliasLiveOrHistoryValues" computerName="LAPTOP-F7PUVUPO" duration="00:00:00.0030668" startTime="2026-09-02T01:56:42.4794232+08:00" endTime="2026-09-02T01:56:42.4825449+08:00" testType="13cdc9d9-ddb5-4fa4-a97d-d965ccfc6d4b" outcome="Passed" testListId="8c84fa94-04c1-424b-9868-57a2d4851a1d" relativeResultsDirectory="7777514f-5b86-4c26-bfd8-ea87bc8f54fa" />
    <UnitTestResult executionId="cfd19228-074c-44b6-ba28-f34ffc82e967" testId="1e766b9b-9927-8e77-ab18-eff3cbf07aba" testName="InvalidIdsDuplicatesAndOwnershipOverlapHaveStableKindCodes" computerName="LAPTOP-F7PUVUPO" duration="00:00:00.0008908" startTime="2026-09-02T01:56:42.2102665+08:00" endTime="2026-09-02T01:56:42.2112029+08:00" testType="13cdc9d9-ddb5-4fa4-a97d-d965ccfc6d4b" outcome="Passed" testListId="8c84fa94-04c1-424b-9868-57a2d4851a1d" relativeResultsDirectory="cfd19228-074c-44b6-ba28-f34ffc82e967" />
    <UnitTestResult executionId="00255d6f-440b-4b72-8d9e-0dbae0b8e56a" testId="10315606-43fc-81b2-8f09-aa2c3b23f019" testName="AddRenameAndReorderKeepOptionsAndBothOutputKindsSynchronized" computerName="LAPTOP-F7PUVUPO" duration="00:00:00.0130705" startTime="2026-09-02T01:56:42.6281967+08:00" endTime="2026-09-02T01:56:42.6414457+08:00" testType="13cdc9d9-ddb5-4fa4-a97d-d965ccfc6d4b" outcome="Passed" testListId="8c84fa94-04c1-424b-9868-57a2d4851a1d" relativeResultsDirectory="00255d6f-440b-4b72-8d9e-0dbae0b8e56a" />
    <UnitTestResult executionId="a049bc8b-d160-4cef-a77b-eeb33aa29167" testId="13815e9a-68df-800f-b224-a2b0556012b7" testName="SaveReloadAndDisplayRenamePreserveStablePortConnections" computerName="LAPTOP-F7PUVUPO" duration="00:00:00.0809314" startTime="2026-09-02T01:56:42.2052367+08:00" endTime="2026-09-02T01:56:42.2863032+08:00" testType="13cdc9d9-ddb5-4fa4-a97d-d965ccfc6d4b" outcome="Passed" testListId="8c84fa94-04c1-424b-9868-57a2d4851a1d" relativeResultsDirectory="a049bc8b-d160-4cef-a77b-eeb33aa29167" />
    <UnitTestResult executionId="bb911325-2a1d-460e-a95e-79fd03b038fe" testId="1e625e1e-36e3-883c-af92-f13b0805107c" testName="ExplicitInitializationCreatesOnlyCanonicalSubdirectories" computerName="LAPTOP-F7PUVUPO" duration="00:00:00.0076305" startTime="2026-09-02T01:56:41.7899504+08:00" endTime="2026-09-02T01:56:41.7976585+08:00" testType="13cdc9d9-ddb5-4fa4-a97d-d965ccfc6d4b" outcome="Passed" testListId="8c84fa94-04c1-424b-9868-57a2d4851a1d" relativeResultsDirectory="bb911325-2a1d-460e-a95e-79fd03b038fe" />
    <UnitTestResult executionId="0223eb31-af21-469e-a081-8dc48d42c8f3" testId="147b5888-e28f-8998-9af5-f80b1862c687" testName="BuildRejectsCanonicalEnterStoryBeforeChangingOutput" computerName="LAPTOP-F7PUVUPO" duration="00:00:00.0375304" startTime="2026-09-02T01:56:42.7839831+08:00" endTime="2026-09-02T01:56:42.8217087+08:00" testType="13cdc9d9-ddb5-4fa4-a97d-d965ccfc6d4b" outcome="Passed" testListId="8c84fa94-04c1-424b-9868-57a2d4851a1d" relativeResultsDirectory="0223eb31-af21-469e-a081-8dc48d42c8f3" />
    <UnitTestResult executionId="968f4082-a223-4841-90e1-e2959e50d90c" testId="1366af40-dfe5-8e66-a9ac-7882234480ce" testName="RenameAndDeleteRefuseDirtyDocumentsAndCollisions" computerName="LAPTOP-F7PUVUPO" duration="00:00:00.1453203" startTime="2026-09-02T01:56:42.6186608+08:00" endTime="2026-09-02T01:56:42.7640587+08:00" testType="13cdc9d9-ddb5-4fa4-a97d-d965ccfc6d4b" outcome="Passed" testListId="8c84fa94-04c1-424b-9868-57a2d4851a1d" relativeResultsDirectory="968f4082-a223-4841-90e1-e2959e50d90c" />
    <UnitTestResult executionId="89aef218-5200-417d-bd85-56bb1cef1676" testId="1c652031-092d-8c40-a695-459a6c7fba98" testName="DefinitionsExposeTrimmedAuthoringMetadataInStableScopeOrder" computerName="LAPTOP-F7PUVUPO" duration="00:00:00.0092073" startTime="2026-09-02T01:56:42.4885329+08:00" endTime="2026-09-02T01:56:42.4977842+08:00" testType="13cdc9d9-ddb5-4fa4-a97d-d965ccfc6d4b" outcome="Passed" testListId="8c84fa94-04c1-424b-9868-57a2d4851a1d" relativeResultsDirectory="89aef218-5200-417d-bd85-56bb1cef1676" />
    <UnitTestResult executionId="b2872a09-e35b-464b-ba7b-8a39e82fbeac" testId="12a88141-5c32-8648-96c4-9bb71f2d7048" testName="DeletionPlanBlocksCanonicalReferenceAndDuplicateOwnership" computerName="LAPTOP-F7PUVUPO" duration="00:00:00.1859227" startTime="2026-09-02T01:56:41.9103839+08:00" endTime="2026-09-02T01:56:42.0963915+08:00" testType="13cdc9d9-ddb5-4fa4-a97d-d965ccfc6d4b" outcome="Passed" testListId="8c84fa94-04c1-424b-9868-57a2d4851a1d" relativeResultsDirectory="b2872a09-e35b-464b-ba7b-8a39e82fbeac" />
    <UnitTestResult executionId="8a74bb5c-a493-4206-bf39-670d560c6cde" testId="19679d79-1a89-833d-8508-f67563cc1817" testName="NewDialogueDraftStartsTrulyEmpty" computerName="LAPTOP-F7PUVUPO" duration="00:00:00.0016030" startTime="2026-09-02T01:56:42.3772146+08:00" endTime="2026-09-02T01:56:42.3789319+08:00" testType="13cdc9d9-ddb5-4fa4-a97d-d965ccfc6d4b" outcome="Passed" testListId="8c84fa94-04c1-424b-9868-57a2d4851a1d" relativeResultsDirectory="8a74bb5c-a493-4206-bf39-670d560c6cde" />
    <UnitTestResult executionId="b432a5c0-bba3-49e4-8670-a4dd7d7ce21a" testId="1599cf74-24f8-8ef4-bff0-1b5d85de98d5" testName="RemovesMissingReferencedResourceMembershipForRepair" computerName="LAPTOP-F7PUVUPO" duration="00:00:00.0714040" startTime="2026-09-02T01:56:42.2502255+08:00" endTime="2026-09-02T01:56:42.3217120+08:00" testType="13cdc9d9-ddb5-4fa4-a97d-d965ccfc6d4b" outcome="Passed" testListId="8c84fa94-04c1-424b-9868-57a2d4851a1d" relativeResultsDirectory="b432a5c0-bba3-49e4-8670-a4dd7d7ce21a" />
    <UnitTestResult executionId="e463d89f-aaea-44c4-9f2a-5d5af46018d2" testId="189fbac3-af2b-862c-93f1-b29575a1007b" testName="ExistingUnrelatedLogicCycleDoesNotBlockLocalEdit" computerName="LAPTOP-F7PUVUPO" duration="00:00:00.0012921" startTime="2026-09-02T01:56:42.4763639+08:00" endTime="2026-09-02T01:56:42.4777073+08:00" testType="13cdc9d9-ddb5-4fa4-a97d-d965ccfc6d4b" outcome="Passed" testListId="8c84fa94-04c1-424b-9868-57a2d4851a1d" relativeResultsDirectory="e463d89f-aaea-44c4-9f2a-5d5af46018d2" />
    <UnitTestResult executionId="187f23dd-2b44-49a9-979d-f63a37a88e13" testId="18d6ad0b-2541-88a9-8575-24ff21e3e6c3" testName="CreateOwnedRequiresCanonicalStoryAndRecordsHomeStoryAndMembership" computerName="LAPTOP-F7PUVUPO" duration="00:00:00.1343976" startTime="2026-09-02T01:56:41.8926022+08:00" endTime="2026-09-02T01:56:42.0271596+08:00" testType="13cdc9d9-ddb5-4fa4-a97d-d965ccfc6d4b" outcome="Passed" testListId="8c84fa94-04c1-424b-9868-57a2d4851a1d" relativeResultsDirectory="187f23dd-2b44-49a9-979d-f63a37a88e13" />
    <UnitTestResult executionId="63da021f-9026-4d26-9374-e55eed712fcd" testId="14ae81fa-5a77-8884-a069-b4b26282e6bd" testName="ReleaseOpenActorDropsCleanCacheAndRejectsDirtyDocuments" computerName="LAPTOP-F7PUVUPO" duration="00:00:00.0595024" startTime="2026-09-02T01:56:42.6169960+08:00" endTime="2026-09-02T01:56:42.6765939+08:00" testType="13cdc9d9-ddb5-4fa4-a97d-d965ccfc6d4b" outcome="Passed" testListId="8c84fa94-04c1-424b-9868-57a2d4851a1d" relativeResultsDirectory="63da021f-9026-4d26-9374-e55eed712fcd" />
    <UnitTestResult executionId="f5090cf7-6b5d-4ad7-a63d-5bf20a69723a" testId="19afec14-fd59-869c-9888-424bc7ec779a" testName="SessionPublicBoundariesReceiveOpaqueStableIdsAndAuthorFacingNames (&quot;end&quot;,&quot;结束&quot;)" computerName="LAPTOP-F7PUVUPO" duration="00:00:00.0007901" startTime="2026-09-02T01:56:42.4848185+08:00" endTime="2026-09-02T01:56:42.4856635+08:00" testType="13cdc9d9-ddb5-4fa4-a97d-d965ccfc6d4b" outcome="Passed" testListId="8c84fa94-04c1-424b-9868-57a2d4851a1d" relativeResultsDirectory="f5090cf7-6b5d-4ad7-a63d-5bf20a69723a" />
    <UnitTestResult executionId="78881016-8206-4a4d-9048-af3f85d0c826" testId="156a30c9-937f-897d-ade6-dd99e2245f17" testName="LegacySchemaOneKeepsItsExactShapeOnOrdinarySerialization" computerName="LAPTOP-F7PUVUPO" duration="00:00:00.0007758" startTime="2026-09-02T01:56:42.2124576+08:00" endTime="2026-09-02T01:56:42.2132984+08:00" testType="13cdc9d9-ddb5-4fa4-a97d-d965ccfc6d4b" outcome="Passed" testListId="8c84fa94-04c1-424b-9868-57a2d4851a1d" relativeResultsDirectory="78881016-8206-4a4d-9048-af3f85d0c826" />
    <UnitTestResult executionId="287670b4-97c1-4a33-bdb7-5e218885254f" testId="16e4d643-397d-8c54-bed9-a7acc089ec8e" testName="ScopePolicyRequiresUniqueEntryNodesAndRejectsWrongTypes" computerName="LAPTOP-F7PUVUPO" duration="00:00:00.0007404" startTime="2026-09-02T01:56:42.5044963+08:00" endTime="2026-09-02T01:56:42.5052889+08:00" testType="13cdc9d9-ddb5-4fa4-a97d-d965ccfc6d4b" outcome="Passed" testListId="8c84fa94-04c1-424b-9868-57a2d4851a1d" relativeResultsDirectory="287670b4-97c1-4a33-bdb7-5e218885254f" />
    <UnitTestResult executionId="60c2bd83-428d-4dd2-b163-b68373c0c53c" testId="1e28da38-5ab5-8acf-8d6f-e36a25680bcf" testName="UnknownFieldsAreRejected" computerName="LAPTOP-F7PUVUPO" duration="00:00:00.0005629" startTime="2026-09-02T01:56:42.5188084+08:00" endTime="2026-09-02T01:56:42.5194147+08:00" testType="13cdc9d9-ddb5-4fa4-a97d-d965ccfc6d4b" outcome="Passed" testListId="8c84fa94-04c1-424b-9868-57a2d4851a1d" relativeResultsDirectory="60c2bd83-428d-4dd2-b163-b68373c0c53c" />
    <UnitTestResult executionId="0a5f40b4-ce82-44e1-8d26-3969625b20bf" testId="1d4e8a80-9003-836b-8e78-6de20c120a7b" testName="FactoryUsesDefinitionNameForMissingOrBlankOverride" computerName="LAPTOP-F7PUVUPO" duration="00:00:00.0005219" startTime="2026-09-02T01:56:42.4898552+08:00" endTime="2026-09-02T01:56:42.4905162+08:00" testType="13cdc9d9-ddb5-4fa4-a97d-d965ccfc6d4b" outcome="Passed" testListId="8c84fa94-04c1-424b-9868-57a2d4851a1d" relativeResultsDirectory="0a5f40b4-ce82-44e1-8d26-3969625b20bf" />
    <UnitTestResult executionId="c4d73ba0-5d9f-4797-8a35-9b418d1b61b6" testId="131f85a5-7b8a-8910-9839-4665cfbc178d" testName="InvalidTypedMutationsAreRejectedWithoutPartialChanges" computerName="LAPTOP-F7PUVUPO" duration="00:00:00.0008120" startTime="2026-09-02T01:56:42.3694198+08:00" endTime="2026-09-02T01:56:42.3702892+08:00" testType="13cdc9d9-ddb5-4fa4-a97d-d965ccfc6d4b" outcome="Passed" testListId="8c84fa94-04c1-424b-9868-57a2d4851a1d" relativeResultsDirectory="c4d73ba0-5d9f-4797-8a35-9b418d1b61b6" />
    <UnitTestResult executionId="9923bd97-4142-427b-a8ab-521e73bb3e33" testId="193a31f3-9d4f-8ea7-b45b-5e17954ee81c" testName="RequiredPropertiesCheckMissingAndJsonKindButAllowUnknownExtras" computerName="LAPTOP-F7PUVUPO" duration="00:00:00.0019332" startTime="2026-09-02T01:56:42.4968880+08:00" endTime="2026-09-02T01:56:42.4988664+08:00" testType="13cdc9d9-ddb5-4fa4-a97d-d965ccfc6d4b" outcome="Passed" testListId="8c84fa94-04c1-424b-9868-57a2d4851a1d" relativeResultsDirectory="9923bd97-4142-427b-a8ab-521e73bb3e33" />
    <UnitTestResult executionId="d59c954c-c1dd-426e-a49b-1655662063cf" testId="1159ce50-3425-899a-b7b4-b3692026d136" testName="Schema3CollectiveUsesGroupIdentity" computerName="LAPTOP-F7PUVUPO" duration="00:00:00.0013133" startTime="2026-09-02T01:56:41.7227870+08:00" endTime="2026-09-02T01:56:41.7241501+08:00" testType="13cdc9d9-ddb5-4fa4-a97d-d965ccfc6d4b" outcome="Passed" testListId="8c84fa94-04c1-424b-9868-57a2d4851a1d" relativeResultsDirectory="d59c954c-c1dd-426e-a49b-1655662063cf" />
    <UnitTestResult executionId="b6e96948-4c5c-497b-9509-4ec71476d5bc" testId="1a100283-11e8-891f-8d05-62b8fe9f3333" testName="RuntimeStoryRepositoryDoesNotEnumerateRecoveryOnlyDrafts" computerName="LAPTOP-F7PUVUPO" duration="00:00:00.0194423" startTime="2026-09-02T01:56:42.7662987+08:00" endTime="2026-09-02T01:56:42.7861278+08:00" testType="13cdc9d9-ddb5-4fa4-a97d-d965ccfc6d4b" outcome="Passed" testListId="8c84fa94-04c1-424b-9868-57a2d4851a1d" relativeResultsDirectory="b6e96948-4c5c-497b-9509-4ec71476d5bc" />
    <UnitTestResult executionId="cef750ca-3125-41a5-b0da-67f289f00ba4" testId="1a781d52-a727-8a86-981e-4d2fd1ad48f3" testName="SessionChoiceRejectsCollidingSemanticIdsWithoutPartialCandidate" computerName="LAPTOP-F7PUVUPO" duration="00:00:00.0002363" startTime="2026-09-02T01:56:42.4869861+08:00" endTime="2026-09-02T01:56:42.4872800+08:00" testType="13cdc9d9-ddb5-4fa4-a97d-d965ccfc6d4b" outcome="Passed" testListId="8c84fa94-04c1-424b-9868-57a2d4851a1d" relativeResultsDirectory="cef750ca-3125-41a5-b0da-67f289f00ba4" />
    <UnitTestResult executionId="2d1e641b-322e-4109-ade0-cd6c65e19283" testId="133147c0-ab60-8d19-8502-408b962d4d5a" testName="AndOrCandidatesReceiveExactlyTwoDeterministicLogicInputs (Task,&quot;or&quot;)" computerName="LAPTOP-F7PUVUPO" duration="00:00:00.0000440" startTime="2026-09-02T01:56:42.4823764+08:00" endTime="2026-09-02T01:56:42.4824550+08:00" testType="13cdc9d9-ddb5-4fa4-a97d-d965ccfc6d4b" outcome="Passed" testListId="8c84fa94-04c1-424b-9868-57a2d4851a1d" relativeResultsDirectory="2d1e641b-322e-4109-ade0-cd6c65e19283" />
    <UnitTestResult executionId="e748e646-d287-4bbf-8990-27293bdc12a3" testId="13ee67e0-1ab8-8bf9-ab55-0bccba105453" testName="LoadsDetachedRootsAndPreservesManifestOrderAndProvenance" computerName="LAPTOP-F7PUVUPO" duration="00:00:00.0959315" startTime="2026-09-02T01:56:42.3312776+08:00" endTime="2026-09-02T01:56:42.4273431+08:00" testType="13cdc9d9-ddb5-4fa4-a97d-d965ccfc6d4b" outcome="Passed" testListId="8c84fa94-04c1-424b-9868-57a2d4851a1d" relativeResultsDirectory="e748e646-d287-4bbf-8990-27293bdc12a3" />
    <UnitTestResult executionId="0ad0333b-e036-4720-937e-4e1ed0419923" testId="1ec7f7dd-e448-84ff-9077-d90e73e9c1c9" testName="WangChengMianAnBranchFlowValidates" computerName="LAPTOP-F7PUVUPO" duration="00:00:00.0020658" startTime="2026-09-02T01:56:42.5720324+08:00" endTime="2026-09-02T01:56:42.5741515+08:00" testType="13cdc9d9-ddb5-4fa4-a97d-d965ccfc6d4b" outcome="Passed" testListId="8c84fa94-04c1-424b-9868-57a2d4851a1d" relativeResultsDirectory="0ad0333b-e036-4720-937e-4e1ed0419923" />
    <UnitTestResult executionId="7c354b48-120c-411f-a72d-45b3117c605d" testId="1614b463-e484-8415-9ee7-514bd16217af" testName="PlacementCleanupRollsBackStoryWhenMembershipWriteFails" computerName="LAPTOP-F7PUVUPO" duration="00:00:00.1365423" startTime="2026-09-02T01:56:42.2614624+08:00" endTime="2026-09-02T01:56:42.3980897+08:00" testType="13cdc9d9-ddb5-4fa4-a97d-d965ccfc6d4b" outcome="Passed" testListId="8c84fa94-04c1-424b-9868-57a2d4851a1d" relativeResultsDirectory="7c354b48-120c-411f-a72d-45b3117c605d" />
    <UnitTestResult executionId="d67dd22d-3af0-4e46-9d5a-12923c0d3ae2" testId="172a29e4-7e66-8fd4-89c6-0f2b8cb04c69" testName="DuplicateTargetAndMissingBoundaryFailClosed" computerName="LAPTOP-F7PUVUPO" duration="00:00:00.0474038" startTime="2026-09-02T01:56:42.2064046+08:00" endTime="2026-09-02T01:56:42.2538877+08:00" testType="13cdc9d9-ddb5-4fa4-a97d-d965ccfc6d4b" outcome="Passed" testListId="8c84fa94-04c1-424b-9868-57a2d4851a1d" relativeResultsDirectory="d67dd22d-3af0-4e46-9d5a-12923c0d3ae2" />
    <UnitTestResult executionId="de39dc49-c463-4bfb-a8fe-7a23fbbba69d" testId="147b02b4-a28e-86a1-afa6-cbdb895555c3" testName="TaskBoundaryIdsRejectReservedAndCrossBoundaryCollisionsWithoutMutation" computerName="LAPTOP-F7PUVUPO" duration="00:00:00.0010404" startTime="2026-09-02T01:56:42.4847419+08:00" endTime="2026-09-02T01:56:42.4858412+08:00" testType="13cdc9d9-ddb5-4fa4-a97d-d965ccfc6d4b" outcome="Passed" testListId="8c84fa94-04c1-424b-9868-57a2d4851a1d" relativeResultsDirectory="de39dc49-c463-4bfb-a8fe-7a23fbbba69d" />
    <UnitTestResult executionId="7023c11c-f0be-4d87-8fa4-c21ae5be7b0f" testId="16d4b77a-cc90-8854-8fc0-e90a47db9861" testName="CandidateRejectsDirectionAndKindMismatch" computerName="LAPTOP-F7PUVUPO" duration="00:00:00.0020377" startTime="2026-09-02T01:56:42.4738950+08:00" endTime="2026-09-02T01:56:42.4759884+08:00" testType="13cdc9d9-ddb5-4fa4-a97d-d965ccfc6d4b" outcome="Passed" testListId="8c84fa94-04c1-424b-9868-57a2d4851a1d" relativeResultsDirectory="7023c11c-f0be-4d87-8fa4-c21ae5be7b0f" />
    <UnitTestResult executionId="9679278b-7ec9-4974-a677-e8587f1d08e3" testId="13d80617-2057-86f8-954b-0e582c5a8ee3" testName="DuplicateCopiesFieldsAndAllocatesUniqueIds" computerName="LAPTOP-F7PUVUPO" duration="00:00:00.0881433" startTime="2026-09-02T01:56:41.6215454+08:00" endTime="2026-09-02T01:56:41.7276763+08:00" testType="13cdc9d9-ddb5-4fa4-a97d-d965ccfc6d4b" outcome="Passed" testListId="8c84fa94-04c1-424b-9868-57a2d4851a1d" relativeResultsDirectory="9679278b-7ec9-4974-a677-e8587f1d08e3" />
    <UnitTestResult executionId="eaea4597-89f9-46c5-86de-0593b6ff62e4" testId="1d572afd-7292-82aa-823f-e2e7ccf12542" testName="InvalidScopeNodeAndMalformedChoiceFailWithoutMutationOrHistory" computerName="LAPTOP-F7PUVUPO" duration="00:00:00.0019013" startTime="2026-09-02T01:56:42.6368492+08:00" endTime="2026-09-02T01:56:42.6388176+08:00" testType="13cdc9d9-ddb5-4fa4-a97d-d965ccfc6d4b" outcome="Passed" testListId="8c84fa94-04c1-424b-9868-57a2d4851a1d" relativeResultsDirectory="eaea4597-89f9-46c5-86de-0593b6ff62e4" />
    <UnitTestResult executionId="0a6914ab-6695-4fc6-ab57-ed517f58b480" testId="19354630-8d37-8ef7-8c7e-d5426716564e" testName="ProjectionKeepsFlowAndLogicOutputsOrderedWithinTheirGroups" computerName="LAPTOP-F7PUVUPO" duration="00:00:00.0006570" startTime="2026-09-02T01:56:42.5067196+08:00" endTime="2026-09-02T01:56:42.5074194+08:00" testType="13cdc9d9-ddb5-4fa4-a97d-d965ccfc6d4b" outcome="Passed" testListId="8c84fa94-04c1-424b-9868-57a2d4851a1d" relativeResultsDirectory="0a6914ab-6695-4fc6-ab57-ed517f58b480" />
    <UnitTestResult executionId="44f1ceee-1347-4b97-b1ff-58ab26cbb234" testId="15f4cbbd-9c7a-8a38-99e4-9712314aab65" testName="FailedConnectDoesNotMutateDocumentOrHistory" computerName="LAPTOP-F7PUVUPO" duration="00:00:00.0034280" startTime="2026-09-02T01:56:42.4726656+08:00" endTime="2026-09-02T01:56:42.4763643+08:00" testType="13cdc9d9-ddb5-4fa4-a97d-d965ccfc6d4b" outcome="Passed" testListId="8c84fa94-04c1-424b-9868-57a2d4851a1d" relativeResultsDirectory="44f1ceee-1347-4b97-b1ff-58ab26cbb234" />
    <UnitTestResult executionId="e7944e45-6012-4ff6-9a18-4b8208a7b708" testId="14c0be91-3d48-8586-a83d-900c19f866e3" testName="AddUsesOpaqueUniqueOrderAndOneUndoUnit" computerName="LAPTOP-F7PUVUPO" duration="00:00:00.0054300" startTime="2026-09-02T01:56:42.4599923+08:00" endTime="2026-09-02T01:56:42.4654893+08:00" testType="13cdc9d9-ddb5-4fa4-a97d-d965ccfc6d4b" outcome="Passed" testListId="8c84fa94-04c1-424b-9868-57a2d4851a1d" relativeResultsDirectory="e7944e45-6012-4ff6-9a18-4b8208a7b708" />
    <UnitTestResult executionId="00cc3edb-ab78-49da-af21-c142b7fdc3c0" testId="10fefdcd-411a-8473-9951-1814470336f5" testName="AbsentRootInspectionDoesNotCreateCanonicalDirectories" computerName="LAPTOP-F7PUVUPO" duration="00:00:00.0086206" startTime="2026-09-02T01:56:41.8796641+08:00" endTime="2026-09-02T01:56:41.8883848+08:00" testType="13cdc9d9-ddb5-4fa4-a97d-d965ccfc6d4b" outcome="Passed" testListId="8c84fa94-04c1-424b-9868-57a2d4851a1d" relativeResultsDirectory="00cc3edb-ab78-49da-af21-c142b7fdc3c0" />
    <UnitTestResult executionId="61b564ea-b6bb-407c-9a56-70e68ed43098" testId="176c4fc6-f193-8c86-a6bd-2524116ad557" testName="FactoryStrictlyChecksScopeAndCompatibilityBoundary" computerName="LAPTOP-F7PUVUPO" duration="00:00:00.0046758" startTime="2026-09-02T01:56:42.4899151+08:00" endTime="2026-09-02T01:56:42.4946789+08:00" testType="13cdc9d9-ddb5-4fa4-a97d-d965ccfc6d4b" outcome="Passed" testListId="8c84fa94-04c1-424b-9868-57a2d4851a1d" relativeResultsDirectory="61b564ea-b6bb-407c-9a56-70e68ed43098" />
    <UnitTestResult executionId="a5dc4fb7-7331-4e63-b640-ce64ae796ac6" testId="17cef4fe-3470-8f05-8a66-0dd9c2acb38a" testName="RepositoryDeleteValidatesIdBeforeResolvingPath" computerName="LAPTOP-F7PUVUPO" duration="00:00:00.0150369" startTime="2026-09-02T01:56:42.6432773+08:00" endTime="2026-09-02T01:56:42.6583897+08:00" testType="13cdc9d9-ddb5-4fa4-a97d-d965ccfc6d4b" outcome="Passed" testListId="8c84fa94-04c1-424b-9868-57a2d4851a1d" relativeResultsDirectory="a5dc4fb7-7331-4e63-b640-ce64ae796ac6" />
    <UnitTestResult executionId="79125d47-a28f-4d2a-a961-063f4e88a5bf" testId="1f7f8c90-bea3-8e47-8d34-cfe731892646" testName="EveryInvalidBoundaryIsRejectedWithoutMutation" computerName="LAPTOP-F7PUVUPO" duration="00:00:00.0013733" startTime="2026-09-02T01:56:42.3703317+08:00" endTime="2026-09-02T01:56:42.3717649+08:00" testType="13cdc9d9-ddb5-4fa4-a97d-d965ccfc6d4b" outcome="Passed" testListId="8c84fa94-04c1-424b-9868-57a2d4851a1d" relativeResultsDirectory="79125d47-a28f-4d2a-a961-063f4e88a5bf" />
    <UnitTestResult executionId="de8f7a41-7f01-4a54-8042-ba4dbfc1dad4" testId="19995561-8417-8c61-abeb-4c10cf881996" testName="ValidatorRejectsSecondLogicInputSource" computerName="LAPTOP-F7PUVUPO" duration="00:00:00.0003871" startTime="2026-09-02T01:56:42.4576463+08:00" endTime="2026-09-02T01:56:42.4580818+08:00" testType="13cdc9d9-ddb5-4fa4-a97d-d965ccfc6d4b" outcome="Passed" testListId="8c84fa94-04c1-424b-9868-57a2d4851a1d" relativeResultsDirectory="de8f7a41-7f01-4a54-8042-ba4dbfc1dad4" />
    <UnitTestResult executionId="a9b8ff2b-5046-419d-a761-c16ee3905336" testId="13d0ae41-e7aa-8cb3-a2b2-4bc9743e1a2f" testName="RenamingAndReorderingPortsDoesNotChangeConnectionValidity" computerName="LAPTOP-F7PUVUPO" duration="00:00:00.0006405" startTime="2026-09-02T01:56:42.4511627+08:00" endTime="2026-09-02T01:56:42.4518534+08:00" testType="13cdc9d9-ddb5-4fa4-a97d-d965ccfc6d4b" outcome="Passed" testListId="8c84fa94-04c1-424b-9868-57a2d4851a1d" relativeResultsDirectory="a9b8ff2b-5046-419d-a761-c16ee3905336" />
    <UnitTestResult executionId="e7e77c22-7232-40b0-99b0-c4e92f34d485" testId="19c65d0a-172c-80bf-9305-4bcbd88894dc" testName="OpenProjectLoadsExistingActorAndSaveAllPersistsChanges" computerName="LAPTOP-F7PUVUPO" duration="00:00:00.0521829" startTime="2026-09-02T01:56:42.5913898+08:00" endTime="2026-09-02T01:56:42.6436395+08:00" testType="13cdc9d9-ddb5-4fa4-a97d-d965ccfc6d4b" outcome="Passed" testListId="8c84fa94-04c1-424b-9868-57a2d4851a1d" relativeResultsDirectory="e7e77c22-7232-40b0-99b0-c4e92f34d485" />
    <UnitTestResult executionId="fa8deae6-09fd-4d64-9198-a582dc650207" testId="12cbf935-8d18-84f5-b957-364e552bda50" testName="ChoiceSemanticPortsRejectGenericRenameAndReorder" computerName="LAPTOP-F7PUVUPO" duration="00:00:00.0004368" startTime="2026-09-02T01:56:42.4696777+08:00" endTime="2026-09-02T01:56:42.4701754+08:00" testType="13cdc9d9-ddb5-4fa4-a97d-d965ccfc6d4b" outcome="Passed" testListId="8c84fa94-04c1-424b-9868-57a2d4851a1d" relativeResultsDirectory="fa8deae6-09fd-4d64-9198-a582dc650207" />
    <UnitTestResult executionId="c6b4042e-80f0-441a-a698-796a20965255" testId="163cd33c-b16f-8a05-ac94-2cfe412166c9" testName="ActorCrudKeepsOpenDocumentsAndDiskInSync" computerName="LAPTOP-F7PUVUPO" duration="00:00:00.1764171" startTime="2026-09-02T01:56:42.6109326+08:00" endTime="2026-09-02T01:56:42.7874293+08:00" testType="13cdc9d9-ddb5-4fa4-a97d-d965ccfc6d4b" outcome="Passed" testListId="8c84fa94-04c1-424b-9868-57a2d4851a1d" relativeResultsDirectory="c6b4042e-80f0-441a-a698-796a20965255" />
    <UnitTestResult executionId="2f4e5cc7-4501-4566-b395-967fc7ca11ba" testId="14633117-c628-8929-b739-28bc6c27424e" testName="InvalidInputReturnsStableIssuesAndNoEnvelope" computerName="LAPTOP-F7PUVUPO" duration="00:00:00.0059766" startTime="2026-09-02T01:56:41.7801183+08:00" endTime="2026-09-02T01:56:41.7861705+08:00" testType="13cdc9d9-ddb5-4fa4-a97d-d965ccfc6d4b" outcome="Passed" testListId="8c84fa94-04c1-424b-9868-57a2d4851a1d" relativeResultsDirectory="2f4e5cc7-4501-4566-b395-967fc7ca11ba" />
    <UnitTestResult executionId="77e32bb4-b707-4caa-aabe-b454747c5e6f" testId="150558fc-cb49-8a6f-a456-93a8ce31fe57" testName="DeletionMembershipFailureRestoresExactResourceAndMembership" computerName="LAPTOP-F7PUVUPO" duration="00:00:00.0768925" startTime="2026-09-02T01:56:42.2894774+08:00" endTime="2026-09-02T01:56:42.3669286+08:00" testType="13cdc9d9-ddb5-4fa4-a97d-d965ccfc6d4b" outcome="Passed" testListId="8c84fa94-04c1-424b-9868-57a2d4851a1d" relativeResultsDirectory="77e32bb4-b707-4caa-aabe-b454747c5e6f" />
    <UnitTestResult executionId="db5a0877-cb19-47fa-a3e5-0ce10ac78d5b" testId="12d31039-0f63-8396-ad93-857256d11005" testName="PreviewIsReadOnlyDeterministicAndProducesCanonicalCandidates" computerName="LAPTOP-F7PUVUPO" duration="00:00:00.0698376" startTime="2026-09-02T01:56:41.7913612+08:00" endTime="2026-09-02T01:56:41.8613122+08:00" testType="13cdc9d9-ddb5-4fa4-a97d-d965ccfc6d4b" outcome="Passed" testListId="8c84fa94-04c1-424b-9868-57a2d4851a1d" relativeResultsDirectory="db5a0877-cb19-47fa-a3e5-0ce10ac78d5b" />
    <UnitTestResult executionId="ea758b8c-4cec-4c1e-8a24-2da5a3981bea" testId="1011ba07-375c-81bc-8a5e-bc72c7303c99" testName="MigrationFailureRestoresOriginalFiles" computerName="LAPTOP-F7PUVUPO" duration="00:00:00.0401924" startTime="2026-09-02T01:56:42.5242450+08:00" endTime="2026-09-02T01:56:42.5645101+08:00" testType="13cdc9d9-ddb5-4fa4-a97d-d965ccfc6d4b" outcome="Passed" testListId="8c84fa94-04c1-424b-9868-57a2d4851a1d" relativeResultsDirectory="ea758b8c-4cec-4c1e-8a24-2da5a3981bea" />
    <UnitTestResult executionId="c6fef003-715e-4506-bac5-e2a095224505" testId="18b31772-8e2f-8d45-9793-1ea0397791d2" testName="AddNodeRejectsScopeTypeCompatibilityForbiddenKindAndUniqueConflicts" computerName="LAPTOP-F7PUVUPO" duration="00:00:00.0017616" startTime="2026-09-02T01:56:42.4720154+08:00" endTime="2026-09-02T01:56:42.4738460+08:00" testType="13cdc9d9-ddb5-4fa4-a97d-d965ccfc6d4b" outcome="Passed" testListId="8c84fa94-04c1-424b-9868-57a2d4851a1d" relativeResultsDirectory="c6fef003-715e-4506-bac5-e2a095224505" />
    <UnitTestResult executionId="6b5fc3ca-ce26-4501-b11e-a4ef5f8926a6" testId="1598fac1-dd65-80e8-9abc-06814a046c8c" testName="ProjectionRejectsBlankBoundaryDisplayName" computerName="LAPTOP-F7PUVUPO" duration="00:00:00.0002448" startTime="2026-09-02T01:56:42.5071805+08:00" endTime="2026-09-02T01:56:42.5074642+08:00" testType="13cdc9d9-ddb5-4fa4-a97d-d965ccfc6d4b" outcome="Passed" testListId="8c84fa94-04c1-424b-9868-57a2d4851a1d" relativeResultsDirectory="6b5fc3ca-ce26-4501-b11e-a4ef5f8926a6" />
    <UnitTestResult executionId="277aa183-838c-4f11-806a-3b0f67dc3eac" testId="1697010c-7566-84b3-b630-e967c809adcd" testName="NormalizeIdProducesRuntimeCompatibleSuggestion" computerName="LAPTOP-F7PUVUPO" duration="00:00:00.0005393" startTime="2026-09-02T01:56:41.7259680+08:00" endTime="2026-09-02T01:56:41.7265687+08:00" testType="13cdc9d9-ddb5-4fa4-a97d-d965ccfc6d4b" outcome="Passed" testListId="8c84fa94-04c1-424b-9868-57a2d4851a1d" relativeResultsDirectory="277aa183-838c-4f11-806a-3b0f67dc3eac" />
    <UnitTestResult executionId="ecc4c7ee-18d9-4848-9f7e-372db0422b89" testId="146f7d75-26db-8e3d-8a46-fd9529600304" testName="ChangeDuringBackupIsCaughtBeforeCanonicalWrites" computerName="LAPTOP-F7PUVUPO" duration="00:00:00.0678969" startTime="2026-09-02T01:56:41.8426292+08:00" endTime="2026-09-02T01:56:41.9105721+08:00" testType="13cdc9d9-ddb5-4fa4-a97d-d965ccfc6d4b" outcome="Passed" testListId="8c84fa94-04c1-424b-9868-57a2d4851a1d" relativeResultsDirectory="ecc4c7ee-18d9-4848-9f7e-372db0422b89" />
    <UnitTestResult executionId="ae07184b-c7ed-4913-b07a-4cdfc6a5563f" testId="14021dd1-35b0-8b31-b956-2da432d487ee" testName="BuildCanonicalStoryWithEmptySessionsAndTasksCreatesAllCanonicalRoots" computerName="LAPTOP-F7PUVUPO" duration="00:00:00.0670309" startTime="2026-09-02T01:56:42.7863663+08:00" endTime="2026-09-02T01:56:42.8534761+08:00" testType="13cdc9d9-ddb5-4fa4-a97d-d965ccfc6d4b" outcome="Passed" testListId="8c84fa94-04c1-424b-9868-57a2d4851a1d" relativeResultsDirectory="ae07184b-c7ed-4913-b07a-4cdfc6a5563f" />
    <UnitTestResult executionId="e213bdbc-14e5-4936-b948-8a710ca2629d" testId="1ada42bd-4c91-8700-9e73-c4933a384d88" testName="AddAllowsUnselectedObjectiveUntilDgrTargetIsSelected" computerName="LAPTOP-F7PUVUPO" duration="00:00:00.0022565" startTime="2026-09-02T01:56:42.3755755+08:00" endTime="2026-09-02T01:56:42.3778944+08:00" testType="13cdc9d9-ddb5-4fa4-a97d-d965ccfc6d4b" outcome="Passed" testListId="8c84fa94-04c1-424b-9868-57a2d4851a1d" relativeResultsDirectory="e213bdbc-14e5-4936-b948-8a710ca2629d" />
    <UnitTestResult executionId="535ab157-8f6b-49bc-8329-74d9f3891c49" testId="12d7c123-0918-815b-89eb-a41cd27c641b" testName="ScopeAdapterMapsKindsAndFailsClosedOnMismatch" computerName="LAPTOP-F7PUVUPO" duration="00:00:00.0008625" startTime="2026-09-02T01:56:42.5008202+08:00" endTime="2026-09-02T01:56:42.5017321+08:00" testType="13cdc9d9-ddb5-4fa4-a97d-d965ccfc6d4b" outcome="Passed" testListId="8c84fa94-04c1-424b-9868-57a2d4851a1d" relativeResultsDirectory="535ab157-8f6b-49bc-8329-74d9f3891c49" />
    <UnitTestResult executionId="1be1f461-38d3-4def-92b9-21ad4d8a25dc" testId="1b9c3828-14fb-8683-8ee9-961fd8c793f2" testName="BuildCarriesOnlyRootStoryOwnedPublicLogicEdges" computerName="LAPTOP-F7PUVUPO" duration="00:00:00.0643728" startTime="2026-09-02T01:56:42.7914768+08:00" endTime="2026-09-02T01:56:42.8568101+08:00" testType="13cdc9d9-ddb5-4fa4-a97d-d965ccfc6d4b" outcome="Passed" testListId="8c84fa94-04c1-424b-9868-57a2d4851a1d" relativeResultsDirectory="1be1f461-38d3-4def-92b9-21ad4d8a25dc" />
    <UnitTestResult executionId="1befdc91-908d-4770-9cc4-f5ae389b78c5" testId="12a83cee-889a-84b8-8fae-3efec73bd358" testName="MembershipCreateFailureCompensatesStoryRoot" computerName="LAPTOP-F7PUVUPO" duration="00:00:00.1007999" startTime="2026-09-02T01:56:42.1049632+08:00" endTime="2026-09-02T01:56:42.2058275+08:00" testType="13cdc9d9-ddb5-4fa4-a97d-d965ccfc6d4b" outcome="Passed" testListId="8c84fa94-04c1-424b-9868-57a2d4851a1d" relativeResultsDirectory="1befdc91-908d-4770-9cc4-f5ae389b78c5" />
    <UnitTestResult executionId="330dc642-0cca-4cf9-a60d-4b48538b2840" testId="1f029a47-f7d9-856d-a120-367087c940d2" testName="DeserializeReadsExistingRuntimeActor" computerName="LAPTOP-F7PUVUPO" duration="00:00:00.0206066" startTime="2026-09-02T01:56:41.6929921+08:00" endTime="2026-09-02T01:56:41.7136681+08:00" testType="13cdc9d9-ddb5-4fa4-a97d-d965ccfc6d4b" outcome="Passed" testListId="8c84fa94-04c1-424b-9868-57a2d4851a1d" relativeResultsDirectory="330dc642-0cca-4cf9-a60d-4b48538b2840" />
    <UnitTestResult executionId="4c1686de-c9a2-4412-bdbd-5ad283402670" testId="1ad495c6-b24e-835a-81fe-8d8902a69f59" testName="ValidatorAllowsMultipleSourcesIntoFlowInput" computerName="LAPTOP-F7PUVUPO" duration="00:00:00.0003001" startTime="2026-09-02T01:56:42.4581186+08:00" endTime="2026-09-02T01:56:42.4584565+08:00" testType="13cdc9d9-ddb5-4fa4-a97d-d965ccfc6d4b" outcome="Passed" testListId="8c84fa94-04c1-424b-9868-57a2d4851a1d" relativeResultsDirectory="4c1686de-c9a2-4412-bdbd-5ad283402670" />
    <UnitTestResult executionId="b139e497-b92a-4f3b-9694-afc279394709" testId="1816a0d8-60f7-84e9-b92c-75a364d5476a" testName="TaskRejectsFlowPortsAndConnections" computerName="LAPTOP-F7PUVUPO" duration="00:00:00.0003932" startTime="2026-09-02T01:56:42.5050467+08:00" endTime="2026-09-02T01:56:42.5054771+08:00" testType="13cdc9d9-ddb5-4fa4-a97d-d965ccfc6d4b" outcome="Passed" testListId="8c84fa94-04c1-424b-9868-57a2d4851a1d" relativeResultsDirectory="b139e497-b92a-4f3b-9694-afc279394709" />
    <UnitTestResult executionId="1b0ea0a3-c203-43eb-9486-6f75642728d9" testId="1d0d519c-fd8b-8282-a0b6-494c888e520d" testName="NodePropertySerializationIsIndependentOfInputDictionaryInsertionOrder" computerName="LAPTOP-F7PUVUPO" duration="00:00:00.0006208" startTime="2026-09-02T01:56:42.4504420+08:00" endTime="2026-09-02T01:56:42.4511174+08:00" testType="13cdc9d9-ddb5-4fa4-a97d-d965ccfc6d4b" outcome="Passed" testListId="8c84fa94-04c1-424b-9868-57a2d4851a1d" relativeResultsDirectory="1b0ea0a3-c203-43eb-9486-6f75642728d9" />
    <UnitTestResult executionId="299186df-5c53-44f8-b60b-9a9ec0d897a8" testId="1847054e-522b-87ff-aea7-1ee2d5476661" testName="ValidateProjectReportsMissingFutureDirectoriesAsWarnings" computerName="LAPTOP-F7PUVUPO" duration="00:00:00.0348900" startTime="2026-09-02T01:56:42.6072375+08:00" endTime="2026-09-02T01:56:42.6421911+08:00" testType="13cdc9d9-ddb5-4fa4-a97d-d965ccfc6d4b" outcome="Passed" testListId="8c84fa94-04c1-424b-9868-57a2d4851a1d" relativeResultsDirectory="299186df-5c53-44f8-b60b-9a9ec0d897a8" />
    <UnitTestResult executionId="208b1408-28d0-4700-b1f0-f06d0f047d5f" testId="146c08e4-e80d-8728-b3d3-adb220380540" testName="UnsavedOwnedResourceBlocksCascadeWithoutChangingFiles" computerName="LAPTOP-F7PUVUPO" duration="00:00:00.1301819" startTime="2026-09-02T01:56:42.6624594+08:00" endTime="2026-09-02T01:56:42.7927162+08:00" testType="13cdc9d9-ddb5-4fa4-a97d-d965ccfc6d4b" outcome="Passed" testListId="8c84fa94-04c1-424b-9868-57a2d4851a1d" relativeResultsDirectory="208b1408-28d0-4700-b1f0-f06d0f047d5f" />
    <UnitTestResult executionId="59c705c3-afa1-4f98-b31e-b5d4ca4302f8" testId="1a68f156-6d9f-80dd-91d6-a414edc37071" testName="ValidatorRejectsSourceInput" computerName="LAPTOP-F7PUVUPO" duration="00:00:00.0004737" startTime="2026-09-02T01:56:42.4524943+08:00" endTime="2026-09-02T01:56:42.4530144+08:00" testType="13cdc9d9-ddb5-4fa4-a97d-d965ccfc6d4b" outcome="Passed" testListId="8c84fa94-04c1-424b-9868-57a2d4851a1d" relativeResultsDirectory="59c705c3-afa1-4f98-b31e-b5d4ca4302f8" />
    <UnitTestResult executionId="ec336399-c5a1-4de5-9ba2-3f5bdef58bc8" testId="14d8ee9d-9c7e-8f1c-88d2-7f5b23929471" testName="InvalidIdentityTypeScopeAndCompatibilityReturnDistinctDiagnostics" computerName="LAPTOP-F7PUVUPO" duration="00:00:00.0005710" startTime="2026-09-02T01:56:42.4870199+08:00" endTime="2026-09-02T01:56:42.4876345+08:00" testType="13cdc9d9-ddb5-4fa4-a97d-d965ccfc6d4b" outcome="Passed" testListId="8c84fa94-04c1-424b-9868-57a2d4851a1d" relativeResultsDirectory="ec336399-c5a1-4de5-9ba2-3f5bdef58bc8" />
    <UnitTestResult executionId="cf6d16e8-0b6e-405c-9df9-980b1c96006f" testId="130205d6-fdfa-85be-9a3f-737cf0f90c25" testName="DialogueDuplicateDraftCollisionNeverOverwritesSourceOrClaimsStory" computerName="LAPTOP-F7PUVUPO" duration="00:00:00.0794740" startTime="2026-09-02T01:56:42.4368140+08:00" endTime="2026-09-02T01:56:42.5163787+08:00" testType="13cdc9d9-ddb5-4fa4-a97d-d965ccfc6d4b" outcome="Passed" testListId="8c84fa94-04c1-424b-9868-57a2d4851a1d" relativeResultsDirectory="cf6d16e8-0b6e-405c-9df9-980b1c96006f" />
    <UnitTestResult executionId="13079f29-bd14-417b-8c38-ea25b649c90a" testId="174bfbb2-449b-8e41-9085-67a279c9334e" testName="ProjectionRejectsBlankBoundaryId" computerName="LAPTOP-F7PUVUPO" duration="00:00:00.0003806" startTime="2026-09-02T01:56:42.5067228+08:00" endTime="2026-09-02T01:56:42.5071466+08:00" testType="13cdc9d9-ddb5-4fa4-a97d-d965ccfc6d4b" outcome="Passed" testListId="8c84fa94-04c1-424b-9868-57a2d4851a1d" relativeResultsDirectory="13079f29-bd14-417b-8c38-ea25b649c90a" />
    <UnitTestResult executionId="2ac73717-783e-43fc-86a8-6d2e82be370d" testId="13303c65-ae60-8ac4-8412-b599de1dcd0a" testName="ChoiceSemanticPortsRejectGenericRemovalEvenWhenConfirmed" computerName="LAPTOP-F7PUVUPO" duration="00:00:00.0004915" startTime="2026-09-02T01:56:42.4702105+08:00" endTime="2026-09-02T01:56:42.4707440+08:00" testType="13cdc9d9-ddb5-4fa4-a97d-d965ccfc6d4b" outcome="Passed" testListId="8c84fa94-04c1-424b-9868-57a2d4851a1d" relativeResultsDirectory="2ac73717-783e-43fc-86a8-6d2e82be370d" />
    <UnitTestResult executionId="bdfbc1a1-4877-431b-a6c3-1d8b61c4353d" testId="1ab63b9c-2113-87f4-b666-b132b6b57719" testName="RegistryCoversCanonicalTypesAndAuthorMetadata" computerName="LAPTOP-F7PUVUPO" duration="00:00:00.0027124" startTime="2026-09-02T01:56:42.7690125+08:00" endTime="2026-09-02T01:56:42.7718581+08:00" testType="13cdc9d9-ddb5-4fa4-a97d-d965ccfc6d4b" outcome="Passed" testListId="8c84fa94-04c1-424b-9868-57a2d4851a1d" relativeResultsDirectory="bdfbc1a1-4877-431b-a6c3-1d8b61c4353d" />
    <UnitTestResult executionId="50bb0f73-3ce3-44fd-a3aa-2f0991192224" testId="1a180580-46ad-8a30-b26a-e554eb0bc2f3" testName="FixedShapeReportsMissingDuplicateAndCanonicalMismatches" computerName="LAPTOP-F7PUVUPO" duration="00:00:00.0032263" startTime="2026-09-02T01:56:42.4947231+08:00" endTime="2026-09-02T01:56:42.4979974+08:00" testType="13cdc9d9-ddb5-4fa4-a97d-d965ccfc6d4b" outcome="Passed" testListId="8c84fa94-04c1-424b-9868-57a2d4851a1d" relativeResultsDirectory="50bb0f73-3ce3-44fd-a3aa-2f0991192224" />
    <UnitTestResult executionId="8faf0c1b-ed8b-4046-b552-afd3d60ed6d7" testId="1f42a4ab-b289-8395-ab62-8f8e167338f5" testName="WrongScopeIsCheckedOnlyWhenScopeIsProvided" computerName="LAPTOP-F7PUVUPO" duration="00:00:00.0017610" startTime="2026-09-02T01:56:42.4763589+08:00" endTime="2026-09-02T01:56:42.4781786+08:00" testType="13cdc9d9-ddb5-4fa4-a97d-d965ccfc6d4b" outcome="Passed" testListId="8c84fa94-04c1-424b-9868-57a2d4851a1d" relativeResultsDirectory="8faf0c1b-ed8b-4046-b552-afd3d60ed6d7" />
    <UnitTestResult executionId="209182e6-575d-4a51-b979-4af0df71da53" testId="1d8d142a-e69c-8774-b1a5-595331b11b57" testName="InvalidKindAndSettleBoundariesFailWithoutCandidates" computerName="LAPTOP-F7PUVUPO" duration="00:00:00.0301709" startTime="2026-09-02T01:56:41.7272462+08:00" endTime="2026-09-02T01:56:41.7574954+08:00" testType="13cdc9d9-ddb5-4fa4-a97d-d965ccfc6d4b" outcome="Passed" testListId="8c84fa94-04c1-424b-9868-57a2d4851a1d" relativeResultsDirectory="209182e6-575d-4a51-b979-4af0df71da53" />
    <UnitTestResult executionId="17f560a5-1be3-4ffb-b5fc-086c962984a3" testId="1102443e-545f-8390-a917-b6782ee6d826" testName="DeserializeRejectsUnknownFields" computerName="LAPTOP-F7PUVUPO" duration="00:00:00.0014162" startTime="2026-09-02T01:56:41.7134098+08:00" endTime="2026-09-02T01:56:41.7149303+08:00" testType="13cdc9d9-ddb5-4fa4-a97d-d965ccfc6d4b" outcome="Passed" testListId="8c84fa94-04c1-424b-9868-57a2d4851a1d" relativeResultsDirectory="17f560a5-1be3-4ffb-b5fc-086c962984a3" />
    <UnitTestResult executionId="191246f8-b1bd-4a00-8435-356464565995" testId="1ff7bd42-c810-8d9b-811d-02c8c6f105b8" testName="LegacySchemaOneCannotSilentlyDropItemMembership" computerName="LAPTOP-F7PUVUPO" duration="00:00:00.0004462" startTime="2026-09-02T01:56:42.2133517+08:00" endTime="2026-09-02T01:56:42.2138616+08:00" testType="13cdc9d9-ddb5-4fa4-a97d-d965ccfc6d4b" outcome="Passed" testListId="8c84fa94-04c1-424b-9868-57a2d4851a1d" relativeResultsDirectory="191246f8-b1bd-4a00-8435-356464565995" />
    <UnitTestResult executionId="d934cf4a-3659-4103-8a51-c25a02bf0807" testId="1cd81ec1-662b-8ad9-8aaa-4b9d08dbb155" testName="AndOrCandidatesReceiveExactlyTwoDeterministicLogicInputs (Task,&quot;and&quot;)" computerName="LAPTOP-F7PUVUPO" duration="00:00:00.0000566" startTime="2026-09-02T01:56:42.4823556+08:00" endTime="2026-09-02T01:56:42.4824550+08:00" testType="13cdc9d9-ddb5-4fa4-a97d-d965ccfc6d4b" outcome="Passed" testListId="8c84fa94-04c1-424b-9868-57a2d4851a1d" relativeResultsDirectory="d934cf4a-3659-4103-8a51-c25a02bf0807" />
    <UnitTestResult executionId="74813e60-5aa7-43f3-a151-b4e6d7bc4f52" testId="12bb860d-3d52-89cf-9466-2b336f2b9859" testName="EmptyUncategorizedStoryCanBeDeleted" computerName="LAPTOP-F7PUVUPO" duration="00:00:00.0485680" startTime="2026-09-02T01:56:42.6400342+08:00" endTime="2026-09-02T01:56:42.6886750+08:00" testType="13cdc9d9-ddb5-4fa4-a97d-d965ccfc6d4b" outcome="Passed" testListId="8c84fa94-04c1-424b-9868-57a2d4851a1d" relativeResultsDirectory="74813e60-5aa7-43f3-a151-b4e6d7bc4f52" />
    <UnitTestResult executionId="89576338-779b-4bef-9ec9-ad5b03a77f7a" testId="1f0b51da-1991-8849-8e39-b11209c82ed6" testName="ConstructorAndGettersDoNotAliasCallerMembershipLists" computerName="LAPTOP-F7PUVUPO" duration="00:00:00.0002619" startTime="2026-09-02T01:56:42.2099290+08:00" endTime="2026-09-02T01:56:42.2102385+08:00" testType="13cdc9d9-ddb5-4fa4-a97d-d965ccfc6d4b" outcome="Passed" testListId="8c84fa94-04c1-424b-9868-57a2d4851a1d" relativeResultsDirectory="89576338-779b-4bef-9ec9-ad5b03a77f7a" />
    <UnitTestResult executionId="5cb10043-0617-4914-b131-f055f3593500" testId="17d9335a-6245-8eb9-bb5f-4c3553d1466f" testName="SaveAndLoadFilterBlankNodeIdsAndNonFiniteCoordinates" computerName="LAPTOP-F7PUVUPO" duration="00:00:00.0104476" startTime="2026-09-02T01:56:41.7659001+08:00" endTime="2026-09-02T01:56:41.7764357+08:00" testType="13cdc9d9-ddb5-4fa4-a97d-d965ccfc6d4b" outcome="Passed" testListId="8c84fa94-04c1-424b-9868-57a2d4851a1d" relativeResultsDirectory="5cb10043-0617-4914-b131-f055f3593500" />
    <UnitTestResult executionId="b078763c-514a-4143-80f1-654db96fc727" testId="1343ed75-970b-8559-8a0f-906dddbcf608" testName="RemoveReferenceRepairsMissingActorFile" computerName="LAPTOP-F7PUVUPO" duration="00:00:00.1332930" startTime="2026-09-02T01:56:41.8960681+08:00" endTime="2026-09-02T01:56:42.0299345+08:00" testType="13cdc9d9-ddb5-4fa4-a97d-d965ccfc6d4b" outcome="Passed" testListId="8c84fa94-04c1-424b-9868-57a2d4851a1d" relativeResultsDirectory="b078763c-514a-4143-80f1-654db96fc727" />
    <UnitTestResult executionId="8053a452-22d0-4761-9860-019f720545cf" testId="178c21ed-be4c-8601-848b-8f64c521542e" testName="ReconnectValidatesReplacementBeforeRemovingOriginal" computerName="LAPTOP-F7PUVUPO" duration="00:00:00.0008694" startTime="2026-09-02T01:56:42.4764007+08:00" endTime="2026-09-02T01:56:42.4773151+08:00" testType="13cdc9d9-ddb5-4fa4-a97d-d965ccfc6d4b" outcome="Passed" testListId="8c84fa94-04c1-424b-9868-57a2d4851a1d" relativeResultsDirectory="8053a452-22d0-4761-9860-019f720545cf" />
    <UnitTestResult executionId="e683d565-4448-42a1-adb6-b70c876f8131" testId="1a7d6cf4-7338-83da-a76c-c4ec97323b0f" testName="CompatibilityJumpIsLoadableOnlyInCompatibilityMode" computerName="LAPTOP-F7PUVUPO" duration="00:00:00.0004847" startTime="2026-09-02T01:56:42.5050470+08:00" endTime="2026-09-02T01:56:42.5055686+08:00" testType="13cdc9d9-ddb5-4fa4-a97d-d965ccfc6d4b" outcome="Passed" testListId="8c84fa94-04c1-424b-9868-57a2d4851a1d" relativeResultsDirectory="e683d565-4448-42a1-adb6-b70c876f8131" />
    <UnitTestResult executionId="abe886d2-b014-4873-b7ba-bf81c014ee4e" testId="14110a05-3bdd-816f-a52f-f209cb61ffc5" testName="AndOrCandidatesReceiveExactlyTwoDeterministicLogicInputs (Session,&quot;and&quot;)" computerName="LAPTOP-F7PUVUPO" duration="00:00:00.0007302" startTime="2026-09-02T01:56:42.4818480+08:00" endTime="2026-09-02T01:56:42.4826960+08:00" testType="13cdc9d9-ddb5-4fa4-a97d-d965ccfc6d4b" outcome="Passed" testListId="8c84fa94-04c1-424b-9868-57a2d4851a1d" relativeResultsDirectory="abe886d2-b014-4873-b7ba-bf81c014ee4e" />
    <UnitTestResult executionId="88c2697f-2745-4b23-8168-9d6014965f0a" testId="1b281cbb-2880-86c3-8d25-ded61b60206c" testName="PortJsonUsesStableIdKindAndLowercaseDirection" computerName="LAPTOP-F7PUVUPO" duration="00:00:00.0007216" startTime="2026-09-02T01:56:42.4469707+08:00" endTime="2026-09-02T01:56:42.4477786+08:00" testType="13cdc9d9-ddb5-4fa4-a97d-d965ccfc6d4b" outcome="Passed" testListId="8c84fa94-04c1-424b-9868-57a2d4851a1d" relativeResultsDirectory="88c2697f-2745-4b23-8168-9d6014965f0a" />
    <UnitTestResult executionId="ee976bcc-bdd0-4022-a1ff-2f27623c5b9d" testId="1e230c69-20ce-8fda-b96e-5747e8dd502c" testName="LegacyMinecraftTargetsRemainValidAndDgrIdsRoundTripThroughJson" computerName="LAPTOP-F7PUVUPO" duration="00:00:00.0015226" startTime="2026-09-02T01:56:42.3755810+08:00" endTime="2026-09-02T01:56:42.3771625+08:00" testType="13cdc9d9-ddb5-4fa4-a97d-d965ccfc6d4b" outcome="Passed" testListId="8c84fa94-04c1-424b-9868-57a2d4851a1d" relativeResultsDirectory="ee976bcc-bdd0-4022-a1ff-2f27623c5b9d" />
    <UnitTestResult executionId="e5c9b65c-7a75-48cc-bc2a-57fe60d82ecb" testId="14356a87-0be2-8dee-b494-cf57dd05c2e1" testName="RemovingMiddleTaskSettleSlotReindexesAndUndoRestoresEdgesAndOrder" computerName="LAPTOP-F7PUVUPO" duration="00:00:00.0117828" startTime="2026-09-02T01:56:42.4633884+08:00" endTime="2026-09-02T01:56:42.4752573+08:00" testType="13cdc9d9-ddb5-4fa4-a97d-d965ccfc6d4b" outcome="Passed" testListId="8c84fa94-04c1-424b-9868-57a2d4851a1d" relativeResultsDirectory="e5c9b65c-7a75-48cc-bc2a-57fe60d82ecb" />
    <UnitTestResult executionId="ba798ecf-f8a7-453a-a7dc-56ec33316020" testId="11aa72cf-6f73-8a45-b428-5ad02768c936" testName="CompleteStoryReturnsDetachedRootsAndCanonicalDisplayName" computerName="LAPTOP-F7PUVUPO" duration="00:00:00.0371231" startTime="2026-09-02T01:56:42.0272183+08:00" endTime="2026-09-02T01:56:42.0644891+08:00" testType="13cdc9d9-ddb5-4fa4-a97d-d965ccfc6d4b" outcome="Passed" testListId="8c84fa94-04c1-424b-9868-57a2d4851a1d" relativeResultsDirectory="ba798ecf-f8a7-453a-a7dc-56ec33316020" />
    <UnitTestResult executionId="01574f5b-aa9b-400d-8941-61866f8ed11b" testId="182c269e-2d04-8cf1-85c6-c1dd844b52e9" testName="NullGraphThrows" computerName="LAPTOP-F7PUVUPO" duration="00:00:00.0003859" startTime="2026-09-02T01:56:42.4883928+08:00" endTime="2026-09-02T01:56:42.4888240+08:00" testType="13cdc9d9-ddb5-4fa4-a97d-d965ccfc6d4b" outcome="Passed" testListId="8c84fa94-04c1-424b-9868-57a2d4851a1d" relativeResultsDirectory="01574f5b-aa9b-400d-8941-61866f8ed11b" />
    <UnitTestResult executionId="ac8ff022-ba3e-4c57-b667-b54666c1f095" testId="148a3bf6-b72c-8940-8d34-c5d6735303c3" testName="TaskSettleDynamicPortRejectsPublicIdsAndDisplayNameCollisionsWithoutUndo" computerName="LAPTOP-F7PUVUPO" duration="00:00:00.0075996" startTime="2026-09-02T01:56:42.4612458+08:00" endTime="2026-09-02T01:56:42.4689010+08:00" testType="13cdc9d9-ddb5-4fa4-a97d-d965ccfc6d4b" outcome="Passed" testListId="8c84fa94-04c1-424b-9868-57a2d4851a1d" relativeResultsDirectory="ac8ff022-ba3e-4c57-b667-b54666c1f095" />
    <UnitTestResult executionId="338ea6d2-eed8-4c19-929e-ed16ebe11af2" testId="14ddb395-fd14-81b0-81e1-e1cf08d10640" testName="DeletionPlanBlocksCorruptDuplicateOwnershipInAnotherStory" computerName="LAPTOP-F7PUVUPO" duration="00:00:00.1011452" startTime="2026-09-02T01:56:42.2472896+08:00" endTime="2026-09-02T01:56:42.3485224+08:00" testType="13cdc9d9-ddb5-4fa4-a97d-d965ccfc6d4b" outcome="Passed" testListId="8c84fa94-04c1-424b-9868-57a2d4851a1d" relativeResultsDirectory="338ea6d2-eed8-4c19-929e-ed16ebe11af2" />
    <UnitTestResult executionId="deabbb71-60b1-4d64-93da-10f245996409" testId="1435f693-348e-85e5-9812-7aae7088f987" testName="NodePropertiesRoundTripInCanonicalOrderIncludingNestedJson" computerName="LAPTOP-F7PUVUPO" duration="00:00:00.0020064" startTime="2026-09-02T01:56:42.4503714+08:00" endTime="2026-09-02T01:56:42.4524482+08:00" testType="13cdc9d9-ddb5-4fa4-a97d-d965ccfc6d4b" outcome="Passed" testListId="8c84fa94-04c1-424b-9868-57a2d4851a1d" relativeResultsDirectory="deabbb71-60b1-4d64-93da-10f245996409" />
    <UnitTestResult executionId="4201bbc4-a881-4e91-83e0-909f781a727e" testId="1cf378c4-52ba-8cb0-a4a1-9bd47f55dea7" testName="InvalidSaveLeavesLastValidFileInPlace" computerName="LAPTOP-F7PUVUPO" duration="00:00:00.0170689" startTime="2026-09-02T01:56:42.5097377+08:00" endTime="2026-09-02T01:56:42.5268637+08:00" testType="13cdc9d9-ddb5-4fa4-a97d-d965ccfc6d4b" outcome="Passed" testListId="8c84fa94-04c1-424b-9868-57a2d4851a1d" relativeResultsDirectory="4201bbc4-a881-4e91-83e0-909f781a727e" />
    <UnitTestResult executionId="d1b1ac43-c89d-423c-b26b-deae85694cdb" testId="1b134e7c-da35-8de8-95d7-24c6ad9142a0" testName="DialogueDuplicateDraftDeepCopiesContentAndDefersPersistence" computerName="LAPTOP-F7PUVUPO" duration="00:00:00.1203535" startTime="2026-09-02T01:56:42.4023200+08:00" endTime="2026-09-02T01:56:42.5227494+08:00" testType="13cdc9d9-ddb5-4fa4-a97d-d965ccfc6d4b" outcome="Passed" testListId="8c84fa94-04c1-424b-9868-57a2d4851a1d" relativeResultsDirectory="d1b1ac43-c89d-423c-b26b-deae85694cdb" />
    <UnitTestResult executionId="548a545d-14ff-4dfc-98bc-23b5ed62c3f7" testId="1d0596b9-159c-8e0b-b9e1-18d9305c16bc" testName="NonApplicablePreviewRejectsWithoutTransactionArtifacts" computerName="LAPTOP-F7PUVUPO" duration="00:00:00.0191903" startTime="2026-09-02T01:56:41.8425998+08:00" endTime="2026-09-02T01:56:41.8618531+08:00" testType="13cdc9d9-ddb5-4fa4-a97d-d965ccfc6d4b" outcome="Passed" testListId="8c84fa94-04c1-424b-9868-57a2d4851a1d" relativeResultsDirectory="548a545d-14ff-4dfc-98bc-23b5ed62c3f7" />
    <UnitTestResult executionId="6ef5a1e8-7989-484f-b945-efe86f4abcd3" testId="107da926-188a-8cdc-ab35-5d2953608d2a" testName="InvalidDraftRoundTripsAsADeepClonedRecoverySnapshot" computerName="LAPTOP-F7PUVUPO" duration="00:00:00.1049366" startTime="2026-09-02T01:56:42.6766539+08:00" endTime="2026-09-02T01:56:42.7816776+08:00" testType="13cdc9d9-ddb5-4fa4-a97d-d965ccfc6d4b" outcome="Passed" testListId="8c84fa94-04c1-424b-9868-57a2d4851a1d" relativeResultsDirectory="6ef5a1e8-7989-484f-b945-efe86f4abcd3" />
    <UnitTestResult executionId="fab8011d-324e-4e18-829e-4b2a1561d892" testId="12844e52-0b7a-8a87-8473-f157a557716a" testName="ProjectionRejectsWrongBoundaryKind" computerName="LAPTOP-F7PUVUPO" duration="00:00:00.0002850" startTime="2026-09-02T01:56:42.5087054+08:00" endTime="2026-09-02T01:56:42.5090458+08:00" testType="13cdc9d9-ddb5-4fa4-a97d-d965ccfc6d4b" outcome="Passed" testListId="8c84fa94-04c1-424b-9868-57a2d4851a1d" relativeResultsDirectory="fab8011d-324e-4e18-829e-4b2a1561d892" />
    <UnitTestResult executionId="723abee9-6f38-4889-a3ec-fc37ed06c78c" testId="167d3dcd-8b10-890d-8f80-7e37ed44dc9f" testName="FactoryCreatesUnselectedKillContract" computerName="LAPTOP-F7PUVUPO" duration="00:00:00.0020185" startTime="2026-09-02T01:56:42.3669811+08:00" endTime="2026-09-02T01:56:42.3693705+08:00" testType="13cdc9d9-ddb5-4fa4-a97d-d965ccfc6d4b" outcome="Passed" testListId="8c84fa94-04c1-424b-9868-57a2d4851a1d" relativeResultsDirectory="723abee9-6f38-4889-a3ec-fc37ed06c78c" />
    <UnitTestResult executionId="841f3928-590d-4841-9464-0e02e4ad47bd" testId="1e7a81bb-1fcf-87cc-b9f6-3407592028a0" testName="MalformedOrUnsupportedSchemaLoadsSafelyAsEmpty" computerName="LAPTOP-F7PUVUPO" duration="00:00:00.0106927" startTime="2026-09-02T01:56:41.7706975+08:00" endTime="2026-09-02T01:56:41.7814495+08:00" testType="13cdc9d9-ddb5-4fa4-a97d-d965ccfc6d4b" outcome="Passed" testListId="8c84fa94-04c1-424b-9868-57a2d4851a1d" relativeResultsDirectory="841f3928-590d-4841-9464-0e02e4ad47bd" />
    <UnitTestResult executionId="6c763cb2-08a4-4772-a03b-9e25e7758cd0" testId="11d67615-3563-8c4c-956b-2dbcad4cc18a" testName="DeepHistoryIgnoresExternalChangesAndNewEditClearsRedo" computerName="LAPTOP-F7PUVUPO" duration="00:00:00.0010717" startTime="2026-09-02T01:56:42.4783654+08:00" endTime="2026-09-02T01:56:42.4794943+08:00" testType="13cdc9d9-ddb5-4fa4-a97d-d965ccfc6d4b" outcome="Passed" testListId="8c84fa94-04c1-424b-9868-57a2d4851a1d" relativeResultsDirectory="6c763cb2-08a4-4772-a03b-9e25e7758cd0" />
    <UnitTestResult executionId="052b68ca-fa1d-42ce-98e1-d048150744bc" testId="157243ee-7f6c-8976-a3d2-de9809d4861f" testName="BuildRejectsLegacyEnterStoryBeforeChangingOutput" computerName="LAPTOP-F7PUVUPO" duration="00:00:00.0288483" startTime="2026-09-02T01:56:42.7729671+08:00" endTime="2026-09-02T01:56:42.8019923+08:00" testType="13cdc9d9-ddb5-4fa4-a97d-d965ccfc6d4b" outcome="Passed" testListId="8c84fa94-04c1-424b-9868-57a2d4851a1d" relativeResultsDirectory="052b68ca-fa1d-42ce-98e1-d048150744bc" />
    <UnitTestResult executionId="62a4a4fa-b2ac-4bde-aa8d-10dac43559f1" testId="1ef69d9a-1d77-8de9-8fb2-5060cd8515a7" testName="TypeSwitchReplacesPayloadAndUndoRestoresItAsOneEdit" computerName="LAPTOP-F7PUVUPO" duration="00:00:00.0021251" startTime="2026-09-02T01:56:42.3681147+08:00" endTime="2026-09-02T01:56:42.3702928+08:00" testType="13cdc9d9-ddb5-4fa4-a97d-d965ccfc6d4b" outcome="Passed" testListId="8c84fa94-04c1-424b-9868-57a2d4851a1d" relativeResultsDirectory="62a4a4fa-b2ac-4bde-aa8d-10dac43559f1" />
    <UnitTestResult executionId="b3d8eeff-9172-4156-b1f2-fd9a2158a3ba" testId="140654cc-5618-8bc5-b716-c480a4634d13" testName="InvalidNewActorIdHasAnError (&quot;teacher.npc&quot;)" computerName="LAPTOP-F7PUVUPO" duration="00:00:00.0003259" startTime="2026-09-02T01:56:41.7249340+08:00" endTime="2026-09-02T01:56:41.7254387+08:00" testType="13cdc9d9-ddb5-4fa4-a97d-d965ccfc6d4b" outcome="Passed" testListId="8c84fa94-04c1-424b-9868-57a2d4851a1d" relativeResultsDirectory="b3d8eeff-9172-4156-b1f2-fd9a2158a3ba" />
    <UnitTestResult executionId="f6ef9c67-ac02-4b30-8eda-22413abc4196" testId="131281ea-5662-8cbc-a8d4-1ab4068b0583" testName="InteractRequiresExplicitActorAndSameTypeIsNoOp" computerName="LAPTOP-F7PUVUPO" duration="00:00:00.0006586" startTime="2026-09-02T01:56:42.3718165+08:00" endTime="2026-09-02T01:56:42.3725464+08:00" testType="13cdc9d9-ddb5-4fa4-a97d-d965ccfc6d4b" outcome="Passed" testListId="8c84fa94-04c1-424b-9868-57a2d4851a1d" relativeResultsDirectory="f6ef9c67-ac02-4b30-8eda-22413abc4196" />
    <UnitTestResult executionId="817f8f82-8146-44c0-83be-c09283e787a7" testId="10caf54a-6f66-8a7a-aafa-c20587591edd" testName="MissingBlankWrongKindAndUnknownTargetsFailClosed" computerName="LAPTOP-F7PUVUPO" duration="00:00:00.0356182" startTime="2026-09-02T01:56:41.8593281+08:00" endTime="2026-09-02T01:56:41.8950161+08:00" testType="13cdc9d9-ddb5-4fa4-a97d-d965ccfc6d4b" outcome="Passed" testListId="8c84fa94-04c1-424b-9868-57a2d4851a1d" relativeResultsDirectory="817f8f82-8146-44c0-83be-c09283e787a7" />
    <UnitTestResult executionId="b77c64ae-aaef-46ac-b7ca-3d743b39867b" testId="1166e224-62ec-8ca8-a087-fc24607f093e" testName="DeleteRestoresFileWhenMembershipWriteFails" computerName="LAPTOP-F7PUVUPO" duration="00:00:00.1470936" startTime="2026-09-02T01:56:42.0627283+08:00" endTime="2026-09-02T01:56:42.2098903+08:00" testType="13cdc9d9-ddb5-4fa4-a97d-d965ccfc6d4b" outcome="Passed" testListId="8c84fa94-04c1-424b-9868-57a2d4851a1d" relativeResultsDirectory="b77c64ae-aaef-46ac-b7ca-3d743b39867b" />
    <UnitTestResult executionId="b4902563-8255-43eb-a758-d23bef9f40a9" testId="1aba7b50-e87e-8dbc-a0eb-db2ea8a848aa" testName="ImportAsNewCreatesIndependentActorAndSelectedOwnership" computerName="LAPTOP-F7PUVUPO" duration="00:00:00.0999498" startTime="2026-09-02T01:56:42.5280598+08:00" endTime="2026-09-02T01:56:42.6281333+08:00" testType="13cdc9d9-ddb5-4fa4-a97d-d965ccfc6d4b" outcome="Passed" testListId="8c84fa94-04c1-424b-9868-57a2d4851a1d" relativeResultsDirectory="b4902563-8255-43eb-a758-d23bef9f40a9" />
    <UnitTestResult executionId="6124e459-41e1-490a-b6d0-e82765bf952a" testId="111c61fa-53e4-8381-9de1-4bea29cf9622" testName="DynamicRolesEnforceEveryRegisteredMinimum" computerName="LAPTOP-F7PUVUPO" duration="00:00:00.0038028" startTime="2026-09-02T01:56:42.4966342+08:00" endTime="2026-09-02T01:56:42.5004886+08:00" testType="13cdc9d9-ddb5-4fa4-a97d-d965ccfc6d4b" outcome="Passed" testListId="8c84fa94-04c1-424b-9868-57a2d4851a1d" relativeResultsDirectory="6124e459-41e1-490a-b6d0-e82765bf952a" />
    <UnitTestResult executionId="5eb0d102-f107-4f51-8d77-eb6175f0f79e" testId="15ee98f8-3fbd-83e3-8bd6-de9afb25e9fa" testName="SourceChangeAfterPreviewRejectsBeforeBackupOrCanonicalWrites" computerName="LAPTOP-F7PUVUPO" duration="00:00:00.0576781" startTime="2026-09-02T01:56:41.8140479+08:00" endTime="2026-09-02T01:56:41.8717978+08:00" testType="13cdc9d9-ddb5-4fa4-a97d-d965ccfc6d4b" outcome="Passed" testListId="8c84fa94-04c1-424b-9868-57a2d4851a1d" relativeResultsDirectory="5eb0d102-f107-4f51-8d77-eb6175f0f79e" />
    <UnitTestResult executionId="c3139299-c885-4650-ad28-9a9109d8536c" testId="1f9f6c66-0485-82ad-9903-6866e009dddd" testName="QuestValidationRequiresExactGroupMembership" computerName="LAPTOP-F7PUVUPO" duration="00:00:00.0011536" startTime="2026-09-02T01:56:42.5404408+08:00" endTime="2026-09-02T01:56:42.5416497+08:00" testType="13cdc9d9-ddb5-4fa4-a97d-d965ccfc6d4b" outcome="Passed" testListId="8c84fa94-04c1-424b-9868-57a2d4851a1d" relativeResultsDirectory="c3139299-c885-4650-ad28-9a9109d8536c" />
    <UnitTestResult executionId="95890503-3518-48b0-a523-a18d1de540f8" testId="1423253c-fd6b-88cb-a600-8e3e2fa070e7" testName="SessionChoiceReceivesOnePairedSemanticOptionWithoutMutatingGraph" computerName="LAPTOP-F7PUVUPO" duration="00:00:00.0020764" startTime="2026-09-02T01:56:42.4847699+08:00" endTime="2026-09-02T01:56:42.4868927+08:00" testType="13cdc9d9-ddb5-4fa4-a97d-d965ccfc6d4b" outcome="Passed" testListId="8c84fa94-04c1-424b-9868-57a2d4851a1d" relativeResultsDirectory="95890503-3518-48b0-a523-a18d1de540f8" />
    <UnitTestResult executionId="374c4c2c-3c86-41d7-a2b5-781b26ddd008" testId="193be9a6-6ae7-8641-850c-3e38cdbb4df9" testName="DeletingOwnedResourceCleansEveryOwnerPlacementAndIncidentConnection" computerName="LAPTOP-F7PUVUPO" duration="00:00:00.1096329" startTime="2026-09-02T01:56:42.2561556+08:00" endTime="2026-09-02T01:56:42.3658778+08:00" testType="13cdc9d9-ddb5-4fa4-a97d-d965ccfc6d4b" outcome="Passed" testListId="8c84fa94-04c1-424b-9868-57a2d4851a1d" relativeResultsDirectory="374c4c2c-3c86-41d7-a2b5-781b26ddd008" />
    <UnitTestResult executionId="cdb2512a-1b07-4fff-8fee-cebe2cafb44f" testId="169b0529-9132-8e98-b632-32045da7d8f7" testName="ChangingSavedIdRequiresExplicitRename" computerName="LAPTOP-F7PUVUPO" duration="00:00:00.0682053" startTime="2026-09-02T01:56:41.6494065+08:00" endTime="2026-09-02T01:56:41.7181661+08:00" testType="13cdc9d9-ddb5-4fa4-a97d-d965ccfc6d4b" outcome="Passed" testListId="8c84fa94-04c1-424b-9868-57a2d4851a1d" relativeResultsDirectory="cdb2512a-1b07-4fff-8fee-cebe2cafb44f" />
    <UnitTestResult executionId="33459369-bb12-4f66-9a16-881bdbbabdeb" testId="10ec2501-a89e-87c5-911b-f647d5447298" testName="RemoveRequiresConfirmationForFlowAndLogicReferencesAndIsAtomic" computerName="LAPTOP-F7PUVUPO" duration="00:00:00.0030820" startTime="2026-09-02T01:56:42.6368398+08:00" endTime="2026-09-02T01:56:42.6399954+08:00" testType="13cdc9d9-ddb5-4fa4-a97d-d965ccfc6d4b" outcome="Passed" testListId="8c84fa94-04c1-424b-9868-57a2d4851a1d" relativeResultsDirectory="33459369-bb12-4f66-9a16-881bdbbabdeb" />
    <UnitTestResult executionId="78f53bb0-4f49-4260-9a21-bd245eeae0f2" testId="1161fa5b-82ba-8638-b7c9-51aa7908df43" testName="DeserializeRejectsFileNameMismatch" computerName="LAPTOP-F7PUVUPO" duration="00:00:00.0019053" startTime="2026-09-02T01:56:41.7137155+08:00" endTime="2026-09-02T01:56:41.7156702+08:00" testType="13cdc9d9-ddb5-4fa4-a97d-d965ccfc6d4b" outcome="Passed" testListId="8c84fa94-04c1-424b-9868-57a2d4851a1d" relativeResultsDirectory="78f53bb0-4f49-4260-9a21-bd245eeae0f2" />
    <UnitTestResult executionId="808c72c2-78ab-419a-9338-71d07b28e400" testId="1255b3b8-3faa-8a84-9e79-1f43da9ad134" testName="SemanticBoundRolesFailClosedWithoutConsumingIdsOrMutatingGraph (StoryFlow,&quot;start&quot;)" computerName="LAPTOP-F7PUVUPO" duration="00:00:00.0007385" startTime="2026-09-02T01:56:42.4834736+08:00" endTime="2026-09-02T01:56:42.4842810+08:00" testType="13cdc9d9-ddb5-4fa4-a97d-d965ccfc6d4b" outcome="Passed" testListId="8c84fa94-04c1-424b-9868-57a2d4851a1d" relativeResultsDirectory="808c72c2-78ab-419a-9338-71d07b28e400" />
    <UnitTestResult executionId="6d2eabff-5ae1-4672-bd5c-e7b999b9160c" testId="1cb95af7-b0f0-8506-aea3-1278e88baeae" testName="AndOrCandidatesReceiveExactlyTwoDeterministicLogicInputs (StoryFlow,&quot;or&quot;)" computerName="LAPTOP-F7PUVUPO" duration="00:00:00.0004644" startTime="2026-09-02T01:56:42.4818082+08:00" endTime="2026-09-02T01:56:42.4823395+08:00" testType="13cdc9d9-ddb5-4fa4-a97d-d965ccfc6d4b" outcome="Passed" testListId="8c84fa94-04c1-424b-9868-57a2d4851a1d" relativeResultsDirectory="6d2eabff-5ae1-4672-bd5c-e7b999b9160c" />
[...]
    <TestEntry testId="1ebcf35d-3e0e-8215-b463-f7bc00652ccb" executionId="80664405-fb9d-41cd-adae-b71dbf580c5e" testListId="8c84fa94-04c1-424b-9868-57a2d4851a1d" />
    <TestEntry testId="123e644f-ad8d-8ff2-8ee2-d81505748330" executionId="9d7a9411-d4fd-41a4-afe0-604712c71c96" testListId="8c84fa94-04c1-424b-9868-57a2d4851a1d" />
    <TestEntry testId="1dce33dc-faa6-87ab-b61d-3531275f1c7d" executionId="a164fd91-49a5-4267-9ae4-5a424778e480" testListId="8c84fa94-04c1-424b-9868-57a2d4851a1d" />
    <TestEntry testId="1863d739-0673-8af2-834d-cae1edcc131f" executionId="5029a55d-413d-43cc-a526-45582603871d" testListId="8c84fa94-04c1-424b-9868-57a2d4851a1d" />
    <TestEntry testId="1558a204-4aab-82a5-a345-c1babadc5492" executionId="76d63998-8939-41de-a94a-ff4bf0baa370" testListId="8c84fa94-04c1-424b-9868-57a2d4851a1d" />
    <TestEntry testId="19163da4-deec-8a54-87be-d94390934cfc" executionId="5fabf79e-b96c-447a-bb1e-f833a8a7b0fd" testListId="8c84fa94-04c1-424b-9868-57a2d4851a1d" />
    <TestEntry testId="1b4ad691-b161-8d14-8a4b-a461cbf249a2" executionId="9b5e9d16-bfcd-45b5-b2df-149d718c8a10" testListId="8c84fa94-04c1-424b-9868-57a2d4851a1d" />
    <TestEntry testId="187ac215-efb0-81a2-a5d9-ee0e999e8309" executionId="c2408f6e-9d77-4df1-8045-19831c8edb63" testListId="8c84fa94-04c1-424b-9868-57a2d4851a1d" />
    <TestEntry testId="1dab2e79-58a4-84d7-baa7-e0fc6a55618f" executionId="e896ace0-b376-4183-8ffb-5f2e5084fe78" testListId="8c84fa94-04c1-424b-9868-57a2d4851a1d" />
    <TestEntry testId="156d9616-5bf5-85e3-82e7-01fdce658160" executionId="680cacc2-1e2b-40e7-acd1-e8afd2317f61" testListId="8c84fa94-04c1-424b-9868-57a2d4851a1d" />
    <TestEntry testId="1884da99-6c28-80b6-b937-288c7d611269" executionId="96c5e2ce-fc8c-4a31-ab81-18866d5a2029" testListId="8c84fa94-04c1-424b-9868-57a2d4851a1d" />
    <TestEntry testId="16f392b2-78e0-85eb-9963-73cf53069ebd" executionId="4c99d66b-ddaa-4483-a1ee-ee32e248551e" testListId="8c84fa94-04c1-424b-9868-57a2d4851a1d" />
    <TestEntry testId="1b857d13-ac45-8a4c-aa58-cbae39de4bd6" executionId="afff01d3-c300-43e8-87ec-e8cbd2dbf62e" testListId="8c84fa94-04c1-424b-9868-57a2d4851a1d" />
    <TestEntry testId="1723dfe2-256b-8eff-a202-d5c30b1f283b" executionId="3a371a02-119d-4ee8-ad97-c120ce25afe7" testListId="8c84fa94-04c1-424b-9868-57a2d4851a1d" />
    <TestEntry testId="1c84c7ef-b59f-8104-a872-40cafb7dc4f8" executionId="42e7237e-13b2-4fdf-8f5f-639752ad0272" testListId="8c84fa94-04c1-424b-9868-57a2d4851a1d" />
    <TestEntry testId="17c2c958-448c-8dbf-b216-00888461eeb6" executionId="9688325f-d5fc-4816-98da-afbe52a64c0b" testListId="8c84fa94-04c1-424b-9868-57a2d4851a1d" />
    <TestEntry testId="1bb14fb8-3439-8daa-af53-19cb44507311" executionId="0dbc450b-5f39-485d-b758-54fbee3339b5" testListId="8c84fa94-04c1-424b-9868-57a2d4851a1d" />
    <TestEntry testId="1b5003fc-684b-8d80-b97a-9bbb7658a0aa" executionId="14d1f477-50bc-4b14-b320-3503479e324a" testListId="8c84fa94-04c1-424b-9868-57a2d4851a1d" />
    <TestEntry testId="1665d4a5-21e1-8b06-95fd-a9a3a426a308" executionId="f6c10343-91ee-45f8-9613-a68884882d7f" testListId="8c84fa94-04c1-424b-9868-57a2d4851a1d" />
    <TestEntry testId="1b7e9304-090e-8448-8aa3-e09fe0a7465a" executionId="74fc2d35-7f8c-4152-a714-503102422eb7" testListId="8c84fa94-04c1-424b-9868-57a2d4851a1d" />
    <TestEntry testId="1793867b-53cc-8d3c-8178-dda713c27d26" executionId="fcc01b73-29db-4828-8310-6a209985c4a2" testListId="8c84fa94-04c1-424b-9868-57a2d4851a1d" />
    <TestEntry testId="18c50b37-363c-8a66-b1be-0fe5b17af0f4" executionId="cfc557c2-72e2-49da-9a03-89a90615ffe7" testListId="8c84fa94-04c1-424b-9868-57a2d4851a1d" />
    <TestEntry testId="1a058a61-a434-8285-9cbb-d8bb1d002c58" executionId="06fd6f71-01a2-4048-ac79-79de5cab4118" testListId="8c84fa94-04c1-424b-9868-57a2d4851a1d" />
    <TestEntry testId="1f3504c0-70d2-8832-9c4b-b94407c6fda8" executionId="74d3f07e-7374-44dc-a376-014f4d02d060" testListId="8c84fa94-04c1-424b-9868-57a2d4851a1d" />
    <TestEntry testId="1b4d9f3b-4151-84ea-b367-5f05d56d3a7d" executionId="5ae982f6-8569-4182-b178-f33394890903" testListId="8c84fa94-04c1-424b-9868-57a2d4851a1d" />
    <TestEntry testId="1130595f-09b5-8f9e-9da5-bc01967f7cd7" executionId="87df0611-ad4b-4364-a18d-a185fc41d1ad" testListId="8c84fa94-04c1-424b-9868-57a2d4851a1d" />
    <TestEntry testId="1bac3452-538c-8ca7-9947-edb009524f9e" executionId="ee78de12-e32c-4f45-af9f-ab9fa15e87ab" testListId="8c84fa94-04c1-424b-9868-57a2d4851a1d" />
    <TestEntry testId="1ff4ebc9-c05c-8009-9a4a-038bbd044f93" executionId="a9e2ec25-153c-4311-aae1-f9770ff23d08" testListId="8c84fa94-04c1-424b-9868-57a2d4851a1d" />
    <TestEntry testId="1a3c39e4-b9f8-8ee6-882b-719ea23f6996" executionId="5b5b5749-2613-48ce-9d00-3781de807e53" testListId="8c84fa94-04c1-424b-9868-57a2d4851a1d" />
    <TestEntry testId="1fd13160-b69f-8328-a90d-fa4cf553e0dd" executionId="872313d7-65a4-45f4-9717-63e98b1fb6d1" testListId="8c84fa94-04c1-424b-9868-57a2d4851a1d" />
    <TestEntry testId="19284a46-76b5-820b-af11-83800b228e44" executionId="4880c4b7-2629-456d-8e3a-53bca692a284" testListId="8c84fa94-04c1-424b-9868-57a2d4851a1d" />
    <TestEntry testId="18e23b94-22b6-8d54-a5e1-ac21ddb8dc86" executionId="d6e232d6-c3f5-4d31-9bb0-a47348d4efaa" testListId="8c84fa94-04c1-424b-9868-57a2d4851a1d" />
    <TestEntry testId="11647885-bf6b-84d5-976a-b032ece1d902" executionId="3392ae0f-2d1b-4946-bfd6-60fcc4dee813" testListId="8c84fa94-04c1-424b-9868-57a2d4851a1d" />
    <TestEntry testId="19397b80-404d-8c28-8132-098c2b341772" executionId="3b7deb3a-398d-49b7-99a9-18413b5c8655" testListId="8c84fa94-04c1-424b-9868-57a2d4851a1d" />
    <TestEntry testId="154ad0ce-a4e7-828b-94df-558f420c9e5f" executionId="671d8440-19d4-481e-8770-d0651c43569d" testListId="8c84fa94-04c1-424b-9868-57a2d4851a1d" />
    <TestEntry testId="1f486cc0-88c3-8f61-aad3-e532cc326921" executionId="b7718dbc-106a-4086-ab1a-3a6260b911e2" testListId="8c84fa94-04c1-424b-9868-57a2d4851a1d" />
    <TestEntry testId="1a245c39-0729-8768-9107-b8954240e600" executionId="e0ad16cb-c497-404c-aa57-c79b448a61da" testListId="8c84fa94-04c1-424b-9868-57a2d4851a1d" />
    <TestEntry testId="130f1f2a-8e59-8471-b616-b457539a82a5" executionId="44e54140-2ab6-4204-94ce-91a54625a24c" testListId="8c84fa94-04c1-424b-9868-57a2d4851a1d" />
    <TestEntry testId="107855bd-1f47-8eed-aa34-344224312d89" executionId="26c990bf-650b-4d11-9141-b3281a7f08c2" testListId="8c84fa94-04c1-424b-9868-57a2d4851a1d" />
    <TestEntry testId="1a3e55f4-af0e-86d1-8e65-d60c7332ff21" executionId="43cdb410-f835-4628-8418-e9d57e945eba" testListId="8c84fa94-04c1-424b-9868-57a2d4851a1d" />
    <TestEntry testId="1c498144-8bb1-8f9e-95c1-2d291004ffd0" executionId="e7594147-ea01-45d3-8476-1d0d302e7727" testListId="8c84fa94-04c1-424b-9868-57a2d4851a1d" />
    <TestEntry testId="17a54597-013e-83a0-a757-44cfe27fb415" executionId="336d2b85-c0fe-4b24-87ea-78c20d089b3d" testListId="8c84fa94-04c1-424b-9868-57a2d4851a1d" />
    <TestEntry testId="1f1ac6e1-bac4-80b3-90f9-4a082d964295" executionId="310c2c12-ca31-4d50-8f37-61cb3126bc02" testListId="8c84fa94-04c1-424b-9868-57a2d4851a1d" />
    <TestEntry testId="1a8d464c-61d8-801e-98a3-fdfdc7e3ebf6" executionId="bf99f56d-53f4-4e55-977b-30601df1a68f" testListId="8c84fa94-04c1-424b-9868-57a2d4851a1d" />
    <TestEntry testId="1f434190-f359-8ef0-b820-5c8800817a6c" executionId="05e0b85c-7b10-4118-882c-2142dc5daacb" testListId="8c84fa94-04c1-424b-9868-57a2d4851a1d" />
    <TestEntry testId="140cba8b-bee1-813e-8068-f16edaf1d199" executionId="83fab2cb-a2d9-44a1-aaa9-05630652a7e1" testListId="8c84fa94-04c1-424b-9868-57a2d4851a1d" />
    <TestEntry testId="1c14a120-6892-838d-8734-39064dc1b622" executionId="c5000e1c-4bd4-4ad3-a62a-d920827ed06b" testListId="8c84fa94-04c1-424b-9868-57a2d4851a1d" />
    <TestEntry testId="145a18a9-c669-848a-a4eb-1d3f5819a2c3" executionId="a9324039-f4d5-4d3a-b6c5-3223d37c9286" testListId="8c84fa94-04c1-424b-9868-57a2d4851a1d" />
    <TestEntry testId="1ecb021e-d826-8b5f-8e34-fa4fbc90d4c2" executionId="d030553f-6c5c-4479-b7a1-c0ab526296ad" testListId="8c84fa94-04c1-424b-9868-57a2d4851a1d" />
    <TestEntry testId="18954578-4461-8e5f-a73f-0d3ff1f028e0" executionId="41a37d37-928a-44b1-9c65-b5311ee60122" testListId="8c84fa94-04c1-424b-9868-57a2d4851a1d" />
    <TestEntry testId="15adbeb3-fd91-8802-b721-fda08672f850" executionId="d9bd73bb-a3c3-46ca-bf4e-0f07603acf71" testListId="8c84fa94-04c1-424b-9868-57a2d4851a1d" />
    <TestEntry testId="1d18c526-c18a-8121-83f9-14b37b75c437" executionId="0072a347-1939-4bb4-a61a-83b8e3c730b1" testListId="8c84fa94-04c1-424b-9868-57a2d4851a1d" />
    <TestEntry testId="16e72812-6c06-86f2-93d6-42f0cf5fe9ae" executionId="cedf4899-5018-4f59-9b1c-80dd250bdad4" testListId="8c84fa94-04c1-424b-9868-57a2d4851a1d" />
    <TestEntry testId="16ef2a22-7cad-8719-a11b-009a4d63431f" executionId="3fefcaaf-ebe2-4254-b428-16912f380098" testListId="8c84fa94-04c1-424b-9868-57a2d4851a1d" />
    <TestEntry testId="150eb109-eda0-82ee-abcc-ee29730a8b6f" executionId="405a2957-70ce-4224-9030-2499c03eb21c" testListId="8c84fa94-04c1-424b-9868-57a2d4851a1d" />
    <TestEntry testId="19e0d80d-34c5-8be5-84d9-a2654efdf742" executionId="d73aceba-d1c5-4947-b271-d1f83287bee3" testListId="8c84fa94-04c1-424b-9868-57a2d4851a1d" />
    <TestEntry testId="197686a9-f5dd-83cd-a042-bfa0b8eba1ea" executionId="793a83c2-6653-437d-a2ea-8e3b5321a6a6" testListId="8c84fa94-04c1-424b-9868-57a2d4851a1d" />
    <TestEntry testId="159ad11e-74d8-8120-8c66-8da158448975" executionId="35ad7626-d8df-4add-af3b-e67e26e02c99" testListId="8c84fa94-04c1-424b-9868-57a2d4851a1d" />
    <TestEntry testId="147f4e74-5981-8cbe-bd3b-be7da26de21d" executionId="724b0c31-a0e5-470a-afe7-cdcfee7e2e25" testListId="8c84fa94-04c1-424b-9868-57a2d4851a1d" />
    <TestEntry testId="1661521e-24eb-814f-91d2-29b8e0bd48be" executionId="f911825d-681d-459d-9656-6bfe887925b1" testListId="8c84fa94-04c1-424b-9868-57a2d4851a1d" />
    <TestEntry testId="17854b09-6b22-823a-99e4-86c030e1ba48" executionId="3a33cf41-7038-4cc4-85d4-b67a4e193f77" testListId="8c84fa94-04c1-424b-9868-57a2d4851a1d" />
    <TestEntry testId="1b0e58a0-be13-8799-80cc-beaf165eb005" executionId="d0529a63-3245-4cb7-937a-cf02ff156501" testListId="8c84fa94-04c1-424b-9868-57a2d4851a1d" />
    <TestEntry testId="175026ca-1a44-8190-93e4-f917d3c31051" executionId="3f275594-15d4-4a26-8392-5487e9efbb1d" testListId="8c84fa94-04c1-424b-9868-57a2d4851a1d" />
    <TestEntry testId="12414d6c-abda-87f0-b830-35d2d286c0db" executionId="d55dc841-db65-4bea-ad55-59e7446b9113" testListId="8c84fa94-04c1-424b-9868-57a2d4851a1d" />
    <TestEntry testId="10c529c1-8238-8152-83c5-c285d22bafe4" executionId="2f06a552-67bd-4892-bcd1-806a6d8006ec" testListId="8c84fa94-04c1-424b-9868-57a2d4851a1d" />
    <TestEntry testId="12f70628-3d0e-8977-8bce-7267fbfc475c" executionId="ad4b8f60-f1da-41dc-9eca-eda1e0c8f128" testListId="8c84fa94-04c1-424b-9868-57a2d4851a1d" />
    <TestEntry testId="1af4020e-d628-8c69-bb50-d7f930979606" executionId="eb6dce6e-30e0-4d74-8bbe-3c4fc2467feb" testListId="8c84fa94-04c1-424b-9868-57a2d4851a1d" />
    <TestEntry testId="1f00b844-4008-84e6-87ae-2560c09a995f" executionId="5d96f050-c1da-4a9f-81a0-f583abe4b532" testListId="8c84fa94-04c1-424b-9868-57a2d4851a1d" />
    <TestEntry testId="177829a4-ad5e-8515-af61-f78a7bee5a55" executionId="bcc6735f-c739-4d6a-a15e-ea4480d7efc7" testListId="8c84fa94-04c1-424b-9868-57a2d4851a1d" />
    <TestEntry testId="138e0807-39ff-8cb1-a222-43da87f6e010" executionId="4c09be77-9315-4ec4-aa3f-b64ff189dadf" testListId="8c84fa94-04c1-424b-9868-57a2d4851a1d" />
    <TestEntry testId="18599779-9181-8bcc-977d-1274fe2e36a6" executionId="49025f21-e437-4974-9039-d917db14bc2f" testListId="8c84fa94-04c1-424b-9868-57a2d4851a1d" />
    <TestEntry testId="1ccf62c6-4158-87f9-aba7-1dd1fb374673" executionId="8a395816-cf67-4198-a71f-4be5532d3c3a" testListId="8c84fa94-04c1-424b-9868-57a2d4851a1d" />
    <TestEntry testId="1d1dc723-666a-8b61-8260-fcc1280f2196" executionId="6a494673-13a8-437c-8546-d078cc1c79d8" testListId="8c84fa94-04c1-424b-9868-57a2d4851a1d" />
    <TestEntry testId="17d478c3-9711-8382-9176-a8439c246766" executionId="8e4d1558-b91a-4de2-8b24-e00150e52f7a" testListId="8c84fa94-04c1-424b-9868-57a2d4851a1d" />
    <TestEntry testId="1796f0bc-a62c-8584-993c-3bf391d6da4c" executionId="2a751478-1368-4ecd-b990-0ea37ce6cc99" testListId="8c84fa94-04c1-424b-9868-57a2d4851a1d" />
    <TestEntry testId="1581fbd4-5162-82c1-878b-e67e623de19d" executionId="bd91a043-f61a-4488-987b-f4dbd80923cd" testListId="8c84fa94-04c1-424b-9868-57a2d4851a1d" />
    <TestEntry testId="125023e0-6fe5-81bc-b333-077a6d76e382" executionId="dd585805-3343-4ff6-889a-a61a4c48343e" testListId="8c84fa94-04c1-424b-9868-57a2d4851a1d" />
    <TestEntry testId="19d0345e-e34e-87db-86c8-dca3e1956a91" executionId="ac903610-f9af-4dc7-b83c-ae3787183c2b" testListId="8c84fa94-04c1-424b-9868-57a2d4851a1d" />
    <TestEntry testId="1a51b4ae-e14e-8338-b569-c22df1982e46" executionId="c481775a-21e3-4cdf-a27b-5170afc9349c" testListId="8c84fa94-04c1-424b-9868-57a2d4851a1d" />
    <TestEntry testId="1953d23c-cb2f-85ee-81de-a6fe6edf92b5" executionId="45ae5350-6906-4eb1-93eb-0035cbd92b20" testListId="8c84fa94-04c1-424b-9868-57a2d4851a1d" />
    <TestEntry testId="10311c5b-1740-8e74-9726-d956783d95e5" executionId="ca9f689c-8227-49b9-8eed-c2135eb80430" testListId="8c84fa94-04c1-424b-9868-57a2d4851a1d" />
    <TestEntry testId="11edb8d6-5744-884e-9060-e01850d98393" executionId="a3c27825-faa5-4981-8318-9cf4712e7d3b" testListId="8c84fa94-04c1-424b-9868-57a2d4851a1d" />
    <TestEntry testId="1e9c53e3-b24e-8ea3-97d0-474d1defb288" executionId="df91839b-a5fa-4c5b-b428-77161936f4e8" testListId="8c84fa94-04c1-424b-9868-57a2d4851a1d" />
    <TestEntry testId="13fd03ca-b0b6-88a7-be4a-a26af556aa1e" executionId="3db9013d-4835-418a-89d6-44cd431ed80c" testListId="8c84fa94-04c1-424b-9868-57a2d4851a1d" />
    <TestEntry testId="157b02c0-6b3e-865a-bbd5-baff2cc84cd2" executionId="baad2382-37c0-4dab-8d27-573bb520b4ac" testListId="8c84fa94-04c1-424b-9868-57a2d4851a1d" />
    <TestEntry testId="12802238-f3a9-84dd-b68b-b9cf82f98921" executionId="cd5c6c8b-2f03-46e5-84e6-75d032601554" testListId="8c84fa94-04c1-424b-9868-57a2d4851a1d" />
    <TestEntry testId="175ee9fc-e932-80e5-ab6a-e811d2aa5a86" executionId="1b37b655-8573-4a94-8716-23e8c266a57e" testListId="8c84fa94-04c1-424b-9868-57a2d4851a1d" />
    <TestEntry testId="16fe408a-6dda-825e-82be-4bbf2e3a9fc2" executionId="d7626940-aedd-435f-95ba-32066c813b2a" testListId="8c84fa94-04c1-424b-9868-57a2d4851a1d" />
    <TestEntry testId="1fcf0ad2-2dde-8fde-9069-b8420325ef66" executionId="fc1a92ba-2a9e-4043-9eaa-c7474aab3c33" testListId="8c84fa94-04c1-424b-9868-57a2d4851a1d" />
    <TestEntry testId="1d795836-6535-8b08-83f7-397eed380a3e" executionId="17c87bd6-b488-4ed2-902e-2320b6effa5f" testListId="8c84fa94-04c1-424b-9868-57a2d4851a1d" />
    <TestEntry testId="15d30d7d-56ed-8c08-a13c-008b4350751a" executionId="907008ec-127f-4545-a3f4-a28d722d70a9" testListId="8c84fa94-04c1-424b-9868-57a2d4851a1d" />
    <TestEntry testId="192839b2-efc9-8ac7-b352-1df78e81df06" executionId="f6b9fef8-59fe-41d5-9e98-8c285581fe0e" testListId="8c84fa94-04c1-424b-9868-57a2d4851a1d" />
    <TestEntry testId="19332ecd-bb33-8b4c-8d1f-69acecc1ff23" executionId="e1fa1d3e-69d7-48de-9bf7-43e1d29edf7d" testListId="8c84fa94-04c1-424b-9868-57a2d4851a1d" />
    <TestEntry testId="16c9378a-ad05-86b1-9707-3f550ea7f584" executionId="d0d69a32-1e43-4c51-bc84-12ad342cd26a" testListId="8c84fa94-04c1-424b-9868-57a2d4851a1d" />
    <TestEntry testId="1e854769-f2fb-8e7d-92e2-4418d9ad87e1" executionId="158f339f-4290-4d4c-b0fa-d3b399044101" testListId="8c84fa94-04c1-424b-9868-57a2d4851a1d" />
    <TestEntry testId="10b9f583-58fc-8961-8413-30348e88c481" executionId="dc3b4b1b-063f-4e62-9048-62d1a799ec70" testListId="8c84fa94-04c1-424b-9868-57a2d4851a1d" />
    <TestEntry testId="16796e6c-ef8c-83a3-9620-49a7482d6038" executionId="727b3897-7bd3-48af-b952-22fe84fa4ed1" testListId="8c84fa94-04c1-424b-9868-57a2d4851a1d" />
    <TestEntry testId="17d93968-429c-8c3c-9558-703cb97cfd63" executionId="d0ecf98a-837e-40a6-ad3a-c5aaa39ae381" testListId="8c84fa94-04c1-424b-9868-57a2d4851a1d" />
    <TestEntry testId="1aacf621-4dc7-831e-b9fc-286bebe5700d" executionId="746b4d01-cddb-41f0-91d2-fa8664f78a68" testListId="8c84fa94-04c1-424b-9868-57a2d4851a1d" />
    <TestEntry testId="10fbaeb2-d007-8d09-91ef-24cca1f8fd13" executionId="81f1b0de-5a4a-4360-9972-12f84e4dc516" testListId="8c84fa94-04c1-424b-9868-57a2d4851a1d" />
    <TestEntry testId="1c7b5448-4ea9-8db4-b2a4-069702f69bbb" executionId="17f03413-1e4c-4b35-a223-91aa4ceb902c" testListId="8c84fa94-04c1-424b-9868-57a2d4851a1d" />
    <TestEntry testId="152d689e-407a-8821-b6ed-07a38e450637" executionId="cb408eaf-6cd2-4ab7-a10a-09ee1879e1e3" testListId="8c84fa94-04c1-424b-9868-57a2d4851a1d" />
    <TestEntry testId="1ff65118-5b1a-8b2a-a2a6-8663d6a97363" executionId="c3fa5760-e6bf-4d2e-949a-8a767d91abe3" testListId="8c84fa94-04c1-424b-9868-57a2d4851a1d" />
    <TestEntry testId="18085f0b-3fe9-8e0a-a787-1870f7213564" executionId="cd0338ba-e634-403c-9c1e-3ed03125b65d" testListId="8c84fa94-04c1-424b-9868-57a2d4851a1d" />
    <TestEntry testId="14db54df-8fdf-8def-bf20-ca52134ee518" executionId="c73140a2-88eb-400a-8580-914d06a350e8" testListId="8c84fa94-04c1-424b-9868-57a2d4851a1d" />
    <TestEntry testId="1ad336c7-08a9-83d9-bcf5-58d6ff510af9" executionId="684ee770-105e-48bf-b43b-8f2057ad8ba8" testListId="8c84fa94-04c1-424b-9868-57a2d4851a1d" />
    <TestEntry testId="15f39d50-2cbe-8a35-ae84-056fc23856be" executionId="85e1a4ee-1fda-4243-90ef-a6b1aad8db56" testListId="8c84fa94-04c1-424b-9868-57a2d4851a1d" />
    <TestEntry testId="11aa6e1c-9e42-8206-bc87-796e322977fe" executionId="0e1324ec-9a67-4c6c-aac9-a8c37fbc5316" testListId="8c84fa94-04c1-424b-9868-57a2d4851a1d" />
    <TestEntry testId="1492a8ba-0123-8a6d-8420-3b9572da8b00" executionId="54034525-b8e1-4001-8c44-bf5968cc3e87" testListId="8c84fa94-04c1-424b-9868-57a2d4851a1d" />
    <TestEntry testId="12f8d7ae-4df1-86d5-980b-d405fe457579" executionId="e5ca6503-5beb-435f-b75d-57743868d7bc" testListId="8c84fa94-04c1-424b-9868-57a2d4851a1d" />
    <TestEntry testId="1987ee88-69c8-8cd1-8a79-8cfad813b6df" executionId="fcf9f517-85bc-41ea-b683-d67ee92fa3d8" testListId="8c84fa94-04c1-424b-9868-57a2d4851a1d" />
    <TestEntry testId="17d454f7-c64c-8a11-8658-c5ad2140d3d3" executionId="632e9c28-ee56-4415-81b7-ee618e86917c" testListId="8c84fa94-04c1-424b-9868-57a2d4851a1d" />
    <TestEntry testId="1ba922ed-5c48-8b5c-8c0a-e887b2faa168" executionId="b39528ff-75fb-4952-87ed-1db48e3cf10c" testListId="8c84fa94-04c1-424b-9868-57a2d4851a1d" />
    <TestEntry testId="10f26a7c-a8f9-8b4c-a89d-76e52a32e3b3" executionId="edc6773b-3f2f-4623-b977-62aa61b1311e" testListId="8c84fa94-04c1-424b-9868-57a2d4851a1d" />
    <TestEntry testId="17f3f6bd-79c7-8f27-bb45-a3f45b1c02d8" executionId="f853dfec-6baa-484a-b8f3-575f0ca86ff9" testListId="8c84fa94-04c1-424b-9868-57a2d4851a1d" />
    <TestEntry testId="1af3d66f-59b7-8d9f-b67a-f34f5ed76584" executionId="b3a60b0b-14ef-4614-a944-cca930486cdb" testListId="8c84fa94-04c1-424b-9868-57a2d4851a1d" />
  </TestEntries>
  <TestLists>
    <TestList name="列表中未列出的结果" id="8c84fa94-04c1-424b-9868-57a2d4851a1d" />
    <TestList name="所有已加载的结果" id="19431567-8539-422a-85d7-44ee4e166bda" />
  </TestLists>
  <ResultSummary outcome="Completed">
    <Counters total="364" executed="364" passed="364" failed="0" error="0" timeout="0" aborted="0" inconclusive="0" passedButRunAborted="0" notRunnable="0" notExecuted="0" disconnected="0" warning="0" completed="0" inProgress="0" pending="0" />
    <Output>
      <StdOut>已为 E:\Java\MinecraftMod\DarkGrey_RPG\studio\src\DarkGreyRPG.Studio.Tests\bin\Release\net10.0\DarkGreyRPG.Studio.Tests.dll 启用测试并行化(Workers: 12，Scope: MethodLevel)&#xD;
</StdOut>
    </Output>
  </ResultSummary>
</TestRun>