<?xml version="1.0" encoding="utf-8"?>
<TestRun id="2f8163af-d0c6-491b-adeb-77b6d0a381a4" name="GreyHat@LAPTOP-F7PUVUPO 2026-09-01 21:19:29" runUser="LAPTOP-F7PUVUPO\GreyHat" xmlns="http://microsoft.com/schemas/VisualStudio/TeamTest/2010">
  <Times creation="2026-09-01T21:19:29.8547893+08:00" queuing="2026-09-01T21:19:29.8547897+08:00" start="2026-09-01T21:19:29.2899311+08:00" finish="2026-09-01T21:19:35.3942970+08:00" />
  <TestSettings name="default" id="14f74ed9-dff3-4246-8521-38f1f53aa627">
    <Deployment runDeploymentRoot="GreyHat_LAPTOP-F7PUVUPO_2026-09-01_21_19_29" />
  </TestSettings>
  <Results>
    <UnitTestResult executionId="5ac27136-d9d6-47d2-8bc5-70ee5a905991" testId="1b20f54d-6b67-849f-b90d-fe3b9be72551" testName="DeleteCanonicalStoryRemovesOwnedResourcesAndPreservesReferencesAndLegacyMirror" computerName="LAPTOP-F7PUVUPO" duration="00:00:00.3378191" startTime="2026-09-01T21:19:30.0263834+08:00" endTime="2026-09-01T21:19:30.3643603+08:00" testType="13cdc9d9-ddb5-4fa4-a97d-d965ccfc6d4b" outcome="Passed" testListId="8c84fa94-04c1-424b-9868-57a2d4851a1d" relativeResultsDirectory="5ac27136-d9d6-47d2-8bc5-70ee5a905991" />
    <UnitTestResult executionId="a6c00710-d2b9-4e91-b0e6-1632b9faf3b9" testId="123001a5-1b33-828d-a06c-300a024dbd64" testName="UndoAndRedoRestoreDisplayNameNotesAndTags" computerName="LAPTOP-F7PUVUPO" duration="00:00:00.0181094" startTime="2026-09-01T21:19:29.7802739+08:00" endTime="2026-09-01T21:19:29.8158531+08:00" testType="13cdc9d9-ddb5-4fa4-a97d-d965ccfc6d4b" outcome="Passed" testListId="8c84fa94-04c1-424b-9868-57a2d4851a1d" relativeResultsDirectory="a6c00710-d2b9-4e91-b0e6-1632b9faf3b9" />
    <UnitTestResult executionId="b1791c93-bbbb-4751-8c62-f70dc089d221" testId="1c1e34aa-d5b1-89c7-ac2f-ab0a39655a97" testName="HighlightChangesOnlyEllipseSizeInsideCenteredHitTarget" computerName="LAPTOP-F7PUVUPO" duration="00:00:00.0036646" startTime="2026-09-01T21:19:35.0777160+08:00" endTime="2026-09-01T21:19:35.0824927+08:00" testType="13cdc9d9-ddb5-4fa4-a97d-d965ccfc6d4b" outcome="Passed" testListId="8c84fa94-04c1-424b-9868-57a2d4851a1d" relativeResultsDirectory="b1791c93-bbbb-4751-8c62-f70dc089d221" />
    <UnitTestResult executionId="5e230b91-1a69-41ff-b665-876d49d7fca5" testId="1d237567-bcfa-8fc5-a271-33ba1628faf7" testName="TrackedAcceptanceProjectPreviewsAllCanonicalWritesAndEnablesConfirmation" computerName="LAPTOP-F7PUVUPO" duration="00:00:00.0892725" startTime="2026-09-01T21:19:29.9015245+08:00" endTime="2026-09-01T21:19:29.9908755+08:00" testType="13cdc9d9-ddb5-4fa4-a97d-d965ccfc6d4b" outcome="Passed" testListId="8c84fa94-04c1-424b-9868-57a2d4851a1d" relativeResultsDirectory="5e230b91-1a69-41ff-b665-876d49d7fca5" />
    <UnitTestResult executionId="3913010c-c1d9-4cce-ba7f-bbfb032e9512" testId="1fad5383-c73d-8e59-9362-e9509a7bcd1a" testName="SelectingTabAndChangingExpansionStateAreObservable" computerName="LAPTOP-F7PUVUPO" duration="00:00:00.0137985" startTime="2026-09-01T21:19:29.7802577+08:00" endTime="2026-09-01T21:19:29.8149051+08:00" testType="13cdc9d9-ddb5-4fa4-a97d-d965ccfc6d4b" outcome="Passed" testListId="8c84fa94-04c1-424b-9868-57a2d4851a1d" relativeResultsDirectory="3913010c-c1d9-4cce-ba7f-bbfb032e9512" />
    <UnitTestResult executionId="f13afcae-51e2-4e8b-a4df-d4743a012028" testId="1f1c8ece-4cc2-891f-9eeb-6cedad3215a0" testName="SaveAndLoad_PreservesM1LayoutBoundaryValues" computerName="LAPTOP-F7PUVUPO" duration="00:00:00.0308741" startTime="2026-09-01T21:19:30.8123517+08:00" endTime="2026-09-01T21:19:30.8432982+08:00" testType="13cdc9d9-ddb5-4fa4-a97d-d965ccfc6d4b" outcome="Passed" testListId="8c84fa94-04c1-424b-9868-57a2d4851a1d" relativeResultsDirectory="f13afcae-51e2-4e8b-a4df-d4743a012028" />
    <UnitTestResult executionId="e798fe85-4411-45d7-8dd2-e28f6a3e4998" testId="1a22e105-fef3-8e03-9d58-dc34283e893f" testName="SearchFiltersActorsByIdDisplayNameAndTag" computerName="LAPTOP-F7PUVUPO" duration="00:00:00.0644314" startTime="2026-09-01T21:19:30.8324673+08:00" endTime="2026-09-01T21:19:30.8969825+08:00" testType="13cdc9d9-ddb5-4fa4-a97d-d965ccfc6d4b" outcome="Passed" testListId="8c84fa94-04c1-424b-9868-57a2d4851a1d" relativeResultsDirectory="e798fe85-4411-45d7-8dd2-e28f6a3e4998" />
    <UnitTestResult executionId="4863a513-f292-4bb5-938d-882d3c8f3c8c" testId="1b738cfc-013f-852c-a89d-68b4893c6666" testName="CompletionModeEmptyStateAndDeleteUndoRedoPreserveState" computerName="LAPTOP-F7PUVUPO" duration="00:00:00.0240188" startTime="2026-09-01T21:19:30.5406378+08:00" endTime="2026-09-01T21:19:30.5647651+08:00" testType="13cdc9d9-ddb5-4fa4-a97d-d965ccfc6d4b" outcome="Passed" testListId="8c84fa94-04c1-424b-9868-57a2d4851a1d" relativeResultsDirectory="4863a513-f292-4bb5-938d-882d3c8f3c8c" />
    <UnitTestResult executionId="bc555d00-2155-414d-9ad2-95c01794495d" testId="1bcb6982-703c-8b49-b6e2-80884b01d023" testName="FailedChildWriteRollsBackOnlyDerivedStorySyncAndRestoresHistory" computerName="LAPTOP-F7PUVUPO" duration="00:00:00.1099752" startTime="2026-09-01T21:19:30.2925209+08:00" endTime="2026-09-01T21:19:30.4025542+08:00" testType="13cdc9d9-ddb5-4fa4-a97d-d965ccfc6d4b" outcome="Passed" testListId="8c84fa94-04c1-424b-9868-57a2d4851a1d" relativeResultsDirectory="bc555d00-2155-414d-9ad2-95c01794495d" />
    <UnitTestResult executionId="376d0823-5bc3-4214-83c8-ad0e47b143a1" testId="1b5f5fbc-1cd3-8b60-bc47-578f819786b6" testName="CreateReferenceAndRemoveReferenceReloadTheCanonicalActorFolder" computerName="LAPTOP-F7PUVUPO" duration="00:00:00.2439068" startTime="2026-09-01T21:19:29.9114409+08:00" endTime="2026-09-01T21:19:30.1554571+08:00" testType="13cdc9d9-ddb5-4fa4-a97d-d965ccfc6d4b" outcome="Passed" testListId="8c84fa94-04c1-424b-9868-57a2d4851a1d" relativeResultsDirectory="376d0823-5bc3-4214-83c8-ad0e47b143a1" />
    <UnitTestResult executionId="bc7d214b-29fd-4a54-b0de-56873f2378fe" testId="1ac3f163-9ca8-892f-b7f3-7ff6c1349cd3" testName="ActorDropUpdatesExistingStoryStartActorInteraction" computerName="LAPTOP-F7PUVUPO" duration="00:00:00.0054345" startTime="2026-09-01T21:19:30.4079133+08:00" endTime="2026-09-01T21:19:30.4134204+08:00" testType="13cdc9d9-ddb5-4fa4-a97d-d965ccfc6d4b" outcome="Passed" testListId="8c84fa94-04c1-424b-9868-57a2d4851a1d" relativeResultsDirectory="bc7d214b-29fd-4a54-b0de-56873f2378fe" />
    <UnitTestResult executionId="72051bbb-8834-4e48-9d6a-f75934f0be3f" testId="13cc1d16-92a8-85b3-ba85-36905b868d3c" testName="AddNodeAtCommitsFixedCandidateAtRequestedPositionAndSelectsIt" computerName="LAPTOP-F7PUVUPO" duration="00:00:00.0502727" startTime="2026-09-01T21:19:32.9833037+08:00" endTime="2026-09-01T21:19:33.0351143+08:00" testType="13cdc9d9-ddb5-4fa4-a97d-d965ccfc6d4b" outcome="Passed" testListId="8c84fa94-04c1-424b-9868-57a2d4851a1d" relativeResultsDirectory="72051bbb-8834-4e48-9d6a-f75934f0be3f" />
    <UnitTestResult executionId="2696ff00-69ba-489d-956e-5c1e29dfddee" testId="1df01e72-1899-8760-8451-1deffc1727d1" testName="RestoreLastProjectOpensRealProjectWithoutFolderPicker" computerName="LAPTOP-F7PUVUPO" duration="00:00:00.0306844" startTime="2026-09-01T21:19:30.9151927+08:00" endTime="2026-09-01T21:19:30.9459448+08:00" testType="13cdc9d9-ddb5-4fa4-a97d-d965ccfc6d4b" outcome="Passed" testListId="8c84fa94-04c1-424b-9868-57a2d4851a1d" relativeResultsDirectory="2696ff00-69ba-489d-956e-5c1e29dfddee" />
    <UnitTestResult executionId="4e1f1c6a-9a8d-4754-b7cd-1ead09aba659" testId="1de9c2ed-c2a4-8599-99ca-2320a874d6bd" testName="InspectorUsesFirstAvailableActorOrFailsAtomically" computerName="LAPTOP-F7PUVUPO" duration="00:00:00.0017234" startTime="2026-09-01T21:19:30.4157829+08:00" endTime="2026-09-01T21:19:30.4175486+08:00" testType="13cdc9d9-ddb5-4fa4-a97d-d965ccfc6d4b" outcome="Passed" testListId="8c84fa94-04c1-424b-9868-57a2d4851a1d" relativeResultsDirectory="4e1f1c6a-9a8d-4754-b7cd-1ead09aba659" />
    <UnitTestResult executionId="b2171d99-4cdd-45ea-9c1b-9bccdbe8fa05" testId="1038e1ee-d17d-8dd8-9ef3-2ef3b9682d4a" testName="WrongKindsDuplicatesAndForeignItemsFailClosed" computerName="LAPTOP-F7PUVUPO" duration="00:00:00.0018863" startTime="2026-09-01T21:19:30.4030291+08:00" endTime="2026-09-01T21:19:30.4049910+08:00" testType="13cdc9d9-ddb5-4fa4-a97d-d965ccfc6d4b" outcome="Passed" testListId="8c84fa94-04c1-424b-9868-57a2d4851a1d" relativeResultsDirectory="b2171d99-4cdd-45ea-9c1b-9bccdbe8fa05" />
    <UnitTestResult executionId="41ec601e-63cc-477d-bbf4-0fd5d17f4eb7" testId="1f68ca2f-c4e3-8821-b14c-d34fe4f72b31" testName="ReferencedChoiceRemoveConfirmationCleansBothOutputsAndConnectionsAsOneUndoUnit" computerName="LAPTOP-F7PUVUPO" duration="00:00:00.0201854" startTime="2026-09-01T21:19:29.8712032+08:00" endTime="2026-09-01T21:19:29.8914346+08:00" testType="13cdc9d9-ddb5-4fa4-a97d-d965ccfc6d4b" outcome="Passed" testListId="8c84fa94-04c1-424b-9868-57a2d4851a1d" relativeResultsDirectory="41ec601e-63cc-477d-bbf4-0fd5d17f4eb7" />
    <UnitTestResult executionId="7a82f172-2661-4780-8abe-6055943d74be" testId="195d37ff-f658-88de-969e-dcd0acbece7f" testName="ConfirmedApplicablePreviewAppliesOnceAndRefreshesCanonicalDiscovery" computerName="LAPTOP-F7PUVUPO" duration="00:00:00.2452063" startTime="2026-09-01T21:19:29.8989834+08:00" endTime="2026-09-01T21:19:30.1442677+08:00" testType="13cdc9d9-ddb5-4fa4-a97d-d965ccfc6d4b" outcome="Passed" testListId="8c84fa94-04c1-424b-9868-57a2d4851a1d" relativeResultsDirectory="7a82f172-2661-4780-8abe-6055943d74be" />
    <UnitTestResult executionId="075d0d88-784c-4506-8af4-752f4627a44e" testId="173a7efa-c23e-85e8-8267-d9f9708b71fa" testName="PortsUseOrdinalOrderAndConnectionsUseIdsRatherThanLabels" computerName="LAPTOP-F7PUVUPO" duration="00:00:00.0014568" startTime="2026-09-01T21:19:30.6387434+08:00" endTime="2026-09-01T21:19:30.6402598+08:00" testType="13cdc9d9-ddb5-4fa4-a97d-d965ccfc6d4b" outcome="Passed" testListId="8c84fa94-04c1-424b-9868-57a2d4851a1d" relativeResultsDirectory="075d0d88-784c-4506-8af4-752f4627a44e" />
    <UnitTestResult executionId="8997bf6c-ca28-412d-9d0d-9f9269f86b22" testId="156ac82e-d5dd-820b-9067-495f262fda43" testName="RuntimeLayoutKeepsInputAndOutputAnchorsOnStableNodeEdges" computerName="LAPTOP-F7PUVUPO" duration="00:00:00.0302286" startTime="2026-09-01T21:19:32.0622909+08:00" endTime="2026-09-01T21:19:32.0938018+08:00" testType="13cdc9d9-ddb5-4fa4-a97d-d965ccfc6d4b" outcome="Passed" testListId="8c84fa94-04c1-424b-9868-57a2d4851a1d" relativeResultsDirectory="8997bf6c-ca28-412d-9d0d-9f9269f86b22" />
    <UnitTestResult executionId="504a8b6c-682c-4b05-8ca7-6dcc9506fae6" testId="11da4423-1471-8d9f-b1c4-74e9ab98409f" testName="CanonicalNodeAuthoringIssueAppearsAndClearsInProblemsImmediately" computerName="LAPTOP-F7PUVUPO" duration="00:00:00.0618856" startTime="2026-09-01T21:19:30.9291182+08:00" endTime="2026-09-01T21:19:30.9910968+08:00" testType="13cdc9d9-ddb5-4fa4-a97d-d965ccfc6d4b" outcome="Passed" testListId="8c84fa94-04c1-424b-9868-57a2d4851a1d" relativeResultsDirectory="504a8b6c-682c-4b05-8ca7-6dcc9506fae6" />
    <UnitTestResult executionId="009e36ef-1bc2-4128-9dc5-d279ff4173d1" testId="15756115-e128-8d9a-9804-6726e60e6b36" testName="ConnectionAndDisconnectRouteThroughHostWithoutChangingLayout" computerName="LAPTOP-F7PUVUPO" duration="00:00:00.0314496" startTime="2026-09-01T21:19:31.7023189+08:00" endTime="2026-09-01T21:19:31.7350139+08:00" testType="13cdc9d9-ddb5-4fa4-a97d-d965ccfc6d4b" outcome="Passed" testListId="8c84fa94-04c1-424b-9868-57a2d4851a1d" relativeResultsDirectory="009e36ef-1bc2-4128-9dc5-d279ff4173d1" />
    <UnitTestResult executionId="b75a66c3-0dae-49ea-b7d3-ad90297094cb" testId="1bf47cf3-7a01-888d-b84d-ce7c63f1f81a" testName="OpenSelectEditSaveAndRestartReloadUsesRealProjectData" computerName="LAPTOP-F7PUVUPO" duration="00:00:00.0669787" startTime="2026-09-01T21:19:30.8324388+08:00" endTime="2026-09-01T21:19:30.8995360+08:00" testType="13cdc9d9-ddb5-4fa4-a97d-d965ccfc6d4b" outcome="Passed" testListId="8c84fa94-04c1-424b-9868-57a2d4851a1d" relativeResultsDirectory="b75a66c3-0dae-49ea-b7d3-ad90297094cb" />
    <UnitTestResult executionId="5c6c3203-573c-409c-833c-d8e00df16e36" testId="1937fc50-fca8-873b-a85c-26320ad016ab" testName="StoryFlowNodeInvocationCarriesStableEffectivePortIdsAfterLayout" computerName="LAPTOP-F7PUVUPO" duration="00:00:00.0205527" startTime="2026-09-01T21:19:35.1610018+08:00" endTime="2026-09-01T21:19:35.1830678+08:00" testType="13cdc9d9-ddb5-4fa4-a97d-d965ccfc6d4b" outcome="Passed" testListId="8c84fa94-04c1-424b-9868-57a2d4851a1d" relativeResultsDirectory="5c6c3203-573c-409c-833c-d8e00df16e36" />
    <UnitTestResult executionId="f964ad42-d803-4f87-a532-e1a266a3f34a" testId="1f271084-33d9-8231-96f9-04c0a2a271f3" testName="EndAndLogicOutputDisplayNamesUseHostTransactions" computerName="LAPTOP-F7PUVUPO" duration="00:00:00.0028707" startTime="2026-09-01T21:19:29.8729193+08:00" endTime="2026-09-01T21:19:29.8758652+08:00" testType="13cdc9d9-ddb5-4fa4-a97d-d965ccfc6d4b" outcome="Passed" testListId="8c84fa94-04c1-424b-9868-57a2d4851a1d" relativeResultsDirectory="f964ad42-d803-4f87-a532-e1a266a3f34a" />
    <UnitTestResult executionId="81ff41e9-f5c6-43c8-ae4d-c1d294598836" testId="1653e3d5-8c32-840f-b374-d9e8a5f9a5a9" testName="PropertyEditorsClassifyKnownAndUnknownPropertiesAndExcludeSpecializedRows" computerName="LAPTOP-F7PUVUPO" duration="00:00:00.0030312" startTime="2026-09-01T21:19:30.7366743+08:00" endTime="2026-09-01T21:19:30.7397635+08:00" testType="13cdc9d9-ddb5-4fa4-a97d-d965ccfc6d4b" outcome="Passed" testListId="8c84fa94-04c1-424b-9868-57a2d4851a1d" relativeResultsDirectory="81ff41e9-f5c6-43c8-ae4d-c1d294598836" />
    <UnitTestResult executionId="8896f0b1-0333-48c3-bf27-1097ed781242" testId="1a6591a5-bbb2-8594-ab22-8ab1831e4171" testName="NewProjectCommandCreatesRuntimeCompatibleLayoutAndOpensIt" computerName="LAPTOP-F7PUVUPO" duration="00:00:00.0216684" startTime="2026-09-01T21:19:30.8960553+08:00" endTime="2026-09-01T21:19:30.9177950+08:00" testType="13cdc9d9-ddb5-4fa4-a97d-d965ccfc6d4b" outcome="Passed" testListId="8c84fa94-04c1-424b-9868-57a2d4851a1d" relativeResultsDirectory="8896f0b1-0333-48c3-bf27-1097ed781242" />
    <UnitTestResult executionId="de162772-dbec-4ca8-b788-9f5486d7ee1d" testId="154d019e-e5b3-8c65-9aee-68bfaefa02b3" testName="StartsIdleAndSupportsAllGestureModes" computerName="LAPTOP-F7PUVUPO" duration="00:00:00.0014662" startTime="2026-09-01T21:19:30.6535805+08:00" endTime="2026-09-01T21:19:30.6551557+08:00" testType="13cdc9d9-ddb5-4fa4-a97d-d965ccfc6d4b" outcome="Passed" testListId="8c84fa94-04c1-424b-9868-57a2d4851a1d" relativeResultsDirectory="de162772-dbec-4ca8-b788-9f5486d7ee1d" />
    <UnitTestResult executionId="8bc81e75-52e8-4588-8c7e-9b0c127c77bd" testId="110cdf87-353c-839c-ba22-53c7579fd80e" testName="LegacyStoryBlocksOwnedDeleteButDirtyGraphAllowsActorCreation" computerName="LAPTOP-F7PUVUPO" duration="00:00:00.4588813" startTime="2026-09-01T21:19:29.9155317+08:00" endTime="2026-09-01T21:19:30.3747758+08:00" testType="13cdc9d9-ddb5-4fa4-a97d-d965ccfc6d4b" outcome="Passed" testListId="8c84fa94-04c1-424b-9868-57a2d4851a1d" relativeResultsDirectory="8bc81e75-52e8-4588-8c7e-9b0c127c77bd" />
    <UnitTestResult executionId="2b06072b-5cda-4f99-a8cb-dfb570bedcd6" testId="19121b45-54e3-80d6-ba94-5a767c68f259" testName="DynamicPortReferencesRequireConfirmationAndUndoRestoresCleanup" computerName="LAPTOP-F7PUVUPO" duration="00:00:00.0066038" startTime="2026-09-01T21:19:30.6449671+08:00" endTime="2026-09-01T21:19:30.6516270+08:00" testType="13cdc9d9-ddb5-4fa4-a97d-d965ccfc6d4b" outcome="Passed" testListId="8c84fa94-04c1-424b-9868-57a2d4851a1d" relativeResultsDirectory="2b06072b-5cda-4f99-a8cb-dfb570bedcd6" />
    <UnitTestResult executionId="3c03c8e1-0673-45c2-98c4-f803cfc1fac6" testId="16ef3c18-d547-8e60-9860-220dcffa4374" testName="SequenceAddExposesAndPersistsNextNumericOutput" computerName="LAPTOP-F7PUVUPO" duration="00:00:00.0154394" startTime="2026-09-01T21:19:30.7340847+08:00" endTime="2026-09-01T21:19:30.7495831+08:00" testType="13cdc9d9-ddb5-4fa4-a97d-d965ccfc6d4b" outcome="Passed" testListId="8c84fa94-04c1-424b-9868-57a2d4851a1d" relativeResultsDirectory="3c03c8e1-0673-45c2-98c4-f803cfc1fac6" />
    <UnitTestResult executionId="39b632d0-c76d-4158-bf37-ea06211a78de" testId="16de0326-00b1-89b8-a346-efd4703f9b29" testName="ItemsHaveStableOrderAndStoryIsSelectedByDefault" computerName="LAPTOP-F7PUVUPO" duration="00:00:00.0009578" startTime="2026-09-01T21:19:30.7574828+08:00" endTime="2026-09-01T21:19:30.7585587+08:00" testType="13cdc9d9-ddb5-4fa4-a97d-d965ccfc6d4b" outcome="Passed" testListId="8c84fa94-04c1-424b-9868-57a2d4851a1d" relativeResultsDirectory="39b632d0-c76d-4158-bf37-ea06211a78de" />
    <UnitTestResult executionId="5da70ccf-3353-42fc-b58b-c27763a1145d" testId="1c378cfa-8f04-88e1-9296-590c72e53b38" testName="IdentityAcceptsSessionAndTaskWithChineseLabels" computerName="LAPTOP-F7PUVUPO" duration="00:00:00.0031018" startTime="2026-09-01T21:19:29.9065849+08:00" endTime="2026-09-01T21:19:29.9097982+08:00" testType="13cdc9d9-ddb5-4fa4-a97d-d965ccfc6d4b" outcome="Passed" testListId="8c84fa94-04c1-424b-9868-57a2d4851a1d" relativeResultsDirectory="5da70ccf-3353-42fc-b58b-c27763a1145d" />
    <UnitTestResult executionId="b442e97d-e8c3-4246-afcc-5bb6537c2803" testId="10b4734a-5561-81f0-a0a3-9891753d31b0" testName="CanonicalStructuralDiagnosticsAreErrorsAndRemainPreciselyAddressable" computerName="LAPTOP-F7PUVUPO" duration="00:00:00.0014384" startTime="2026-09-01T21:19:30.7559482+08:00" endTime="2026-09-01T21:19:30.7574326+08:00" testType="13cdc9d9-ddb5-4fa4-a97d-d965ccfc6d4b" outcome="Passed" testListId="8c84fa94-04c1-424b-9868-57a2d4851a1d" relativeResultsDirectory="b442e97d-e8c3-4246-afcc-5bb6537c2803" />
    <UnitTestResult executionId="8650dbf9-158a-4377-ad6a-f4ae37044d30" testId="1e27e0f4-3abd-8e1f-8bb4-a09c78675183" testName="FlowUsesCyanBlueThreeDipStrokeAndFlowAutomationText" computerName="LAPTOP-F7PUVUPO" duration="00:00:00.0008712" startTime="2026-09-01T21:19:35.1580473+08:00" endTime="2026-09-01T21:19:35.1590253+08:00" testType="13cdc9d9-ddb5-4fa4-a97d-d965ccfc6d4b" outcome="Passed" testListId="8c84fa94-04c1-424b-9868-57a2d4851a1d" relativeResultsDirectory="8650dbf9-158a-4377-ad6a-f4ae37044d30" />
    <UnitTestResult executionId="c4186696-08bb-4ffc-9044-13f74592224b" testId="1edbb313-3294-892f-aa5f-e26784179875" testName="RequiredValidationFamiliesHaveChineseAuthorMessages (&quot;graph.story.start.triggers.required&quot;,&quot;启动条件&quot;)" computerName="LAPTOP-F7PUVUPO" duration="00:00:00.0002577" startTime="2026-09-01T21:19:30.7623359+08:00" endTime="2026-09-01T21:19:30.7649905+08:00" testType="13cdc9d9-ddb5-4fa4-a97d-d965ccfc6d4b" outcome="Passed" testListId="8c84fa94-04c1-424b-9868-57a2d4851a1d" relativeResultsDirectory="c4186696-08bb-4ffc-9044-13f74592224b" />
    <UnitTestResult executionId="6fcd4db2-20ad-4569-a2eb-edfb90da4b71" testId="1f5cc66b-4e97-8273-b4c3-dce3822ebd2f" testName="ShowSetsMessageKindAndVisibilityWithNotifications" computerName="LAPTOP-F7PUVUPO" duration="00:00:00.0004497" startTime="2026-09-01T21:19:31.0117073+08:00" endTime="2026-09-01T21:19:31.0122677+08:00" testType="13cdc9d9-ddb5-4fa4-a97d-d965ccfc6d4b" outcome="Passed" testListId="8c84fa94-04c1-424b-9868-57a2d4851a1d" relativeResultsDirectory="6fcd4db2-20ad-4569-a2eb-edfb90da4b71" />
    <UnitTestResult executionId="68f95820-ca04-442b-8dd9-1e1e49a94512" testId="11ff7edd-889c-8a74-9e41-86210450c437" testName="TryCloseSupportsSaveDiscardAndCancel" computerName="LAPTOP-F7PUVUPO" duration="00:00:00.1549977" startTime="2026-09-01T21:19:30.4788622+08:00" endTime="2026-09-01T21:19:30.6339504+08:00" testType="13cdc9d9-ddb5-4fa4-a97d-d965ccfc6d4b" outcome="Passed" testListId="8c84fa94-04c1-424b-9868-57a2d4851a1d" relativeResultsDirectory="68f95820-ca04-442b-8dd9-1e1e49a94512" />
    <UnitTestResult executionId="2765c905-b2d8-4e52-aebe-d21d38e7cb9e" testId="149472a5-c579-8c4c-bfb3-fe30fdc2568e" testName="TextDraftChangesTwentyTimesAndCommitsOneGraphRevision" computerName="LAPTOP-F7PUVUPO" duration="00:00:00.0801792" startTime="2026-09-01T21:19:34.6685817+08:00" endTime="2026-09-01T21:19:34.7519852+08:00" testType="13cdc9d9-ddb5-4fa4-a97d-d965ccfc6d4b" outcome="Passed" testListId="8c84fa94-04c1-424b-9868-57a2d4851a1d" relativeResultsDirectory="2765c905-b2d8-4e52-aebe-d21d38e7cb9e" />
    <UnitTestResult executionId="27191016-0365-4d0e-8584-bfd079f27103" testId="13e77e52-6d45-8105-a8d4-621284e73ef7" testName="FailedBlankOrDuplicateGeneratedIdDoesNotRetryOrMutateGraphLayoutOrSelection" computerName="LAPTOP-F7PUVUPO" duration="00:00:00.0544479" startTime="2026-09-01T21:19:33.0977042+08:00" endTime="2026-09-01T21:19:33.1534678+08:00" testType="13cdc9d9-ddb5-4fa4-a97d-d965ccfc6d4b" outcome="Passed" testListId="8c84fa94-04c1-424b-9868-57a2d4851a1d" relativeResultsDirectory="27191016-0365-4d0e-8584-bfd079f27103" />
    <UnitTestResult executionId="9e13c7fa-431d-4b01-8a37-a6cf998a6513" testId="18800dbe-73ff-8695-8b8d-03430a1c4317" testName="ShellCreatesEditsAndRestoresDialogueAndQuestFromStoryRoutes" computerName="LAPTOP-F7PUVUPO" duration="00:00:00.1765861" startTime="2026-09-01T21:19:30.6772072+08:00" endTime="2026-09-01T21:19:30.8538705+08:00" testType="13cdc9d9-ddb5-4fa4-a97d-d965ccfc6d4b" outcome="Passed" testListId="8c84fa94-04c1-424b-9868-57a2d4851a1d" relativeResultsDirectory="9e13c7fa-431d-4b01-8a37-a6cf998a6513" />
    <UnitTestResult executionId="157b6171-d009-4296-bf0d-d5ad2b891b2a" testId="1d6c7385-90f9-8d86-a328-ec573cf00557" testName="StablePortIdSurvivesDisplayNameRename" computerName="LAPTOP-F7PUVUPO" duration="00:00:00.0037285" startTime="2026-09-01T21:19:35.0877395+08:00" endTime="2026-09-01T21:19:35.0926170+08:00" testType="13cdc9d9-ddb5-4fa4-a97d-d965ccfc6d4b" outcome="Passed" testListId="8c84fa94-04c1-424b-9868-57a2d4851a1d" relativeResultsDirectory="157b6171-d009-4296-bf0d-d5ad2b891b2a" />
    <UnitTestResult executionId="1f8b4d52-1455-416c-88f7-9fac6204285d" testId="187c6aba-6db7-8382-849c-babfa71e2f82" testName="ActorDropUpdatesSessionSpeakerWithoutChangingInspectorContext" computerName="LAPTOP-F7PUVUPO" duration="00:00:00.0027175" startTime="2026-09-01T21:19:30.4050450+08:00" endTime="2026-09-01T21:19:30.4078441+08:00" testType="13cdc9d9-ddb5-4fa4-a97d-d965ccfc6d4b" outcome="Passed" testListId="8c84fa94-04c1-424b-9868-57a2d4851a1d" relativeResultsDirectory="1f8b4d52-1455-416c-88f7-9fac6204285d" />
    <UnitTestResult executionId="dd931501-f1cc-426e-9b39-5e7001cb8904" testId="17254908-561d-89af-8a05-c21c6f2307c2" testName="AuthoringCatalogUsesScopedCanonicalOrderAndFirstCategoryAppearance" computerName="LAPTOP-F7PUVUPO" duration="00:00:00.0443395" startTime="2026-09-01T21:19:32.8239639+08:00" endTime="2026-09-01T21:19:32.8696646+08:00" testType="13cdc9d9-ddb5-4fa4-a97d-d965ccfc6d4b" outcome="Passed" testListId="8c84fa94-04c1-424b-9868-57a2d4851a1d" relativeResultsDirectory="dd931501-f1cc-426e-9b39-5e7001cb8904" />
    <UnitTestResult executionId="b4ca1297-4fe5-475d-8d9b-ca1a08771cb9" testId="1c339cc9-02b2-8acb-a871-40a54c1b3d0d" testName="SuccessfulMutationsReconcileCollectionsWithoutReset" computerName="LAPTOP-F7PUVUPO" duration="00:00:00.0100367" startTime="2026-09-01T21:19:30.6261073+08:00" endTime="2026-09-01T21:19:30.6362628+08:00" testType="13cdc9d9-ddb5-4fa4-a97d-d965ccfc6d4b" outcome="Passed" testListId="8c84fa94-04c1-424b-9868-57a2d4851a1d" relativeResultsDirectory="b4ca1297-4fe5-475d-8d9b-ca1a08771cb9" />
    <UnitTestResult executionId="0ea254a9-46ff-4f52-aa04-3b2023d02261" testId="12f304a1-4a6f-869d-b85c-3762c7b23381" testName="PropertyEditorValueUsesOneUndoRedoEditAndPersistsAfterRebuild" computerName="LAPTOP-F7PUVUPO" duration="00:00:00.0022962" startTime="2026-09-01T21:19:30.7366827+08:00" endTime="2026-09-01T21:19:30.7390367+08:00" testType="13cdc9d9-ddb5-4fa4-a97d-d965ccfc6d4b" outcome="Passed" testListId="8c84fa94-04c1-424b-9868-57a2d4851a1d" relativeResultsDirectory="0ea254a9-46ff-4f52-aa04-3b2023d02261" />
    <UnitTestResult executionId="513af7e9-3719-4d92-854e-7f46a4a6bbd8" testId="15955032-ca2f-83d5-876a-d0f5aef1c5d2" testName="DeleteSelectedStoryRequiresConfirmationAndRefreshesProjectHome" computerName="LAPTOP-F7PUVUPO" duration="00:00:00.1216372" startTime="2026-09-01T21:19:30.8362899+08:00" endTime="2026-09-01T21:19:30.9580058+08:00" testType="13cdc9d9-ddb5-4fa4-a97d-d965ccfc6d4b" outcome="Passed" testListId="8c84fa94-04c1-424b-9868-57a2d4851a1d" relativeResultsDirectory="513af7e9-3719-4d92-854e-7f46a4a6bbd8" />
    <UnitTestResult executionId="f1949e17-6524-41ba-92e3-31e94134ef51" testId="1caa5f26-7ec6-8991-b75f-c994c274bc14" testName="CleanEditorIsAnExplicitNoOpAndReturnsDetachedSnapshot" computerName="LAPTOP-F7PUVUPO" duration="00:00:00.0389843" startTime="2026-09-01T21:19:29.8255130+08:00" endTime="2026-09-01T21:19:29.8646015+08:00" testType="13cdc9d9-ddb5-4fa4-a97d-d965ccfc6d4b" outcome="Passed" testListId="8c84fa94-04c1-424b-9868-57a2d4851a1d" relativeResultsDirectory="f1949e17-6524-41ba-92e3-31e94134ef51" />
    <UnitTestResult executionId="c20e64dc-c488-4769-bccd-b7144526ad17" testId="1e540aa6-d2c9-8769-bd60-3fa01aec37c6" testName="Load_WhenSchemaVersionIsUnsupported_ReturnsDefaults" computerName="LAPTOP-F7PUVUPO" duration="00:00:00.0061131" startTime="2026-09-01T21:19:30.8271538+08:00" endTime="2026-09-01T21:19:30.8333333+08:00" testType="13cdc9d9-ddb5-4fa4-a97d-d965ccfc6d4b" outcome="Passed" testListId="8c84fa94-04c1-424b-9868-57a2d4851a1d" relativeResultsDirectory="c20e64dc-c488-4769-bccd-b7144526ad17" />
    <UnitTestResult executionId="1c09bfe6-53ec-4c42-963a-ea0a9040a8cd" testId="10f537a3-f1b5-8084-9881-9c849814fdda" testName="MultiWireReconnectAndDisconnectEachUseOneUndoUnit" computerName="LAPTOP-F7PUVUPO" duration="00:00:00.0180793" startTime="2026-09-01T21:19:30.6340084+08:00" endTime="2026-09-01T21:19:30.6521573+08:00" testType="13cdc9d9-ddb5-4fa4-a97d-d965ccfc6d4b" outcome="Passed" testListId="8c84fa94-04c1-424b-9868-57a2d4851a1d" relativeResultsDirectory="1c09bfe6-53ec-4c42-963a-ea0a9040a8cd" />
    <UnitTestResult executionId="011a0164-f8b1-42ee-be00-77e36cb0b053" testId="1cde1dff-e482-86ac-8045-4859516f5c0a" testName="TaskLogicOutputDisplayNameUsesHostTransaction" computerName="LAPTOP-F7PUVUPO" duration="00:00:00.0062606" startTime="2026-09-01T21:19:29.8896148+08:00" endTime="2026-09-01T21:19:29.8959487+08:00" testType="13cdc9d9-ddb5-4fa4-a97d-d965ccfc6d4b" outcome="Passed" testListId="8c84fa94-04c1-424b-9868-57a2d4851a1d" relativeResultsDirectory="011a0164-f8b1-42ee-be00-77e36cb0b053" />
    <UnitTestResult executionId="230f56c0-fd63-4136-a2de-88323c45aa70" testId="165c9176-5c31-8e88-ad02-9c42d7ba8914" testName="Load_WhenFileIsMissing_ReturnsDefaults" computerName="LAPTOP-F7PUVUPO" duration="00:00:00.0044347" startTime="2026-09-01T21:19:30.7727586+08:00" endTime="2026-09-01T21:19:30.7772606+08:00" testType="13cdc9d9-ddb5-4fa4-a97d-d965ccfc6d4b" outcome="Passed" testListId="8c84fa94-04c1-424b-9868-57a2d4851a1d" relativeResultsDirectory="230f56c0-fd63-4136-a2de-88323c45aa70" />
    <UnitTestResult executionId="6def5ddd-4de3-4da2-b1a3-89622b2b77ea" testId="1fdb432e-d99d-8568-af0d-d430515afaaa" testName="DynamicPortMutationReportsOnlyTheAffectedNode" computerName="LAPTOP-F7PUVUPO" duration="00:00:00.0017820" startTime="2026-09-01T21:19:30.6430626+08:00" endTime="2026-09-01T21:19:30.6449201+08:00" testType="13cdc9d9-ddb5-4fa4-a97d-d965ccfc6d4b" outcome="Passed" testListId="8c84fa94-04c1-424b-9868-57a2d4851a1d" relativeResultsDirectory="6def5ddd-4de3-4da2-b1a3-89622b2b77ea" />
    <UnitTestResult executionId="fda77afb-73da-4ca0-b656-ad03c93edd39" testId="157a8454-2a44-8274-8201-64efe5cbc488" testName="ReferencedAggregatePortRemovalCanCancelWithoutGraphOrDiskMutation" computerName="LAPTOP-F7PUVUPO" duration="00:00:00.1746904" startTime="2026-09-01T21:19:30.2110537+08:00" endTime="2026-09-01T21:19:30.3858091+08:00" testType="13cdc9d9-ddb5-4fa4-a97d-d965ccfc6d4b" outcome="Passed" testListId="8c84fa94-04c1-424b-9868-57a2d4851a1d" relativeResultsDirectory="fda77afb-73da-4ca0-b656-ad03c93edd39" />
    <UnitTestResult executionId="8b82d999-383f-411a-9626-e6fc14340adf" testId="12099202-1c47-865b-8f4e-803009bb5c9d" testName="MalformedProjectionDoesNotThrowOrMutateGraph" computerName="LAPTOP-F7PUVUPO" duration="00:00:00.0114694" startTime="2026-09-01T21:19:32.8107883+08:00" endTime="2026-09-01T21:19:32.8239180+08:00" testType="13cdc9d9-ddb5-4fa4-a97d-d965ccfc6d4b" outcome="Passed" testListId="8c84fa94-04c1-424b-9868-57a2d4851a1d" relativeResultsDirectory="8b82d999-383f-411a-9626-e6fc14340adf" />
    <UnitTestResult executionId="5d2538f4-3f66-4dad-83b4-d080615cb6ba" testId="16e800d5-7a72-8805-9bd8-8961be66d52d" testName="ViewportCenteredZoomPreservesGraphPointAtCenter" computerName="LAPTOP-F7PUVUPO" duration="00:00:00.0014513" startTime="2026-09-01T21:19:30.6572575+08:00" endTime="2026-09-01T21:19:30.6587517+08:00" testType="13cdc9d9-ddb5-4fa4-a97d-d965ccfc6d4b" outcome="Passed" testListId="8c84fa94-04c1-424b-9868-57a2d4851a1d" relativeResultsDirectory="5d2538f4-3f66-4dad-83b4-d080615cb6ba" />
    <UnitTestResult executionId="04543a06-9f4c-476d-9437-4c62fa3cb149" testId="163ba2be-2ec9-8050-bc72-136f33b6ecbb" testName="DisplayOrderInterleavesItemKindsAndReorderPublishesStableHandles" computerName="LAPTOP-F7PUVUPO" duration="00:00:00.0631664" startTime="2026-09-01T21:19:30.3258637+08:00" endTime="2026-09-01T21:19:30.3892397+08:00" testType="13cdc9d9-ddb5-4fa4-a97d-d965ccfc6d4b" outcome="Passed" testListId="8c84fa94-04c1-424b-9868-57a2d4851a1d" relativeResultsDirectory="04543a06-9f4c-476d-9437-4c62fa3cb149" />
    <UnitTestResult executionId="1a168a3e-ad5c-4d65-9565-5192b1e5c4b3" testId="1f1c92d2-fc19-8940-b59f-a2e943c55c7a" testName="ExplicitSavePromotesDraftAndKeepsSelection" computerName="LAPTOP-F7PUVUPO" duration="00:00:00.1289956" startTime="2026-09-01T21:19:30.4486381+08:00" endTime="2026-09-01T21:19:30.5777149+08:00" testType="13cdc9d9-ddb5-4fa4-a97d-d965ccfc6d4b" outcome="Passed" testListId="8c84fa94-04c1-424b-9868-57a2d4851a1d" relativeResultsDirectory="1a168a3e-ad5c-4d65-9565-5192b1e5c4b3" />
    <UnitTestResult executionId="3968cfa6-00b9-41fc-99fe-34332717e4fc" testId="1515b429-0ac9-8e95-a040-1855c5577ede" testName="DynamicPortRefreshRebuildsOnlyAffectedNodeAndPreservesSelectionViewport" computerName="LAPTOP-F7PUVUPO" duration="00:00:00.3899471" startTime="2026-09-01T21:19:31.1051082+08:00" endTime="2026-09-01T21:19:31.4965133+08:00" testType="13cdc9d9-ddb5-4fa4-a97d-d965ccfc6d4b" outcome="Passed" testListId="8c84fa94-04c1-424b-9868-57a2d4851a1d" relativeResultsDirectory="3968cfa6-00b9-41fc-99fe-34332717e4fc" />
    <UnitTestResult executionId="aea5d514-1160-4f7c-94a0-f5e6918262db" testId="10cb15c4-308f-8b5d-ad11-14999ae4a801" testName="ThemeCommandsApplyAndPersistTheirRequestedTheme" computerName="LAPTOP-F7PUVUPO" duration="00:00:00.0005879" startTime="2026-09-01T21:19:31.0098969+08:00" endTime="2026-09-01T21:19:31.0105418+08:00" testType="13cdc9d9-ddb5-4fa4-a97d-d965ccfc6d4b" outcome="Passed" testListId="8c84fa94-04c1-424b-9868-57a2d4851a1d" relativeResultsDirectory="aea5d514-1160-4f7c-94a0-f5e6918262db" />
    <UnitTestResult executionId="567ad73a-6acb-4cd0-8528-65df7ed04cfe" testId="1af321da-c2b8-81e2-973d-8471c2e4bd39" testName="LegacyInteractRequiredOneIsRemovedAndMarksEditorDirtyForNextSave" computerName="LAPTOP-F7PUVUPO" duration="00:00:00.0011462" startTime="2026-09-01T21:19:30.4152854+08:00" endTime="2026-09-01T21:19:30.4165267+08:00" testType="13cdc9d9-ddb5-4fa4-a97d-d965ccfc6d4b" outcome="Passed" testListId="8c84fa94-04c1-424b-9868-57a2d4851a1d" relativeResultsDirectory="567ad73a-6acb-4cd0-8528-65df7ed04cfe" />
    <UnitTestResult executionId="62304dc7-ffe3-4d98-8665-c907dbad61b5" testId="121b9bf6-8756-831b-a253-a8aa0ce4e512" testName="PartialCanonicalRootsFailClosedWithoutOpeningLegacyStory" computerName="LAPTOP-F7PUVUPO" duration="00:00:00.0659764" startTime="2026-09-01T21:19:30.9251302+08:00" endTime="2026-09-01T21:19:30.9911663+08:00" testType="13cdc9d9-ddb5-4fa4-a97d-d965ccfc6d4b" outcome="Passed" testListId="8c84fa94-04c1-424b-9868-57a2d4851a1d" relativeResultsDirectory="62304dc7-ffe3-4d98-8665-c907dbad61b5" />
    <UnitTestResult executionId="fb3b833c-9078-4217-93ba-d40c914dc17b" testId="17678e3a-5590-8cc9-81e3-450697988eb8" testName="ConnectionValidationRejectsInvalidEndpointsWithoutMutatingDocument" computerName="LAPTOP-F7PUVUPO" duration="00:00:00.0008863" startTime="2026-09-01T21:19:30.7191013+08:00" endTime="2026-09-01T21:19:30.7200479+08:00" testType="13cdc9d9-ddb5-4fa4-a97d-d965ccfc6d4b" outcome="Passed" testListId="8c84fa94-04c1-424b-9868-57a2d4851a1d" relativeResultsDirectory="fb3b833c-9078-4217-93ba-d40c914dc17b" />
    <UnitTestResult executionId="c4fb2234-af9d-4362-bf2a-87449830843d" testId="1431b678-9dcf-8738-8938-fed92b88b7c9" testName="Load_WhenFileContainsInvalidJson_ReturnsDefaults" computerName="LAPTOP-F7PUVUPO" duration="00:00:00.0145529" startTime="2026-09-01T21:19:30.8196953+08:00" endTime="2026-09-01T21:19:30.8343231+08:00" testType="13cdc9d9-ddb5-4fa4-a97d-d965ccfc6d4b" outcome="Passed" testListId="8c84fa94-04c1-424b-9868-57a2d4851a1d" relativeResultsDirectory="c4fb2234-af9d-4362-bf2a-87449830843d" />
    <UnitTestResult executionId="c453b6ee-97d8-4e5a-90d2-058e20719a72" testId="17b1abf1-1161-8875-9795-2740addcc439" testName="SequenceUnconnectedSecondStepCanBeRemovedAndUndone" computerName="LAPTOP-F7PUVUPO" duration="00:00:00.0250836" startTime="2026-09-01T21:19:30.7366658+08:00" endTime="2026-09-01T21:19:30.7618104+08:00" testType="13cdc9d9-ddb5-4fa4-a97d-d965ccfc6d4b" outcome="Passed" testListId="8c84fa94-04c1-424b-9868-57a2d4851a1d" relativeResultsDirectory="c453b6ee-97d8-4e5a-90d2-058e20719a72" />
    <UnitTestResult executionId="3ae1c242-1d61-4579-835f-9a3f5e6975e4" testId="176c4eb9-58a3-810d-a197-3c1d09ce37f6" testName="StoryAggregateTypesAreAbsentBecauseResourcesOwnPlacement" computerName="LAPTOP-F7PUVUPO" duration="00:00:00.0310556" startTime="2026-09-01T21:19:32.8697015+08:00" endTime="2026-09-01T21:19:32.9026166+08:00" testType="13cdc9d9-ddb5-4fa4-a97d-d965ccfc6d4b" outcome="Passed" testListId="8c84fa94-04c1-424b-9868-57a2d4851a1d" relativeResultsDirectory="3ae1c242-1d61-4579-835f-9a3f5e6975e4" />
    <UnitTestResult executionId="33831463-0b94-41cf-a0f7-90cdc6276f68" testId="1917bf45-0771-89f3-b117-e946a50707cc" testName="ShellOpensProjectHomeThenStoryWithoutSelectingGlobalActor" computerName="LAPTOP-F7PUVUPO" duration="00:00:00.1256636" startTime="2026-09-01T21:19:30.9580501+08:00" endTime="2026-09-01T21:19:31.0837847+08:00" testType="13cdc9d9-ddb5-4fa4-a97d-d965ccfc6d4b" outcome="Passed" testListId="8c84fa94-04c1-424b-9868-57a2d4851a1d" relativeResultsDirectory="33831463-0b94-41cf-a0f7-90cdc6276f68" />
    <UnitTestResult executionId="53a9b82d-f95c-44a0-ae8b-e849a3942129" testId="19292fb4-4753-8d61-a4db-f95b2f381afd" testName="CompactValidationPresentationKeepsCodesAndDetailsOutOfInspectorCopy" computerName="LAPTOP-F7PUVUPO" duration="00:00:00.0002032" startTime="2026-09-01T21:19:30.7663540+08:00" endTime="2026-09-01T21:19:30.7666026+08:00" testType="13cdc9d9-ddb5-4fa4-a97d-d965ccfc6d4b" outcome="Passed" testListId="8c84fa94-04c1-424b-9868-57a2d4851a1d" relativeResultsDirectory="53a9b82d-f95c-44a0-ae8b-e849a3942129" />
    <UnitTestResult executionId="6a85c922-6855-46c7-beba-a31a1be3511c" testId="193199c6-ef36-86d8-bcc4-1548d0e3ff97" testName="SequenceStepsSortLegacyOutputsAndProtectConnectedLastStep" computerName="LAPTOP-F7PUVUPO" duration="00:00:00.0285580" startTime="2026-09-01T21:19:30.7334741+08:00" endTime="2026-09-01T21:19:30.7620858+08:00" testType="13cdc9d9-ddb5-4fa4-a97d-d965ccfc6d4b" outcome="Passed" testListId="8c84fa94-04c1-424b-9868-57a2d4851a1d" relativeResultsDirectory="6a85c922-6855-46c7-beba-a31a1be3511c" />
    <UnitTestResult executionId="5c617c4c-d9d6-42d7-9b6e-fe304e0b9d65" testId="1eae7457-42db-80e4-bc18-3813f5bf405d" testName="ResourceSelectionKeepsVisibleHighlightAndInspectorInSync" computerName="LAPTOP-F7PUVUPO" duration="00:00:00.0429798" startTime="2026-09-01T21:19:34.1114539+08:00" endTime="2026-09-01T21:19:34.1571403+08:00" testType="13cdc9d9-ddb5-4fa4-a97d-d965ccfc6d4b" outcome="Passed" testListId="8c84fa94-04c1-424b-9868-57a2d4851a1d" relativeResultsDirectory="5c617c4c-d9d6-42d7-9b6e-fe304e0b9d65" />
    <UnitTestResult executionId="366b1af0-f14b-44f1-b1cb-e76a6f780ee8" testId="1e4fe552-f590-855a-8073-649b0c815525" testName="PanPreemptsWireDragAndReportsDisplacedMode" computerName="LAPTOP-F7PUVUPO" duration="00:00:00.0004923" startTime="2026-09-01T21:19:30.6554919+08:00" endTime="2026-09-01T21:19:30.6560221+08:00" testType="13cdc9d9-ddb5-4fa4-a97d-d965ccfc6d4b" outcome="Passed" testListId="8c84fa94-04c1-424b-9868-57a2d4851a1d" relativeResultsDirectory="366b1af0-f14b-44f1-b1cb-e76a6f780ee8" />
    <UnitTestResult executionId="2ff47741-4203-4c19-8a69-bbb8b1bbc525" testId="1888e398-9467-8f0a-a667-fac0fabd0e92" testName="IncrementalNodeAndConnectionChangesKeepExistingVisualViewportAndSelection" computerName="LAPTOP-F7PUVUPO" duration="00:00:00.0657678" startTime="2026-09-01T21:19:31.4965576+08:00" endTime="2026-09-01T21:19:31.5636554+08:00" testType="13cdc9d9-ddb5-4fa4-a97d-d965ccfc6d4b" outcome="Passed" testListId="8c84fa94-04c1-424b-9868-57a2d4851a1d" relativeResultsDirectory="2ff47741-4203-4c19-8a69-bbb8b1bbc525" />
    <UnitTestResult executionId="90014c4e-4c3c-4339-98fa-29254799b40c" testId="1684260f-f279-8b25-82dd-d1fac5bca82c" testName="RequiredValidationFamiliesHaveChineseAuthorMessages (&quot;save.persistence.failed&quot;,&quot;保存失败&quot;)" computerName="LAPTOP-F7PUVUPO" duration="00:00:00.0000124" startTime="2026-09-01T21:19:30.7663244+08:00" endTime="2026-09-01T21:19:30.7664075+08:00" testType="13cdc9d9-ddb5-4fa4-a97d-d965ccfc6d4b" outcome="Passed" testListId="8c84fa94-04c1-424b-9868-57a2d4851a1d" relativeResultsDirectory="90014c4e-4c3c-4339-98fa-29254799b40c" />
    <UnitTestResult executionId="04ce7d26-f8c3-4795-beb5-c375614f36fc" testId="1c4ce265-0560-8c24-9e92-a3fee7a25efa" testName="LayoutIsFiniteDeterministicAndExcludedFromGraphJson" computerName="LAPTOP-F7PUVUPO" duration="00:00:00.0020845" startTime="2026-09-01T21:19:30.6518260+08:00" endTime="2026-09-01T21:19:30.6539551+08:00" testType="13cdc9d9-ddb5-4fa4-a97d-d965ccfc6d4b" outcome="Passed" testListId="8c84fa94-04c1-424b-9868-57a2d4851a1d" relativeResultsDirectory="04ce7d26-f8c3-4795-beb5-c375614f36fc" />
    <UnitTestResult executionId="b5b392f7-1b60-4270-a97f-210a96352a48" testId="1d0f8a47-8800-862a-8f08-904ec89ee74b" testName="DirtyActorDisablesDestructiveWorkspaceCommands" computerName="LAPTOP-F7PUVUPO" duration="00:00:00.0551148" startTime="2026-09-01T21:19:30.8385155+08:00" endTime="2026-09-01T21:19:30.8937123+08:00" testType="13cdc9d9-ddb5-4fa4-a97d-d965ccfc6d4b" outcome="Passed" testListId="8c84fa94-04c1-424b-9868-57a2d4851a1d" relativeResultsDirectory="b5b392f7-1b60-4270-a97f-210a96352a48" />
    <UnitTestResult executionId="91336167-9be7-4eb2-9808-7f2697d16fa1" testId="11e6b5a1-2617-87a5-b0d7-cff22c8f1f9b" testName="QuestDuplicateCancelAtPickerOrIdentityDoesNotCreateDraft" computerName="LAPTOP-F7PUVUPO" duration="00:00:00.1523243" startTime="2026-09-01T21:19:30.5650921+08:00" endTime="2026-09-01T21:19:30.7174768+08:00" testType="13cdc9d9-ddb5-4fa4-a97d-d965ccfc6d4b" outcome="Passed" testListId="8c84fa94-04c1-424b-9868-57a2d4851a1d" relativeResultsDirectory="91336167-9be7-4eb2-9808-7f2697d16fa1" />
    <UnitTestResult executionId="95ee9ae6-c94f-4548-a40f-9b2b458e6f9d" testId="198363b9-36d7-89c6-8698-04b08cb567e2" testName="ReplacingWorkspaceDependencyPropertyRebindsCanonicalHost" computerName="LAPTOP-F7PUVUPO" duration="00:00:00.0850957" startTime="2026-09-01T21:19:34.0222313+08:00" endTime="2026-09-01T21:19:34.1114109+08:00" testType="13cdc9d9-ddb5-4fa4-a97d-d965ccfc6d4b" outcome="Passed" testListId="8c84fa94-04c1-424b-9868-57a2d4851a1d" relativeResultsDirectory="95ee9ae6-c94f-4548-a40f-9b2b458e6f9d" />
    <UnitTestResult executionId="6b56c165-f34c-43fd-97fb-e750b89a23d6" testId="1ec41c4f-07cb-88ae-ab96-793db26634ca" testName="Load_ClampsUnsafeStoryResourceLibraryWidthToDefault (NaN)" computerName="LAPTOP-F7PUVUPO" duration="00:00:00.0076584" startTime="2026-09-01T21:19:30.8093223+08:00" endTime="2026-09-01T21:19:30.8170733+08:00" testType="13cdc9d9-ddb5-4fa4-a97d-d965ccfc6d4b" outcome="Passed" testListId="8c84fa94-04c1-424b-9868-57a2d4851a1d" relativeResultsDirectory="6b56c165-f34c-43fd-97fb-e750b89a23d6" />
    <UnitTestResult executionId="16790958-dd46-4be3-ac91-b1b3a938e023" testId="19661797-623d-85ad-9c12-42ffaa0f5680" testName="DerivesOnlyValidEnterStoryEdgesAndReportsMissingAndIsolatedStories" computerName="LAPTOP-F7PUVUPO" duration="00:00:00.0074379" startTime="2026-09-01T21:19:30.7408583+08:00" endTime="2026-09-01T21:19:30.7484232+08:00" testType="13cdc9d9-ddb5-4fa4-a97d-d965ccfc6d4b" outcome="Passed" testListId="8c84fa94-04c1-424b-9868-57a2d4851a1d" relativeResultsDirectory="16790958-dd46-4be3-ac91-b1b3a938e023" />
    <UnitTestResult executionId="76483dc9-c863-47f1-944f-2014107f1704" testId="1a8db88b-32b2-8d16-a482-af841d3fd1a7" testName="CreationChoiceBindingUsesExplicitOneWayMode" computerName="LAPTOP-F7PUVUPO" duration="00:00:00.0007521" startTime="2026-09-01T21:19:30.4198159+08:00" endTime="2026-09-01T21:19:30.4206261+08:00" testType="13cdc9d9-ddb5-4fa4-a97d-d965ccfc6d4b" outcome="Passed" testListId="8c84fa94-04c1-424b-9868-57a2d4851a1d" relativeResultsDirectory="76483dc9-c863-47f1-944f-2014107f1704" />
    <UnitTestResult executionId="3bd61107-04de-4d0b-b4a8-42a55f562e7b" testId="14111e96-0fc8-8894-9b03-c8be09446a75" testName="ProjectHomeSearchSelectsVisibleStoryAndRestoresPreSearchSelection" computerName="LAPTOP-F7PUVUPO" duration="00:00:00.0006519" startTime="2026-09-01T21:19:30.9477188+08:00" endTime="2026-09-01T21:19:30.9484290+08:00" testType="13cdc9d9-ddb5-4fa4-a97d-d965ccfc6d4b" outcome="Passed" testListId="8c84fa94-04c1-424b-9868-57a2d4851a1d" relativeResultsDirectory="3bd61107-04de-4d0b-b4a8-42a55f562e7b" />
    <UnitTestResult executionId="4c77999d-cb7f-4a89-bdff-5e0b2b5519e8" testId="196e29e1-8258-83aa-adfa-6994a70a7e09" testName="CanReconnectExcludesOriginalAndDoesNotSubmit" computerName="LAPTOP-F7PUVUPO" duration="00:00:00.0003140" startTime="2026-09-01T21:19:35.1870629+08:00" endTime="2026-09-01T21:19:35.1874085+08:00" testType="13cdc9d9-ddb5-4fa4-a97d-d965ccfc6d4b" outcome="Passed" testListId="8c84fa94-04c1-424b-9868-57a2d4851a1d" relativeResultsDirectory="4c77999d-cb7f-4a89-bdff-5e0b2b5519e8" />
    <UnitTestResult executionId="fd0ca5e2-5bf3-4593-90d9-38a481237245" testId="12c83432-746f-8283-9edc-f954f034c521" testName="UndoRedoPreservesExistingNodeEditorIdentity" computerName="LAPTOP-F7PUVUPO" duration="00:00:00.0016579" startTime="2026-09-01T21:19:30.7390892+08:00" endTime="2026-09-01T21:19:30.7408142+08:00" testType="13cdc9d9-ddb5-4fa4-a97d-d965ccfc6d4b" outcome="Passed" testListId="8c84fa94-04c1-424b-9868-57a2d4851a1d" relativeResultsDirectory="fd0ca5e2-5bf3-4593-90d9-38a481237245" />
    <UnitTestResult executionId="76e6466e-aee2-4ed3-b3a3-7e8eae0ecf4c" testId="1b0dbf42-d65b-86a7-b0d6-5f40d52c8077" testName="ReferencedChoiceRemoveFailsClosedAndRetainsOption" computerName="LAPTOP-F7PUVUPO" duration="00:00:00.0190845" startTime="2026-09-01T21:19:29.8705810+08:00" endTime="2026-09-01T21:19:29.8897249+08:00" testType="13cdc9d9-ddb5-4fa4-a97d-d965ccfc6d4b" outcome="Passed" testListId="8c84fa94-04c1-424b-9868-57a2d4851a1d" relativeResultsDirectory="76e6466e-aee2-4ed3-b3a3-7e8eae0ecf4c" />
    <UnitTestResult executionId="00249308-ed86-4d5f-8fd5-c732427bb54c" testId="1b4fa322-dbd8-861c-bfac-3cf5a9b67bab" testName="RequiredValidationFamiliesHaveChineseAuthorMessages (&quot;graph.dynamic_port.id.duplicate&quot;,&quot;动态端口&quot;)" computerName="LAPTOP-F7PUVUPO" duration="00:00:00.0002471" startTime="2026-09-01T21:19:30.7622742+08:00" endTime="2026-09-01T21:19:30.7648822+08:00" testType="13cdc9d9-ddb5-4fa4-a97d-d965ccfc6d4b" outcome="Passed" testListId="8c84fa94-04c1-424b-9868-57a2d4851a1d" relativeResultsDirectory="00249308-ed86-4d5f-8fd5-c732427bb54c" />
    <UnitTestResult executionId="5fd5e96b-1b9b-4ddd-b225-ac664bc925c0" testId="11f090e5-60b4-81a8-90bf-819af4300e47" testName="RemoveSourceAndClearAllOnlyAffectRequestedProblems" computerName="LAPTOP-F7PUVUPO" duration="00:00:00.0007155" startTime="2026-09-01T21:19:30.7664342+08:00" endTime="2026-09-01T21:19:30.7671888+08:00" testType="13cdc9d9-ddb5-4fa4-a97d-d965ccfc6d4b" outcome="Passed" testListId="8c84fa94-04c1-424b-9868-57a2d4851a1d" relativeResultsDirectory="5fd5e96b-1b9b-4ddd-b225-ac664bc925c0" />
    <UnitTestResult executionId="a3821f56-a06d-40ec-a2bb-6fc0ae9ddd69" testId="13e2d79c-40ef-8936-8482-138ea1a38dc8" testName="DuplicateAndBlankIdsAreProjectedWithoutThrowing" computerName="LAPTOP-F7PUVUPO" duration="00:00:00.0004110" startTime="2026-09-01T21:19:30.6521896+08:00" endTime="2026-09-01T21:19:30.6526384+08:00" testType="13cdc9d9-ddb5-4fa4-a97d-d965ccfc6d4b" outcome="Passed" testListId="8c84fa94-04c1-424b-9868-57a2d4851a1d" relativeResultsDirectory="a3821f56-a06d-40ec-a2bb-6fc0ae9ddd69" />
    <UnitTestResult executionId="63587f71-94e4-4e0b-8048-96c479c3fbdf" testId="138da10f-f9e9-8e85-9909-3cf5a4a1dac7" testName="ResourceOrderPersistsAcrossShellReloadAndSurvivesDeleteCreate" computerName="LAPTOP-F7PUVUPO" duration="00:00:00.2366723" startTime="2026-09-01T21:19:30.1555158+08:00" endTime="2026-09-01T21:19:30.3922715+08:00" testType="13cdc9d9-ddb5-4fa4-a97d-d965ccfc6d4b" outcome="Passed" testListId="8c84fa94-04c1-424b-9868-57a2d4851a1d" relativeResultsDirectory="63587f71-94e4-4e0b-8048-96c479c3fbdf" />
    <UnitTestResult executionId="516b0b52-b2ff-43b0-be79-10fd93f1c847" testId="1b8c23f1-e53c-81eb-89eb-e195571fda6f" testName="DirtyStoryAllowsActorItemSessionTaskCreationAndGraphNavigationWithoutLosingDraft" computerName="LAPTOP-F7PUVUPO" duration="00:00:00.2152159" startTime="2026-09-01T21:19:30.2944982+08:00" endTime="2026-09-01T21:19:30.5097989+08:00" testType="13cdc9d9-ddb5-4fa4-a97d-d965ccfc6d4b" outcome="Passed" testListId="8c84fa94-04c1-424b-9868-57a2d4851a1d" relativeResultsDirectory="516b0b52-b2ff-43b0-be79-10fd93f1c847" />
    <UnitTestResult executionId="83f3cb08-c4a3-40cf-a72b-3b7ada624e80" testId="1c65b418-4757-898a-b8e6-702defe40398" testName="DirectConnectedLogicOutputCreatesFanOutWhileExplicitHitReconnectCarriesOriginal" computerName="LAPTOP-F7PUVUPO" duration="00:00:00.0604526" startTime="2026-09-01T21:19:32.4944424+08:00" endTime="2026-09-01T21:19:32.5567674+08:00" testType="13cdc9d9-ddb5-4fa4-a97d-d965ccfc6d4b" outcome="Passed" testListId="8c84fa94-04c1-424b-9868-57a2d4851a1d" relativeResultsDirectory="83f3cb08-c4a3-40cf-a72b-3b7ada624e80" />
    <UnitTestResult executionId="d42a8b45-ad6b-4452-a1f1-cacbf13e87d0" testId="13ce4b1e-2dfe-8469-994c-bd94f2735424" testName="ValidationPresentationShowsChineseAndStableCodeWithUnknownFallback" computerName="LAPTOP-F7PUVUPO" duration="00:00:00.0009210" startTime="2026-09-01T21:19:30.7622653+08:00" endTime="2026-09-01T21:19:30.7632698+08:00" testType="13cdc9d9-ddb5-4fa4-a97d-d965ccfc6d4b" outcome="Passed" testListId="8c84fa94-04c1-424b-9868-57a2d4851a1d" relativeResultsDirectory="d42a8b45-ad6b-4452-a1f1-cacbf13e87d0" />
    <UnitTestResult executionId="419ed036-d095-4dd4-8837-e563a8518819" testId="10cf7d6c-d051-8a8a-a7ab-fb52ff05da60" testName="ImportIdentityMakesIndependentCopySemanticsExplicit" computerName="LAPTOP-F7PUVUPO" duration="00:00:00.0034274" startTime="2026-09-01T21:19:30.6664474+08:00" endTime="2026-09-01T21:19:30.6699530+08:00" testType="13cdc9d9-ddb5-4fa4-a97d-d965ccfc6d4b" outcome="Passed" testListId="8c84fa94-04c1-424b-9868-57a2d4851a1d" relativeResultsDirectory="419ed036-d095-4dd4-8837-e563a8518819" />
    <UnitTestResult executionId="e2440f05-4c4b-43aa-a229-810a3ac5f84a" testId="1459bb89-2ff2-8e38-9a6b-c49215293060" testName="RenamingNodeUpdatesConnectionsAndConnectionDeleteCanBeUndone" computerName="LAPTOP-F7PUVUPO" duration="00:00:00.0059316" startTime="2026-09-01T21:19:30.7050455+08:00" endTime="2026-09-01T21:19:30.7110617+08:00" testType="13cdc9d9-ddb5-4fa4-a97d-d965ccfc6d4b" outcome="Passed" testListId="8c84fa94-04c1-424b-9868-57a2d4851a1d" relativeResultsDirectory="e2440f05-4c4b-43aa-a229-810a3ac5f84a" />
    <UnitTestResult executionId="81fe3c9a-b13d-430e-8b73-d5dacf2d3027" testId="128834d4-186a-812d-807f-6b5f7b3d6a63" testName="CancelReturnsActiveModeAndIsIdempotent" computerName="LAPTOP-F7PUVUPO" duration="00:00:00.0002257" startTime="2026-09-01T21:19:30.6552768+08:00" endTime="2026-09-01T21:19:30.6555386+08:00" testType="13cdc9d9-ddb5-4fa4-a97d-d965ccfc6d4b" outcome="Passed" testListId="8c84fa94-04c1-424b-9868-57a2d4851a1d" relativeResultsDirectory="81fe3c9a-b13d-430e-8b73-d5dacf2d3027" />
    <UnitTestResult executionId="765ada4e-e1d5-4543-9940-66544e2fa9ff" testId="11735692-155f-800e-866a-dc93b5700573" testName="SaveAndLoad_RoundTripsTheme (Light)" computerName="LAPTOP-F7PUVUPO" duration="00:00:00.0326583" startTime="2026-09-01T21:19:30.7773211+08:00" endTime="2026-09-01T21:19:30.8100572+08:00" testType="13cdc9d9-ddb5-4fa4-a97d-d965ccfc6d4b" outcome="Passed" testListId="8c84fa94-04c1-424b-9868-57a2d4851a1d" relativeResultsDirectory="765ada4e-e1d5-4543-9940-66544e2fa9ff" />
    <UnitTestResult executionId="c49ea2bc-3b4d-494a-91d7-dc9e23d8204f" testId="12d99f20-f83f-8b19-a72c-e9693212eb18" testName="ResourceGhostAndDropShareTopLeftAnchorAcrossZoomAndPan" computerName="LAPTOP-F7PUVUPO" duration="00:00:00.0484576" startTime="2026-09-01T21:19:34.4580935+08:00" endTime="2026-09-01T21:19:34.5080972+08:00" testType="13cdc9d9-ddb5-4fa4-a97d-d965ccfc6d4b" outcome="Passed" testListId="8c84fa94-04c1-424b-9868-57a2d4851a1d" relativeResultsDirectory="c49ea2bc-3b4d-494a-91d7-dc9e23d8204f" />
    <UnitTestResult executionId="0fe3d0df-88f9-4773-8b66-a90fbf9e2613" testId="101cfd59-cb1e-8687-a552-258f42333a08" testName="BuildsSavesAndReloadsCompleteMysteryBranchFlow" computerName="LAPTOP-F7PUVUPO" duration="00:00:00.1018659" startTime="2026-09-01T21:19:30.6854672+08:00" endTime="2026-09-01T21:19:30.7874829+08:00" testType="13cdc9d9-ddb5-4fa4-a97d-d965ccfc6d4b" outcome="Passed" testListId="8c84fa94-04c1-424b-9868-57a2d4851a1d" relativeResultsDirectory="0fe3d0df-88f9-4773-8b66-a90fbf9e2613" />
    <UnitTestResult executionId="709cdc33-0cdb-4778-8404-10dfebf37f18" testId="112d8c68-7772-8adc-90ba-a928a520db48" testName="PickerFiltersByIdAndDisplayNameAndExposesEmptyState" computerName="LAPTOP-F7PUVUPO" duration="00:00:00.3005627" startTime="2026-09-01T21:19:29.9095476+08:00" endTime="2026-09-01T21:19:30.2101738+08:00" testType="13cdc9d9-ddb5-4fa4-a97d-d965ccfc6d4b" outcome="Passed" testListId="8c84fa94-04c1-424b-9868-57a2d4851a1d" relativeResultsDirectory="709cdc33-0cdb-4778-8404-10dfebf37f18" />
    <UnitTestResult executionId="ab6c1e08-674d-45c7-8b96-bcf2fc36fb29" testId="13444e06-7389-8c5a-8312-2a65bf2dd2d4" testName="StoryActorLibraryMergesSortsMissingAndPreservesVisibleSelectionWhenFiltering" computerName="LAPTOP-F7PUVUPO" duration="00:00:00.0015667" startTime="2026-09-01T21:19:30.9521661+08:00" endTime="2026-09-01T21:19:30.9538044+08:00" testType="13cdc9d9-ddb5-4fa4-a97d-d965ccfc6d4b" outcome="Passed" testListId="8c84fa94-04c1-424b-9868-57a2d4851a1d" relativeResultsDirectory="ab6c1e08-674d-45c7-8b96-bcf2fc36fb29" />
    <UnitTestResult executionId="778a3099-385f-4805-bf7d-5f6569554b36" testId="126df5d9-94f0-82e3-8497-64a21cd51c4b" testName="CreateRequiresDisplayNameButRenameDoesNot" computerName="LAPTOP-F7PUVUPO" duration="00:00:00.0022352" startTime="2026-09-01T21:19:29.8096608+08:00" endTime="2026-09-01T21:19:29.8149051+08:00" testType="13cdc9d9-ddb5-4fa4-a97d-d965ccfc6d4b" outcome="Passed" testListId="8c84fa94-04c1-424b-9868-57a2d4851a1d" relativeResultsDirectory="778a3099-385f-4805-bf7d-5f6569554b36" />
    <UnitTestResult executionId="fee55d78-a851-4cf7-9bd0-adde78b02e76" testId="1fa4fe04-8589-8be1-bd8b-2e96b32c0504" testName="PublicLogicEditorAddsReloadsAndRemovesStableCrossStoryConnection" computerName="LAPTOP-F7PUVUPO" duration="00:00:00.0531833" startTime="2026-09-01T21:19:30.7574836+08:00" endTime="2026-09-01T21:19:30.8107332+08:00" testType="13cdc9d9-ddb5-4fa4-a97d-d965ccfc6d4b" outcome="Passed" testListId="8c84fa94-04c1-424b-9868-57a2d4851a1d" relativeResultsDirectory="fee55d78-a851-4cf7-9bd0-adde78b02e76" />
    <UnitTestResult executionId="15440bdc-8fdf-461c-9dd4-eebb46fc137e" testId="106539ec-c272-84f4-a2c6-5c8eb96744ff" testName="ExistingConnectionHitNearOutputReplacesOutputAndKeepsInput" computerName="LAPTOP-F7PUVUPO" duration="00:00:00.0518601" startTime="2026-09-01T21:19:32.6979615+08:00" endTime="2026-09-01T21:19:32.7745243+08:00" testType="13cdc9d9-ddb5-4fa4-a97d-d965ccfc6d4b" outcome="Passed" testListId="8c84fa94-04c1-424b-9868-57a2d4851a1d" relativeResultsDirectory="15440bdc-8fdf-461c-9dd4-eebb46fc137e" />
    <UnitTestResult executionId="a3a5c1cd-5b91-436c-bf77-388cfe974075" testId="1daa47ac-438d-84ec-95a4-0611e25f38c4" testName="LogicUsesAmberGoldTwoDipStrokeAndLogicAutomationText" computerName="LAPTOP-F7PUVUPO" duration="00:00:00.0003637" startTime="2026-09-01T21:19:35.1598449+08:00" endTime="2026-09-01T21:19:35.1602596+08:00" testType="13cdc9d9-ddb5-4fa4-a97d-d965ccfc6d4b" outcome="Passed" testListId="8c84fa94-04c1-424b-9868-57a2d4851a1d" relativeResultsDirectory="a3a5c1cd-5b91-436c-bf77-388cfe974075" />
    <UnitTestResult executionId="71cb69c7-94f0-4fbe-9306-3ec06dac52cd" testId="104858f4-f891-8dfa-a555-06deee50c42d" testName="OneTypedViewAcceptsStorySessionAndTaskHosts" computerName="LAPTOP-F7PUVUPO" duration="00:00:00.1030102" startTime="2026-09-01T21:19:31.5636935+08:00" endTime="2026-09-01T21:19:31.6679463+08:00" testType="13cdc9d9-ddb5-4fa4-a97d-d965ccfc6d4b" outcome="Passed" testListId="8c84fa94-04c1-424b-9868-57a2d4851a1d" relativeResultsDirectory="71cb69c7-94f0-4fbe-9306-3ec06dac52cd" />
    <UnitTestResult executionId="df8f076a-73c7-444d-8fc2-f359107422a5" testId="1b9bb7b1-047f-8a32-80ee-1d34edcdc2c3" testName="FlowBuildsTwoHundredNodesAndFourHundredConnections" computerName="LAPTOP-F7PUVUPO" duration="00:00:00.0285445" startTime="2026-09-01T21:19:30.6604432+08:00" endTime="2026-09-01T21:19:30.6891069+08:00" testType="13cdc9d9-ddb5-4fa4-a97d-d965ccfc6d4b" outcome="Passed" testListId="8c84fa94-04c1-424b-9868-57a2d4851a1d" relativeResultsDirectory="df8f076a-73c7-444d-8fc2-f359107422a5" />
    <UnitTestResult executionId="b6440f7c-1ce6-4738-aa74-2c1935c346dd" testId="1b8064aa-4803-85df-bbf8-b696be266532" testName="ProjectGraphUsesCanonicalOnlyStoryFlowsAndPublishesPreciseProblems" computerName="LAPTOP-F7PUVUPO" duration="00:00:00.3012297" startTime="2026-09-01T21:19:29.9909293+08:00" endTime="2026-09-01T21:19:30.2922434+08:00" testType="13cdc9d9-ddb5-4fa4-a97d-d965ccfc6d4b" outcome="Passed" testListId="8c84fa94-04c1-424b-9868-57a2d4851a1d" relativeResultsDirectory="b6440f7c-1ce6-4738-aa74-2c1935c346dd" />
    <UnitTestResult executionId="60608ee4-f601-4308-9ccd-97dca5d1d003" testId="1e100e77-7d73-82de-b114-d2602c60e5e9" testName="OccupiedSingleCapacityPortReusesWireAndKeepsDraggedPortFixed" computerName="LAPTOP-F7PUVUPO" duration="00:00:00.0372543" startTime="2026-09-01T21:19:32.0232269+08:00" endTime="2026-09-01T21:19:32.0622388+08:00" testType="13cdc9d9-ddb5-4fa4-a97d-d965ccfc6d4b" outcome="Passed" testListId="8c84fa94-04c1-424b-9868-57a2d4851a1d" relativeResultsDirectory="60608ee4-f601-4308-9ccd-97dca5d1d003" />
    <UnitTestResult executionId="1fde8a2b-2699-4a82-9b30-91aa7ef4b2ad" testId="17642d92-0b58-8277-a4bf-01eec1d7d397" testName="SessionAndTaskResourceActionsFollowCurrentTreeScope" computerName="LAPTOP-F7PUVUPO" duration="00:00:00.0027320" startTime="2026-09-01T21:19:30.4001392+08:00" endTime="2026-09-01T21:19:30.4029202+08:00" testType="13cdc9d9-ddb5-4fa4-a97d-d965ccfc6d4b" outcome="Passed" testListId="8c84fa94-04c1-424b-9868-57a2d4851a1d" relativeResultsDirectory="1fde8a2b-2699-4a82-9b30-91aa7ef4b2ad" />
    <UnitTestResult executionId="88c794a4-e045-4844-a11c-c2d555f1c85f" testId="1e92e6f0-f6e6-86d6-9ebf-c66b64567107" testName="InteractWithoutActorsRemainsBlankAndInvalid" computerName="LAPTOP-F7PUVUPO" duration="00:00:00.0217228" startTime="2026-09-01T21:19:30.5357194+08:00" endTime="2026-09-01T21:19:30.5575091+08:00" testType="13cdc9d9-ddb5-4fa4-a97d-d965ccfc6d4b" outcome="Passed" testListId="8c84fa94-04c1-424b-9868-57a2d4851a1d" relativeResultsDirectory="88c794a4-e045-4844-a11c-c2d555f1c85f" />
    <UnitTestResult executionId="9db32b44-931a-467c-8c67-077112b91bcb" testId="18b213f7-9caf-8ee9-aef6-557492bcd2b6" testName="PreviewAndFailedCommandsDoNotReplaceStableNodes" computerName="LAPTOP-F7PUVUPO" duration="00:00:00.0011375" startTime="2026-09-01T21:19:30.6402998+08:00" endTime="2026-09-01T21:19:30.6414855+08:00" testType="13cdc9d9-ddb5-4fa4-a97d-d965ccfc6d4b" outcome="Passed" testListId="8c84fa94-04c1-424b-9868-57a2d4851a1d" relativeResultsDirectory="9db32b44-931a-467c-8c67-077112b91bcb" />
    <UnitTestResult executionId="81cc76c9-7c21-4844-90b2-37bb9db2047e" testId="16a69481-2413-83f0-990e-a7f998694033" testName="ItemDropUpdatesGiveItemButCollectiveItemFailsWithoutMutation" computerName="LAPTOP-F7PUVUPO" duration="00:00:00.0027428" startTime="2026-09-01T21:19:30.4111529+08:00" endTime="2026-09-01T21:19:30.4139688+08:00" testType="13cdc9d9-ddb5-4fa4-a97d-d965ccfc6d4b" outcome="Passed" testListId="8c84fa94-04c1-424b-9868-57a2d4851a1d" relativeResultsDirectory="81cc76c9-7c21-4844-90b2-37bb9db2047e" />
    <UnitTestResult executionId="91a34d19-ec5a-4a52-8c8e-ea7ab875d574" testId="10ff24dd-e6a9-80a2-bfab-214787aadb99" testName="MenuCommandsSaveAllValidateNavigateAndTogglePanels" computerName="LAPTOP-F7PUVUPO" duration="00:00:00.0692422" startTime="2026-09-01T21:19:30.8557153+08:00" endTime="2026-09-01T21:19:30.9250773+08:00" testType="13cdc9d9-ddb5-4fa4-a97d-d965ccfc6d4b" outcome="Passed" testListId="8c84fa94-04c1-424b-9868-57a2d4851a1d" relativeResultsDirectory="91a34d19-ec5a-4a52-8c8e-ea7ab875d574" />
    <UnitTestResult executionId="3f5f7015-7d05-486c-b801-32ec65724379" testId="1ec046d4-c144-8ef1-882f-0bd7bfb54b3a" testName="AggregateNodeEditRequestOpensItsSessionGraph" computerName="LAPTOP-F7PUVUPO" duration="00:00:00.0921217" startTime="2026-09-01T21:19:34.5089984+08:00" endTime="2026-09-01T21:19:34.6026834+08:00" testType="13cdc9d9-ddb5-4fa4-a97d-d965ccfc6d4b" outcome="Passed" testListId="8c84fa94-04c1-424b-9868-57a2d4851a1d" relativeResultsDirectory="3f5f7015-7d05-486c-b801-32ec65724379" />
    <UnitTestResult executionId="0a49ae7d-20a1-48eb-ad53-9d7a519cde8a" testId="15b88fcb-9dbd-88b4-a28d-c29e9015fb3a" testName="ReplaceRoutesEachKindAndReloadsDetachedEnvelope" computerName="LAPTOP-F7PUVUPO" duration="00:00:00.0906966" startTime="2026-09-01T21:19:29.8199455+08:00" endTime="2026-09-01T21:19:29.9107346+08:00" testType="13cdc9d9-ddb5-4fa4-a97d-d965ccfc6d4b" outcome="Passed" testListId="8c84fa94-04c1-424b-9868-57a2d4851a1d" relativeResultsDirectory="0a49ae7d-20a1-48eb-ad53-9d7a519cde8a" />
    <UnitTestResult executionId="35e17f27-40ca-4dd9-8f6c-9da50300a690" testId="1c47a681-a2ac-8677-9ea8-003c5effeea9" testName="RefreshPreservesUniqueNodeIdentityAndUpdatesProjection" computerName="LAPTOP-F7PUVUPO" duration="00:00:00.0008624" startTime="2026-09-01T21:19:30.6508681+08:00" endTime="2026-09-01T21:19:30.6517952+08:00" testType="13cdc9d9-ddb5-4fa4-a97d-d965ccfc6d4b" outcome="Passed" testListId="8c84fa94-04c1-424b-9868-57a2d4851a1d" relativeResultsDirectory="35e17f27-40ca-4dd9-8f6c-9da50300a690" />
    <UnitTestResult executionId="105ca3df-5091-4c89-8025-994ccb40e4dc" testId="11a99f6a-af8d-8766-89ff-2617b6177428" testName="UiEligibilityReportsMixedKindSameNodeAndBlankPort" computerName="LAPTOP-F7PUVUPO" duration="00:00:00.0003894" startTime="2026-09-01T21:19:35.1874287+08:00" endTime="2026-09-01T21:19:35.1878565+08:00" testType="13cdc9d9-ddb5-4fa4-a97d-d965ccfc6d4b" outcome="Passed" testListId="8c84fa94-04c1-424b-9868-57a2d4851a1d" relativeResultsDirectory="105ca3df-5091-4c89-8025-994ccb40e4dc" />
    <UnitTestResult executionId="463f8500-3632-4253-a504-64e39660eb64" testId="1936c695-7041-803a-a73b-0659800995d4" testName="PreservesLegacyRuntimeNodeTypesWithoutRewritingThemAsEndNodes" computerName="LAPTOP-F7PUVUPO" duration="00:00:00.0157534" startTime="2026-09-01T21:19:30.6891604+08:00" endTime="2026-09-01T21:19:30.7049913+08:00" testType="13cdc9d9-ddb5-4fa4-a97d-d965ccfc6d4b" outcome="Passed" testListId="8c84fa94-04c1-424b-9868-57a2d4851a1d" relativeResultsDirectory="463f8500-3632-4253-a504-64e39660eb64" />
    <UnitTestResult executionId="1388dca7-41ea-484f-b657-1d63396b31a3" testId="18a73da4-c378-8746-8a2f-0d18211e29e6" testName="ShellUndoCommandTracksFlowHistoryAvailability" computerName="LAPTOP-F7PUVUPO" duration="00:00:00.1186969" startTime="2026-09-01T21:19:30.9594508+08:00" endTime="2026-09-01T21:19:31.0782069+08:00" testType="13cdc9d9-ddb5-4fa4-a97d-d965ccfc6d4b" outcome="Passed" testListId="8c84fa94-04c1-424b-9868-57a2d4851a1d" relativeResultsDirectory="1388dca7-41ea-484f-b657-1d63396b31a3" />
    <UnitTestResult executionId="0592a53a-bbb0-4689-9555-b83bded90375" testId="134bdccb-ac3c-805b-af2a-f9fabdb2aee7" testName="MainWindowResourceLibrariesDeclareRecyclingVirtualizationAndSharedVectorIndicators" computerName="LAPTOP-F7PUVUPO" duration="00:00:00.0019176" startTime="2026-09-01T21:19:30.9571200+08:00" endTime="2026-09-01T21:19:30.9590977+08:00" testType="13cdc9d9-ddb5-4fa4-a97d-d965ccfc6d4b" outcome="Passed" testListId="8c84fa94-04c1-424b-9868-57a2d4851a1d" relativeResultsDirectory="0592a53a-bbb0-4689-9555-b83bded90375" />
    <UnitTestResult executionId="d121d2c6-a269-4e93-89ea-06251aed7b55" testId="1c114d08-e0cd-8942-b79a-e593feb36eec" testName="ReferencedDeleteFailsClosedThenConfirmedDeleteSucceeds" computerName="LAPTOP-F7PUVUPO" duration="00:00:00.0512147" startTime="2026-09-01T21:19:32.1686618+08:00" endTime="2026-09-01T21:19:32.2214527+08:00" testType="13cdc9d9-ddb5-4fa4-a97d-d965ccfc6d4b" outcome="Passed" testListId="8c84fa94-04c1-424b-9868-57a2d4851a1d" relativeResultsDirectory="d121d2c6-a269-4e93-89ea-06251aed7b55" />
    <UnitTestResult executionId="13bee986-c39c-40af-b0c9-3b22b4d271d0" testId="133f8300-bc4b-84ba-bf27-93074c04848e" testName="ApplyFailureIsReportedWithoutSuccessOrCanonicalArtifacts" computerName="LAPTOP-F7PUVUPO" duration="00:00:00.1682963" startTime="2026-09-01T21:19:29.8990210+08:00" endTime="2026-09-01T21:19:30.0673788+08:00" testType="13cdc9d9-ddb5-4fa4-a97d-d965ccfc6d4b" outcome="Passed" testListId="8c84fa94-04c1-424b-9868-57a2d4851a1d" relativeResultsDirectory="13bee986-c39c-40af-b0c9-3b22b4d271d0" />
    <UnitTestResult executionId="32ec3af8-4db2-4989-87e0-26d7cec96d3d" testId="184d8687-e7f3-8014-8be7-0b94ca7ca650" testName="LoaderSnapshotRetainsProvenanceOrderAndSelectableMissingProblems" computerName="LAPTOP-F7PUVUPO" duration="00:00:00.0431887" startTime="2026-09-01T21:19:30.4030619+08:00" endTime="2026-09-01T21:19:30.4464129+08:00" testType="13cdc9d9-ddb5-4fa4-a97d-d965ccfc6d4b" outcome="Passed" testListId="8c84fa94-04c1-424b-9868-57a2d4851a1d" relativeResultsDirectory="32ec3af8-4db2-4989-87e0-26d7cec96d3d" />
    <UnitTestResult executionId="93cf5e46-c8c7-446c-bba8-06078c43e2de" testId="1aa03687-9838-8948-aec5-6d971ca12eba" testName="AppendStoresTimestampKindAndSourceAndNotifiesCollection" computerName="LAPTOP-F7PUVUPO" duration="00:00:00.0016370" startTime="2026-09-01T21:19:30.7593482+08:00" endTime="2026-09-01T21:19:30.7610885+08:00" testType="13cdc9d9-ddb5-4fa4-a97d-d965ccfc6d4b" outcome="Passed" testListId="8c84fa94-04c1-424b-9868-57a2d4851a1d" relativeResultsDirectory="93cf5e46-c8c7-446c-bba8-06078c43e2de" />
    <UnitTestResult executionId="28145040-1a3e-4e00-82ae-02f0358648bc" testId="1be87977-e502-8dc0-8fbc-005d4659974c" testName="TaskSettleReferencedRemoveConfirmsAndCleansEdgeAsOneUndoUnit" computerName="LAPTOP-F7PUVUPO" duration="00:00:00.0120202" startTime="2026-09-01T21:19:29.8868457+08:00" endTime="2026-09-01T21:19:29.8989358+08:00" testType="13cdc9d9-ddb5-4fa4-a97d-d965ccfc6d4b" outcome="Passed" testListId="8c84fa94-04c1-424b-9868-57a2d4851a1d" relativeResultsDirectory="28145040-1a3e-4e00-82ae-02f0358648bc" />
    <UnitTestResult executionId="cb8c7c79-4332-4ef0-b337-6e6e0a2b9e3b" testId="1b622aed-82a9-8140-a881-d074a061a755" testName="QuestDraftCardHasQuestTooltipAndSaveReloadsWithoutFakeActor" computerName="LAPTOP-F7PUVUPO" duration="00:00:00.0746679" startTime="2026-09-01T21:19:30.5471724+08:00" endTime="2026-09-01T21:19:30.6219196+08:00" testType="13cdc9d9-ddb5-4fa4-a97d-d965ccfc6d4b" outcome="Passed" testListId="8c84fa94-04c1-424b-9868-57a2d4851a1d" relativeResultsDirectory="cb8c7c79-4332-4ef0-b337-6e6e0a2b9e3b" />
    <UnitTestResult executionId="5f5ce6e7-639e-4a26-94c9-55f1ad5cfe79" testId="1e6bc5b6-f6c9-8c89-af9e-c6a60eb0fb1d" testName="PanByAndResetViewAreDeterministic" computerName="LAPTOP-F7PUVUPO" duration="00:00:00.0014315" startTime="2026-09-01T21:19:30.6576249+08:00" endTime="2026-09-01T21:19:30.6590990+08:00" testType="13cdc9d9-ddb5-4fa4-a97d-d965ccfc6d4b" outcome="Passed" testListId="8c84fa94-04c1-424b-9868-57a2d4851a1d" relativeResultsDirectory="5f5ce6e7-639e-4a26-94c9-55f1ad5cfe79" />
    <UnitTestResult executionId="d3181d9a-1129-41e8-b386-ce38fcf9ae85" testId="1242284f-28dc-84ae-84e9-5e8b5347eeb8" testName="LayoutOnlyMovementDoesNotPretendEnvelopePersistence" computerName="LAPTOP-F7PUVUPO" duration="00:00:00.0405868" startTime="2026-09-01T21:19:29.8199343+08:00" endTime="2026-09-01T21:19:29.8605825+08:00" testType="13cdc9d9-ddb5-4fa4-a97d-d965ccfc6d4b" outcome="Passed" testListId="8c84fa94-04c1-424b-9868-57a2d4851a1d" relativeResultsDirectory="d3181d9a-1129-41e8-b386-ce38fcf9ae85" />
    <UnitTestResult executionId="f83a866f-9487-46a0-83d1-5838a480395c" testId="104a0272-ede3-8e83-9736-5f3d31660112" testName="StorySessionAndTaskRestoreIndependentTransientViewports" computerName="LAPTOP-F7PUVUPO" duration="00:00:00.0892940" startTime="2026-09-01T21:19:33.3877599+08:00" endTime="2026-09-01T21:19:33.4785525+08:00" testType="13cdc9d9-ddb5-4fa4-a97d-d965ccfc6d4b" outcome="Passed" testListId="8c84fa94-04c1-424b-9868-57a2d4851a1d" relativeResultsDirectory="f83a866f-9487-46a0-83d1-5838a480395c" />
    <UnitTestResult executionId="f52f444f-020d-41c1-a40a-fc0c5a4c96ff" testId="1b3c2ae4-0ca1-898e-ab2a-779770055c9d" testName="ShellNeverAppliesInvalidPreviewEvenIfDialogConfirms" computerName="LAPTOP-F7PUVUPO" duration="00:00:00.1347934" startTime="2026-09-01T21:19:29.8914655+08:00" endTime="2026-09-01T21:19:30.0263208+08:00" testType="13cdc9d9-ddb5-4fa4-a97d-d965ccfc6d4b" outcome="Passed" testListId="8c84fa94-04c1-424b-9868-57a2d4851a1d" relativeResultsDirectory="f52f444f-020d-41c1-a40a-fc0c5a4c96ff" />
    <UnitTestResult executionId="1912a5ba-f68f-4f6b-b0d1-19377ad7e7b2" testId="1022ec21-560f-890a-8a6e-a780b2c94f16" testName="RepeatedObjectiveItemProjectionIsIdempotentAndDoesNotDuplicateRevision" computerName="LAPTOP-F7PUVUPO" duration="00:00:00.0249759" startTime="2026-09-01T21:19:30.4173329+08:00" endTime="2026-09-01T21:19:30.4423676+08:00" testType="13cdc9d9-ddb5-4fa4-a97d-d965ccfc6d4b" outcome="Passed" testListId="8c84fa94-04c1-424b-9868-57a2d4851a1d" relativeResultsDirectory="1912a5ba-f68f-4f6b-b0d1-19377ad7e7b2" />
    <UnitTestResult executionId="dba3cdec-5469-4377-803a-ef25bdd12c89" testId="10e3c6f0-fda4-8e22-b96a-ac0c33ce5cd5" testName="UndoAndRedoExposeSessionHistoryThroughTheBridge" computerName="LAPTOP-F7PUVUPO" duration="00:00:00.0002366" startTime="2026-09-01T21:19:35.1884247+08:00" endTime="2026-09-01T21:19:35.1886880+08:00" testType="13cdc9d9-ddb5-4fa4-a97d-d965ccfc6d4b" outcome="Passed" testListId="8c84fa94-04c1-424b-9868-57a2d4851a1d" relativeResultsDirectory="dba3cdec-5469-4377-803a-ef25bdd12c89" />
    <UnitTestResult executionId="547823c2-4c93-4ed0-8b04-812b03eb93f8" testId="12362f09-4a1d-8dd5-9f24-39036516d3b9" testName="ConnectionSelectionClearsNodeAndDeleteRemovesOnlyConnection" computerName="LAPTOP-F7PUVUPO" duration="00:00:00.0508258" startTime="2026-09-01T21:19:31.8488942+08:00" endTime="2026-09-01T21:19:31.9022823+08:00" testType="13cdc9d9-ddb5-4fa4-a97d-d965ccfc6d4b" outcome="Passed" testListId="8c84fa94-04c1-424b-9868-57a2d4851a1d" relativeResultsDirectory="547823c2-4c93-4ed0-8b04-812b03eb93f8" />
    <UnitTestResult executionId="3125db71-0b49-4634-8033-1ebf92b9684b" testId="11bccb1e-d8c5-852f-a827-da9cbce386aa" testName="SelectedStoryExposesFullOverviewAndStoryWorkspaceDefaultsActorsWithFourRoutes" computerName="LAPTOP-F7PUVUPO" duration="00:00:00.0074096" startTime="2026-09-01T21:19:30.9506679+08:00" endTime="2026-09-01T21:19:30.9581386+08:00" testType="13cdc9d9-ddb5-4fa4-a97d-d965ccfc6d4b" outcome="Passed" testListId="8c84fa94-04c1-424b-9868-57a2d4851a1d" relativeResultsDirectory="3125db71-0b49-4634-8033-1ebf92b9684b" />
    <UnitTestResult executionId="f1b3dc0e-98ed-4276-83fc-816c6442e55b" testId="16782339-d3e9-8fa9-bb2c-0e74dd087df5" testName="TaskScopeFlowCompletionIsRejectedByCore" computerName="LAPTOP-F7PUVUPO" duration="00:00:00.0003300" startTime="2026-09-01T21:19:35.1891795+08:00" endTime="2026-09-01T21:19:35.1895363+08:00" testType="13cdc9d9-ddb5-4fa4-a97d-d965ccfc6d4b" outcome="Passed" testListId="8c84fa94-04c1-424b-9868-57a2d4851a1d" relativeResultsDirectory="f1b3dc0e-98ed-4276-83fc-816c6442e55b" />
    <UnitTestResult executionId="470c008a-b0fc-41bd-8324-c8318d65041d" testId="18c4a3e9-2445-876d-a8ca-34377736581b" testName="MainWindowRendersCanonicalResourceCommandSurfaceWhenCaptureIsRequested" computerName="LAPTOP-F7PUVUPO" duration="00:00:00.0024042" startTime="2026-09-01T21:19:33.1542561+08:00" endTime="2026-09-01T21:19:33.1577061+08:00" testType="13cdc9d9-ddb5-4fa4-a97d-d965ccfc6d4b" outcome="Passed" testListId="8c84fa94-04c1-424b-9868-57a2d4851a1d" relativeResultsDirectory="470c008a-b0fc-41bd-8324-c8318d65041d" />
    <UnitTestResult executionId="2fa7db96-483c-4199-94a9-46e5e4a7f0c0" testId="1657ad2a-27c5-8a4f-9622-d7a1893970cd" testName="RequiresDestinationIdentityAndDisplayName" computerName="LAPTOP-F7PUVUPO" duration="00:00:00.0041697" startTime="2026-09-01T21:19:30.7676043+08:00" endTime="2026-09-01T21:19:30.7718707+08:00" testType="13cdc9d9-ddb5-4fa4-a97d-d965ccfc6d4b" outcome="Passed" testListId="8c84fa94-04c1-424b-9868-57a2d4851a1d" relativeResultsDirectory="2fa7db96-483c-4199-94a9-46e5e4a7f0c0" />
    <UnitTestResult executionId="d058e368-3aed-4932-90d6-3be2ae68819c" testId="1e834cca-fff6-88f8-937e-219607338049" testName="FirstLineAndChoiceCreationAreExplicitAndNamedEndRequiresAction" computerName="LAPTOP-F7PUVUPO" duration="00:00:00.1386014" startTime="2026-09-01T21:19:30.4424209+08:00" endTime="2026-09-01T21:19:30.5810993+08:00" testType="13cdc9d9-ddb5-4fa4-a97d-d965ccfc6d4b" outcome="Passed" testListId="8c84fa94-04c1-424b-9868-57a2d4851a1d" relativeResultsDirectory="d058e368-3aed-4932-90d6-3be2ae68819c" />
    <UnitTestResult executionId="739a84c0-c8c3-4c36-aaed-724b8518b5c9" testId="1be09339-81c7-8b23-887b-51a24a927070" testName="CreationChoiceDefaultsBlankAndCanSelectImport" computerName="LAPTOP-F7PUVUPO" duration="00:00:00.0026658" startTime="2026-09-01T21:19:30.6611546+08:00" endTime="2026-09-01T21:19:30.6639169+08:00" testType="13cdc9d9-ddb5-4fa4-a97d-d965ccfc6d4b" outcome="Passed" testListId="8c84fa94-04c1-424b-9868-57a2d4851a1d" relativeResultsDirectory="739a84c0-c8c3-4c36-aaed-724b8518b5c9" />
    <UnitTestResult executionId="7b331f88-5067-49fb-a875-913e06d69828" testId="1355c4d1-a2d2-8996-b826-e3a50ff313d8" testName="ConstructorClampsZoomAndSanitizesNonFiniteState" computerName="LAPTOP-F7PUVUPO" duration="00:00:00.0003246" startTime="2026-09-01T21:19:30.6248730+08:00" endTime="2026-09-01T21:19:30.6252483+08:00" testType="13cdc9d9-ddb5-4fa4-a97d-d965ccfc6d4b" outcome="Passed" testListId="8c84fa94-04c1-424b-9868-57a2d4851a1d" relativeResultsDirectory="7b331f88-5067-49fb-a875-913e06d69828" />
    <UnitTestResult executionId="4697f3b1-9cf3-483f-9889-61aa0b8d8514" testId="1741b0a8-8bcf-802c-8669-6da527fe9118" testName="CanConnectIsNonMutatingAndReportsCoreCardinalityAndCycleIssues" computerName="LAPTOP-F7PUVUPO" duration="00:00:00.0006607" startTime="2026-09-01T21:19:35.1855720+08:00" endTime="2026-09-01T21:19:35.1862611+08:00" testType="13cdc9d9-ddb5-4fa4-a97d-d965ccfc6d4b" outcome="Passed" testListId="8c84fa94-04c1-424b-9868-57a2d4851a1d" relativeResultsDirectory="4697f3b1-9cf3-483f-9889-61aa0b8d8514" />
    <UnitTestResult executionId="113e33ac-4646-4334-b60d-4d975844339b" testId="1f400567-f704-8d1c-becf-095d67af449b" testName="IdentityUsesNewResourceActorIdPolicy" computerName="LAPTOP-F7PUVUPO" duration="00:00:00.0008002" startTime="2026-09-01T21:19:29.9086213+08:00" endTime="2026-09-01T21:19:29.9094943+08:00" testType="13cdc9d9-ddb5-4fa4-a97d-d965ccfc6d4b" outcome="Passed" testListId="8c84fa94-04c1-424b-9868-57a2d4851a1d" relativeResultsDirectory="113e33ac-4646-4334-b60d-4d975844339b" />
    <UnitTestResult executionId="951d643d-3b38-46e8-8ab6-b999deac28e6" testId="17b4b202-d0d4-8b82-bfd2-60d40804a4a8" testName="InlineLineParametersEditWithoutPriorSelectionAndExpanderChangesRealHeight" computerName="LAPTOP-F7PUVUPO" duration="00:00:00.0280042" startTime="2026-09-01T21:19:32.0938458+08:00" endTime="2026-09-01T21:19:32.1234961+08:00" testType="13cdc9d9-ddb5-4fa4-a97d-d965ccfc6d4b" outcome="Passed" testListId="8c84fa94-04c1-424b-9868-57a2d4851a1d" relativeResultsDirectory="951d643d-3b38-46e8-8ab6-b999deac28e6" />
    <UnitTestResult executionId="2e15a816-af32-4229-addd-051abfbd5756" testId="1fbbf6b1-3aee-86d9-b84c-fb63e133c91f" testName="CursorPayloadHasExactlyFourScaledEntries" computerName="LAPTOP-F7PUVUPO" duration="00:00:00.0018112" startTime="2026-09-01T21:19:35.1895537+08:00" endTime="2026-09-01T21:19:35.1924599+08:00" testType="13cdc9d9-ddb5-4fa4-a97d-d965ccfc6d4b" outcome="Passed" testListId="8c84fa94-04c1-424b-9868-57a2d4851a1d" relativeResultsDirectory="2e15a816-af32-4229-addd-051abfbd5756" />
    <UnitTestResult executionId="ba00a9b8-b6d8-4d14-b672-c75726cdc788" testId="18ad648a-db0f-8d48-87db-4f18f25b468b" testName="ResourceDragPreviewShowsGhostWithoutMutatingStoryAndCancelsCleanly" computerName="LAPTOP-F7PUVUPO" duration="00:00:00.0394133" startTime="2026-09-01T21:19:34.4158373+08:00" endTime="2026-09-01T21:19:34.4580218+08:00" testType="13cdc9d9-ddb5-4fa4-a97d-d965ccfc6d4b" outcome="Passed" testListId="8c84fa94-04c1-424b-9868-57a2d4851a1d" relativeResultsDirectory="ba00a9b8-b6d8-4d14-b672-c75726cdc788" />
    <UnitTestResult executionId="f049e669-0a07-4077-b068-d6fcb8945357" testId="1f5f1236-055b-8f1e-9c6c-ba377e63789f" testName="DialogueAndQuestEditorsSupportUndoSaveAndRestart" computerName="LAPTOP-F7PUVUPO" duration="00:00:00.0960511" startTime="2026-09-01T21:19:30.6700068+08:00" endTime="2026-09-01T21:19:30.7661768+08:00" testType="13cdc9d9-ddb5-4fa4-a97d-d965ccfc6d4b" outcome="Passed" testListId="8c84fa94-04c1-424b-9868-57a2d4851a1d" relativeResultsDirectory="f049e669-0a07-4077-b068-d6fcb8945357" />
    <UnitTestResult executionId="e46ac640-8d9a-4a81-912f-c4c2ca9c5bf5" testId="1f19ede2-6a96-8639-a6a1-0b189c3fdae8" testName="ProjectGraphProblemsFocusStoryOrOpenMissingTargetEnterStory" computerName="LAPTOP-F7PUVUPO" duration="00:00:00.0662944" startTime="2026-09-01T21:19:30.9951918+08:00" endTime="2026-09-01T21:19:31.0615666+08:00" testType="13cdc9d9-ddb5-4fa4-a97d-d965ccfc6d4b" outcome="Passed" testListId="8c84fa94-04c1-424b-9868-57a2d4851a1d" relativeResultsDirectory="e46ac640-8d9a-4a81-912f-c4c2ca9c5bf5" />
    <UnitTestResult executionId="2e7336b4-ba28-465f-bfcc-b5b46c735c5c" testId="1089650d-51ff-8dd6-b4e6-71fd1b7ebdf2" testName="CrashLogServiceCreatesDeterministicUtf8FullStackReport" computerName="LAPTOP-F7PUVUPO" duration="00:00:00.0129038" startTime="2026-09-01T21:19:30.4195014+08:00" endTime="2026-09-01T21:19:30.4324897+08:00" testType="13cdc9d9-ddb5-4fa4-a97d-d965ccfc6d4b" outcome="Passed" testListId="8c84fa94-04c1-424b-9868-57a2d4851a1d" relativeResultsDirectory="2e7336b4-ba28-465f-bfcc-b5b46c735c5c" />
    <UnitTestResult executionId="ff9868df-44c7-4843-86e3-f2f51b16aee7" testId="12c9a8f0-b463-825f-8621-458f2954f3ff" testName="GateGUiContractContainsTypedCopyAndHomeStoryPickerBindings" computerName="LAPTOP-F7PUVUPO" duration="00:00:00.0012703" startTime="2026-09-01T21:19:30.6219752+08:00" endTime="2026-09-01T21:19:30.6233159+08:00" testType="13cdc9d9-ddb5-4fa4-a97d-d965ccfc6d4b" outcome="Passed" testListId="8c84fa94-04c1-424b-9868-57a2d4851a1d" relativeResultsDirectory="ff9868df-44c7-4843-86e3-f2f51b16aee7" />
    <UnitTestResult executionId="44d123bc-32b4-4fa7-b448-efdbe4ccc8e4" testId="1b812074-9317-8225-a1e8-862054ded057" testName="CursorLoadsAsWpfCursor" computerName="LAPTOP-F7PUVUPO" duration="00:00:00.0002542" startTime="2026-09-01T21:19:35.2219499+08:00" endTime="2026-09-01T21:19:35.2240851+08:00" testType="13cdc9d9-ddb5-4fa4-a97d-d965ccfc6d4b" outcome="Passed" testListId="8c84fa94-04c1-424b-9868-57a2d4851a1d" relativeResultsDirectory="44d123bc-32b4-4fa7-b448-efdbe4ccc8e4" />
    <UnitTestResult executionId="246d9d24-a799-441e-bdd4-3664faa52d3e" testId="1b1c5e57-48f1-8b47-a731-334f4a104b9b" testName="ObjectiveActorSelectionKeepsInlineAndSelectedInspectorControlsInSync" computerName="LAPTOP-F7PUVUPO" duration="00:00:00.2411130" startTime="2026-09-01T21:19:34.8268494+08:00" endTime="2026-09-01T21:19:35.0727074+08:00" testType="13cdc9d9-ddb5-4fa4-a97d-d965ccfc6d4b" outcome="Passed" testListId="8c84fa94-04c1-424b-9868-57a2d4851a1d" relativeResultsDirectory="246d9d24-a799-441e-bdd4-3664faa52d3e" />
    <UnitTestResult executionId="ce2eda51-4c47-4691-98b5-8965ddca3774" testId="1f31433e-d0e2-88c7-bd59-4d17d458e491" testName="PickerOnlyConfirmsAnExplicitSelection" computerName="LAPTOP-F7PUVUPO" duration="00:00:00.3000225" startTime="2026-09-01T21:19:29.9098464+08:00" endTime="2026-09-01T21:19:30.2099373+08:00" testType="13cdc9d9-ddb5-4fa4-a97d-d965ccfc6d4b" outcome="Passed" testListId="8c84fa94-04c1-424b-9868-57a2d4851a1d" relativeResultsDirectory="ce2eda51-4c47-4691-98b5-8965ddca3774" />
    <UnitTestResult executionId="a006eac1-fa16-4baa-a2a8-fe714c37af32" testId="16fbebc6-b8a1-8fa4-9afa-49bc35607083" testName="Load_SchemaV1WithoutRecentProjectsUsesEmptyHistory" computerName="LAPTOP-F7PUVUPO" duration="00:00:00.0073432" startTime="2026-09-01T21:19:30.8112088+08:00" endTime="2026-09-01T21:19:30.8186370+08:00" testType="13cdc9d9-ddb5-4fa4-a97d-d965ccfc6d4b" outcome="Passed" testListId="8c84fa94-04c1-424b-9868-57a2d4851a1d" relativeResultsDirectory="a006eac1-fa16-4baa-a2a8-fe714c37af32" />
    <UnitTestResult executionId="763acc52-8953-4ec1-bd06-d58a0f5ca0e3" testId="1a5e9697-f320-8b82-ad20-8ff132531d27" testName="HitPathExposesInvokeAutomationPattern" computerName="LAPTOP-F7PUVUPO" duration="00:00:00.0550927" startTime="2026-09-01T21:19:30.7719982+08:00" endTime="2026-09-01T21:19:30.8333388+08:00" testType="13cdc9d9-ddb5-4fa4-a97d-d965ccfc6d4b" outcome="Passed" testListId="8c84fa94-04c1-424b-9868-57a2d4851a1d" relativeResultsDirectory="763acc52-8953-4ec1-bd06-d58a0f5ca0e3" />
    <UnitTestResult executionId="8bb085cb-8d0a-4b19-b151-11f9cf3b241d" testId="14d5646a-30bd-8ea5-be49-843a52adb4f2" testName="CanonicalSnapshotWinsSameIdAndAddsCanonicalOnlyDerivedEdges" computerName="LAPTOP-F7PUVUPO" duration="00:00:00.0014451" startTime="2026-09-01T21:19:30.7559206+08:00" endTime="2026-09-01T21:19:30.7574312+08:00" testType="13cdc9d9-ddb5-4fa4-a97d-d965ccfc6d4b" outcome="Passed" testListId="8c84fa94-04c1-424b-9868-57a2d4851a1d" relativeResultsDirectory="8bb085cb-8d0a-4b19-b151-11f9cf3b241d" />
[...]
    <TestEntry testId="124e6aa0-d83b-83ab-a0be-3b466fc011fe" executionId="ba178056-7b8c-4b98-b2b1-96c8e903f059" testListId="8c84fa94-04c1-424b-9868-57a2d4851a1d" />
    <TestEntry testId="1a3b9dc6-8809-813e-897d-8a5bc5bd60b6" executionId="9324e1f4-04af-431e-8f59-61638d81e93b" testListId="8c84fa94-04c1-424b-9868-57a2d4851a1d" />
    <TestEntry testId="1026d597-d6fb-8f87-80dd-9bc0e220da5b" executionId="635084e3-7b91-4dd5-a47e-182a383fda82" testListId="8c84fa94-04c1-424b-9868-57a2d4851a1d" />
    <TestEntry testId="12056e05-dd59-894c-8fda-bf849617c73a" executionId="70d51e47-e278-44ce-9105-7c7a209109bd" testListId="8c84fa94-04c1-424b-9868-57a2d4851a1d" />
    <TestEntry testId="1c2b0581-ff53-8ebc-b9f3-b2eea39e2527" executionId="603ee6c4-1abc-4eea-8b77-27ff24e7242a" testListId="8c84fa94-04c1-424b-9868-57a2d4851a1d" />
    <TestEntry testId="1af5aab6-6c4f-82ff-8637-0add5fbf2471" executionId="36fd54a5-aefd-4377-ad06-9ce48d27a1a3" testListId="8c84fa94-04c1-424b-9868-57a2d4851a1d" />
    <TestEntry testId="1574b969-a625-8144-a701-6ca9bf586477" executionId="a0f332d0-f2b4-408a-9a93-545f66105c65" testListId="8c84fa94-04c1-424b-9868-57a2d4851a1d" />
    <TestEntry testId="1988fe2b-a546-86e1-865a-178771c19111" executionId="51347b79-2b51-4ac1-99a0-d1796d897580" testListId="8c84fa94-04c1-424b-9868-57a2d4851a1d" />
    <TestEntry testId="11be4266-a4d1-8704-b518-51a90a158457" executionId="23d80a19-fee2-4837-99bd-28a54d0febec" testListId="8c84fa94-04c1-424b-9868-57a2d4851a1d" />
    <TestEntry testId="1f209747-f6a5-8204-aba4-7e65a0a104df" executionId="5aaea9a0-f4aa-4209-ab4e-e1dd0aa9a008" testListId="8c84fa94-04c1-424b-9868-57a2d4851a1d" />
    <TestEntry testId="193f2aa8-c481-8f14-b36c-2ae7fa829e06" executionId="21952f61-0000-4eb7-830c-976d99295a3a" testListId="8c84fa94-04c1-424b-9868-57a2d4851a1d" />
    <TestEntry testId="1709495c-ff4c-8283-b81e-79161b35adef" executionId="51211b7a-0808-4da2-939b-2cb662653542" testListId="8c84fa94-04c1-424b-9868-57a2d4851a1d" />
    <TestEntry testId="19567ef8-9aae-8563-bb98-fb10fb303bfa" executionId="dac98f24-1ef4-4ca3-9bda-18bcf53e11f9" testListId="8c84fa94-04c1-424b-9868-57a2d4851a1d" />
    <TestEntry testId="1cbcfc0c-8030-810b-99d9-959f7dee125c" executionId="6375d8b3-0fe5-4b52-8af8-49ce9631ac15" testListId="8c84fa94-04c1-424b-9868-57a2d4851a1d" />
    <TestEntry testId="1a27a59c-7112-8b72-b977-5c501abb4cb1" executionId="f4da7b6f-f550-4f5b-9213-93b6d684f70c" testListId="8c84fa94-04c1-424b-9868-57a2d4851a1d" />
    <TestEntry testId="13a2de40-a0c9-8971-a16c-9311228739d7" executionId="8f652e08-66b0-4cb2-95e1-4f6d543f7b94" testListId="8c84fa94-04c1-424b-9868-57a2d4851a1d" />
    <TestEntry testId="12911695-3519-8da9-a9d0-3a3b3577fc82" executionId="eb8ff039-4cbc-4791-870d-570db773e323" testListId="8c84fa94-04c1-424b-9868-57a2d4851a1d" />
    <TestEntry testId="100f43fe-88b0-84fc-b31a-62d71f97bf61" executionId="ab07edfe-ce4b-4caf-b36b-bef97a9692c7" testListId="8c84fa94-04c1-424b-9868-57a2d4851a1d" />
    <TestEntry testId="169e26fd-5446-8608-82d7-5c7decd47f62" executionId="36536aae-5abf-4df9-a3f9-3c880552f51c" testListId="8c84fa94-04c1-424b-9868-57a2d4851a1d" />
    <TestEntry testId="11c97347-ba02-8b01-aaee-1bc8ab4cc533" executionId="7c51b58f-f57b-4cc3-8a27-f516c8445420" testListId="8c84fa94-04c1-424b-9868-57a2d4851a1d" />
    <TestEntry testId="1313efaf-7b6b-8092-97eb-0db4428dcbab" executionId="9c5be8ac-b2e8-4190-9d07-cc6d3a709664" testListId="8c84fa94-04c1-424b-9868-57a2d4851a1d" />
    <TestEntry testId="125b8503-c451-87d0-9c29-c78b794e81aa" executionId="da68b01a-027e-4f56-a023-4a7c056d7151" testListId="8c84fa94-04c1-424b-9868-57a2d4851a1d" />
    <TestEntry testId="1feb0280-cf97-8d25-ac20-fcededb8a382" executionId="565d0fb0-5575-4ffa-a412-859a9e9f55f4" testListId="8c84fa94-04c1-424b-9868-57a2d4851a1d" />
    <TestEntry testId="1187ea63-2666-84c8-85bd-9c5156f90f83" executionId="86a5c432-6a56-4013-9465-f5c1f9248d3d" testListId="8c84fa94-04c1-424b-9868-57a2d4851a1d" />
    <TestEntry testId="1de583e7-641b-824b-9d62-bab52410b457" executionId="aaec9204-4dd0-4788-89ed-33c2766a00e1" testListId="8c84fa94-04c1-424b-9868-57a2d4851a1d" />
    <TestEntry testId="19481825-5052-85a3-8aa0-f5873dfafeb3" executionId="405be173-bc24-4f44-8267-376bebcc0100" testListId="8c84fa94-04c1-424b-9868-57a2d4851a1d" />
    <TestEntry testId="12b1ba02-a27a-86f9-a765-5a6ca3e63996" executionId="c8f8b79f-6bae-4347-8027-8482073e4d1a" testListId="8c84fa94-04c1-424b-9868-57a2d4851a1d" />
    <TestEntry testId="1cd9893a-9b81-8c46-9a13-40fc0df20a12" executionId="1e055aa2-ab63-4f8b-bdea-9d9267cc42ca" testListId="8c84fa94-04c1-424b-9868-57a2d4851a1d" />
    <TestEntry testId="1bfeb87f-a8ce-8bbc-916c-82d9593c5e52" executionId="4efaf34f-35dd-4e12-ba0f-5b9b78b806e0" testListId="8c84fa94-04c1-424b-9868-57a2d4851a1d" />
    <TestEntry testId="1ce71391-9811-870e-893b-fa509abaec13" executionId="d1af1459-a79f-47e6-a078-1654da7bc317" testListId="8c84fa94-04c1-424b-9868-57a2d4851a1d" />
    <TestEntry testId="1659dbc9-b00c-8a47-84a2-14b37d6290bf" executionId="e073064b-bab7-4400-b53d-3499a3e5d3b5" testListId="8c84fa94-04c1-424b-9868-57a2d4851a1d" />
    <TestEntry testId="140e0e4e-6900-826f-8a91-3f8f0bd81287" executionId="813438ab-7d1e-4445-95ec-a82e72e32de3" testListId="8c84fa94-04c1-424b-9868-57a2d4851a1d" />
    <TestEntry testId="19055dd8-0d53-8685-bf25-24dbaf8c58a5" executionId="74b65fb4-c98b-4e0b-9030-487ad3e1cc00" testListId="8c84fa94-04c1-424b-9868-57a2d4851a1d" />
    <TestEntry testId="14430c1f-aaf7-89d4-85c8-39bf1b120d01" executionId="ffabf753-4b36-49f5-9cf1-9f4f4f3f8d1d" testListId="8c84fa94-04c1-424b-9868-57a2d4851a1d" />
    <TestEntry testId="120ce6c4-3fb0-8a87-aee2-4dad897a4e4d" executionId="414f620c-3654-44fe-bb5e-ee06dfe3f4c8" testListId="8c84fa94-04c1-424b-9868-57a2d4851a1d" />
    <TestEntry testId="19fe184c-4ad8-8ea9-96fc-5841a80b1db7" executionId="1e36a718-b5ef-4822-8008-3980d1632a51" testListId="8c84fa94-04c1-424b-9868-57a2d4851a1d" />
    <TestEntry testId="147e492d-c76e-8c4a-b818-c6799d90dce9" executionId="2b7be0f3-94d7-4acc-b07e-9825f6504f88" testListId="8c84fa94-04c1-424b-9868-57a2d4851a1d" />
    <TestEntry testId="1d860234-578b-8242-9d6d-38a747057fcb" executionId="40173754-f85a-40d4-b2bb-cf128a8dd1a8" testListId="8c84fa94-04c1-424b-9868-57a2d4851a1d" />
    <TestEntry testId="109e511d-4173-8d64-915b-05ace8396600" executionId="a5a92be9-ab88-4096-9c79-3305ae105dc4" testListId="8c84fa94-04c1-424b-9868-57a2d4851a1d" />
    <TestEntry testId="177ca211-7d85-8c7e-b5db-ce08e930b2cb" executionId="47fb745c-1de9-4e2f-b192-eb15e23a8040" testListId="8c84fa94-04c1-424b-9868-57a2d4851a1d" />
    <TestEntry testId="105fcd89-ed5c-8195-88ce-8fd65fe18bc3" executionId="60eb09db-563f-4a2e-98e8-299ce361cc34" testListId="8c84fa94-04c1-424b-9868-57a2d4851a1d" />
    <TestEntry testId="14a66c71-628c-8036-b83b-5d5444c62805" executionId="1c5b5450-7ed5-451a-9447-5c94c3e5f59c" testListId="8c84fa94-04c1-424b-9868-57a2d4851a1d" />
    <TestEntry testId="1d7fa507-bfdf-896c-9a6d-58eb5cbb7bb4" executionId="7c89bb10-0d91-4edd-99d1-2787c10beb79" testListId="8c84fa94-04c1-424b-9868-57a2d4851a1d" />
    <TestEntry testId="12b9c988-c844-8787-a99f-9cb4727f59be" executionId="8cabfca6-cfec-4f3e-9aa2-ad64ff8694bd" testListId="8c84fa94-04c1-424b-9868-57a2d4851a1d" />
    <TestEntry testId="1cdfbafa-89e7-8a67-8647-e7fdc399080b" executionId="c4762acf-9ee5-4178-81e7-16fd2db68298" testListId="8c84fa94-04c1-424b-9868-57a2d4851a1d" />
    <TestEntry testId="1cf7fec5-3efa-8c06-82aa-6589d3aedfc3" executionId="da29cf5e-390d-4111-8876-be6abfa5150e" testListId="8c84fa94-04c1-424b-9868-57a2d4851a1d" />
    <TestEntry testId="1e9a8731-e680-875e-8148-374ba114daa0" executionId="a76af7ec-2d2a-4b0a-bc12-f64e08cf3afa" testListId="8c84fa94-04c1-424b-9868-57a2d4851a1d" />
    <TestEntry testId="11a322e0-e995-88c1-a444-99ab3b2d67f8" executionId="062fd8fc-1218-43a9-aed9-4ba1c9bf41a6" testListId="8c84fa94-04c1-424b-9868-57a2d4851a1d" />
    <TestEntry testId="1256adb7-30d6-88eb-92be-9d6e9481182b" executionId="fef74b85-3c29-4bf7-b299-3f21c566863a" testListId="8c84fa94-04c1-424b-9868-57a2d4851a1d" />
    <TestEntry testId="12befd0e-b6e5-87d9-9d44-1b971731dcca" executionId="5eb39c80-3177-4962-8244-ed854c762d53" testListId="8c84fa94-04c1-424b-9868-57a2d4851a1d" />
    <TestEntry testId="14945654-61c4-8b0e-acad-218df8512b5e" executionId="a095710d-e760-4155-831f-f0fbb14c1235" testListId="8c84fa94-04c1-424b-9868-57a2d4851a1d" />
    <TestEntry testId="1dca9e22-402d-8be1-a07b-b2d9a448f8d9" executionId="36c56686-89d4-48e5-8fdd-e1f5325ee25f" testListId="8c84fa94-04c1-424b-9868-57a2d4851a1d" />
    <TestEntry testId="1627be06-b054-8676-809b-b5d2b162e5ff" executionId="2c868d95-8452-416d-9757-494bf4fecf46" testListId="8c84fa94-04c1-424b-9868-57a2d4851a1d" />
    <TestEntry testId="1eda1eff-6262-80cb-9c41-58202c1f4ad3" executionId="6497dd67-ec04-4e9a-abae-9cd2075f87f5" testListId="8c84fa94-04c1-424b-9868-57a2d4851a1d" />
    <TestEntry testId="1159a2da-306b-86e8-9cb3-95cc7b961425" executionId="06ca28c2-a46a-4c0d-8c6a-9a3f90496948" testListId="8c84fa94-04c1-424b-9868-57a2d4851a1d" />
    <TestEntry testId="12b8e0ff-5a23-8c93-8292-b6d284ef41a7" executionId="782fbdbd-96cd-499e-bcd3-49909970dfe0" testListId="8c84fa94-04c1-424b-9868-57a2d4851a1d" />
    <TestEntry testId="1a79a75f-751c-8bcc-8a5e-f49572b8511f" executionId="2d07d300-3b33-409c-8da3-308e44b0f58d" testListId="8c84fa94-04c1-424b-9868-57a2d4851a1d" />
    <TestEntry testId="1b9fd568-6abc-88ed-8e38-770a780d6ebb" executionId="7ef3010a-4dac-4fa4-bc8d-b7023f84f009" testListId="8c84fa94-04c1-424b-9868-57a2d4851a1d" />
    <TestEntry testId="19499f0b-b4f3-8126-8997-f5c15a5de2b5" executionId="e3784af5-636f-4efc-a13b-fcb68840c4c7" testListId="8c84fa94-04c1-424b-9868-57a2d4851a1d" />
    <TestEntry testId="1df2f373-1590-8397-983c-7301ae5bb80e" executionId="18a6d4e9-f37e-4043-a1ca-0d6eef826634" testListId="8c84fa94-04c1-424b-9868-57a2d4851a1d" />
    <TestEntry testId="1c17570d-b82e-852d-8bb1-3e17377e47af" executionId="6622d0e1-79e0-404f-91bb-b6eb0e9fc75a" testListId="8c84fa94-04c1-424b-9868-57a2d4851a1d" />
    <TestEntry testId="17406595-eedc-81c3-902b-03924e4987d2" executionId="f10a2423-a98e-4f7d-b2d5-822a45e8185e" testListId="8c84fa94-04c1-424b-9868-57a2d4851a1d" />
    <TestEntry testId="199b84ed-8589-8ca7-a196-a7ec56e8ce36" executionId="be76da57-8734-4beb-af86-120b67ff6bb8" testListId="8c84fa94-04c1-424b-9868-57a2d4851a1d" />
    <TestEntry testId="1f0a7df3-b18c-8d8f-8d33-a645bee9a778" executionId="cf1df27e-b165-447e-973b-7174a01a1e71" testListId="8c84fa94-04c1-424b-9868-57a2d4851a1d" />
    <TestEntry testId="12c20d0b-3129-8dc1-99cd-9b502b5a24cc" executionId="36aa864b-3637-45f8-93bb-5c0b801b60ca" testListId="8c84fa94-04c1-424b-9868-57a2d4851a1d" />
    <TestEntry testId="11321da3-ff6b-8655-9849-25b566e99738" executionId="cdf6c35f-bd4c-4066-b464-b2ef0e2357be" testListId="8c84fa94-04c1-424b-9868-57a2d4851a1d" />
    <TestEntry testId="1f6dc709-0d84-88a6-887a-e5ae0b0064df" executionId="40029efa-17b4-4223-b322-6ef3795c3307" testListId="8c84fa94-04c1-424b-9868-57a2d4851a1d" />
    <TestEntry testId="160a386c-db09-8c5c-899f-3641284163e2" executionId="ad2dc396-a463-47d5-ab90-4ecdfcb3f096" testListId="8c84fa94-04c1-424b-9868-57a2d4851a1d" />
    <TestEntry testId="1e92df70-b26a-8a40-a97c-61899204b1ef" executionId="4d66d486-c003-4baf-8018-e5c76a98281e" testListId="8c84fa94-04c1-424b-9868-57a2d4851a1d" />
    <TestEntry testId="1fd257b3-7d27-8e03-9a25-4c93f7d90bc6" executionId="f2b3dfb8-581f-4abd-a130-5ce75086c0e5" testListId="8c84fa94-04c1-424b-9868-57a2d4851a1d" />
    <TestEntry testId="1d49406e-c7b7-805b-ac9f-d63dd8e79a2a" executionId="a24a7976-7372-4529-9f97-95eb950cf9e9" testListId="8c84fa94-04c1-424b-9868-57a2d4851a1d" />
    <TestEntry testId="197913cf-c6bb-8ee3-af0d-9514cd11df5a" executionId="f28cf00d-8e8f-49cf-9b79-c012ab6176b3" testListId="8c84fa94-04c1-424b-9868-57a2d4851a1d" />
    <TestEntry testId="1afd70f0-39e1-8cb3-8bf9-bb2b916b50d5" executionId="13ed1f88-719e-4f50-ad1a-64351b38d232" testListId="8c84fa94-04c1-424b-9868-57a2d4851a1d" />
    <TestEntry testId="1d0883fb-36fa-8552-b983-7f29adaa0d4b" executionId="b10459ca-fa44-4171-9298-d176adb5c2c2" testListId="8c84fa94-04c1-424b-9868-57a2d4851a1d" />
    <TestEntry testId="1bc1bbdd-a029-872b-aec9-a4178a1b48eb" executionId="fe1c5dae-3d3c-46cf-9d80-cb8aacfab6a0" testListId="8c84fa94-04c1-424b-9868-57a2d4851a1d" />
    <TestEntry testId="1a061e76-7b05-8d4b-a8ac-1948bed601d3" executionId="6743eb22-6284-4e1a-b2ae-dbe7913102b6" testListId="8c84fa94-04c1-424b-9868-57a2d4851a1d" />
    <TestEntry testId="186feadb-fab0-82f4-b9a0-b12231ffd6c3" executionId="123c93ed-c20f-4293-93fc-9dd7f8e129dc" testListId="8c84fa94-04c1-424b-9868-57a2d4851a1d" />
    <TestEntry testId="11812851-1c9d-8e58-a63c-82eac4fda179" executionId="b14c1f3a-e1b7-469b-a1ef-d2c824ea3c54" testListId="8c84fa94-04c1-424b-9868-57a2d4851a1d" />
    <TestEntry testId="10935aa8-d8f9-8134-87db-4fece00720e3" executionId="452cb5f3-2c48-4d97-9cde-e2cca0aead87" testListId="8c84fa94-04c1-424b-9868-57a2d4851a1d" />
    <TestEntry testId="123faaaa-2c3d-8809-96cb-6756bd4ba916" executionId="2eebd524-88d5-4844-9a4c-e52af41ef01e" testListId="8c84fa94-04c1-424b-9868-57a2d4851a1d" />
    <TestEntry testId="1a108433-48b5-8e24-bada-7bc11d367167" executionId="42cfa817-6768-4efd-bae5-a7dbee736feb" testListId="8c84fa94-04c1-424b-9868-57a2d4851a1d" />
    <TestEntry testId="17a1fccd-ce5e-8263-bf6f-4ea4156b291d" executionId="7cead785-7581-417a-ac88-795df77b9647" testListId="8c84fa94-04c1-424b-9868-57a2d4851a1d" />
    <TestEntry testId="162331f2-6a04-8614-8dd1-4f2e95096279" executionId="1f5941a0-d318-43a2-8d93-cf6ca7138f4e" testListId="8c84fa94-04c1-424b-9868-57a2d4851a1d" />
    <TestEntry testId="15b182e0-328a-8263-a9bf-32dfe6781947" executionId="bd2ed27d-a52e-4798-b80d-8d2ed12a534b" testListId="8c84fa94-04c1-424b-9868-57a2d4851a1d" />
    <TestEntry testId="14604afa-40a1-8a2e-a3e1-fa739ad8ebee" executionId="c5751c12-c404-4a0f-81f9-ae9285ed4202" testListId="8c84fa94-04c1-424b-9868-57a2d4851a1d" />
    <TestEntry testId="15f0f4f9-c822-8c3c-ba5b-61044ee93892" executionId="fe410d30-3b10-489c-b960-95113bee458f" testListId="8c84fa94-04c1-424b-9868-57a2d4851a1d" />
    <TestEntry testId="1d640a06-ec1c-870d-83eb-1c81f3d18358" executionId="e22e9ddf-f049-45dd-9f3c-8b5f83a8dd0c" testListId="8c84fa94-04c1-424b-9868-57a2d4851a1d" />
    <TestEntry testId="144096ce-bf26-8bac-bce4-9c6800187bcb" executionId="e4fb9695-c172-4104-beb0-88444e97afed" testListId="8c84fa94-04c1-424b-9868-57a2d4851a1d" />
    <TestEntry testId="1d755d7d-b136-8f68-a780-56890606ca47" executionId="aacca2e7-d1f6-47d7-a49a-ce225caff39e" testListId="8c84fa94-04c1-424b-9868-57a2d4851a1d" />
    <TestEntry testId="15d6a1d4-aa00-8109-a310-6f1e35cfa460" executionId="4f3f74b6-0539-42c8-87b6-d469e76206d3" testListId="8c84fa94-04c1-424b-9868-57a2d4851a1d" />
    <TestEntry testId="19cc9e2a-d0b2-8712-9a6f-b09e9eb35662" executionId="37c3a1f4-b528-4620-92e6-72ee5031acdf" testListId="8c84fa94-04c1-424b-9868-57a2d4851a1d" />
    <TestEntry testId="19375a1d-d6d1-8385-b7b9-0a947ba0d817" executionId="0a41341e-d82e-40d8-bc3e-11b502f6c001" testListId="8c84fa94-04c1-424b-9868-57a2d4851a1d" />
    <TestEntry testId="1c460e63-d19e-88fd-8c8e-d40370b70b79" executionId="bd60c42c-e580-4cdd-9c13-a87256b24683" testListId="8c84fa94-04c1-424b-9868-57a2d4851a1d" />
    <TestEntry testId="1f339026-958b-8326-809f-4fe17f29c6a7" executionId="9e73402e-1de7-4c11-9555-ac5146b6fa28" testListId="8c84fa94-04c1-424b-9868-57a2d4851a1d" />
    <TestEntry testId="1d1594a1-537f-8d73-b5e2-fa321b5477d9" executionId="59e056ed-5563-4076-bd84-23d68fce7b0e" testListId="8c84fa94-04c1-424b-9868-57a2d4851a1d" />
    <TestEntry testId="108a12d0-b8ba-8786-8bf3-eaea88c77658" executionId="e1914f0b-2c5c-4d49-86b7-57a033d29df1" testListId="8c84fa94-04c1-424b-9868-57a2d4851a1d" />
    <TestEntry testId="14022ab3-5fbe-82a2-9cdb-fdd8ebb375ae" executionId="31f273fb-c9c4-4e3d-b96d-4bda55748c4e" testListId="8c84fa94-04c1-424b-9868-57a2d4851a1d" />
    <TestEntry testId="18821e64-d82f-8884-9822-beb634e6178b" executionId="643cde50-6c0e-475b-b8aa-ad6ff64c499e" testListId="8c84fa94-04c1-424b-9868-57a2d4851a1d" />
    <TestEntry testId="16c47154-8dff-8ef4-9124-809b1df7944a" executionId="c8a41935-ca54-4494-8dd6-cd3c654238f2" testListId="8c84fa94-04c1-424b-9868-57a2d4851a1d" />
    <TestEntry testId="156f5b01-a3e5-8e29-8e9d-08dd11a27ce7" executionId="4fbb7863-137c-4f5e-9cb6-dd705e02613b" testListId="8c84fa94-04c1-424b-9868-57a2d4851a1d" />
    <TestEntry testId="13c6d5ec-b6d4-81e6-b072-f2fb6af4d7f5" executionId="82194a51-7fef-448d-bc87-807e3e71a59f" testListId="8c84fa94-04c1-424b-9868-57a2d4851a1d" />
    <TestEntry testId="1385b7cc-7a64-82ce-a0f0-636f0ff4be98" executionId="aa35e483-c7cc-4a7f-a3a0-ab09d3f584d8" testListId="8c84fa94-04c1-424b-9868-57a2d4851a1d" />
    <TestEntry testId="1dfcc3ae-fb49-81c8-8a8a-b8bd6d2f8b5a" executionId="76916396-0c8a-4ffd-9295-5deaed3cb209" testListId="8c84fa94-04c1-424b-9868-57a2d4851a1d" />
    <TestEntry testId="1c6ffe67-0f38-853e-bddb-86cf1cb74452" executionId="02c21ea8-8170-4135-951f-bfc31eeea2d6" testListId="8c84fa94-04c1-424b-9868-57a2d4851a1d" />
    <TestEntry testId="1cb6ae69-e36b-84eb-9e07-1a4c855b6cf1" executionId="8ccc4814-54b4-4ec4-a4af-edd0aab0a87c" testListId="8c84fa94-04c1-424b-9868-57a2d4851a1d" />
    <TestEntry testId="1d602224-a0a7-876a-aaad-172abaf12fc5" executionId="adc00fdd-bcf3-466a-89db-e380eed4d442" testListId="8c84fa94-04c1-424b-9868-57a2d4851a1d" />
    <TestEntry testId="1fa42bea-d7b3-8302-a8e4-87314246048f" executionId="25f4449c-ced6-436b-a406-f6740cc16810" testListId="8c84fa94-04c1-424b-9868-57a2d4851a1d" />
    <TestEntry testId="13d54751-6a06-8300-96e7-9c5f62621d09" executionId="d79ee350-4595-45da-b961-bf677d836eaf" testListId="8c84fa94-04c1-424b-9868-57a2d4851a1d" />
    <TestEntry testId="124ce7dc-ca5f-80e0-bbba-7fd73d5fe735" executionId="86456263-b5bc-4e31-9b68-e1635d38c442" testListId="8c84fa94-04c1-424b-9868-57a2d4851a1d" />
    <TestEntry testId="14d532ee-1383-821f-8b10-8f3a79e22c5c" executionId="c557b987-55ea-448b-b689-f86a8a838374" testListId="8c84fa94-04c1-424b-9868-57a2d4851a1d" />
    <TestEntry testId="1249cce1-52a3-83d5-bf46-49284f80abfa" executionId="6d028c75-ab69-4554-8bf2-df3aa2143419" testListId="8c84fa94-04c1-424b-9868-57a2d4851a1d" />
    <TestEntry testId="1e2a0c5d-a6da-810f-af02-b675d08f45e1" executionId="39429009-e519-444b-bba4-177dcd5e8064" testListId="8c84fa94-04c1-424b-9868-57a2d4851a1d" />
    <TestEntry testId="1eead13b-5dd2-8428-97e5-1cbe814cafb0" executionId="e9527819-6cc7-41b5-8401-d740be0cbae6" testListId="8c84fa94-04c1-424b-9868-57a2d4851a1d" />
    <TestEntry testId="144efcb6-3a39-8078-b080-fa01e48cde41" executionId="ed5be13d-8160-4ab5-b6ec-91398baf96e3" testListId="8c84fa94-04c1-424b-9868-57a2d4851a1d" />
    <TestEntry testId="1c98bea1-abdb-8d7c-afc2-f2c97b5801c2" executionId="4b878e5d-0a58-4297-93dd-96ab80837072" testListId="8c84fa94-04c1-424b-9868-57a2d4851a1d" />
    <TestEntry testId="1bd64b58-1ac6-87b2-9ceb-0dd4c18f9343" executionId="a382cf3d-1c4c-438d-9961-eefb8063ae0a" testListId="8c84fa94-04c1-424b-9868-57a2d4851a1d" />
  </TestEntries>
  <TestLists>
    <TestList name="列表中未列出的结果" id="8c84fa94-04c1-424b-9868-57a2d4851a1d" />
    <TestList name="所有已加载的结果" id="19431567-8539-422a-85d7-44ee4e166bda" />
  </TestLists>
  <ResultSummary outcome="Completed">
    <Counters total="390" executed="390" passed="390" failed="0" error="0" timeout="0" aborted="0" inconclusive="0" passedButRunAborted="0" notRunnable="0" notExecuted="0" disconnected="0" warning="0" completed="0" inProgress="0" pending="0" />
    <Output>
      <StdOut>已为 E:\Java\MinecraftMod\DarkGrey_RPG\studio\src\DarkGreyRPG.Studio.Wpf.Tests\bin\Release\net10.0-windows\DarkGreyRPG.Studio.Wpf.Tests.dll 启用测试并行化(Workers: 12，Scope: MethodLevel)&#xD;
</StdOut>
    </Output>
  </ResultSummary>
</TestRun>